#-----------------------------------------------------------
# Vivado v2019.1 (64-bit)
# SW Build 2552052 on Fri May 24 14:49:42 MDT 2019
# IP Build 2548770 on Fri May 24 18:01:18 MDT 2019
# Start of session at: Sat Dec 19 16:39:38 2020
# Process ID: 9016
# Current directory: C:/Users/deeps/OneDrive/Desktop/AHD_FINALS/DES_DEC/solution1/sim/verilog
# Command line: vivado.exe -source open_wave.tcl
# Log file: C:/Users/deeps/OneDrive/Desktop/AHD_FINALS/DES_DEC/solution1/sim/verilog/vivado.log
# Journal file: C:/Users/deeps/OneDrive/Desktop/AHD_FINALS/DES_DEC/solution1/sim/verilog\vivado.jou
#-----------------------------------------------------------
start_gui
source open_wave.tcl
# current_fileset
INFO: [IP_Flow 19-234] Refreshing IP repositories
INFO: [IP_Flow 19-1704] No user IP repositories specified
INFO: [IP_Flow 19-2313] Loaded Vivado IP repository 'E:/xilinx/Vivado/2019.1/data/ip'.
current_fileset: Time (s): cpu = 00:00:09 ; elapsed = 00:00:06 . Memory (MB): peak = 828.832 ; gain = 222.578
# open_wave_database des_dec.wdb
open_wave_config C:/Users/deeps/OneDrive/Desktop/AHD_FINALS/DES_DEC/solution1/sim/verilog/des_dec.wcfg
