

================================================================
== Vivado HLS Report for 'Loop_3_proc'
================================================================
* Date:           Tue Dec 22 19:03:30 2020

* Version:        2019.1 (Build 2552052 on Fri May 24 15:28:33 MDT 2019)
* Project:        DES_DEC
* Solution:       Dataflow_DES
* Product family: artix7
* Target device:  xc7a35tl-cpg236-2L


================================================================
== Performance Estimates
================================================================
+ Timing (ns): 
    * Summary: 
    +--------+-------+----------+------------+
    |  Clock | Target| Estimated| Uncertainty|
    +--------+-------+----------+------------+
    |ap_clk  |  10.00|     7.850|        1.25|
    +--------+-------+----------+------------+

+ Latency (clock cycles): 
    * Summary: 
    +------+------+------+------+---------+
    |   Latency   |   Interval  | Pipeline|
    |  min |  max |  min |  max |   Type  |
    +------+------+------+------+---------+
    |  1585|  1585|  1585|  1585|   none  |
    +------+------+------+------+---------+

    + Detail: 
        * Instance: 
        N/A

        * Loop: 
        +-------------+------+------+----------+-----------+-----------+------+----------+
        |             |   Latency   | Iteration|  Initiation Interval  | Trip |          |
        |  Loop Name  |  min |  max |  Latency |  achieved |   target  | Count| Pipelined|
        +-------------+------+------+----------+-----------+-----------+------+----------+
        |- Loop 1     |  1584|  1584|        99|          -|          -|    16|    no    |
        | + Loop 1.1  |    96|    96|         2|          -|          -|    48|    no    |
        +-------------+------+------+----------+-----------+-----------+------+----------+



================================================================
== Utilization Estimates
================================================================
* Summary: 
+-----------------+---------+-------+-------+-------+-----+
|       Name      | BRAM_18K| DSP48E|   FF  |  LUT  | URAM|
+-----------------+---------+-------+-------+-------+-----+
|DSP              |        -|      -|      -|      -|    -|
|Expression       |        -|      -|      0|    285|    -|
|FIFO             |        -|      -|      -|      -|    -|
|Instance         |        -|      -|      -|      -|    -|
|Memory           |        0|      -|      6|      5|    -|
|Multiplexer      |        -|      -|      -|     99|    -|
|Register         |        -|      -|    271|      -|    -|
+-----------------+---------+-------+-------+-------+-----+
|Total            |        0|      0|    277|    389|    0|
+-----------------+---------+-------+-------+-------+-----+
|Available        |      100|     90|  41600|  20800|    0|
+-----------------+---------+-------+-------+-------+-----+
|Utilization (%)  |        0|      0|   ~0  |      1|    0|
+-----------------+---------+-------+-------+-------+-----+

+ Detail: 
    * Instance: 
    N/A

    * DSP48E: 
    N/A

    * Memory: 
    +-------+-----------------+---------+---+----+-----+------+-----+------+-------------+
    | Memory|      Module     | BRAM_18K| FF| LUT| URAM| Words| Bits| Banks| W*Bits*Banks|
    +-------+-----------------+---------+---+----+-----+------+-----+------+-------------+
    |PC2_U  |Loop_3_proc_PC2  |        0|  6|   5|    0|    48|    6|     1|          288|
    +-------+-----------------+---------+---+----+-----+------+-----+------+-------------+
    |Total  |                 |        0|  6|   5|    0|    48|    6|     1|          288|
    +-------+-----------------+---------+---+----+-----+------+-----+------+-------------+

    * FIFO: 
    N/A

    * Expression: 
    +----------------------+----------+-------+---+-----+------------+------------+
    |     Variable Name    | Operation| DSP48E| FF| LUT | Bitwidth P0| Bitwidth P1|
    +----------------------+----------+-------+---+-----+------------+------------+
    |i_fu_177_p2           |     +    |      0|  0|   15|           5|           1|
    |j_fu_348_p2           |     +    |      0|  0|   15|           6|           1|
    |sub_ln218_fu_363_p2   |     -    |      0|  0|   15|           5|           6|
    |empty_70_fu_183_p2    |   icmp   |      0|  0|   11|           5|           4|
    |empty_71_fu_189_p2    |   icmp   |      0|  0|   11|           5|           4|
    |empty_73_fu_201_p2    |   icmp   |      0|  0|   11|           5|           1|
    |empty_75_fu_213_p2    |   icmp   |      0|  0|   11|           5|           1|
    |icmp_ln192_fu_171_p2  |   icmp   |      0|  0|   11|           5|           6|
    |icmp_ln216_fu_342_p2  |   icmp   |      0|  0|   11|           6|           6|
    |lshr_ln218_fu_373_p2  |   lshr   |      0|  0|  166|          56|          56|
    |ap_block_state1       |    or    |      0|  0|    2|           1|           1|
    |empty_72_fu_195_p2    |    or    |      0|  0|    2|           1|           1|
    |empty_74_fu_207_p2    |    or    |      0|  0|    2|           1|           1|
    |empty_76_fu_219_p2    |    or    |      0|  0|    2|           1|           1|
    +----------------------+----------+-------+---+-----+------------+------------+
    |Total                 |          |      0|  0|  285|         107|          90|
    +----------------------+----------+-------+---+-----+------------+------------+

    * Multiplexer: 
    +----------------------+----+-----------+-----+-----------+
    |         Name         | LUT| Input Size| Bits| Total Bits|
    +----------------------+----+-----------+-----+-----------+
    |C_3_fu_62             |  15|          3|   28|         84|
    |D_fu_66               |  15|          3|   28|         84|
    |ap_NS_fsm             |  33|          6|    1|          6|
    |ap_done               |   9|          2|    1|          2|
    |i_2_i_reg_107         |   9|          2|    5|         10|
    |j_0_i_reg_130         |   9|          2|    6|         12|
    |sub_key_load_reg_118  |   9|          2|   64|        128|
    +----------------------+----+-----------+-----+-----------+
    |Total                 |  99|         20|  133|        326|
    +----------------------+----+-----------+-----+-----------+

    * Register: 
    +-----------------------+----+----+-----+-----------+
    |          Name         | FF | LUT| Bits| Const Bits|
    +-----------------------+----+----+-----+-----------+
    |C_3_fu_62              |  28|   0|   28|          0|
    |D_fu_66                |  28|   0|   28|          0|
    |ap_CS_fsm              |   5|   0|    5|          0|
    |ap_done_reg            |   1|   0|    1|          0|
    |i_2_i_reg_107          |   5|   0|    5|          0|
    |i_reg_408              |   5|   0|    5|          0|
    |j_0_i_reg_130          |   6|   0|    6|          0|
    |j_reg_429              |   6|   0|    6|          0|
    |sub_key_addr_reg_416   |   4|   0|    4|          0|
    |sub_key_load_reg_118   |  64|   0|   64|          0|
    |tmp_8_reg_421          |  56|   0|   56|          0|
    |trunc_ln218_1_reg_439  |  63|   0|   63|          0|
    +-----------------------+----+----+-----+-----------+
    |Total                  | 271|   0|  271|          0|
    +-----------------------+----+----+-----+-----------+



================================================================
== Interface
================================================================
* Summary: 
+------------------+-----+-----+------------+--------------+--------------+
|     RTL Ports    | Dir | Bits|  Protocol  | Source Object|    C Type    |
+------------------+-----+-----+------------+--------------+--------------+
|ap_clk            |  in |    1| ap_ctrl_hs |  Loop_3_proc | return value |
|ap_rst            |  in |    1| ap_ctrl_hs |  Loop_3_proc | return value |
|ap_start          |  in |    1| ap_ctrl_hs |  Loop_3_proc | return value |
|ap_done           | out |    1| ap_ctrl_hs |  Loop_3_proc | return value |
|ap_continue       |  in |    1| ap_ctrl_hs |  Loop_3_proc | return value |
|ap_idle           | out |    1| ap_ctrl_hs |  Loop_3_proc | return value |
|ap_ready          | out |    1| ap_ctrl_hs |  Loop_3_proc | return value |
|p_read            |  in |   60|   ap_none  |    p_read    |    scalar    |
|p_read1           |  in |   64|   ap_none  |    p_read1   |    scalar    |
|sub_key_address0  | out |    4|  ap_memory |    sub_key   |     array    |
|sub_key_ce0       | out |    1|  ap_memory |    sub_key   |     array    |
|sub_key_we0       | out |    1|  ap_memory |    sub_key   |     array    |
|sub_key_d0        | out |   64|  ap_memory |    sub_key   |     array    |
+------------------+-----+-----+------------+--------------+--------------+

============================================================
+ Verbose Summary: Synthesis Manager
============================================================
InlineROM: 1
ExposeGlobal: 0
============================================================
+ Verbose Summary: CDFG Model
============================================================
IsTopModel: 0
ResetActiveHigh: 1
IsCombinational: 2
IsDatapathOnly: 0
HasWiredReturn: 1
HasMFsm: 0
HasVarLatency: 1
IsPipeline: 0
IsRtlPipelined: 0
IsInstanceOverlapped: 0
IsDontTouch: 0
HasImplIP: 0
IsGatedGlobalClock: 0


============================================================
+ Verbose Summary: Schedule
============================================================
* Number of FSM states : 5
* Pipeline : 0
* Dataflow Pipeline: 0

* FSM state transitions: 
1 --> 2 
2 --> 3 
3 --> 4 
4 --> 5 2 
5 --> 4 

* FSM state operations: 

State 1 <SV = 0> <Delay = 1.45>
ST_1 : Operation 6 [1/1] (0.00ns)   --->   "%C_3 = alloca i28"   --->   Operation 6 'alloca' 'C_3' <Predicate = true> <Delay = 0.00>
ST_1 : Operation 7 [1/1] (0.00ns)   --->   "%D = alloca i28"   --->   Operation 7 'alloca' 'D' <Predicate = true> <Delay = 0.00>
ST_1 : Operation 8 [1/1] (0.00ns)   --->   "%p_read_5 = call i64 @_ssdm_op_Read.ap_auto.i64(i64 %p_read1)" [desDecrypt.c:188]   --->   Operation 8 'read' 'p_read_5' <Predicate = true> <Delay = 0.00>
ST_1 : Operation 9 [1/1] (0.00ns)   --->   "%p_read_6 = call i60 @_ssdm_op_Read.ap_auto.i60(i60 %p_read)" [desDecrypt.c:188]   --->   Operation 9 'read' 'p_read_6' <Predicate = true> <Delay = 0.00>
ST_1 : Operation 10 [1/1] (0.00ns)   --->   "%C = call i28 @_ssdm_op_PartSelect.i28.i60.i32.i32(i60 %p_read_6, i32 28, i32 55)" [desDecrypt.c:188]   --->   Operation 10 'partselect' 'C' <Predicate = true> <Delay = 0.00>
ST_1 : Operation 11 [1/1] (0.00ns)   --->   "%D_3 = trunc i64 %p_read_5 to i28" [desDecrypt.c:189]   --->   Operation 11 'trunc' 'D_3' <Predicate = true> <Delay = 0.00>
ST_1 : Operation 12 [1/1] (1.45ns)   --->   "store i28 %D_3, i28* %D" [desDecrypt.c:192]   --->   Operation 12 'store' <Predicate = true> <Delay = 1.45>
ST_1 : Operation 13 [1/1] (1.45ns)   --->   "store i28 %C, i28* %C_3" [desDecrypt.c:192]   --->   Operation 13 'store' <Predicate = true> <Delay = 1.45>
ST_1 : Operation 14 [1/1] (1.35ns)   --->   "br label %.loopexit" [desDecrypt.c:192]   --->   Operation 14 'br' <Predicate = true> <Delay = 1.35>

State 2 <SV = 1> <Delay = 2.01>
ST_2 : Operation 15 [1/1] (0.00ns)   --->   "%i_2_i = phi i5 [ 0, %entry ], [ %i, %.loopexit.loopexit ]"   --->   Operation 15 'phi' 'i_2_i' <Predicate = true> <Delay = 0.00>
ST_2 : Operation 16 [1/1] (1.21ns)   --->   "%icmp_ln192 = icmp eq i5 %i_2_i, -16" [desDecrypt.c:192]   --->   Operation 16 'icmp' 'icmp_ln192' <Predicate = true> <Delay = 1.21> <Core = "Cmp">   --->   Core 25 'Cmp' <Latency = 0> <II = 1> <Delay = 1.22> <FuncUnit> <Opcode : 'icmp'> <InPorts = 2> <OutPorts = 1>
ST_2 : Operation 17 [1/1] (0.00ns)   --->   "%empty = call i32 (...)* @_ssdm_op_SpecLoopTripCount(i64 16, i64 16, i64 16) nounwind"   --->   Operation 17 'speclooptripcount' 'empty' <Predicate = true> <Delay = 0.00>
ST_2 : Operation 18 [1/1] (1.54ns)   --->   "%i = add i5 %i_2_i, 1" [desDecrypt.c:192]   --->   Operation 18 'add' 'i' <Predicate = true> <Delay = 1.54> <Core = "AddSub">   --->   Core 14 'AddSub' <Latency = 0> <II = 1> <Delay = 1.60> <FuncUnit> <Opcode : 'add' 'sub'> <InPorts = 2> <OutPorts = 1>
ST_2 : Operation 19 [1/1] (0.00ns)   --->   "br i1 %icmp_ln192, label %Loop_3_proc.exit, label %2" [desDecrypt.c:192]   --->   Operation 19 'br' <Predicate = true> <Delay = 0.00>
ST_2 : Operation 20 [1/1] (0.00ns)   --->   "%C_3_load = load i28* %C_3" [desDecrypt.c:197]   --->   Operation 20 'load' 'C_3_load' <Predicate = (!icmp_ln192)> <Delay = 0.00>
ST_2 : Operation 21 [1/1] (0.00ns)   --->   "%D_load = load i28* %D" [desDecrypt.c:198]   --->   Operation 21 'load' 'D_load' <Predicate = (!icmp_ln192)> <Delay = 0.00>
ST_2 : Operation 22 [1/1] (1.21ns)   --->   "%empty_70 = icmp eq i5 %i_2_i, 15" [desDecrypt.c:192]   --->   Operation 22 'icmp' 'empty_70' <Predicate = (!icmp_ln192)> <Delay = 1.21> <Core = "Cmp">   --->   Core 25 'Cmp' <Latency = 0> <II = 1> <Delay = 1.22> <FuncUnit> <Opcode : 'icmp'> <InPorts = 2> <OutPorts = 1>
ST_2 : Operation 23 [1/1] (1.21ns)   --->   "%empty_71 = icmp eq i5 %i_2_i, 8" [desDecrypt.c:192]   --->   Operation 23 'icmp' 'empty_71' <Predicate = (!icmp_ln192)> <Delay = 1.21> <Core = "Cmp">   --->   Core 25 'Cmp' <Latency = 0> <II = 1> <Delay = 1.22> <FuncUnit> <Opcode : 'icmp'> <InPorts = 2> <OutPorts = 1>
ST_2 : Operation 24 [1/1] (0.00ns) (grouped into LUT with out node empty_76)   --->   "%empty_72 = or i1 %empty_71, %empty_70" [desDecrypt.c:192]   --->   Operation 24 'or' 'empty_72' <Predicate = (!icmp_ln192)> <Delay = 0.00> <Core = "LogicGate">   --->   Core 27 'LogicGate' <Latency = 0> <II = 1> <Delay = 0.80> <FuncUnit> <Opcode : 'and' 'or' 'xor'> <InPorts = 2> <OutPorts = 1>
ST_2 : Operation 25 [1/1] (1.21ns)   --->   "%empty_73 = icmp eq i5 %i_2_i, 1" [desDecrypt.c:192]   --->   Operation 25 'icmp' 'empty_73' <Predicate = (!icmp_ln192)> <Delay = 1.21> <Core = "Cmp">   --->   Core 25 'Cmp' <Latency = 0> <II = 1> <Delay = 1.22> <FuncUnit> <Opcode : 'icmp'> <InPorts = 2> <OutPorts = 1>
ST_2 : Operation 26 [1/1] (0.00ns) (grouped into LUT with out node empty_76)   --->   "%empty_74 = or i1 %empty_73, %empty_72" [desDecrypt.c:192]   --->   Operation 26 'or' 'empty_74' <Predicate = (!icmp_ln192)> <Delay = 0.00> <Core = "LogicGate">   --->   Core 27 'LogicGate' <Latency = 0> <II = 1> <Delay = 0.80> <FuncUnit> <Opcode : 'and' 'or' 'xor'> <InPorts = 2> <OutPorts = 1>
ST_2 : Operation 27 [1/1] (1.21ns)   --->   "%empty_75 = icmp eq i5 %i_2_i, 0" [desDecrypt.c:192]   --->   Operation 27 'icmp' 'empty_75' <Predicate = (!icmp_ln192)> <Delay = 1.21> <Core = "Cmp">   --->   Core 25 'Cmp' <Latency = 0> <II = 1> <Delay = 1.22> <FuncUnit> <Opcode : 'icmp'> <InPorts = 2> <OutPorts = 1>
ST_2 : Operation 28 [1/1] (0.80ns) (out node of the LUT)   --->   "%empty_76 = or i1 %empty_75, %empty_74" [desDecrypt.c:192]   --->   Operation 28 'or' 'empty_76' <Predicate = (!icmp_ln192)> <Delay = 0.80> <Core = "LogicGate">   --->   Core 27 'LogicGate' <Latency = 0> <II = 1> <Delay = 0.80> <FuncUnit> <Opcode : 'and' 'or' 'xor'> <InPorts = 2> <OutPorts = 1>
ST_2 : Operation 29 [1/1] (0.00ns)   --->   "br i1 %empty_76, label %._crit_edge14.i, label %3" [desDecrypt.c:192]   --->   Operation 29 'br' <Predicate = (!icmp_ln192)> <Delay = 0.00>
ST_2 : Operation 30 [1/1] (0.00ns)   --->   "%trunc_ln203 = trunc i28 %C_3_load to i26" [desDecrypt.c:203]   --->   Operation 30 'trunc' 'trunc_ln203' <Predicate = (!icmp_ln192 & !empty_76)> <Delay = 0.00>
ST_2 : Operation 31 [1/1] (0.00ns)   --->   "%trunc_ln204 = trunc i28 %D_load to i26" [desDecrypt.c:204]   --->   Operation 31 'trunc' 'trunc_ln204' <Predicate = (!icmp_ln192 & !empty_76)> <Delay = 0.00>
ST_2 : Operation 32 [1/1] (0.00ns)   --->   "%tmp_s = call i2 @_ssdm_op_PartSelect.i2.i28.i32.i32(i28 %C_3_load, i32 26, i32 27)" [desDecrypt.c:203]   --->   Operation 32 'partselect' 'tmp_s' <Predicate = (!icmp_ln192 & !empty_76)> <Delay = 0.00>
ST_2 : Operation 33 [1/1] (0.00ns)   --->   "%C_1 = call i28 @_ssdm_op_BitConcatenate.i28.i26.i2(i26 %trunc_ln203, i2 %tmp_s)" [desDecrypt.c:203]   --->   Operation 33 'bitconcatenate' 'C_1' <Predicate = (!icmp_ln192 & !empty_76)> <Delay = 0.00>
ST_2 : Operation 34 [1/1] (0.00ns)   --->   "%tmp_2 = call i2 @_ssdm_op_PartSelect.i2.i28.i32.i32(i28 %D_load, i32 26, i32 27)" [desDecrypt.c:204]   --->   Operation 34 'partselect' 'tmp_2' <Predicate = (!icmp_ln192 & !empty_76)> <Delay = 0.00>
ST_2 : Operation 35 [1/1] (0.00ns)   --->   "%D_1 = call i28 @_ssdm_op_BitConcatenate.i28.i26.i2(i26 %trunc_ln204, i2 %tmp_2)" [desDecrypt.c:204]   --->   Operation 35 'bitconcatenate' 'D_1' <Predicate = (!icmp_ln192 & !empty_76)> <Delay = 0.00>
ST_2 : Operation 36 [1/1] (1.45ns)   --->   "store i28 %D_1, i28* %D" [desDecrypt.c:204]   --->   Operation 36 'store' <Predicate = (!icmp_ln192 & !empty_76)> <Delay = 1.45>
ST_2 : Operation 37 [1/1] (1.45ns)   --->   "store i28 %C_1, i28* %C_3" [desDecrypt.c:203]   --->   Operation 37 'store' <Predicate = (!icmp_ln192 & !empty_76)> <Delay = 1.45>
ST_2 : Operation 38 [1/1] (0.00ns)   --->   "br label %1"   --->   Operation 38 'br' <Predicate = (!icmp_ln192 & !empty_76)> <Delay = 0.00>
ST_2 : Operation 39 [1/1] (0.00ns)   --->   "%tmp = call i1 @_ssdm_op_BitSelect.i1.i28.i32(i28 %C_3_load, i32 27)" [desDecrypt.c:197]   --->   Operation 39 'bitselect' 'tmp' <Predicate = (!icmp_ln192 & empty_76)> <Delay = 0.00>
ST_2 : Operation 40 [1/1] (0.00ns)   --->   "%trunc_ln197 = trunc i28 %C_3_load to i27" [desDecrypt.c:197]   --->   Operation 40 'trunc' 'trunc_ln197' <Predicate = (!icmp_ln192 & empty_76)> <Delay = 0.00>
ST_2 : Operation 41 [1/1] (0.00ns)   --->   "%C_2 = call i28 @_ssdm_op_BitConcatenate.i28.i27.i1(i27 %trunc_ln197, i1 %tmp)" [desDecrypt.c:197]   --->   Operation 41 'bitconcatenate' 'C_2' <Predicate = (!icmp_ln192 & empty_76)> <Delay = 0.00>
ST_2 : Operation 42 [1/1] (0.00ns)   --->   "%tmp_1 = call i1 @_ssdm_op_BitSelect.i1.i28.i32(i28 %D_load, i32 27)" [desDecrypt.c:198]   --->   Operation 42 'bitselect' 'tmp_1' <Predicate = (!icmp_ln192 & empty_76)> <Delay = 0.00>
ST_2 : Operation 43 [1/1] (0.00ns)   --->   "%trunc_ln198 = trunc i28 %D_load to i27" [desDecrypt.c:198]   --->   Operation 43 'trunc' 'trunc_ln198' <Predicate = (!icmp_ln192 & empty_76)> <Delay = 0.00>
ST_2 : Operation 44 [1/1] (0.00ns)   --->   "%D_2 = call i28 @_ssdm_op_BitConcatenate.i28.i27.i1(i27 %trunc_ln198, i1 %tmp_1)" [desDecrypt.c:198]   --->   Operation 44 'bitconcatenate' 'D_2' <Predicate = (!icmp_ln192 & empty_76)> <Delay = 0.00>
ST_2 : Operation 45 [1/1] (1.45ns)   --->   "store i28 %D_2, i28* %D" [desDecrypt.c:199]   --->   Operation 45 'store' <Predicate = (!icmp_ln192 & empty_76)> <Delay = 1.45>
ST_2 : Operation 46 [1/1] (1.45ns)   --->   "store i28 %C_2, i28* %C_3" [desDecrypt.c:199]   --->   Operation 46 'store' <Predicate = (!icmp_ln192 & empty_76)> <Delay = 1.45>
ST_2 : Operation 47 [1/1] (0.00ns)   --->   "br label %1" [desDecrypt.c:199]   --->   Operation 47 'br' <Predicate = (!icmp_ln192 & empty_76)> <Delay = 0.00>
ST_2 : Operation 48 [1/1] (0.00ns)   --->   "%zext_ln214 = zext i5 %i_2_i to i64" [desDecrypt.c:214]   --->   Operation 48 'zext' 'zext_ln214' <Predicate = (!icmp_ln192)> <Delay = 0.00>
ST_2 : Operation 49 [1/1] (0.00ns)   --->   "%sub_key_addr = getelementptr inbounds [16 x i64]* %sub_key, i64 0, i64 %zext_ln214" [desDecrypt.c:214]   --->   Operation 49 'getelementptr' 'sub_key_addr' <Predicate = (!icmp_ln192)> <Delay = 0.00>
ST_2 : Operation 50 [1/1] (0.00ns)   --->   "ret void"   --->   Operation 50 'ret' <Predicate = (icmp_ln192)> <Delay = 0.00>

State 3 <SV = 2> <Delay = 1.35>
ST_3 : Operation 51 [1/1] (0.00ns)   --->   "%C_3_load_1 = load i28* %C_3"   --->   Operation 51 'load' 'C_3_load_1' <Predicate = true> <Delay = 0.00>
ST_3 : Operation 52 [1/1] (0.00ns)   --->   "%D_load_1 = load i28* %D"   --->   Operation 52 'load' 'D_load_1' <Predicate = true> <Delay = 0.00>
ST_3 : Operation 53 [1/1] (0.00ns)   --->   "%tmp_8 = call i56 @_ssdm_op_BitConcatenate.i56.i28.i28(i28 %C_3_load_1, i28 %D_load_1)" [desDecrypt.c:212]   --->   Operation 53 'bitconcatenate' 'tmp_8' <Predicate = true> <Delay = 0.00>
ST_3 : Operation 54 [1/1] (1.35ns)   --->   "br label %0" [desDecrypt.c:216]   --->   Operation 54 'br' <Predicate = true> <Delay = 1.35>

State 4 <SV = 3> <Delay = 2.77>
ST_4 : Operation 55 [1/1] (0.00ns)   --->   "%sub_key_load = phi i64 [ 0, %1 ], [ %or_ln, %4 ]" [desDecrypt.c:218]   --->   Operation 55 'phi' 'sub_key_load' <Predicate = true> <Delay = 0.00>
ST_4 : Operation 56 [1/1] (0.00ns)   --->   "%j_0_i = phi i6 [ 0, %1 ], [ %j, %4 ]"   --->   Operation 56 'phi' 'j_0_i' <Predicate = true> <Delay = 0.00>
ST_4 : Operation 57 [1/1] (2.77ns)   --->   "store i64 %sub_key_load, i64* %sub_key_addr, align 8" [desDecrypt.c:218]   --->   Operation 57 'store' <Predicate = true> <Delay = 2.77> <Core = "RAM">   --->   Core 37 'RAM' <Latency = 1> <II = 1> <Delay = 2.77> <Storage> <Opcode : 'load' 'store'> <Ports = 2> <Width = 64> <Depth = 16> <RAM>
ST_4 : Operation 58 [1/1] (1.22ns)   --->   "%icmp_ln216 = icmp eq i6 %j_0_i, -16" [desDecrypt.c:216]   --->   Operation 58 'icmp' 'icmp_ln216' <Predicate = true> <Delay = 1.22> <Core = "Cmp">   --->   Core 25 'Cmp' <Latency = 0> <II = 1> <Delay = 1.22> <FuncUnit> <Opcode : 'icmp'> <InPorts = 2> <OutPorts = 1>
ST_4 : Operation 59 [1/1] (0.00ns)   --->   "%empty_69 = call i32 (...)* @_ssdm_op_SpecLoopTripCount(i64 48, i64 48, i64 48) nounwind"   --->   Operation 59 'speclooptripcount' 'empty_69' <Predicate = true> <Delay = 0.00>
ST_4 : Operation 60 [1/1] (1.60ns)   --->   "%j = add i6 %j_0_i, 1" [desDecrypt.c:216]   --->   Operation 60 'add' 'j' <Predicate = true> <Delay = 1.60> <Core = "AddSub">   --->   Core 14 'AddSub' <Latency = 0> <II = 1> <Delay = 1.60> <FuncUnit> <Opcode : 'add' 'sub'> <InPorts = 2> <OutPorts = 1>
ST_4 : Operation 61 [1/1] (0.00ns)   --->   "br i1 %icmp_ln216, label %.loopexit.loopexit, label %4" [desDecrypt.c:216]   --->   Operation 61 'br' <Predicate = true> <Delay = 0.00>
ST_4 : Operation 62 [1/1] (0.00ns)   --->   "%zext_ln218 = zext i6 %j_0_i to i64" [desDecrypt.c:218]   --->   Operation 62 'zext' 'zext_ln218' <Predicate = (!icmp_ln216)> <Delay = 0.00>
ST_4 : Operation 63 [1/1] (0.00ns)   --->   "%PC2_addr = getelementptr [48 x i6]* @PC2, i64 0, i64 %zext_ln218" [desDecrypt.c:218]   --->   Operation 63 'getelementptr' 'PC2_addr' <Predicate = (!icmp_ln216)> <Delay = 0.00>
ST_4 : Operation 64 [2/2] (2.77ns)   --->   "%PC2_load = load i6* %PC2_addr, align 1" [desDecrypt.c:218]   --->   Operation 64 'load' 'PC2_load' <Predicate = (!icmp_ln216)> <Delay = 2.77> <Core = "ROM_nP">   --->   Core 52 'ROM_nP' <Latency = 1> <II = 1> <Delay = 2.77> <Storage> <Opcode : 'load'> <Ports = 0> <Width = 6> <Depth = 48> <ROM>
ST_4 : Operation 65 [1/1] (0.00ns)   --->   "%trunc_ln218_1 = trunc i64 %sub_key_load to i63" [desDecrypt.c:218]   --->   Operation 65 'trunc' 'trunc_ln218_1' <Predicate = (!icmp_ln216)> <Delay = 0.00>
ST_4 : Operation 66 [1/1] (0.00ns)   --->   "br label %.loopexit"   --->   Operation 66 'br' <Predicate = (icmp_ln216)> <Delay = 0.00>

State 5 <SV = 4> <Delay = 7.84>
ST_5 : Operation 67 [1/2] (2.77ns)   --->   "%PC2_load = load i6* %PC2_addr, align 1" [desDecrypt.c:218]   --->   Operation 67 'load' 'PC2_load' <Predicate = true> <Delay = 2.77> <Core = "ROM_nP">   --->   Core 52 'ROM_nP' <Latency = 1> <II = 1> <Delay = 2.77> <Storage> <Opcode : 'load'> <Ports = 0> <Width = 6> <Depth = 48> <ROM>
ST_5 : Operation 68 [1/1] (1.60ns)   --->   "%sub_ln218 = sub i6 -8, %PC2_load" [desDecrypt.c:218]   --->   Operation 68 'sub' 'sub_ln218' <Predicate = true> <Delay = 1.60> <Core = "AddSub">   --->   Core 14 'AddSub' <Latency = 0> <II = 1> <Delay = 1.60> <FuncUnit> <Opcode : 'add' 'sub'> <InPorts = 2> <OutPorts = 1>
ST_5 : Operation 69 [1/1] (0.00ns)   --->   "%zext_ln218_1 = zext i6 %sub_ln218 to i56" [desDecrypt.c:218]   --->   Operation 69 'zext' 'zext_ln218_1' <Predicate = true> <Delay = 0.00>
ST_5 : Operation 70 [1/1] (3.47ns)   --->   "%lshr_ln218 = lshr i56 %tmp_8, %zext_ln218_1" [desDecrypt.c:218]   --->   Operation 70 'lshr' 'lshr_ln218' <Predicate = true> <Delay = 3.47> <Core = "Shift">   --->   Core 28 'Shift' <Latency = 0> <II = 1> <Delay = 3.47> <FuncUnit> <Opcode : 'shl' 'lshr' 'ashr'> <InPorts = 2> <OutPorts = 1>
ST_5 : Operation 71 [1/1] (0.00ns)   --->   "%trunc_ln218 = trunc i56 %lshr_ln218 to i1" [desDecrypt.c:218]   --->   Operation 71 'trunc' 'trunc_ln218' <Predicate = true> <Delay = 0.00>
ST_5 : Operation 72 [1/1] (0.00ns)   --->   "%or_ln = call i64 @_ssdm_op_BitConcatenate.i64.i63.i1(i63 %trunc_ln218_1, i1 %trunc_ln218)" [desDecrypt.c:218]   --->   Operation 72 'bitconcatenate' 'or_ln' <Predicate = true> <Delay = 0.00>
ST_5 : Operation 73 [1/1] (0.00ns)   --->   "br label %0" [desDecrypt.c:216]   --->   Operation 73 'br' <Predicate = true> <Delay = 0.00>


============================================================
+ Verbose Summary: Binding
============================================================
STG Binding: 
---------------- STG Properties BEGIN ----------------
- Is combinational: 0
- Is one-state seq: 0
- Is datapath-only: 0
- Is pipelined: 0
- Is top level: 0
Port [ Return ] is wired: 1; IO mode=ap_ctrl_hs:ce=0
Port [ p_read]:  wired=1; compound=0; hidden=0; nouse=0; global=0; static=0; extern=0; dir=0; type=0; pingpong=0; private_global=0; IO mode=ap_none:ce=0
Port [ p_read1]:  wired=1; compound=0; hidden=0; nouse=0; global=0; static=0; extern=0; dir=0; type=0; pingpong=0; private_global=0; IO mode=ap_none:ce=0
Port [ sub_key]:  wired=1; compound=1; hidden=0; nouse=0; global=0; static=0; extern=0; dir=1; type=1; pingpong=1; private_global=0; MemPort=[03]; IO mode=ap_memory:ce=0
Port [ PC2]:  wired=0; compound=1; hidden=1; nouse=0; global=1; static=1; extern=0; dir=0; type=1; pingpong=0; private_global=1; linkage=7; visibility=0; MemPort=[1]; IO mode=ap_memory:ce=0
---------------- STG Properties END ------------------

---------------- Datapath Model BEGIN ----------------

<LifeTime>
<method=bitvector/>
C_3           (alloca           ) [ 011111]
D             (alloca           ) [ 011111]
p_read_5      (read             ) [ 000000]
p_read_6      (read             ) [ 000000]
C             (partselect       ) [ 000000]
D_3           (trunc            ) [ 000000]
store_ln192   (store            ) [ 000000]
store_ln192   (store            ) [ 000000]
br_ln192      (br               ) [ 011111]
i_2_i         (phi              ) [ 001000]
icmp_ln192    (icmp             ) [ 001111]
empty         (speclooptripcount) [ 000000]
i             (add              ) [ 011111]
br_ln192      (br               ) [ 000000]
C_3_load      (load             ) [ 000000]
D_load        (load             ) [ 000000]
empty_70      (icmp             ) [ 000000]
empty_71      (icmp             ) [ 000000]
empty_72      (or               ) [ 000000]
empty_73      (icmp             ) [ 000000]
empty_74      (or               ) [ 000000]
empty_75      (icmp             ) [ 000000]
empty_76      (or               ) [ 001111]
br_ln192      (br               ) [ 000000]
trunc_ln203   (trunc            ) [ 000000]
trunc_ln204   (trunc            ) [ 000000]
tmp_s         (partselect       ) [ 000000]
C_1           (bitconcatenate   ) [ 000000]
tmp_2         (partselect       ) [ 000000]
D_1           (bitconcatenate   ) [ 000000]
store_ln204   (store            ) [ 000000]
store_ln203   (store            ) [ 000000]
br_ln0        (br               ) [ 000000]
tmp           (bitselect        ) [ 000000]
trunc_ln197   (trunc            ) [ 000000]
C_2           (bitconcatenate   ) [ 000000]
tmp_1         (bitselect        ) [ 000000]
trunc_ln198   (trunc            ) [ 000000]
D_2           (bitconcatenate   ) [ 000000]
store_ln199   (store            ) [ 000000]
store_ln199   (store            ) [ 000000]
br_ln199      (br               ) [ 000000]
zext_ln214    (zext             ) [ 000000]
sub_key_addr  (getelementptr    ) [ 000111]
ret_ln0       (ret              ) [ 000000]
C_3_load_1    (load             ) [ 000000]
D_load_1      (load             ) [ 000000]
tmp_8         (bitconcatenate   ) [ 000011]
br_ln216      (br               ) [ 001111]
sub_key_load  (phi              ) [ 000010]
j_0_i         (phi              ) [ 000010]
store_ln218   (store            ) [ 000000]
icmp_ln216    (icmp             ) [ 001111]
empty_69      (speclooptripcount) [ 000000]
j             (add              ) [ 001111]
br_ln216      (br               ) [ 000000]
zext_ln218    (zext             ) [ 000000]
PC2_addr      (getelementptr    ) [ 000001]
trunc_ln218_1 (trunc            ) [ 000001]
br_ln0        (br               ) [ 011111]
PC2_load      (load             ) [ 000000]
sub_ln218     (sub              ) [ 000000]
zext_ln218_1  (zext             ) [ 000000]
lshr_ln218    (lshr             ) [ 000000]
trunc_ln218   (trunc            ) [ 000000]
or_ln         (bitconcatenate   ) [ 001111]
br_ln216      (br               ) [ 001111]
</LifeTime>

<model>

<comp_list>
<comp id="0" class="1000" name="p_read">
<pin_list>
<pin id="1" dir="1" index="0" bw="1" slack="0"/>
</pin_list>
<bind>
<StgValue><ssdm name="p_read"/></StgValue>
</bind>
</comp>

<comp id="2" class="1000" name="p_read1">
<pin_list>
<pin id="3" dir="1" index="0" bw="1" slack="0"/>
</pin_list>
<bind>
<StgValue><ssdm name="p_read1"/></StgValue>
</bind>
</comp>

<comp id="4" class="1000" name="sub_key">
<pin_list>
<pin id="5" dir="1" index="0" bw="1" slack="0"/>
</pin_list>
<bind>
<StgValue><ssdm name="sub_key"/><MemPortTyVec>0 3 </MemPortTyVec>
</StgValue>
</bind>
</comp>

<comp id="6" class="1000" name="PC2">
<pin_list>
<pin id="7" dir="1" index="0" bw="1" slack="0"/>
</pin_list>
<bind>
<StgValue><ssdm name="PC2"/><MemPortTyVec>1 </MemPortTyVec>
</StgValue>
</bind>
</comp>

<comp id="8" class="1001" name="const_8">
<pin_list>
<pin id="9" dir="1" index="0" bw="1" slack="0"/>
</pin_list>
<bind>
<StgValue><ssdm name=""/></StgValue>
</bind>
</comp>

<comp id="10" class="1001" name="const_10">
<pin_list>
<pin id="11" dir="1" index="0" bw="1" slack="0"/>
</pin_list>
<bind>
<StgValue><ssdm name="_ssdm_op_Read.ap_auto.i64"/></StgValue>
</bind>
</comp>

<comp id="12" class="1001" name="const_12">
<pin_list>
<pin id="13" dir="1" index="0" bw="1" slack="0"/>
</pin_list>
<bind>
<StgValue><ssdm name="_ssdm_op_Read.ap_auto.i60"/></StgValue>
</bind>
</comp>

<comp id="14" class="1001" name="const_14">
<pin_list>
<pin id="15" dir="1" index="0" bw="1" slack="0"/>
</pin_list>
<bind>
<StgValue><ssdm name="_ssdm_op_PartSelect.i28.i60.i32.i32"/></StgValue>
</bind>
</comp>

<comp id="16" class="1001" name="const_16">
<pin_list>
<pin id="17" dir="1" index="0" bw="1" slack="0"/>
</pin_list>
<bind>
<StgValue><ssdm name=""/></StgValue>
</bind>
</comp>

<comp id="18" class="1001" name="const_18">
<pin_list>
<pin id="19" dir="1" index="0" bw="1" slack="0"/>
</pin_list>
<bind>
<StgValue><ssdm name=""/></StgValue>
</bind>
</comp>

<comp id="20" class="1001" name="const_20">
<pin_list>
<pin id="21" dir="1" index="0" bw="1" slack="0"/>
</pin_list>
<bind>
<StgValue><ssdm name=""/></StgValue>
</bind>
</comp>

<comp id="22" class="1001" name="const_22">
<pin_list>
<pin id="23" dir="1" index="0" bw="1" slack="0"/>
</pin_list>
<bind>
<StgValue><ssdm name=""/></StgValue>
</bind>
</comp>

<comp id="24" class="1001" name="const_24">
<pin_list>
<pin id="25" dir="1" index="0" bw="1" slack="2147483647"/>
</pin_list>
<bind>
<StgValue><ssdm name="_ssdm_op_SpecLoopTripCount"/></StgValue>
</bind>
</comp>

<comp id="26" class="1001" name="const_26">
<pin_list>
<pin id="27" dir="1" index="0" bw="1" slack="2147483647"/>
</pin_list>
<bind>
<StgValue><ssdm name=""/></StgValue>
</bind>
</comp>

<comp id="28" class="1001" name="const_28">
<pin_list>
<pin id="29" dir="1" index="0" bw="1" slack="0"/>
</pin_list>
<bind>
<StgValue><ssdm name=""/></StgValue>
</bind>
</comp>

<comp id="30" class="1001" name="const_30">
<pin_list>
<pin id="31" dir="1" index="0" bw="1" slack="0"/>
</pin_list>
<bind>
<StgValue><ssdm name=""/></StgValue>
</bind>
</comp>

<comp id="32" class="1001" name="const_32">
<pin_list>
<pin id="33" dir="1" index="0" bw="1" slack="0"/>
</pin_list>
<bind>
<StgValue><ssdm name=""/></StgValue>
</bind>
</comp>

<comp id="34" class="1001" name="const_34">
<pin_list>
<pin id="35" dir="1" index="0" bw="1" slack="0"/>
</pin_list>
<bind>
<StgValue><ssdm name="_ssdm_op_PartSelect.i2.i28.i32.i32"/></StgValue>
</bind>
</comp>

<comp id="36" class="1001" name="const_36">
<pin_list>
<pin id="37" dir="1" index="0" bw="1" slack="0"/>
</pin_list>
<bind>
<StgValue><ssdm name=""/></StgValue>
</bind>
</comp>

<comp id="38" class="1001" name="const_38">
<pin_list>
<pin id="39" dir="1" index="0" bw="1" slack="0"/>
</pin_list>
<bind>
<StgValue><ssdm name=""/></StgValue>
</bind>
</comp>

<comp id="40" class="1001" name="const_40">
<pin_list>
<pin id="41" dir="1" index="0" bw="1" slack="0"/>
</pin_list>
<bind>
<StgValue><ssdm name="_ssdm_op_BitConcatenate.i28.i26.i2"/></StgValue>
</bind>
</comp>

<comp id="42" class="1001" name="const_42">
<pin_list>
<pin id="43" dir="1" index="0" bw="1" slack="0"/>
</pin_list>
<bind>
<StgValue><ssdm name="_ssdm_op_BitSelect.i1.i28.i32"/></StgValue>
</bind>
</comp>

<comp id="44" class="1001" name="const_44">
<pin_list>
<pin id="45" dir="1" index="0" bw="1" slack="0"/>
</pin_list>
<bind>
<StgValue><ssdm name="_ssdm_op_BitConcatenate.i28.i27.i1"/></StgValue>
</bind>
</comp>

<comp id="46" class="1001" name="const_46">
<pin_list>
<pin id="47" dir="1" index="0" bw="1" slack="0"/>
</pin_list>
<bind>
<StgValue><ssdm name=""/></StgValue>
</bind>
</comp>

<comp id="48" class="1001" name="const_48">
<pin_list>
<pin id="49" dir="1" index="0" bw="1" slack="0"/>
</pin_list>
<bind>
<StgValue><ssdm name="_ssdm_op_BitConcatenate.i56.i28.i28"/></StgValue>
</bind>
</comp>

<comp id="50" class="1001" name="const_50">
<pin_list>
<pin id="51" dir="1" index="0" bw="1" slack="1"/>
</pin_list>
<bind>
<StgValue><ssdm name=""/></StgValue>
</bind>
</comp>

<comp id="52" class="1001" name="const_52">
<pin_list>
<pin id="53" dir="1" index="0" bw="1" slack="0"/>
</pin_list>
<bind>
<StgValue><ssdm name=""/></StgValue>
</bind>
</comp>

<comp id="54" class="1001" name="const_54">
<pin_list>
<pin id="55" dir="1" index="0" bw="1" slack="2147483647"/>
</pin_list>
<bind>
<StgValue><ssdm name=""/></StgValue>
</bind>
</comp>

<comp id="56" class="1001" name="const_56">
<pin_list>
<pin id="57" dir="1" index="0" bw="1" slack="0"/>
</pin_list>
<bind>
<StgValue><ssdm name=""/></StgValue>
</bind>
</comp>

<comp id="58" class="1001" name="const_58">
<pin_list>
<pin id="59" dir="1" index="0" bw="1" slack="0"/>
</pin_list>
<bind>
<StgValue><ssdm name=""/></StgValue>
</bind>
</comp>

<comp id="60" class="1001" name="const_60">
<pin_list>
<pin id="61" dir="1" index="0" bw="1" slack="0"/>
</pin_list>
<bind>
<StgValue><ssdm name="_ssdm_op_BitConcatenate.i64.i63.i1"/></StgValue>
</bind>
</comp>

<comp id="62" class="1004" name="C_3_fu_62">
<pin_list>
<pin id="63" dir="0" index="0" bw="1" slack="0"/>
<pin id="64" dir="1" index="1" bw="28" slack="0"/>
</pin_list>
<bind>
<opcode="alloca(26) " fcode="alloca"/>
<opset="C_3/1 "/>
</bind>
</comp>

<comp id="66" class="1004" name="D_fu_66">
<pin_list>
<pin id="67" dir="0" index="0" bw="1" slack="0"/>
<pin id="68" dir="1" index="1" bw="28" slack="0"/>
</pin_list>
<bind>
<opcode="alloca(26) " fcode="alloca"/>
<opset="D/1 "/>
</bind>
</comp>

<comp id="70" class="1004" name="p_read_5_read_fu_70">
<pin_list>
<pin id="71" dir="0" index="0" bw="64" slack="0"/>
<pin id="72" dir="0" index="1" bw="64" slack="0"/>
<pin id="73" dir="1" index="2" bw="64" slack="0"/>
</pin_list>
<bind>
<opcode="read(1150) " fcode="read"/>
<opset="p_read_5/1 "/>
</bind>
</comp>

<comp id="76" class="1004" name="p_read_6_read_fu_76">
<pin_list>
<pin id="77" dir="0" index="0" bw="60" slack="0"/>
<pin id="78" dir="0" index="1" bw="60" slack="0"/>
<pin id="79" dir="1" index="2" bw="60" slack="0"/>
</pin_list>
<bind>
<opcode="read(1150) " fcode="read"/>
<opset="p_read_6/1 "/>
</bind>
</comp>

<comp id="82" class="1004" name="sub_key_addr_gep_fu_82">
<pin_list>
<pin id="83" dir="0" index="0" bw="64" slack="0"/>
<pin id="84" dir="0" index="1" bw="1" slack="0"/>
<pin id="85" dir="0" index="2" bw="5" slack="0"/>
<pin id="86" dir="1" index="3" bw="4" slack="2"/>
</pin_list>
<bind>
<opcode="getelementptr(29) " fcode="getelementptr"/>
<opset="sub_key_addr/2 "/>
</bind>
</comp>

<comp id="89" class="1004" name="store_ln218_access_fu_89">
<pin_list>
<pin id="90" dir="0" index="0" bw="4" slack="2"/>
<pin id="91" dir="0" index="1" bw="64" slack="0"/>
<pin id="92" dir="0" index="2" bw="0" slack="2147483647"/>
<pin id="93" dir="1" index="3" bw="64" slack="2147483647"/>
</pin_list>
<bind>
<opcode="store(28) " fcode="store"/>
<opset="store_ln218/4 "/>
</bind>
</comp>

<comp id="94" class="1004" name="PC2_addr_gep_fu_94">
<pin_list>
<pin id="95" dir="0" index="0" bw="6" slack="0"/>
<pin id="96" dir="0" index="1" bw="1" slack="0"/>
<pin id="97" dir="0" index="2" bw="6" slack="0"/>
<pin id="98" dir="1" index="3" bw="6" slack="0"/>
</pin_list>
<bind>
<opcode="getelementptr(29) " fcode="getelementptr"/>
<opset="PC2_addr/4 "/>
</bind>
</comp>

<comp id="101" class="1004" name="grp_access_fu_101">
<pin_list>
<pin id="102" dir="0" index="0" bw="6" slack="0"/>
<pin id="103" dir="0" index="1" bw="6" slack="2147483647"/>
<pin id="104" dir="0" index="2" bw="0" slack="2147483647"/>
<pin id="105" dir="1" index="3" bw="6" slack="0"/>
</pin_list>
<bind>
<opcode="load(27) " fcode="load"/>
<opset="PC2_load/4 "/>
</bind>
</comp>

<comp id="107" class="1005" name="i_2_i_reg_107">
<pin_list>
<pin id="108" dir="0" index="0" bw="5" slack="1"/>
<pin id="109" dir="1" index="1" bw="5" slack="1"/>
</pin_list>
<bind>
<opset="i_2_i (phireg) "/>
</bind>
</comp>

<comp id="111" class="1004" name="i_2_i_phi_fu_111">
<pin_list>
<pin id="112" dir="0" index="0" bw="1" slack="1"/>
<pin id="113" dir="0" index="1" bw="0" slack="2147483647"/>
<pin id="114" dir="0" index="2" bw="5" slack="0"/>
<pin id="115" dir="0" index="3" bw="0" slack="2147483647"/>
<pin id="116" dir="1" index="4" bw="5" slack="0"/>
</pin_list>
<bind>
<opcode="phi(47) " fcode="phi"/>
<opset="i_2_i/2 "/>
</bind>
</comp>

<comp id="118" class="1005" name="sub_key_load_reg_118">
<pin_list>
<pin id="119" dir="0" index="0" bw="64" slack="1"/>
<pin id="120" dir="1" index="1" bw="64" slack="1"/>
</pin_list>
<bind>
<opset="sub_key_load (phireg) "/>
</bind>
</comp>

<comp id="122" class="1004" name="sub_key_load_phi_fu_122">
<pin_list>
<pin id="123" dir="0" index="0" bw="1" slack="1"/>
<pin id="124" dir="0" index="1" bw="0" slack="2147483647"/>
<pin id="125" dir="0" index="2" bw="64" slack="1"/>
<pin id="126" dir="0" index="3" bw="0" slack="2147483647"/>
<pin id="127" dir="1" index="4" bw="64" slack="0"/>
</pin_list>
<bind>
<opcode="phi(47) " fcode="phi"/>
<opset="sub_key_load/4 "/>
</bind>
</comp>

<comp id="130" class="1005" name="j_0_i_reg_130">
<pin_list>
<pin id="131" dir="0" index="0" bw="6" slack="1"/>
<pin id="132" dir="1" index="1" bw="6" slack="1"/>
</pin_list>
<bind>
<opset="j_0_i (phireg) "/>
</bind>
</comp>

<comp id="134" class="1004" name="j_0_i_phi_fu_134">
<pin_list>
<pin id="135" dir="0" index="0" bw="1" slack="1"/>
<pin id="136" dir="0" index="1" bw="0" slack="2147483647"/>
<pin id="137" dir="0" index="2" bw="6" slack="0"/>
<pin id="138" dir="0" index="3" bw="0" slack="2147483647"/>
<pin id="139" dir="1" index="4" bw="6" slack="0"/>
</pin_list>
<bind>
<opcode="phi(47) " fcode="phi"/>
<opset="j_0_i/4 "/>
</bind>
</comp>

<comp id="141" class="1004" name="grp_load_fu_141">
<pin_list>
<pin id="142" dir="0" index="0" bw="28" slack="1"/>
<pin id="143" dir="1" index="1" bw="28" slack="0"/>
</pin_list>
<bind>
<opcode="load(27) " fcode="load"/>
<opset="C_3_load/2 C_3_load_1/3 "/>
</bind>
</comp>

<comp id="144" class="1004" name="grp_load_fu_144">
<pin_list>
<pin id="145" dir="0" index="0" bw="28" slack="1"/>
<pin id="146" dir="1" index="1" bw="28" slack="0"/>
</pin_list>
<bind>
<opcode="load(27) " fcode="load"/>
<opset="D_load/2 D_load_1/3 "/>
</bind>
</comp>

<comp id="147" class="1004" name="C_fu_147">
<pin_list>
<pin id="148" dir="0" index="0" bw="28" slack="0"/>
<pin id="149" dir="0" index="1" bw="60" slack="0"/>
<pin id="150" dir="0" index="2" bw="6" slack="0"/>
<pin id="151" dir="0" index="3" bw="7" slack="0"/>
<pin id="152" dir="1" index="4" bw="28" slack="0"/>
</pin_list>
<bind>
<opcode="partselect(1002) " fcode="partselect"/>
<opset="C/1 "/>
</bind>
</comp>

<comp id="157" class="1004" name="D_3_fu_157">
<pin_list>
<pin id="158" dir="0" index="0" bw="64" slack="0"/>
<pin id="159" dir="1" index="1" bw="28" slack="0"/>
</pin_list>
<bind>
<opcode="trunc(33) " fcode="trunc"/>
<opset="D_3/1 "/>
</bind>
</comp>

<comp id="161" class="1004" name="store_ln192_store_fu_161">
<pin_list>
<pin id="162" dir="0" index="0" bw="28" slack="0"/>
<pin id="163" dir="0" index="1" bw="28" slack="0"/>
<pin id="164" dir="1" index="2" bw="0" slack="2147483647"/>
</pin_list>
<bind>
<opcode="store(28) " fcode="store"/>
<opset="store_ln192/1 "/>
</bind>
</comp>

<comp id="166" class="1004" name="store_ln192_store_fu_166">
<pin_list>
<pin id="167" dir="0" index="0" bw="28" slack="0"/>
<pin id="168" dir="0" index="1" bw="28" slack="0"/>
<pin id="169" dir="1" index="2" bw="0" slack="2147483647"/>
</pin_list>
<bind>
<opcode="store(28) " fcode="store"/>
<opset="store_ln192/1 "/>
</bind>
</comp>

<comp id="171" class="1004" name="icmp_ln192_fu_171">
<pin_list>
<pin id="172" dir="0" index="0" bw="5" slack="0"/>
<pin id="173" dir="0" index="1" bw="5" slack="0"/>
<pin id="174" dir="1" index="2" bw="1" slack="2147483647"/>
</pin_list>
<bind>
<opcode="icmp(45) " fcode="icmp"/>
<opset="icmp_ln192/2 "/>
</bind>
</comp>

<comp id="177" class="1004" name="i_fu_177">
<pin_list>
<pin id="178" dir="0" index="0" bw="5" slack="0"/>
<pin id="179" dir="0" index="1" bw="1" slack="0"/>
<pin id="180" dir="1" index="2" bw="5" slack="0"/>
</pin_list>
<bind>
<opcode="add(8) " fcode="add"/>
<opset="i/2 "/>
</bind>
</comp>

<comp id="183" class="1004" name="empty_70_fu_183">
<pin_list>
<pin id="184" dir="0" index="0" bw="5" slack="0"/>
<pin id="185" dir="0" index="1" bw="5" slack="0"/>
<pin id="186" dir="1" index="2" bw="1" slack="0"/>
</pin_list>
<bind>
<opcode="icmp(45) " fcode="icmp"/>
<opset="empty_70/2 "/>
</bind>
</comp>

<comp id="189" class="1004" name="empty_71_fu_189">
<pin_list>
<pin id="190" dir="0" index="0" bw="5" slack="0"/>
<pin id="191" dir="0" index="1" bw="5" slack="0"/>
<pin id="192" dir="1" index="2" bw="1" slack="0"/>
</pin_list>
<bind>
<opcode="icmp(45) " fcode="icmp"/>
<opset="empty_71/2 "/>
</bind>
</comp>

<comp id="195" class="1004" name="empty_72_fu_195">
<pin_list>
<pin id="196" dir="0" index="0" bw="1" slack="0"/>
<pin id="197" dir="0" index="1" bw="1" slack="0"/>
<pin id="198" dir="1" index="2" bw="1" slack="0"/>
</pin_list>
<bind>
<opcode="or(24) " fcode="or"/>
<opset="empty_72/2 "/>
</bind>
</comp>

<comp id="201" class="1004" name="empty_73_fu_201">
<pin_list>
<pin id="202" dir="0" index="0" bw="5" slack="0"/>
<pin id="203" dir="0" index="1" bw="5" slack="0"/>
<pin id="204" dir="1" index="2" bw="1" slack="0"/>
</pin_list>
<bind>
<opcode="icmp(45) " fcode="icmp"/>
<opset="empty_73/2 "/>
</bind>
</comp>

<comp id="207" class="1004" name="empty_74_fu_207">
<pin_list>
<pin id="208" dir="0" index="0" bw="1" slack="0"/>
<pin id="209" dir="0" index="1" bw="1" slack="0"/>
<pin id="210" dir="1" index="2" bw="1" slack="0"/>
</pin_list>
<bind>
<opcode="or(24) " fcode="or"/>
<opset="empty_74/2 "/>
</bind>
</comp>

<comp id="213" class="1004" name="empty_75_fu_213">
<pin_list>
<pin id="214" dir="0" index="0" bw="5" slack="0"/>
<pin id="215" dir="0" index="1" bw="5" slack="0"/>
<pin id="216" dir="1" index="2" bw="1" slack="0"/>
</pin_list>
<bind>
<opcode="icmp(45) " fcode="icmp"/>
<opset="empty_75/2 "/>
</bind>
</comp>

<comp id="219" class="1004" name="empty_76_fu_219">
<pin_list>
<pin id="220" dir="0" index="0" bw="1" slack="0"/>
<pin id="221" dir="0" index="1" bw="1" slack="0"/>
<pin id="222" dir="1" index="2" bw="1" slack="2147483647"/>
</pin_list>
<bind>
<opcode="or(24) " fcode="or"/>
<opset="empty_76/2 "/>
</bind>
</comp>

<comp id="225" class="1004" name="trunc_ln203_fu_225">
<pin_list>
<pin id="226" dir="0" index="0" bw="28" slack="0"/>
<pin id="227" dir="1" index="1" bw="26" slack="0"/>
</pin_list>
<bind>
<opcode="trunc(33) " fcode="trunc"/>
<opset="trunc_ln203/2 "/>
</bind>
</comp>

<comp id="229" class="1004" name="trunc_ln204_fu_229">
<pin_list>
<pin id="230" dir="0" index="0" bw="28" slack="0"/>
<pin id="231" dir="1" index="1" bw="26" slack="0"/>
</pin_list>
<bind>
<opcode="trunc(33) " fcode="trunc"/>
<opset="trunc_ln204/2 "/>
</bind>
</comp>

<comp id="233" class="1004" name="tmp_s_fu_233">
<pin_list>
<pin id="234" dir="0" index="0" bw="2" slack="0"/>
<pin id="235" dir="0" index="1" bw="28" slack="0"/>
<pin id="236" dir="0" index="2" bw="6" slack="0"/>
<pin id="237" dir="0" index="3" bw="6" slack="0"/>
<pin id="238" dir="1" index="4" bw="2" slack="0"/>
</pin_list>
<bind>
<opcode="partselect(1002) " fcode="partselect"/>
<opset="tmp_s/2 "/>
</bind>
</comp>

<comp id="243" class="1004" name="C_1_fu_243">
<pin_list>
<pin id="244" dir="0" index="0" bw="28" slack="0"/>
<pin id="245" dir="0" index="1" bw="26" slack="0"/>
<pin id="246" dir="0" index="2" bw="2" slack="0"/>
<pin id="247" dir="1" index="3" bw="28" slack="0"/>
</pin_list>
<bind>
<opcode="bitconcatenate(1004) " fcode="bitconcatenate"/>
<opset="C_1/2 "/>
</bind>
</comp>

<comp id="251" class="1004" name="tmp_2_fu_251">
<pin_list>
<pin id="252" dir="0" index="0" bw="2" slack="0"/>
<pin id="253" dir="0" index="1" bw="28" slack="0"/>
<pin id="254" dir="0" index="2" bw="6" slack="0"/>
<pin id="255" dir="0" index="3" bw="6" slack="0"/>
<pin id="256" dir="1" index="4" bw="2" slack="0"/>
</pin_list>
<bind>
<opcode="partselect(1002) " fcode="partselect"/>
<opset="tmp_2/2 "/>
</bind>
</comp>

<comp id="261" class="1004" name="D_1_fu_261">
<pin_list>
<pin id="262" dir="0" index="0" bw="28" slack="0"/>
<pin id="263" dir="0" index="1" bw="26" slack="0"/>
<pin id="264" dir="0" index="2" bw="2" slack="0"/>
<pin id="265" dir="1" index="3" bw="28" slack="0"/>
</pin_list>
<bind>
<opcode="bitconcatenate(1004) " fcode="bitconcatenate"/>
<opset="D_1/2 "/>
</bind>
</comp>

<comp id="269" class="1004" name="store_ln204_store_fu_269">
<pin_list>
<pin id="270" dir="0" index="0" bw="28" slack="0"/>
<pin id="271" dir="0" index="1" bw="28" slack="1"/>
<pin id="272" dir="1" index="2" bw="0" slack="2147483647"/>
</pin_list>
<bind>
<opcode="store(28) " fcode="store"/>
<opset="store_ln204/2 "/>
</bind>
</comp>

<comp id="274" class="1004" name="store_ln203_store_fu_274">
<pin_list>
<pin id="275" dir="0" index="0" bw="28" slack="0"/>
<pin id="276" dir="0" index="1" bw="28" slack="1"/>
<pin id="277" dir="1" index="2" bw="0" slack="2147483647"/>
</pin_list>
<bind>
<opcode="store(28) " fcode="store"/>
<opset="store_ln203/2 "/>
</bind>
</comp>

<comp id="279" class="1004" name="tmp_fu_279">
<pin_list>
<pin id="280" dir="0" index="0" bw="1" slack="0"/>
<pin id="281" dir="0" index="1" bw="28" slack="0"/>
<pin id="282" dir="0" index="2" bw="6" slack="0"/>
<pin id="283" dir="1" index="3" bw="1" slack="0"/>
</pin_list>
<bind>
<opcode="bitselect(1000) " fcode="bitselect"/>
<opset="tmp/2 "/>
</bind>
</comp>

<comp id="287" class="1004" name="trunc_ln197_fu_287">
<pin_list>
<pin id="288" dir="0" index="0" bw="28" slack="0"/>
<pin id="289" dir="1" index="1" bw="27" slack="0"/>
</pin_list>
<bind>
<opcode="trunc(33) " fcode="trunc"/>
<opset="trunc_ln197/2 "/>
</bind>
</comp>

<comp id="291" class="1004" name="C_2_fu_291">
<pin_list>
<pin id="292" dir="0" index="0" bw="28" slack="0"/>
<pin id="293" dir="0" index="1" bw="27" slack="0"/>
<pin id="294" dir="0" index="2" bw="1" slack="0"/>
<pin id="295" dir="1" index="3" bw="28" slack="0"/>
</pin_list>
<bind>
<opcode="bitconcatenate(1004) " fcode="bitconcatenate"/>
<opset="C_2/2 "/>
</bind>
</comp>

<comp id="299" class="1004" name="tmp_1_fu_299">
<pin_list>
<pin id="300" dir="0" index="0" bw="1" slack="0"/>
<pin id="301" dir="0" index="1" bw="28" slack="0"/>
<pin id="302" dir="0" index="2" bw="6" slack="0"/>
<pin id="303" dir="1" index="3" bw="1" slack="0"/>
</pin_list>
<bind>
<opcode="bitselect(1000) " fcode="bitselect"/>
<opset="tmp_1/2 "/>
</bind>
</comp>

<comp id="307" class="1004" name="trunc_ln198_fu_307">
<pin_list>
<pin id="308" dir="0" index="0" bw="28" slack="0"/>
<pin id="309" dir="1" index="1" bw="27" slack="0"/>
</pin_list>
<bind>
<opcode="trunc(33) " fcode="trunc"/>
<opset="trunc_ln198/2 "/>
</bind>
</comp>

<comp id="311" class="1004" name="D_2_fu_311">
<pin_list>
<pin id="312" dir="0" index="0" bw="28" slack="0"/>
<pin id="313" dir="0" index="1" bw="27" slack="0"/>
<pin id="314" dir="0" index="2" bw="1" slack="0"/>
<pin id="315" dir="1" index="3" bw="28" slack="0"/>
</pin_list>
<bind>
<opcode="bitconcatenate(1004) " fcode="bitconcatenate"/>
<opset="D_2/2 "/>
</bind>
</comp>

<comp id="319" class="1004" name="store_ln199_store_fu_319">
<pin_list>
<pin id="320" dir="0" index="0" bw="28" slack="0"/>
<pin id="321" dir="0" index="1" bw="28" slack="1"/>
<pin id="322" dir="1" index="2" bw="0" slack="2147483647"/>
</pin_list>
<bind>
<opcode="store(28) " fcode="store"/>
<opset="store_ln199/2 "/>
</bind>
</comp>

<comp id="324" class="1004" name="store_ln199_store_fu_324">
<pin_list>
<pin id="325" dir="0" index="0" bw="28" slack="0"/>
<pin id="326" dir="0" index="1" bw="28" slack="1"/>
<pin id="327" dir="1" index="2" bw="0" slack="2147483647"/>
</pin_list>
<bind>
<opcode="store(28) " fcode="store"/>
<opset="store_ln199/2 "/>
</bind>
</comp>

<comp id="329" class="1004" name="zext_ln214_fu_329">
<pin_list>
<pin id="330" dir="0" index="0" bw="5" slack="0"/>
<pin id="331" dir="1" index="1" bw="64" slack="0"/>
</pin_list>
<bind>
<opcode="zext(34) " fcode="zext"/>
<opset="zext_ln214/2 "/>
</bind>
</comp>

<comp id="334" class="1004" name="tmp_8_fu_334">
<pin_list>
<pin id="335" dir="0" index="0" bw="56" slack="0"/>
<pin id="336" dir="0" index="1" bw="28" slack="0"/>
<pin id="337" dir="0" index="2" bw="28" slack="0"/>
<pin id="338" dir="1" index="3" bw="56" slack="2"/>
</pin_list>
<bind>
<opcode="bitconcatenate(1004) " fcode="bitconcatenate"/>
<opset="tmp_8/3 "/>
</bind>
</comp>

<comp id="342" class="1004" name="icmp_ln216_fu_342">
<pin_list>
<pin id="343" dir="0" index="0" bw="6" slack="0"/>
<pin id="344" dir="0" index="1" bw="6" slack="0"/>
<pin id="345" dir="1" index="2" bw="1" slack="2147483647"/>
</pin_list>
<bind>
<opcode="icmp(45) " fcode="icmp"/>
<opset="icmp_ln216/4 "/>
</bind>
</comp>

<comp id="348" class="1004" name="j_fu_348">
<pin_list>
<pin id="349" dir="0" index="0" bw="6" slack="0"/>
<pin id="350" dir="0" index="1" bw="1" slack="0"/>
<pin id="351" dir="1" index="2" bw="6" slack="0"/>
</pin_list>
<bind>
<opcode="add(8) " fcode="add"/>
<opset="j/4 "/>
</bind>
</comp>

<comp id="354" class="1004" name="zext_ln218_fu_354">
<pin_list>
<pin id="355" dir="0" index="0" bw="6" slack="0"/>
<pin id="356" dir="1" index="1" bw="64" slack="0"/>
</pin_list>
<bind>
<opcode="zext(34) " fcode="zext"/>
<opset="zext_ln218/4 "/>
</bind>
</comp>

<comp id="359" class="1004" name="trunc_ln218_1_fu_359">
<pin_list>
<pin id="360" dir="0" index="0" bw="64" slack="0"/>
<pin id="361" dir="1" index="1" bw="63" slack="1"/>
</pin_list>
<bind>
<opcode="trunc(33) " fcode="trunc"/>
<opset="trunc_ln218_1/4 "/>
</bind>
</comp>

<comp id="363" class="1004" name="sub_ln218_fu_363">
<pin_list>
<pin id="364" dir="0" index="0" bw="4" slack="0"/>
<pin id="365" dir="0" index="1" bw="6" slack="0"/>
<pin id="366" dir="1" index="2" bw="6" slack="0"/>
</pin_list>
<bind>
<opcode="sub(10) " fcode="sub"/>
<opset="sub_ln218/5 "/>
</bind>
</comp>

<comp id="369" class="1004" name="zext_ln218_1_fu_369">
<pin_list>
<pin id="370" dir="0" index="0" bw="6" slack="0"/>
<pin id="371" dir="1" index="1" bw="56" slack="0"/>
</pin_list>
<bind>
<opcode="zext(34) " fcode="zext"/>
<opset="zext_ln218_1/5 "/>
</bind>
</comp>

<comp id="373" class="1004" name="lshr_ln218_fu_373">
<pin_list>
<pin id="374" dir="0" index="0" bw="56" slack="2"/>
<pin id="375" dir="0" index="1" bw="6" slack="0"/>
<pin id="376" dir="1" index="2" bw="56" slack="0"/>
</pin_list>
<bind>
<opcode="lshr(21) " fcode="lshr"/>
<opset="lshr_ln218/5 "/>
</bind>
</comp>

<comp id="378" class="1004" name="trunc_ln218_fu_378">
<pin_list>
<pin id="379" dir="0" index="0" bw="56" slack="0"/>
<pin id="380" dir="1" index="1" bw="1" slack="0"/>
</pin_list>
<bind>
<opcode="trunc(33) " fcode="trunc"/>
<opset="trunc_ln218/5 "/>
</bind>
</comp>

<comp id="382" class="1004" name="or_ln_fu_382">
<pin_list>
<pin id="383" dir="0" index="0" bw="64" slack="0"/>
<pin id="384" dir="0" index="1" bw="63" slack="1"/>
<pin id="385" dir="0" index="2" bw="1" slack="0"/>
<pin id="386" dir="1" index="3" bw="64" slack="1"/>
</pin_list>
<bind>
<opcode="bitconcatenate(1004) " fcode="bitconcatenate"/>
<opset="or_ln/5 "/>
</bind>
</comp>

<comp id="389" class="1005" name="C_3_reg_389">
<pin_list>
<pin id="390" dir="0" index="0" bw="28" slack="0"/>
<pin id="391" dir="1" index="1" bw="28" slack="0"/>
</pin_list>
<bind>
<opset="C_3 "/>
</bind>
</comp>

<comp id="397" class="1005" name="D_reg_397">
<pin_list>
<pin id="398" dir="0" index="0" bw="28" slack="0"/>
<pin id="399" dir="1" index="1" bw="28" slack="0"/>
</pin_list>
<bind>
<opset="D "/>
</bind>
</comp>

<comp id="408" class="1005" name="i_reg_408">
<pin_list>
<pin id="409" dir="0" index="0" bw="5" slack="0"/>
<pin id="410" dir="1" index="1" bw="5" slack="0"/>
</pin_list>
<bind>
<opset="i "/>
</bind>
</comp>

<comp id="416" class="1005" name="sub_key_addr_reg_416">
<pin_list>
<pin id="417" dir="0" index="0" bw="4" slack="2"/>
<pin id="418" dir="1" index="1" bw="4" slack="2"/>
</pin_list>
<bind>
<opset="sub_key_addr "/>
</bind>
</comp>

<comp id="421" class="1005" name="tmp_8_reg_421">
<pin_list>
<pin id="422" dir="0" index="0" bw="56" slack="2"/>
<pin id="423" dir="1" index="1" bw="56" slack="2"/>
</pin_list>
<bind>
<opset="tmp_8 "/>
</bind>
</comp>

<comp id="429" class="1005" name="j_reg_429">
<pin_list>
<pin id="430" dir="0" index="0" bw="6" slack="0"/>
<pin id="431" dir="1" index="1" bw="6" slack="0"/>
</pin_list>
<bind>
<opset="j "/>
</bind>
</comp>

<comp id="434" class="1005" name="PC2_addr_reg_434">
<pin_list>
<pin id="435" dir="0" index="0" bw="6" slack="1"/>
<pin id="436" dir="1" index="1" bw="6" slack="1"/>
</pin_list>
<bind>
<opset="PC2_addr "/>
</bind>
</comp>

<comp id="439" class="1005" name="trunc_ln218_1_reg_439">
<pin_list>
<pin id="440" dir="0" index="0" bw="63" slack="1"/>
<pin id="441" dir="1" index="1" bw="63" slack="1"/>
</pin_list>
<bind>
<opset="trunc_ln218_1 "/>
</bind>
</comp>

<comp id="444" class="1005" name="or_ln_reg_444">
<pin_list>
<pin id="445" dir="0" index="0" bw="64" slack="1"/>
<pin id="446" dir="1" index="1" bw="64" slack="1"/>
</pin_list>
<bind>
<opset="or_ln "/>
</bind>
</comp>

</comp_list>

<net_list>
<net id="65"><net_src comp="8" pin="0"/><net_sink comp="62" pin=0"/></net>

<net id="69"><net_src comp="8" pin="0"/><net_sink comp="66" pin=0"/></net>

<net id="74"><net_src comp="10" pin="0"/><net_sink comp="70" pin=0"/></net>

<net id="75"><net_src comp="2" pin="0"/><net_sink comp="70" pin=1"/></net>

<net id="80"><net_src comp="12" pin="0"/><net_sink comp="76" pin=0"/></net>

<net id="81"><net_src comp="0" pin="0"/><net_sink comp="76" pin=1"/></net>

<net id="87"><net_src comp="4" pin="0"/><net_sink comp="82" pin=0"/></net>

<net id="88"><net_src comp="46" pin="0"/><net_sink comp="82" pin=1"/></net>

<net id="99"><net_src comp="6" pin="0"/><net_sink comp="94" pin=0"/></net>

<net id="100"><net_src comp="46" pin="0"/><net_sink comp="94" pin=1"/></net>

<net id="106"><net_src comp="94" pin="3"/><net_sink comp="101" pin=0"/></net>

<net id="110"><net_src comp="20" pin="0"/><net_sink comp="107" pin=0"/></net>

<net id="117"><net_src comp="107" pin="1"/><net_sink comp="111" pin=0"/></net>

<net id="121"><net_src comp="46" pin="0"/><net_sink comp="118" pin=0"/></net>

<net id="128"><net_src comp="118" pin="1"/><net_sink comp="122" pin=0"/></net>

<net id="129"><net_src comp="122" pin="4"/><net_sink comp="89" pin=1"/></net>

<net id="133"><net_src comp="50" pin="0"/><net_sink comp="130" pin=0"/></net>

<net id="140"><net_src comp="130" pin="1"/><net_sink comp="134" pin=0"/></net>

<net id="153"><net_src comp="14" pin="0"/><net_sink comp="147" pin=0"/></net>

<net id="154"><net_src comp="76" pin="2"/><net_sink comp="147" pin=1"/></net>

<net id="155"><net_src comp="16" pin="0"/><net_sink comp="147" pin=2"/></net>

<net id="156"><net_src comp="18" pin="0"/><net_sink comp="147" pin=3"/></net>

<net id="160"><net_src comp="70" pin="2"/><net_sink comp="157" pin=0"/></net>

<net id="165"><net_src comp="157" pin="1"/><net_sink comp="161" pin=0"/></net>

<net id="170"><net_src comp="147" pin="4"/><net_sink comp="166" pin=0"/></net>

<net id="175"><net_src comp="111" pin="4"/><net_sink comp="171" pin=0"/></net>

<net id="176"><net_src comp="22" pin="0"/><net_sink comp="171" pin=1"/></net>

<net id="181"><net_src comp="111" pin="4"/><net_sink comp="177" pin=0"/></net>

<net id="182"><net_src comp="28" pin="0"/><net_sink comp="177" pin=1"/></net>

<net id="187"><net_src comp="111" pin="4"/><net_sink comp="183" pin=0"/></net>

<net id="188"><net_src comp="30" pin="0"/><net_sink comp="183" pin=1"/></net>

<net id="193"><net_src comp="111" pin="4"/><net_sink comp="189" pin=0"/></net>

<net id="194"><net_src comp="32" pin="0"/><net_sink comp="189" pin=1"/></net>

<net id="199"><net_src comp="189" pin="2"/><net_sink comp="195" pin=0"/></net>

<net id="200"><net_src comp="183" pin="2"/><net_sink comp="195" pin=1"/></net>

<net id="205"><net_src comp="111" pin="4"/><net_sink comp="201" pin=0"/></net>

<net id="206"><net_src comp="28" pin="0"/><net_sink comp="201" pin=1"/></net>

<net id="211"><net_src comp="201" pin="2"/><net_sink comp="207" pin=0"/></net>

<net id="212"><net_src comp="195" pin="2"/><net_sink comp="207" pin=1"/></net>

<net id="217"><net_src comp="111" pin="4"/><net_sink comp="213" pin=0"/></net>

<net id="218"><net_src comp="20" pin="0"/><net_sink comp="213" pin=1"/></net>

<net id="223"><net_src comp="213" pin="2"/><net_sink comp="219" pin=0"/></net>

<net id="224"><net_src comp="207" pin="2"/><net_sink comp="219" pin=1"/></net>

<net id="228"><net_src comp="141" pin="1"/><net_sink comp="225" pin=0"/></net>

<net id="232"><net_src comp="144" pin="1"/><net_sink comp="229" pin=0"/></net>

<net id="239"><net_src comp="34" pin="0"/><net_sink comp="233" pin=0"/></net>

<net id="240"><net_src comp="141" pin="1"/><net_sink comp="233" pin=1"/></net>

<net id="241"><net_src comp="36" pin="0"/><net_sink comp="233" pin=2"/></net>

<net id="242"><net_src comp="38" pin="0"/><net_sink comp="233" pin=3"/></net>

<net id="248"><net_src comp="40" pin="0"/><net_sink comp="243" pin=0"/></net>

<net id="249"><net_src comp="225" pin="1"/><net_sink comp="243" pin=1"/></net>

<net id="250"><net_src comp="233" pin="4"/><net_sink comp="243" pin=2"/></net>

<net id="257"><net_src comp="34" pin="0"/><net_sink comp="251" pin=0"/></net>

<net id="258"><net_src comp="144" pin="1"/><net_sink comp="251" pin=1"/></net>

<net id="259"><net_src comp="36" pin="0"/><net_sink comp="251" pin=2"/></net>

<net id="260"><net_src comp="38" pin="0"/><net_sink comp="251" pin=3"/></net>

<net id="266"><net_src comp="40" pin="0"/><net_sink comp="261" pin=0"/></net>

<net id="267"><net_src comp="229" pin="1"/><net_sink comp="261" pin=1"/></net>

<net id="268"><net_src comp="251" pin="4"/><net_sink comp="261" pin=2"/></net>

<net id="273"><net_src comp="261" pin="3"/><net_sink comp="269" pin=0"/></net>

<net id="278"><net_src comp="243" pin="3"/><net_sink comp="274" pin=0"/></net>

<net id="284"><net_src comp="42" pin="0"/><net_sink comp="279" pin=0"/></net>

<net id="285"><net_src comp="141" pin="1"/><net_sink comp="279" pin=1"/></net>

<net id="286"><net_src comp="38" pin="0"/><net_sink comp="279" pin=2"/></net>

<net id="290"><net_src comp="141" pin="1"/><net_sink comp="287" pin=0"/></net>

<net id="296"><net_src comp="44" pin="0"/><net_sink comp="291" pin=0"/></net>

<net id="297"><net_src comp="287" pin="1"/><net_sink comp="291" pin=1"/></net>

<net id="298"><net_src comp="279" pin="3"/><net_sink comp="291" pin=2"/></net>

<net id="304"><net_src comp="42" pin="0"/><net_sink comp="299" pin=0"/></net>

<net id="305"><net_src comp="144" pin="1"/><net_sink comp="299" pin=1"/></net>

<net id="306"><net_src comp="38" pin="0"/><net_sink comp="299" pin=2"/></net>

<net id="310"><net_src comp="144" pin="1"/><net_sink comp="307" pin=0"/></net>

<net id="316"><net_src comp="44" pin="0"/><net_sink comp="311" pin=0"/></net>

<net id="317"><net_src comp="307" pin="1"/><net_sink comp="311" pin=1"/></net>

<net id="318"><net_src comp="299" pin="3"/><net_sink comp="311" pin=2"/></net>

<net id="323"><net_src comp="311" pin="3"/><net_sink comp="319" pin=0"/></net>

<net id="328"><net_src comp="291" pin="3"/><net_sink comp="324" pin=0"/></net>

<net id="332"><net_src comp="111" pin="4"/><net_sink comp="329" pin=0"/></net>

<net id="333"><net_src comp="329" pin="1"/><net_sink comp="82" pin=2"/></net>

<net id="339"><net_src comp="48" pin="0"/><net_sink comp="334" pin=0"/></net>

<net id="340"><net_src comp="141" pin="1"/><net_sink comp="334" pin=1"/></net>

<net id="341"><net_src comp="144" pin="1"/><net_sink comp="334" pin=2"/></net>

<net id="346"><net_src comp="134" pin="4"/><net_sink comp="342" pin=0"/></net>

<net id="347"><net_src comp="52" pin="0"/><net_sink comp="342" pin=1"/></net>

<net id="352"><net_src comp="134" pin="4"/><net_sink comp="348" pin=0"/></net>

<net id="353"><net_src comp="56" pin="0"/><net_sink comp="348" pin=1"/></net>

<net id="357"><net_src comp="134" pin="4"/><net_sink comp="354" pin=0"/></net>

<net id="358"><net_src comp="354" pin="1"/><net_sink comp="94" pin=2"/></net>

<net id="362"><net_src comp="122" pin="4"/><net_sink comp="359" pin=0"/></net>

<net id="367"><net_src comp="58" pin="0"/><net_sink comp="363" pin=0"/></net>

<net id="368"><net_src comp="101" pin="3"/><net_sink comp="363" pin=1"/></net>

<net id="372"><net_src comp="363" pin="2"/><net_sink comp="369" pin=0"/></net>

<net id="377"><net_src comp="369" pin="1"/><net_sink comp="373" pin=1"/></net>

<net id="381"><net_src comp="373" pin="2"/><net_sink comp="378" pin=0"/></net>

<net id="387"><net_src comp="60" pin="0"/><net_sink comp="382" pin=0"/></net>

<net id="388"><net_src comp="378" pin="1"/><net_sink comp="382" pin=2"/></net>

<net id="392"><net_src comp="62" pin="1"/><net_sink comp="389" pin=0"/></net>

<net id="393"><net_src comp="389" pin="1"/><net_sink comp="166" pin=1"/></net>

<net id="394"><net_src comp="389" pin="1"/><net_sink comp="141" pin=0"/></net>

<net id="395"><net_src comp="389" pin="1"/><net_sink comp="274" pin=1"/></net>

<net id="396"><net_src comp="389" pin="1"/><net_sink comp="324" pin=1"/></net>

<net id="400"><net_src comp="66" pin="1"/><net_sink comp="397" pin=0"/></net>

<net id="401"><net_src comp="397" pin="1"/><net_sink comp="161" pin=1"/></net>

<net id="402"><net_src comp="397" pin="1"/><net_sink comp="144" pin=0"/></net>

<net id="403"><net_src comp="397" pin="1"/><net_sink comp="269" pin=1"/></net>

<net id="404"><net_src comp="397" pin="1"/><net_sink comp="319" pin=1"/></net>

<net id="411"><net_src comp="177" pin="2"/><net_sink comp="408" pin=0"/></net>

<net id="412"><net_src comp="408" pin="1"/><net_sink comp="111" pin=2"/></net>

<net id="419"><net_src comp="82" pin="3"/><net_sink comp="416" pin=0"/></net>

<net id="420"><net_src comp="416" pin="1"/><net_sink comp="89" pin=0"/></net>

<net id="424"><net_src comp="334" pin="3"/><net_sink comp="421" pin=0"/></net>

<net id="425"><net_src comp="421" pin="1"/><net_sink comp="373" pin=0"/></net>

<net id="432"><net_src comp="348" pin="2"/><net_sink comp="429" pin=0"/></net>

<net id="433"><net_src comp="429" pin="1"/><net_sink comp="134" pin=2"/></net>

<net id="437"><net_src comp="94" pin="3"/><net_sink comp="434" pin=0"/></net>

<net id="438"><net_src comp="434" pin="1"/><net_sink comp="101" pin=0"/></net>

<net id="442"><net_src comp="359" pin="1"/><net_sink comp="439" pin=0"/></net>

<net id="443"><net_src comp="439" pin="1"/><net_sink comp="382" pin=1"/></net>

<net id="447"><net_src comp="382" pin="3"/><net_sink comp="444" pin=0"/></net>

<net id="448"><net_src comp="444" pin="1"/><net_sink comp="122" pin=2"/></net>

</net_list>

</model> 
---------------- Datapath Model END ------------------

* FSMD analyzer results:
  - Output states:
	Port: sub_key | {4 }
	Port: PC2 | {}
 - Input state : 
	Port: Loop_3_proc : p_read | {1 }
	Port: Loop_3_proc : p_read1 | {1 }
	Port: Loop_3_proc : PC2 | {4 5 }
  - Chain level:
	State 1
		store_ln192 : 1
		store_ln192 : 1
	State 2
		icmp_ln192 : 1
		i : 1
		br_ln192 : 2
		empty_70 : 1
		empty_71 : 1
		empty_72 : 2
		empty_73 : 1
		empty_74 : 2
		empty_75 : 1
		empty_76 : 2
		br_ln192 : 2
		trunc_ln203 : 1
		trunc_ln204 : 1
		tmp_s : 1
		C_1 : 2
		tmp_2 : 1
		D_1 : 2
		store_ln204 : 3
		store_ln203 : 3
		tmp : 1
		trunc_ln197 : 1
		C_2 : 2
		tmp_1 : 1
		trunc_ln198 : 1
		D_2 : 2
		store_ln199 : 3
		store_ln199 : 3
		zext_ln214 : 1
		sub_key_addr : 2
	State 3
		tmp_8 : 1
	State 4
		store_ln218 : 1
		icmp_ln216 : 1
		j : 1
		br_ln216 : 2
		zext_ln218 : 1
		PC2_addr : 2
		PC2_load : 3
		trunc_ln218_1 : 1
	State 5
		sub_ln218 : 1
		zext_ln218_1 : 2
		lshr_ln218 : 3
		trunc_ln218 : 4
		or_ln : 5


============================================================
+ Verbose Summary: Datapath Resource usage 
============================================================

* Functional unit list:
|----------|----------------------|---------|---------|
| Operation|    Functional Unit   |    FF   |   LUT   |
|----------|----------------------|---------|---------|
|   lshr   |   lshr_ln218_fu_373  |    0    |   166   |
|----------|----------------------|---------|---------|
|          |   icmp_ln192_fu_171  |    0    |    11   |
|          |    empty_70_fu_183   |    0    |    11   |
|   icmp   |    empty_71_fu_189   |    0    |    11   |
|          |    empty_73_fu_201   |    0    |    11   |
|          |    empty_75_fu_213   |    0    |    11   |
|          |   icmp_ln216_fu_342  |    0    |    11   |
|----------|----------------------|---------|---------|
|    add   |       i_fu_177       |    0    |    15   |
|          |       j_fu_348       |    0    |    15   |
|----------|----------------------|---------|---------|
|    sub   |   sub_ln218_fu_363   |    0    |    15   |
|----------|----------------------|---------|---------|
|          |    empty_72_fu_195   |    0    |    2    |
|    or    |    empty_74_fu_207   |    0    |    2    |
|          |    empty_76_fu_219   |    0    |    2    |
|----------|----------------------|---------|---------|
|   read   |  p_read_5_read_fu_70 |    0    |    0    |
|          |  p_read_6_read_fu_76 |    0    |    0    |
|----------|----------------------|---------|---------|
|          |       C_fu_147       |    0    |    0    |
|partselect|     tmp_s_fu_233     |    0    |    0    |
|          |     tmp_2_fu_251     |    0    |    0    |
|----------|----------------------|---------|---------|
|          |      D_3_fu_157      |    0    |    0    |
|          |  trunc_ln203_fu_225  |    0    |    0    |
|          |  trunc_ln204_fu_229  |    0    |    0    |
|   trunc  |  trunc_ln197_fu_287  |    0    |    0    |
|          |  trunc_ln198_fu_307  |    0    |    0    |
|          | trunc_ln218_1_fu_359 |    0    |    0    |
|          |  trunc_ln218_fu_378  |    0    |    0    |
|----------|----------------------|---------|---------|
|          |      C_1_fu_243      |    0    |    0    |
|          |      D_1_fu_261      |    0    |    0    |
|bitconcatenate|      C_2_fu_291      |    0    |    0    |
|          |      D_2_fu_311      |    0    |    0    |
|          |     tmp_8_fu_334     |    0    |    0    |
|          |     or_ln_fu_382     |    0    |    0    |
|----------|----------------------|---------|---------|
| bitselect|      tmp_fu_279      |    0    |    0    |
|          |     tmp_1_fu_299     |    0    |    0    |
|----------|----------------------|---------|---------|
|          |   zext_ln214_fu_329  |    0    |    0    |
|   zext   |   zext_ln218_fu_354  |    0    |    0    |
|          |  zext_ln218_1_fu_369 |    0    |    0    |
|----------|----------------------|---------|---------|
|   Total  |                      |    0    |   283   |
|----------|----------------------|---------|---------|

Memories:
N/A

* Register list:
+---------------------+--------+
|                     |   FF   |
+---------------------+--------+
|     C_3_reg_389     |   28   |
|      D_reg_397      |   28   |
|   PC2_addr_reg_434  |    6   |
|    i_2_i_reg_107    |    5   |
|      i_reg_408      |    5   |
|    j_0_i_reg_130    |    6   |
|      j_reg_429      |    6   |
|    or_ln_reg_444    |   64   |
| sub_key_addr_reg_416|    4   |
| sub_key_load_reg_118|   64   |
|    tmp_8_reg_421    |   56   |
|trunc_ln218_1_reg_439|   63   |
+---------------------+--------+
|        Total        |   335  |
+---------------------+--------+

* Multiplexer (MUX) list: 
|-------------------|------|------|------|--------||---------||---------|
|        Comp       |  Pin | Size |  BW  | S x BW ||  Delay  ||   LUT   |
|-------------------|------|------|------|--------||---------||---------|
| grp_access_fu_101 |  p0  |   2  |   6  |   12   ||    9    |
|-------------------|------|------|------|--------||---------||---------|
|       Total       |      |      |      |   12   ||   1.35  ||    9    |
|-------------------|------|------|------|--------||---------||---------|



* Summary:
+-----------+--------+--------+--------+
|           |  Delay |   FF   |   LUT  |
+-----------+--------+--------+--------+
|  Function |    -   |    0   |   283  |
|   Memory  |    -   |    -   |    -   |
|Multiplexer|    1   |    -   |    9   |
|  Register |    -   |   335  |    -   |
+-----------+--------+--------+--------+
|   Total   |    1   |   335  |   292  |
+-----------+--------+--------+--------+
