

================================================================
== Vivado HLS Report for 'Loop_loop3_proc'
================================================================
* Date:           Wed Dec 23 14:16:39 2020

* Version:        2019.1 (Build 2552052 on Fri May 24 15:28:33 MDT 2019)
* Project:        DES_DEC
* Solution:       q21_6
* Product family: artix7
* Target device:  xc7a35tl-cpg236-2L


================================================================
== Performance Estimates
================================================================
+ Timing (ns): 
    * Summary: 
    +--------+-------+----------+------------+
    |  Clock | Target| Estimated| Uncertainty|
    +--------+-------+----------+------------+
    |ap_clk  |  10.00|     2.020|        1.25|
    +--------+-------+----------+------------+

+ Latency (clock cycles): 
    * Summary: 
    +-----+-----+-----+-----+---------+
    |  Latency  |  Interval | Pipeline|
    | min | max | min | max |   Type  |
    +-----+-----+-----+-----+---------+
    |   18|   18|   18|   18|   none  |
    +-----+-----+-----+-----+---------+

    + Detail: 
        * Instance: 
        N/A

        * Loop: 
        +----------+-----+-----+----------+-----------+-----------+------+----------+
        |          |  Latency  | Iteration|  Initiation Interval  | Trip |          |
        | Loop Name| min | max |  Latency |  achieved |   target  | Count| Pipelined|
        +----------+-----+-----+----------+-----------+-----------+------+----------+
        |- loop3   |   16|   16|         2|          1|          1|    16|    yes   |
        +----------+-----+-----+----------+-----------+-----------+------+----------+



================================================================
== Utilization Estimates
================================================================
* Summary: 
+-----------------+---------+-------+-------+-------+-----+
|       Name      | BRAM_18K| DSP48E|   FF  |  LUT  | URAM|
+-----------------+---------+-------+-------+-------+-----+
|DSP              |        -|      -|      -|      -|    -|
|Expression       |        -|      -|      0|     82|    -|
|FIFO             |        -|      -|      -|      -|    -|
|Instance         |        -|      -|      -|      -|    -|
|Memory           |        -|      -|      -|      -|    -|
|Multiplexer      |        -|      -|      -|     93|    -|
|Register         |        -|      -|     73|      -|    -|
+-----------------+---------+-------+-------+-------+-----+
|Total            |        0|      0|     73|    175|    0|
+-----------------+---------+-------+-------+-------+-----+
|Available        |      100|     90|  41600|  20800|    0|
+-----------------+---------+-------+-------+-------+-----+
|Utilization (%)  |        0|      0|   ~0  |   ~0  |    0|
+-----------------+---------+-------+-------+-------+-----+

+ Detail: 
    * Instance: 
    N/A

    * DSP48E: 
    N/A

    * Memory: 
    N/A

    * FIFO: 
    N/A

    * Expression: 
    +-------------------------+----------+-------+---+----+------------+------------+
    |      Variable Name      | Operation| DSP48E| FF| LUT| Bitwidth P0| Bitwidth P1|
    +-------------------------+----------+-------+---+----+------------+------------+
    |i_fu_187_p2              |     +    |      0|  0|  15|           5|           1|
    |empty_848_fu_199_p2      |   icmp   |      0|  0|  11|           5|           4|
    |empty_849_fu_205_p2      |   icmp   |      0|  0|  11|           5|           4|
    |empty_851_fu_217_p2      |   icmp   |      0|  0|  11|           5|           1|
    |empty_853_fu_229_p2      |   icmp   |      0|  0|  11|           5|           1|
    |icmp_ln192_fu_181_p2     |   icmp   |      0|  0|  11|           5|           6|
    |ap_block_state1          |    or    |      0|  0|   2|           1|           1|
    |empty_850_fu_211_p2      |    or    |      0|  0|   2|           1|           1|
    |empty_852_fu_223_p2      |    or    |      0|  0|   2|           1|           1|
    |empty_854_fu_235_p2      |    or    |      0|  0|   2|           1|           1|
    |ap_enable_pp0            |    xor   |      0|  0|   2|           1|           2|
    |ap_enable_reg_pp0_iter1  |    xor   |      0|  0|   2|           2|           1|
    +-------------------------+----------+-------+---+----+------------+------------+
    |Total                    |          |      0|  0|  82|          37|          24|
    +-------------------------+----------+-------+---+----+------------+------------+

    * Multiplexer: 
    +--------------------------------+----+-----------+-----+-----------+
    |              Name              | LUT| Input Size| Bits| Total Bits|
    +--------------------------------+----+-----------+-----+-----------+
    |C_3_fu_112                      |  15|          3|   28|         84|
    |D_fu_116                        |  15|          3|   28|         84|
    |ap_NS_fsm                       |  21|          4|    1|          4|
    |ap_done                         |   9|          2|    1|          2|
    |ap_enable_reg_pp0_iter1         |  15|          3|    1|          3|
    |ap_phi_mux_i_2_i_phi_fu_149_p4  |   9|          2|    5|         10|
    |i_2_i_reg_145                   |   9|          2|    5|         10|
    +--------------------------------+----+-----------+-----+-----------+
    |Total                           |  93|         19|   69|        197|
    +--------------------------------+----+-----------+-----+-----------+

    * Register: 
    +-------------------------+----+----+-----+-----------+
    |           Name          | FF | LUT| Bits| Const Bits|
    +-------------------------+----+----+-----+-----------+
    |C_3_fu_112               |  28|   0|   28|          0|
    |D_fu_116                 |  28|   0|   28|          0|
    |ap_CS_fsm                |   3|   0|    3|          0|
    |ap_done_reg              |   1|   0|    1|          0|
    |ap_enable_reg_pp0_iter0  |   1|   0|    1|          0|
    |ap_enable_reg_pp0_iter1  |   1|   0|    1|          0|
    |i_2_i_reg_145            |   5|   0|    5|          0|
    |i_reg_855                |   5|   0|    5|          0|
    |icmp_ln192_reg_851       |   1|   0|    1|          0|
    +-------------------------+----+----+-----+-----------+
    |Total                    |  73|   0|   73|          0|
    +-------------------------+----+----+-----+-----------+



================================================================
== Interface
================================================================
* Summary: 
+------------------+-----+-----+------------+-----------------+--------------+
|     RTL Ports    | Dir | Bits|  Protocol  |  Source Object  |    C Type    |
+------------------+-----+-----+------------+-----------------+--------------+
|ap_clk            |  in |    1| ap_ctrl_hs | Loop_loop3_proc | return value |
|ap_rst            |  in |    1| ap_ctrl_hs | Loop_loop3_proc | return value |
|ap_start          |  in |    1| ap_ctrl_hs | Loop_loop3_proc | return value |
|ap_done           | out |    1| ap_ctrl_hs | Loop_loop3_proc | return value |
|ap_continue       |  in |    1| ap_ctrl_hs | Loop_loop3_proc | return value |
|ap_idle           | out |    1| ap_ctrl_hs | Loop_loop3_proc | return value |
|ap_ready          | out |    1| ap_ctrl_hs | Loop_loop3_proc | return value |
|p_read            |  in |   60|   ap_none  |      p_read     |    scalar    |
|p_read1           |  in |   64|   ap_none  |     p_read1     |    scalar    |
|sub_key_address0  | out |    4|  ap_memory |     sub_key     |     array    |
|sub_key_ce0       | out |    1|  ap_memory |     sub_key     |     array    |
|sub_key_we0       | out |    1|  ap_memory |     sub_key     |     array    |
|sub_key_d0        | out |   48|  ap_memory |     sub_key     |     array    |
+------------------+-----+-----+------------+-----------------+--------------+

