

================================================================
== Vivado HLS Report for 'Loop_unroll2_proc'
================================================================
* Date:           Wed Dec 23 14:16:39 2020

* Version:        2019.1 (Build 2552052 on Fri May 24 15:28:33 MDT 2019)
* Project:        DES_DEC
* Solution:       q21_6
* Product family: artix7
* Target device:  xc7a35tl-cpg236-2L


================================================================
== Performance Estimates
================================================================
+ Timing (ns): 
    * Summary: 
    +--------+-------+----------+------------+
    |  Clock | Target| Estimated| Uncertainty|
    +--------+-------+----------+------------+
    |ap_clk  |  10.00|     7.909|        1.25|
    +--------+-------+----------+------------+

+ Latency (clock cycles): 
    * Summary: 
    +-----+-----+-----+-----+---------+
    |  Latency  |  Interval | Pipeline|
    | min | max | min | max |   Type  |
    +-----+-----+-----+-----+---------+
    |   58|   58|   58|   58|   none  |
    +-----+-----+-----+-----+---------+

    + Detail: 
        * Instance: 
        N/A

        * Loop: 
        +-----------+-----+-----+----------+-----------+-----------+------+----------+
        |           |  Latency  | Iteration|  Initiation Interval  | Trip |          |
        | Loop Name | min | max |  Latency |  achieved |   target  | Count| Pipelined|
        +-----------+-----+-----+----------+-----------+-----------+------+----------+
        |- unroll2  |   56|   56|         2|          1|          1|    56|    yes   |
        +-----------+-----+-----+----------+-----------+-----------+------+----------+



================================================================
== Utilization Estimates
================================================================
* Summary: 
+-----------------+---------+-------+-------+-------+-----+
|       Name      | BRAM_18K| DSP48E|   FF  |  LUT  | URAM|
+-----------------+---------+-------+-------+-------+-----+
|DSP              |        -|      -|      -|      -|    -|
|Expression       |        -|      -|      0|    229|    -|
|FIFO             |        -|      -|      -|      -|    -|
|Instance         |        -|      -|      -|      -|    -|
|Memory           |        0|      -|      6|      6|    -|
|Multiplexer      |        -|      -|      -|     72|    -|
|Register         |        -|      -|    141|      -|    -|
+-----------------+---------+-------+-------+-------+-----+
|Total            |        0|      0|    147|    307|    0|
+-----------------+---------+-------+-------+-------+-----+
|Available        |      100|     90|  41600|  20800|    0|
+-----------------+---------+-------+-------+-------+-----+
|Utilization (%)  |        0|      0|   ~0  |      1|    0|
+-----------------+---------+-------+-------+-------+-----+

+ Detail: 
    * Instance: 
    N/A

    * DSP48E: 
    N/A

    * Memory: 
    +-------+----------------------+---------+---+----+-----+------+-----+------+-------------+
    | Memory|        Module        | BRAM_18K| FF| LUT| URAM| Words| Bits| Banks| W*Bits*Banks|
    +-------+----------------------+---------+---+----+-----+------+-----+------+-------------+
    |PC1_U  |Loop_unroll2_proccud  |        0|  6|   6|    0|    56|    6|     1|          336|
    +-------+----------------------+---------+---+----+-----+------+-----+------+-------------+
    |Total  |                      |        0|  6|   6|    0|    56|    6|     1|          336|
    +-------+----------------------+---------+---+----+-----+------+-----+------+-------------+

    * FIFO: 
    N/A

    * Expression: 
    +-------------------------+----------+-------+---+-----+------------+------------+
    |      Variable Name      | Operation| DSP48E| FF| LUT | Bitwidth P0| Bitwidth P1|
    +-------------------------+----------+-------+---+-----+------------+------------+
    |i_fu_100_p2              |     +    |      0|  0|   15|           6|           1|
    |sub_ln184_fu_115_p2      |     -    |      0|  0|   15|           8|           7|
    |icmp_ln182_fu_94_p2      |   icmp   |      0|  0|   11|           6|           5|
    |lshr_ln184_fu_125_p2     |   lshr   |      0|  0|  182|          64|          64|
    |ap_block_state1          |    or    |      0|  0|    2|           1|           1|
    |ap_enable_pp0            |    xor   |      0|  0|    2|           1|           2|
    |ap_enable_reg_pp0_iter1  |    xor   |      0|  0|    2|           2|           1|
    +-------------------------+----------+-------+---+-----+------------+------------+
    |Total                    |          |      0|  0|  229|          88|          81|
    +-------------------------+----------+-------+---+-----+------------+------------+

    * Multiplexer: 
    +------------------------------+----+-----------+-----+-----------+
    |             Name             | LUT| Input Size| Bits| Total Bits|
    +------------------------------+----+-----------+-----+-----------+
    |ap_NS_fsm                     |  21|          4|    1|          4|
    |ap_done                       |   9|          2|    1|          2|
    |ap_enable_reg_pp0_iter1       |  15|          3|    1|          3|
    |i_1_i_reg_83                  |   9|          2|    6|         12|
    |key_blk_n                     |   9|          2|    1|          2|
    |permuted_choice_1_0_s_reg_71  |   9|          2|   64|        128|
    +------------------------------+----+-----------+-----+-----------+
    |Total                         |  72|         15|   74|        151|
    +------------------------------+----+-----------+-----+-----------+

    * Register: 
    +------------------------------+----+----+-----+-----------+
    |             Name             | FF | LUT| Bits| Const Bits|
    +------------------------------+----+----+-----+-----------+
    |ap_CS_fsm                     |   3|   0|    3|          0|
    |ap_done_reg                   |   1|   0|    1|          0|
    |ap_enable_reg_pp0_iter0       |   1|   0|    1|          0|
    |ap_enable_reg_pp0_iter1       |   1|   0|    1|          0|
    |i_1_i_reg_83                  |   6|   0|    6|          0|
    |icmp_ln182_reg_167            |   1|   0|    1|          0|
    |key_read_reg_162              |  64|   0|   64|          0|
    |permuted_choice_1_0_s_reg_71  |  64|   0|   64|          0|
    +------------------------------+----+----+-----+-----------+
    |Total                         | 141|   0|  141|          0|
    +------------------------------+----+----+-----+-----------+



================================================================
== Interface
================================================================
* Summary: 
+-------------+-----+-----+------------+-------------------+--------------+
|  RTL Ports  | Dir | Bits|  Protocol  |   Source Object   |    C Type    |
+-------------+-----+-----+------------+-------------------+--------------+
|ap_clk       |  in |    1| ap_ctrl_hs | Loop_unroll2_proc | return value |
|ap_rst       |  in |    1| ap_ctrl_hs | Loop_unroll2_proc | return value |
|ap_start     |  in |    1| ap_ctrl_hs | Loop_unroll2_proc | return value |
|ap_done      | out |    1| ap_ctrl_hs | Loop_unroll2_proc | return value |
|ap_continue  |  in |    1| ap_ctrl_hs | Loop_unroll2_proc | return value |
|ap_idle      | out |    1| ap_ctrl_hs | Loop_unroll2_proc | return value |
|ap_ready     | out |    1| ap_ctrl_hs | Loop_unroll2_proc | return value |
|ap_return_0  | out |   64| ap_ctrl_hs | Loop_unroll2_proc | return value |
|ap_return_1  | out |   60| ap_ctrl_hs | Loop_unroll2_proc | return value |
|key_dout     |  in |   64|   ap_fifo  |        key        |    pointer   |
|key_empty_n  |  in |    1|   ap_fifo  |        key        |    pointer   |
|key_read     | out |    1|   ap_fifo  |        key        |    pointer   |
+-------------+-----+-----+------------+-------------------+--------------+

