

================================================================
== Vivado HLS Report for 'des_dec'
================================================================
* Date:           Sun Dec 20 02:53:13 2020

* Version:        2019.1 (Build 2552052 on Fri May 24 15:28:33 MDT 2019)
* Project:        DES_DEC
* Solution:       unroll_loop1_2
* Product family: artix7
* Target device:  xc7a35tl-cpg236-2L


================================================================
== Performance Estimates
================================================================
+ Timing (ns): 
    * Summary: 
    +--------+-------+----------+------------+
    |  Clock | Target| Estimated| Uncertainty|
    +--------+-------+----------+------------+
    |ap_clk  |  10.00|     8.690|        1.25|
    +--------+-------+----------+------------+

+ Latency (clock cycles): 
    * Summary: 
    +------+------+------+------+---------+
    |   Latency   |   Interval  | Pipeline|
    |  min |  max |  min |  max |   Type  |
    +------+------+------+------+---------+
    |  4878|  4878|  4878|  4878|   none  |
    +------+------+------+------+---------+

    + Detail: 
        * Instance: 
        N/A

        * Loop: 
        +---------------------+------+------+----------+-----------+-----------+------+----------+
        |                     |   Latency   | Iteration|  Initiation Interval  | Trip |          |
        |      Loop Name      |  min |  max |  Latency |  achieved |   target  | Count| Pipelined|
        +---------------------+------+------+----------+-----------+-----------+------+----------+
        |- unroll1            |     4|     4|         2|          -|          -|     2|    no    |
        |- unroll2            |     4|     4|         3|          -|          -|     1|    no    |
        |- Loop 3             |  1584|  1584|        99|          -|          -|    16|    no    |
        | + Loop 3.1          |    96|    96|         2|          -|          -|    48|    no    |
        |- Pipeline_loop4     |  3152|  3152|       197|          -|          -|    16|    no    |
        | + Pipeline_loop4.1  |    96|    96|         2|          -|          -|    48|    no    |
        | + Pipeline_loop4.2  |    32|    32|         4|          -|          -|     8|    no    |
        | + Pipeline_loop4.3  |    64|    64|         2|          -|          -|    32|    no    |
        |- Loop 5             |   128|   128|         2|          -|          -|    64|    no    |
        +---------------------+------+------+----------+-----------+-----------+------+----------+



================================================================
== Utilization Estimates
================================================================
* Summary: 
+-----------------+---------+-------+-------+-------+-----+
|       Name      | BRAM_18K| DSP48E|   FF  |  LUT  | URAM|
+-----------------+---------+-------+-------+-------+-----+
|DSP              |        -|      -|      -|      -|    -|
|Expression       |        -|      -|      0|  13359|    -|
|FIFO             |        -|      -|      -|      -|    -|
|Instance         |        -|      -|      -|      -|    -|
|Memory           |        3|      -|    393|     33|    0|
|Multiplexer      |        -|      -|      -|    335|    -|
|Register         |        -|      -|   1192|      -|    -|
+-----------------+---------+-------+-------+-------+-----+
|Total            |        3|      0|   1585|  13727|    0|
+-----------------+---------+-------+-------+-------+-----+
|Available        |      100|     90|  41600|  20800|    0|
+-----------------+---------+-------+-------+-------+-----+
|Utilization (%)  |        3|      0|      3|     65|    0|
+-----------------+---------+-------+-------+-------+-----+

+ Detail: 
    * Instance: 
    N/A

    * DSP48E: 
    N/A

    * Memory: 
    +-----------+-----------------+---------+-----+----+-----+------+-----+------+-------------+
    |   Memory  |      Module     | BRAM_18K|  FF | LUT| URAM| Words| Bits| Banks| W*Bits*Banks|
    +-----------+-----------------+---------+-----+----+-----+------+-----+------+-------------+
    |E_U        |des_dec_E        |        0|    6|   5|    0|    48|    6|     1|          288|
    |IP_U       |des_dec_IP       |        0|  224|   7|    0|    64|    7|     1|          448|
    |P_U        |des_dec_P        |        0|    6|   3|    0|    32|    6|     1|          192|
    |PC1_U      |des_dec_PC1      |        0|  144|   6|    0|    56|    6|     1|          336|
    |PC2_U      |des_dec_PC2      |        0|    6|   5|    0|    48|    6|     1|          288|
    |PI_U       |des_dec_PI       |        0|    7|   7|    0|    64|    7|     1|          448|
    |S_U        |des_dec_S        |        1|    0|   0|    0|   512|    4|     1|         2048|
    |sub_key_U  |des_dec_sub_key  |        2|    0|   0|    0|    16|   64|     1|         1024|
    +-----------+-----------------+---------+-----+----+-----+------+-----+------+-------------+
    |Total      |                 |        3|  393|  33|    0|   840|  106|     8|         5072|
    +-----------+-----------------+---------+-----+----+-----+------+-----+------+-------------+

    * FIFO: 
    N/A

    * Expression: 
    +--------------------------+----------+-------+---+-----+------------+------------+
    |       Variable Name      | Operation| DSP48E| FF| LUT | Bitwidth P0| Bitwidth P1|
    +--------------------------+----------+-------+---+-----+------------+------------+
    |add_ln171_fu_1597_p2      |     +    |      0|  0|   15|           6|           7|
    |add_ln246_1_fu_3850_p2    |     +    |      0|  0|   18|          11|          11|
    |add_ln246_fu_3828_p2      |     +    |      0|  0|   16|           9|           9|
    |i_1_fu_3318_p2            |     +    |      0|  0|   15|           5|           1|
    |i_5_fu_3541_p2            |     +    |      0|  0|   15|           5|           1|
    |i_fu_3937_p2              |     +    |      0|  0|   15|           7|           1|
    |j_4_fu_3494_p2            |     +    |      0|  0|   15|           6|           1|
    |j_5_fu_3649_p2            |     +    |      0|  0|   13|           4|           1|
    |j_6_fu_3883_p2            |     +    |      0|  0|   15|           6|           1|
    |j_fu_3561_p2              |     +    |      0|  0|   15|           6|           1|
    |sub_ln174_10_fu_1856_p2   |     -    |      0|  0|   15|           8|           7|
    |sub_ln174_11_fu_1875_p2   |     -    |      0|  0|   15|           8|           7|
    |sub_ln174_12_fu_1894_p2   |     -    |      0|  0|   15|           8|           7|
    |sub_ln174_13_fu_1913_p2   |     -    |      0|  0|   15|           8|           7|
    |sub_ln174_14_fu_1932_p2   |     -    |      0|  0|   15|           8|           7|
    |sub_ln174_15_fu_1951_p2   |     -    |      0|  0|   15|           8|           7|
    |sub_ln174_16_fu_1970_p2   |     -    |      0|  0|   15|           8|           7|
    |sub_ln174_17_fu_1989_p2   |     -    |      0|  0|   15|           8|           7|
    |sub_ln174_18_fu_2008_p2   |     -    |      0|  0|   15|           8|           7|
    |sub_ln174_19_fu_2027_p2   |     -    |      0|  0|   15|           8|           7|
    |sub_ln174_1_fu_1685_p2    |     -    |      0|  0|   15|           8|           7|
    |sub_ln174_20_fu_2046_p2   |     -    |      0|  0|   15|           8|           7|
    |sub_ln174_21_fu_2065_p2   |     -    |      0|  0|   15|           8|           7|
    |sub_ln174_22_fu_2084_p2   |     -    |      0|  0|   15|           8|           7|
    |sub_ln174_23_fu_2103_p2   |     -    |      0|  0|   15|           8|           7|
    |sub_ln174_24_fu_2122_p2   |     -    |      0|  0|   15|           8|           7|
    |sub_ln174_25_fu_2141_p2   |     -    |      0|  0|   15|           8|           7|
    |sub_ln174_26_fu_2160_p2   |     -    |      0|  0|   15|           8|           7|
    |sub_ln174_27_fu_2179_p2   |     -    |      0|  0|   15|           8|           7|
    |sub_ln174_28_fu_2198_p2   |     -    |      0|  0|   15|           8|           7|
    |sub_ln174_29_fu_2217_p2   |     -    |      0|  0|   15|           8|           7|
    |sub_ln174_2_fu_1704_p2    |     -    |      0|  0|   15|           8|           7|
    |sub_ln174_30_fu_2236_p2   |     -    |      0|  0|   15|           8|           7|
    |sub_ln174_31_fu_2255_p2   |     -    |      0|  0|   15|           8|           7|
    |sub_ln174_3_fu_1723_p2    |     -    |      0|  0|   15|           8|           7|
    |sub_ln174_4_fu_1742_p2    |     -    |      0|  0|   15|           8|           7|
    |sub_ln174_5_fu_1761_p2    |     -    |      0|  0|   15|           8|           7|
    |sub_ln174_6_fu_1780_p2    |     -    |      0|  0|   15|           8|           7|
    |sub_ln174_7_fu_1799_p2    |     -    |      0|  0|   15|           8|           7|
    |sub_ln174_8_fu_1818_p2    |     -    |      0|  0|   15|           8|           7|
    |sub_ln174_9_fu_1837_p2    |     -    |      0|  0|   15|           8|           7|
    |sub_ln174_fu_1666_p2      |     -    |      0|  0|   15|           8|           7|
    |sub_ln184_10_fu_2835_p2   |     -    |      0|  0|   15|           8|           7|
    |sub_ln184_11_fu_2858_p2   |     -    |      0|  0|   15|           8|           7|
    |sub_ln184_12_fu_2881_p2   |     -    |      0|  0|   15|           8|           7|
    |sub_ln184_13_fu_2904_p2   |     -    |      0|  0|   15|           8|           7|
    |sub_ln184_14_fu_2927_p2   |     -    |      0|  0|   15|           8|           7|
    |sub_ln184_15_fu_2950_p2   |     -    |      0|  0|   15|           8|           7|
    |sub_ln184_16_fu_2973_p2   |     -    |      0|  0|   15|           8|           7|
    |sub_ln184_17_fu_2996_p2   |     -    |      0|  0|   15|           8|           7|
    |sub_ln184_18_fu_3019_p2   |     -    |      0|  0|   15|           8|           7|
    |sub_ln184_19_fu_3042_p2   |     -    |      0|  0|   15|           8|           7|
    |sub_ln184_1_fu_2628_p2    |     -    |      0|  0|   15|           8|           7|
    |sub_ln184_20_fu_3065_p2   |     -    |      0|  0|   15|           8|           7|
    |sub_ln184_21_fu_3088_p2   |     -    |      0|  0|   15|           8|           7|
    |sub_ln184_22_fu_3111_p2   |     -    |      0|  0|   15|           8|           7|
    |sub_ln184_23_fu_3134_p2   |     -    |      0|  0|   15|           8|           7|
    |sub_ln184_24_fu_3219_p2   |     -    |      0|  0|   15|           8|           7|
    |sub_ln184_2_fu_2651_p2    |     -    |      0|  0|   15|           8|           7|
    |sub_ln184_3_fu_2674_p2    |     -    |      0|  0|   15|           8|           7|
    |sub_ln184_4_fu_2697_p2    |     -    |      0|  0|   15|           8|           7|
    |sub_ln184_5_fu_2720_p2    |     -    |      0|  0|   15|           8|           7|
    |sub_ln184_6_fu_2743_p2    |     -    |      0|  0|   15|           8|           7|
    |sub_ln184_7_fu_2766_p2    |     -    |      0|  0|   15|           8|           7|
    |sub_ln184_8_fu_2789_p2    |     -    |      0|  0|   15|           8|           7|
    |sub_ln184_9_fu_2812_p2    |     -    |      0|  0|   15|           8|           7|
    |sub_ln184_fu_2605_p2      |     -    |      0|  0|   15|           8|           7|
    |sub_ln218_fu_3509_p2      |     -    |      0|  0|   15|           5|           6|
    |sub_ln229_fu_3583_p2      |     -    |      0|  0|   15|           7|           6|
    |sub_ln232_fu_3572_p2      |     -    |      0|  0|   15|           4|           5|
    |sub_ln240_1_fu_3703_p2    |     -    |      0|  0|    8|           6|           6|
    |sub_ln240_2_fu_3709_p2    |     -    |      0|  0|    8|           6|           6|
    |sub_ln240_fu_3685_p2      |     -    |      0|  0|   15|           7|           7|
    |sub_ln243_1_fu_3721_p2    |     -    |      0|  0|    8|           6|           6|
    |sub_ln243_fu_3715_p2      |     -    |      0|  0|    8|           6|           6|
    |sub_ln254_fu_3904_p2      |     -    |      0|  0|   15|           7|           6|
    |sub_ln270_fu_3952_p2      |     -    |      0|  0|   15|           8|           7|
    |and_ln240_fu_3744_p2      |    and   |      0|  0|   48|          48|          48|
    |and_ln243_fu_3792_p2      |    and   |      0|  0|   47|          47|          47|
    |empty_14_fu_3324_p2       |   icmp   |      0|  0|   11|           5|           4|
    |empty_15_fu_3330_p2       |   icmp   |      0|  0|   11|           5|           4|
    |empty_17_fu_3342_p2       |   icmp   |      0|  0|   11|           5|           1|
    |empty_19_fu_3354_p2       |   icmp   |      0|  0|   11|           5|           1|
    |icmp_ln171_fu_1237_p2     |   icmp   |      0|  0|   11|           7|           8|
    |icmp_ln182_fu_3155_p2     |   icmp   |      0|  0|   11|           6|           5|
    |icmp_ln192_fu_3312_p2     |   icmp   |      0|  0|   11|           5|           6|
    |icmp_ln216_fu_3488_p2     |   icmp   |      0|  0|   11|           6|           6|
    |icmp_ln223_fu_3535_p2     |   icmp   |      0|  0|   11|           5|           6|
    |icmp_ln227_fu_3555_p2     |   icmp   |      0|  0|   11|           6|           6|
    |icmp_ln235_fu_3643_p2     |   icmp   |      0|  0|   11|           4|           5|
    |icmp_ln252_fu_3877_p2     |   icmp   |      0|  0|   11|           6|           7|
    |icmp_ln267_fu_3931_p2     |   icmp   |      0|  0|   11|           7|           8|
    |lshr_ln174_10_fu_1866_p2  |   lshr   |      0|  0|  182|          64|          64|
    |lshr_ln174_11_fu_1885_p2  |   lshr   |      0|  0|  182|          64|          64|
    |lshr_ln174_12_fu_1904_p2  |   lshr   |      0|  0|  182|          64|          64|
    |lshr_ln174_13_fu_1923_p2  |   lshr   |      0|  0|  182|          64|          64|
    |lshr_ln174_14_fu_1942_p2  |   lshr   |      0|  0|  182|          64|          64|
    |lshr_ln174_15_fu_1961_p2  |   lshr   |      0|  0|  182|          64|          64|
    |lshr_ln174_16_fu_1980_p2  |   lshr   |      0|  0|  182|          64|          64|
    |lshr_ln174_17_fu_1999_p2  |   lshr   |      0|  0|  182|          64|          64|
    |lshr_ln174_18_fu_2018_p2  |   lshr   |      0|  0|  182|          64|          64|
    |lshr_ln174_19_fu_2037_p2  |   lshr   |      0|  0|  182|          64|          64|
    |lshr_ln174_1_fu_1695_p2   |   lshr   |      0|  0|  182|          64|          64|
    |lshr_ln174_20_fu_2056_p2  |   lshr   |      0|  0|  182|          64|          64|
    |lshr_ln174_21_fu_2075_p2  |   lshr   |      0|  0|  182|          64|          64|
    |lshr_ln174_22_fu_2094_p2  |   lshr   |      0|  0|  182|          64|          64|
    |lshr_ln174_23_fu_2113_p2  |   lshr   |      0|  0|  182|          64|          64|
    |lshr_ln174_24_fu_2132_p2  |   lshr   |      0|  0|  182|          64|          64|
    |lshr_ln174_25_fu_2151_p2  |   lshr   |      0|  0|  182|          64|          64|
    |lshr_ln174_26_fu_2170_p2  |   lshr   |      0|  0|  182|          64|          64|
    |lshr_ln174_27_fu_2189_p2  |   lshr   |      0|  0|  182|          64|          64|
    |lshr_ln174_28_fu_2208_p2  |   lshr   |      0|  0|  182|          64|          64|
    |lshr_ln174_29_fu_2227_p2  |   lshr   |      0|  0|  182|          64|          64|
    |lshr_ln174_2_fu_1714_p2   |   lshr   |      0|  0|  182|          64|          64|
    |lshr_ln174_30_fu_2246_p2  |   lshr   |      0|  0|  182|          64|          64|
    |lshr_ln174_31_fu_2265_p2  |   lshr   |      0|  0|  182|          64|          64|
    |lshr_ln174_3_fu_1733_p2   |   lshr   |      0|  0|  182|          64|          64|
    |lshr_ln174_4_fu_1752_p2   |   lshr   |      0|  0|  182|          64|          64|
    |lshr_ln174_5_fu_1771_p2   |   lshr   |      0|  0|  182|          64|          64|
    |lshr_ln174_6_fu_1790_p2   |   lshr   |      0|  0|  182|          64|          64|
    |lshr_ln174_7_fu_1809_p2   |   lshr   |      0|  0|  182|          64|          64|
    |lshr_ln174_8_fu_1828_p2   |   lshr   |      0|  0|  182|          64|          64|
    |lshr_ln174_9_fu_1847_p2   |   lshr   |      0|  0|  182|          64|          64|
    |lshr_ln174_fu_1676_p2     |   lshr   |      0|  0|  182|          64|          64|
    |lshr_ln184_10_fu_2845_p2  |   lshr   |      0|  0|  182|          64|          64|
    |lshr_ln184_11_fu_2868_p2  |   lshr   |      0|  0|  182|          64|          64|
    |lshr_ln184_12_fu_2891_p2  |   lshr   |      0|  0|  182|          64|          64|
    |lshr_ln184_13_fu_2914_p2  |   lshr   |      0|  0|  182|          64|          64|
    |lshr_ln184_14_fu_2937_p2  |   lshr   |      0|  0|  182|          64|          64|
    |lshr_ln184_15_fu_2960_p2  |   lshr   |      0|  0|  182|          64|          64|
    |lshr_ln184_16_fu_2983_p2  |   lshr   |      0|  0|  182|          64|          64|
    |lshr_ln184_17_fu_3006_p2  |   lshr   |      0|  0|  182|          64|          64|
    |lshr_ln184_18_fu_3029_p2  |   lshr   |      0|  0|  182|          64|          64|
    |lshr_ln184_19_fu_3052_p2  |   lshr   |      0|  0|  182|          64|          64|
    |lshr_ln184_1_fu_2638_p2   |   lshr   |      0|  0|  182|          64|          64|
    |lshr_ln184_20_fu_3075_p2  |   lshr   |      0|  0|  182|          64|          64|
    |lshr_ln184_21_fu_3098_p2  |   lshr   |      0|  0|  182|          64|          64|
    |lshr_ln184_22_fu_3121_p2  |   lshr   |      0|  0|  182|          64|          64|
    |lshr_ln184_23_fu_3144_p2  |   lshr   |      0|  0|  182|          64|          64|
    |lshr_ln184_24_fu_3229_p2  |   lshr   |      0|  0|  182|          64|          64|
    |lshr_ln184_2_fu_2661_p2   |   lshr   |      0|  0|  182|          64|          64|
    |lshr_ln184_3_fu_2684_p2   |   lshr   |      0|  0|  182|          64|          64|
    |lshr_ln184_4_fu_2707_p2   |   lshr   |      0|  0|  182|          64|          64|
    |lshr_ln184_5_fu_2730_p2   |   lshr   |      0|  0|  182|          64|          64|
    |lshr_ln184_6_fu_2753_p2   |   lshr   |      0|  0|  182|          64|          64|
    |lshr_ln184_7_fu_2776_p2   |   lshr   |      0|  0|  182|          64|          64|
    |lshr_ln184_8_fu_2799_p2   |   lshr   |      0|  0|  182|          64|          64|
    |lshr_ln184_9_fu_2822_p2   |   lshr   |      0|  0|  182|          64|          64|
    |lshr_ln184_fu_2615_p2     |   lshr   |      0|  0|  182|          64|          64|
    |lshr_ln218_fu_3519_p2     |   lshr   |      0|  0|  166|          56|          56|
    |lshr_ln229_fu_3593_p2     |   lshr   |      0|  0|  101|          32|          32|
    |lshr_ln240_1_fu_3752_p2   |   lshr   |      0|  0|  150|          48|          48|
    |lshr_ln240_fu_3738_p2     |   lshr   |      0|  0|  150|          48|          48|
    |lshr_ln243_1_fu_3800_p2   |   lshr   |      0|  0|  148|          47|          47|
    |lshr_ln243_fu_3786_p2     |   lshr   |      0|  0|  148|          45|          47|
    |lshr_ln254_fu_3914_p2     |   lshr   |      0|  0|  101|          32|          32|
    |lshr_ln270_fu_3962_p2     |   lshr   |      0|  0|  182|          64|          64|
    |empty_16_fu_3336_p2       |    or    |      0|  0|    2|           1|           1|
    |empty_18_fu_3348_p2       |    or    |      0|  0|    2|           1|           1|
    |empty_20_fu_3360_p2       |    or    |      0|  0|    2|           1|           1|
    |or_ln171_10_fu_1362_p2    |    or    |      0|  0|    6|           6|           4|
    |or_ln171_11_fu_1373_p2    |    or    |      0|  0|    6|           6|           4|
    |or_ln171_12_fu_1384_p2    |    or    |      0|  0|    6|           6|           4|
    |or_ln171_13_fu_1395_p2    |    or    |      0|  0|    6|           6|           4|
    |or_ln171_14_fu_1406_p2    |    or    |      0|  0|    6|           6|           4|
    |or_ln171_15_fu_1417_p2    |    or    |      0|  0|    6|           6|           5|
    |or_ln171_16_fu_1428_p2    |    or    |      0|  0|    6|           6|           5|
    |or_ln171_17_fu_1439_p2    |    or    |      0|  0|    6|           6|           5|
    |or_ln171_18_fu_1450_p2    |    or    |      0|  0|    6|           6|           5|
    |or_ln171_19_fu_1461_p2    |    or    |      0|  0|    6|           6|           5|
    |or_ln171_1_fu_1263_p2     |    or    |      0|  0|    6|           6|           2|
    |or_ln171_20_fu_1472_p2    |    or    |      0|  0|    6|           6|           5|
    |or_ln171_21_fu_1483_p2    |    or    |      0|  0|    6|           6|           5|
    |or_ln171_22_fu_1494_p2    |    or    |      0|  0|    6|           6|           5|
    |or_ln171_23_fu_1505_p2    |    or    |      0|  0|    6|           6|           5|
    |or_ln171_24_fu_1516_p2    |    or    |      0|  0|    6|           6|           5|
    |or_ln171_25_fu_1527_p2    |    or    |      0|  0|    6|           6|           5|
    |or_ln171_26_fu_1538_p2    |    or    |      0|  0|    6|           6|           5|
    |or_ln171_27_fu_1549_p2    |    or    |      0|  0|    6|           6|           5|
    |or_ln171_28_fu_1564_p2    |    or    |      0|  0|    6|           6|           5|
    |or_ln171_29_fu_1575_p2    |    or    |      0|  0|    6|           6|           5|
    |or_ln171_2_fu_1274_p2     |    or    |      0|  0|    6|           6|           2|
    |or_ln171_30_fu_1586_p2    |    or    |      0|  0|    6|           6|           5|
    |or_ln171_3_fu_1285_p2     |    or    |      0|  0|    6|           6|           3|
    |or_ln171_4_fu_1296_p2     |    or    |      0|  0|    6|           6|           3|
    |or_ln171_5_fu_1307_p2     |    or    |      0|  0|    6|           6|           3|
    |or_ln171_6_fu_1318_p2     |    or    |      0|  0|    6|           6|           3|
    |or_ln171_7_fu_1329_p2     |    or    |      0|  0|    6|           6|           4|
    |or_ln171_8_fu_1340_p2     |    or    |      0|  0|    6|           6|           4|
    |or_ln171_9_fu_1351_p2     |    or    |      0|  0|    6|           6|           4|
    |or_ln171_fu_1252_p2       |    or    |      0|  0|    6|           6|           1|
    |or_ln182_10_fu_2458_p2    |    or    |      0|  0|    6|           6|           4|
    |or_ln182_11_fu_2469_p2    |    or    |      0|  0|    6|           6|           4|
    |or_ln182_12_fu_2480_p2    |    or    |      0|  0|    6|           6|           4|
    |or_ln182_13_fu_2491_p2    |    or    |      0|  0|    6|           6|           4|
    |or_ln182_14_fu_2502_p2    |    or    |      0|  0|    6|           6|           4|
    |or_ln182_15_fu_2513_p2    |    or    |      0|  0|    6|           6|           5|
    |or_ln182_16_fu_2524_p2    |    or    |      0|  0|    6|           6|           5|
    |or_ln182_17_fu_2535_p2    |    or    |      0|  0|    6|           6|           5|
    |or_ln182_18_fu_2546_p2    |    or    |      0|  0|    6|           6|           5|
    |or_ln182_19_fu_2557_p2    |    or    |      0|  0|    6|           6|           5|
    |or_ln182_1_fu_2359_p2     |    or    |      0|  0|    6|           6|           2|
    |or_ln182_20_fu_2568_p2    |    or    |      0|  0|    6|           6|           5|
    |or_ln182_21_fu_2579_p2    |    or    |      0|  0|    6|           6|           5|
    |or_ln182_22_fu_2590_p2    |    or    |      0|  0|    6|           6|           5|
    |or_ln182_23_fu_3149_p2    |    or    |      0|  0|    6|           6|           5|
    |or_ln182_2_fu_2370_p2     |    or    |      0|  0|    6|           6|           2|
    |or_ln182_3_fu_2381_p2     |    or    |      0|  0|    6|           6|           3|
    |or_ln182_4_fu_2392_p2     |    or    |      0|  0|    6|           6|           3|
    |or_ln182_5_fu_2403_p2     |    or    |      0|  0|    6|           6|           3|
    |or_ln182_6_fu_2414_p2     |    or    |      0|  0|    6|           6|           3|
    |or_ln182_7_fu_2425_p2     |    or    |      0|  0|    6|           6|           4|
    |or_ln182_8_fu_2436_p2     |    or    |      0|  0|    6|           6|           4|
    |or_ln182_9_fu_2447_p2     |    or    |      0|  0|    6|           6|           4|
    |or_ln182_fu_2348_p2       |    or    |      0|  0|    6|           6|           1|
    |or_ln241_fu_3770_p2       |    or    |      0|  0|    2|           1|           1|
    |R_1_fu_3898_p2            |    xor   |      0|  0|   32|          32|          32|
    |xor_ln182_fu_3180_p2      |    xor   |      0|  0|    7|           6|           7|
    |xor_ln232_1_fu_3637_p2    |    xor   |      0|  0|   48|          48|          48|
    |xor_ln232_fu_3631_p2      |    xor   |      0|  0|   47|          47|          47|
    +--------------------------+----------+-------+---+-----+------------+------------+
    |Total                     |          |      0|  0|13359|        5237|        5039|
    +--------------------------+----------+-------+---+-----+------------+------------+

    * Multiplexer: 
    +------------------------------+-----+-----------+-----+-----------+
    |             Name             | LUT | Input Size| Bits| Total Bits|
    +------------------------------+-----+-----------+-----+-----------+
    |C_1_fu_248                    |   15|          3|   28|         84|
    |D_1_fu_252                    |   15|          3|   28|         84|
    |L_0_reg_1126                  |    9|          2|   32|         64|
    |PC1_address0                  |   15|          3|    6|         18|
    |ap_NS_fsm                     |  113|         24|    1|         24|
    |f_function_res_0_reg_1184     |    9|          2|   32|         64|
    |i_0_0_reg_1048                |    9|          2|    7|         14|
    |i_1_0_reg_1059                |    9|          2|    6|         12|
    |i_2_reg_1082                  |    9|          2|    5|         10|
    |i_3_reg_1137                  |    9|          2|    5|         10|
    |i_4_reg_1206                  |    9|          2|    7|         14|
    |init_perm_res_0_0_reg_1037    |    9|          2|   64|        128|
    |inv_init_perm_res_0_reg_1217  |    9|          2|   64|        128|
    |j_0_reg_1105                  |    9|          2|    6|         12|
    |j_1_reg_1161                  |    9|          2|    6|         12|
    |j_2_reg_1172                  |    9|          2|    4|          8|
    |j_3_reg_1195                  |    9|          2|    6|         12|
    |phi_ln183_reg_1071            |    9|          2|   61|        122|
    |s_input_0_reg_1149            |    9|          2|   64|        128|
    |s_output_1_fu_256             |    9|          2|   32|         64|
    |sub_key_address0              |   15|          3|    4|         12|
    |sub_key_load_1_reg_1093       |    9|          2|   64|        128|
    |temp_reg_1116                 |    9|          2|   32|         64|
    +------------------------------+-----+-----------+-----+-----------+
    |Total                         |  335|         72|  564|       1216|
    +------------------------------+-----+-----------+-----+-----------+

    * Register: 
    +------------------------------+----+----+-----+-----------+
    |             Name             | FF | LUT| Bits| Const Bits|
    +------------------------------+----+----+-----+-----------+
    |C_1_fu_248                    |  28|   0|   28|          0|
    |D_1_fu_252                    |  28|   0|   28|          0|
    |L_0_reg_1126                  |  32|   0|   32|          0|
    |L_reg_4223                    |  32|   0|   32|          0|
    |R_reg_4228                    |  32|   0|   32|          0|
    |add_ln171_reg_4218            |   7|   0|    7|          0|
    |add_ln246_1_reg_4705          |  11|   0|   11|          0|
    |ap_CS_fsm                     |  23|   0|   23|          0|
    |f_function_res_0_reg_1184     |  32|   0|   32|          0|
    |i_0_0_reg_1048                |   7|   0|    7|          0|
    |i_1_0_reg_1059                |   6|   0|    6|          0|
    |i_1_reg_4588                  |   5|   0|    5|          0|
    |i_2_reg_1082                  |   5|   0|    5|          0|
    |i_3_reg_1137                  |   5|   0|    5|          0|
    |i_4_reg_1206                  |   7|   0|    7|          0|
    |i_5_reg_4639                  |   5|   0|    5|          0|
    |i_reg_4746                    |   7|   0|    7|          0|
    |init_perm_res_0_0_reg_1037    |  64|   0|   64|          0|
    |inv_init_perm_res_0_reg_1217  |  64|   0|   64|          0|
    |j_0_reg_1105                  |   6|   0|    6|          0|
    |j_1_reg_1161                  |   6|   0|    6|          0|
    |j_2_reg_1172                  |   4|   0|    4|          0|
    |j_3_reg_1195                  |   6|   0|    6|          0|
    |j_4_reg_4616                  |   6|   0|    6|          0|
    |j_5_reg_4685                  |   4|   0|    4|          0|
    |j_6_reg_4718                  |   6|   0|    6|          0|
    |j_reg_4652                    |   6|   0|    6|          0|
    |phi_ln183_reg_1071            |  61|   0|   62|          1|
    |pre_output_reg_4644           |  64|   0|   64|          0|
    |s_input_0_reg_1149            |  64|   0|   64|          0|
    |s_output_1_fu_256             |  32|   0|   32|          0|
    |sub_key_addr_reg_4596         |   4|   0|    4|          0|
    |sub_key_load_1_reg_1093       |  64|   0|   64|          0|
    |sub_ln240_2_reg_4695          |   5|   0|    6|          1|
    |sub_ln240_reg_4690            |   6|   0|    7|          1|
    |sub_ln243_1_reg_4700          |   5|   0|    6|          1|
    |temp_reg_1116                 |  32|   0|   32|          0|
    |tmp_10_reg_4258               |   1|   0|    1|          0|
    |tmp_11_reg_4263               |   1|   0|    1|          0|
    |tmp_1_reg_4233                |   1|   0|    1|          0|
    |tmp_3_reg_4575                |   4|   0|    4|          0|
    |tmp_4_reg_4544                |  29|   0|   29|          0|
    |tmp_5_reg_4238                |   1|   0|    1|          0|
    |tmp_6_reg_4243                |   1|   0|    1|          0|
    |tmp_7_reg_4248                |   1|   0|    1|          0|
    |tmp_8_reg_4253                |   1|   0|    1|          0|
    |tmp_9_reg_4608                |  56|   0|   56|          0|
    |trunc_ln173_reg_4193          |  32|   0|   32|          0|
    |trunc_ln182_1_reg_4477        |   1|   0|    1|          0|
    |trunc_ln182_2_reg_4483        |   1|   0|    1|          0|
    |trunc_ln182_3_reg_4519        |   1|   0|    1|          0|
    |trunc_ln182_reg_4429          |   1|   0|    1|          0|
    |trunc_ln184_10_reg_4459       |   1|   0|    1|          0|
    |trunc_ln184_11_reg_4465       |   1|   0|    1|          0|
    |trunc_ln184_12_reg_4471       |   1|   0|    1|          0|
    |trunc_ln184_13_reg_4489       |   1|   0|    1|          0|
    |trunc_ln184_14_reg_4495       |   1|   0|    1|          0|
    |trunc_ln184_15_reg_4501       |   1|   0|    1|          0|
    |trunc_ln184_16_reg_4507       |   1|   0|    1|          0|
    |trunc_ln184_17_reg_4513       |   1|   0|    1|          0|
    |trunc_ln184_18_reg_4525       |   1|   0|    1|          0|
    |trunc_ln184_19_reg_4570       |   1|   0|    1|          0|
    |trunc_ln184_1_reg_4399        |   1|   0|    1|          0|
    |trunc_ln184_20_reg_4534       |   1|   0|    1|          0|
    |trunc_ln184_2_reg_4405        |   1|   0|    1|          0|
    |trunc_ln184_3_reg_4411        |   1|   0|    1|          0|
    |trunc_ln184_4_reg_4417        |   1|   0|    1|          0|
    |trunc_ln184_5_reg_4423        |   1|   0|    1|          0|
    |trunc_ln184_6_reg_4435        |   1|   0|    1|          0|
    |trunc_ln184_7_reg_4441        |   1|   0|    1|          0|
    |trunc_ln184_8_reg_4447        |   1|   0|    1|          0|
    |trunc_ln184_9_reg_4453        |   1|   0|    1|          0|
    |trunc_ln184_reg_4393          |   1|   0|    1|          0|
    |trunc_ln218_1_reg_4626        |  63|   0|   63|          0|
    |trunc_ln254_1_reg_4728        |  31|   0|   31|          0|
    |trunc_ln270_1_reg_4756        |  63|   0|   63|          0|
    |xor_ln182_reg_4549            |   6|   0|    6|          0|
    |xor_ln232_1_reg_4677          |  48|   0|   48|          0|
    |xor_ln232_reg_4672            |  47|   0|   47|          0|
    +------------------------------+----+----+-----+-----------+
    |Total                         |1192|   0| 1196|          4|
    +------------------------------+----+----+-----+-----------+



================================================================
== Interface
================================================================
* Summary: 
+-----------+-----+-----+------------+--------------+--------------+
| RTL Ports | Dir | Bits|  Protocol  | Source Object|    C Type    |
+-----------+-----+-----+------------+--------------+--------------+
|ap_clk     |  in |    1| ap_ctrl_hs |    des_dec   | return value |
|ap_rst     |  in |    1| ap_ctrl_hs |    des_dec   | return value |
|ap_start   |  in |    1| ap_ctrl_hs |    des_dec   | return value |
|ap_done    | out |    1| ap_ctrl_hs |    des_dec   | return value |
|ap_idle    | out |    1| ap_ctrl_hs |    des_dec   | return value |
|ap_ready   | out |    1| ap_ctrl_hs |    des_dec   | return value |
|ap_return  | out |   64| ap_ctrl_hs |    des_dec   | return value |
|input_r    |  in |   64|   ap_none  |    input_r   |    scalar    |
|key        |  in |   64|   ap_none  |      key     |    scalar    |
+-----------+-----+-----+------------+--------------+--------------+

