

================================================================
== Vivado HLS Report for 'des_dec'
================================================================
* Date:           Wed Dec 23 14:16:38 2020

* Version:        2019.1 (Build 2552052 on Fri May 24 15:28:33 MDT 2019)
* Project:        DES_DEC
* Solution:       q21_6
* Product family: artix7
* Target device:  xc7a35tl-cpg236-2L


================================================================
== Performance Estimates
================================================================
+ Timing (ns): 
    * Summary: 
    +--------+-------+----------+------------+
    |  Clock | Target| Estimated| Uncertainty|
    +--------+-------+----------+------------+
    |ap_clk  |  10.00|     8.117|        1.25|
    +--------+-------+----------+------------+

+ Latency (clock cycles): 
    * Summary: 
    +-----+-----+-----+-----+----------+
    |  Latency  |  Interval | Pipeline |
    | min | max | min | max |   Type   |
    +-----+-----+-----+-----+----------+
    |  166|  166|   67|   67| dataflow |
    +-----+-----+-----+-----+----------+

    + Detail: 
        * Instance: 
        +--------------------------------------+-----------------------+-----+-----+-----+-----+---------+
        |                                      |                       |  Latency  |  Interval | Pipeline|
        |               Instance               |         Module        | min | max | min | max |   Type  |
        +--------------------------------------+-----------------------+-----+-----+-----+-----+---------+
        |grp_Loop_Pipeline_loop4_s_fu_88       |Loop_Pipeline_loop4_s  |   20|   20|   20|   20|   none  |
        |grp_Loop_loop5_proc_fu_97             |Loop_loop5_proc        |   66|   66|   66|   66|   none  |
        |grp_Loop_unroll1_proc_fu_105          |Loop_unroll1_proc      |   66|   66|   66|   66|   none  |
        |grp_Loop_unroll2_proc_fu_112          |Loop_unroll2_proc      |   58|   58|   58|   58|   none  |
        |grp_Loop_loop3_proc_fu_119            |Loop_loop3_proc        |   18|   18|   18|   18|   none  |
        |call_ret1_Block_des_dec_exit2_fu_126  |Block_des_dec_exit2    |    0|    0|    0|    0|   none  |
        |call_ln15_des_dec_entry7_fu_131       |des_dec_entry7         |    0|    0|    0|    0|   none  |
        |tmp_p_desDecrypt_c_line2_fu_141       |p_desDecrypt_c_line2   |    0|    0|    0|    0|   none  |
        +--------------------------------------+-----------------------+-----+-----+-----+-----+---------+

        * Loop: 
        N/A

============================================================
+ Verbose Summary: Synthesis Manager
============================================================
InlineROM: 1
ExposeGlobal: 0
============================================================
+ Verbose Summary: CDFG Model
============================================================
IsTopModel: 1
ResetActiveHigh: 1
IsCombinational: 2
IsDatapathOnly: 0
HasWiredReturn: 1
HasMFsm: 0
HasVarLatency: 1
IsPipeline: 0
IsRtlPipelined: 0
IsInstanceOverlapped: 0
IsDontTouch: 0
HasImplIP: 0
IsGatedGlobalClock: 0


============================================================
+ Verbose Summary: Schedule
============================================================
* Number of FSM states : 7
* Pipeline : 0
* Dataflow Pipeline: 1
  DF-Pipeline-0: Size = 7, States = { 1 2 3 4 5 6 7 }

* FSM state transitions: 
1 --> 2 
2 --> 3 
3 --> 4 
4 --> 5 
5 --> 6 
6 --> 7 
7 --> 

* FSM state operations: 

State 1 <SV = 0> <Delay = 3.18>
ST_1 : Operation 8 [1/1] (0.00ns)   --->   "%key_read = call i64 @_ssdm_op_Read.ap_auto.i64(i64 %key) nounwind" [desDecrypt.c:14]   --->   Operation 8 'read' 'key_read' <Predicate = true> <Delay = 0.00>
ST_1 : Operation 9 [1/1] (0.00ns)   --->   "%input_read = call i64 @_ssdm_op_Read.ap_auto.i64(i64 %input_r) nounwind" [desDecrypt.c:14]   --->   Operation 9 'read' 'input_read' <Predicate = true> <Delay = 0.00>
ST_1 : Operation 10 [1/1] (0.00ns)   --->   "%key_c = alloca i64, align 8" [desDecrypt.c:14]   --->   Operation 10 'alloca' 'key_c' <Predicate = true> <Delay = 0.00> <Core = "FIFO">   --->   Core 32 'FIFO' <Latency = 0> <II = 1> <Delay = 3.18> <Storage> <Opcode : 'read' 'write' 'nbread' 'nbwrite'> <Ports = 0> <Width = 64> <Depth = 2> <FIFO>
ST_1 : Operation 11 [1/1] (0.00ns)   --->   "%input_c = alloca i64, align 8" [desDecrypt.c:14]   --->   Operation 11 'alloca' 'input_c' <Predicate = true> <Delay = 0.00> <Core = "FIFO">   --->   Core 32 'FIFO' <Latency = 0> <II = 1> <Delay = 3.18> <Storage> <Opcode : 'read' 'write' 'nbread' 'nbwrite'> <Ports = 0> <Width = 64> <Depth = 2> <FIFO>
ST_1 : Operation 12 [1/1] (1.75ns)   --->   "%sub_key = alloca [16 x i48], align 8" [desDecrypt.c:32]   --->   Operation 12 'alloca' 'sub_key' <Predicate = true> <Delay = 1.75>
ST_1 : Operation 13 [1/1] (3.18ns)   --->   "call fastcc void @des_dec.entry7(i64 %input_read, i64 %key_read, i64* %input_c, i64* %key_c) nounwind" [desDecrypt.c:15]   --->   Operation 13 'call' <Predicate = true> <Delay = 3.18> <CoreType = "Generic">   --->   Core 0 '' <Latency = 0> <II = 1> <Delay = 1.00> <Generic> <Opcode : >

State 2 <SV = 1> <Delay = 0.00>
ST_2 : Operation 14 [2/2] (0.00ns)   --->   "%init_perm_res_0_loc_s = call fastcc i64 @Loop_unroll1_proc(i64* %input_c) nounwind" [desDecrypt.c:14]   --->   Operation 14 'call' 'init_perm_res_0_loc_s' <Predicate = true> <Delay = 0.00> <Core = "FIFO">   --->   Core 32 'FIFO' <Latency = 0> <II = 1> <Delay = 3.18> <Storage> <Opcode : 'read' 'write' 'nbread' 'nbwrite'> <Ports = 0> <Width = 64> <Depth = 2> <FIFO>
ST_2 : Operation 15 [2/2] (0.00ns)   --->   "%call_ret = call fastcc { i64, i60 } @Loop_unroll2_proc(i64* %key_c) nounwind" [desDecrypt.c:14]   --->   Operation 15 'call' 'call_ret' <Predicate = true> <Delay = 0.00> <CoreType = "Generic">   --->   Core 0 '' <Latency = 0> <II = 1> <Delay = 1.00> <Generic> <Opcode : >

State 3 <SV = 2> <Delay = 1.45>
ST_3 : Operation 16 [1/2] (0.00ns)   --->   "%init_perm_res_0_loc_s = call fastcc i64 @Loop_unroll1_proc(i64* %input_c) nounwind" [desDecrypt.c:14]   --->   Operation 16 'call' 'init_perm_res_0_loc_s' <Predicate = true> <Delay = 0.00> <Core = "FIFO">   --->   Core 32 'FIFO' <Latency = 0> <II = 1> <Delay = 3.18> <Storage> <Opcode : 'read' 'write' 'nbread' 'nbwrite'> <Ports = 0> <Width = 64> <Depth = 2> <FIFO>
ST_3 : Operation 17 [1/2] (0.00ns)   --->   "%call_ret = call fastcc { i64, i60 } @Loop_unroll2_proc(i64* %key_c) nounwind" [desDecrypt.c:14]   --->   Operation 17 'call' 'call_ret' <Predicate = true> <Delay = 0.00> <CoreType = "Generic">   --->   Core 0 '' <Latency = 0> <II = 1> <Delay = 1.00> <Generic> <Opcode : >
ST_3 : Operation 18 [1/1] (0.00ns)   --->   "%permuted_choice_1_0_s = extractvalue { i64, i60 } %call_ret, 0" [desDecrypt.c:14]   --->   Operation 18 'extractvalue' 'permuted_choice_1_0_s' <Predicate = true> <Delay = 0.00> <Core = "FIFO">   --->   Core 32 'FIFO' <Latency = 0> <II = 1> <Delay = 3.18> <Storage> <Opcode : 'read' 'write' 'nbread' 'nbwrite'> <Ports = 0> <Width = 64> <Depth = 2> <FIFO>
ST_3 : Operation 19 [1/1] (0.00ns)   --->   "%permuted_choice_1_0_1 = extractvalue { i64, i60 } %call_ret, 1" [desDecrypt.c:14]   --->   Operation 19 'extractvalue' 'permuted_choice_1_0_1' <Predicate = true> <Delay = 0.00> <Core = "FIFO">   --->   Core 32 'FIFO' <Latency = 0> <II = 1> <Delay = 3.18> <Storage> <Opcode : 'read' 'write' 'nbread' 'nbwrite'> <Ports = 0> <Width = 64> <Depth = 2> <FIFO>
ST_3 : Operation 20 [2/2] (1.45ns)   --->   "call fastcc void @Loop_loop3_proc(i60 %permuted_choice_1_0_1, i64 %permuted_choice_1_0_s, [16 x i48]* %sub_key) nounwind" [desDecrypt.c:14]   --->   Operation 20 'call' <Predicate = true> <Delay = 1.45> <CoreType = "Generic">   --->   Core 0 '' <Latency = 0> <II = 1> <Delay = 1.00> <Generic> <Opcode : >

State 4 <SV = 3> <Delay = 0.00>
ST_4 : Operation 21 [1/2] (0.00ns)   --->   "call fastcc void @Loop_loop3_proc(i60 %permuted_choice_1_0_1, i64 %permuted_choice_1_0_s, [16 x i48]* %sub_key) nounwind" [desDecrypt.c:14]   --->   Operation 21 'call' <Predicate = true> <Delay = 0.00> <CoreType = "Generic">   --->   Core 0 '' <Latency = 0> <II = 1> <Delay = 1.00> <Generic> <Opcode : >

State 5 <SV = 4> <Delay = 1.35>
ST_5 : Operation 22 [1/1] (0.00ns)   --->   "%call_ret1 = call fastcc { i32, i32 } @Block_des_dec_.exit2(i64 %init_perm_res_0_loc_s) nounwind" [desDecrypt.c:14]   --->   Operation 22 'call' 'call_ret1' <Predicate = true> <Delay = 0.00> <CoreType = "Generic">   --->   Core 0 '' <Latency = 0> <II = 1> <Delay = 1.00> <Generic> <Opcode : >
ST_5 : Operation 23 [1/1] (0.00ns)   --->   "%L_loc_channel = extractvalue { i32, i32 } %call_ret1, 0" [desDecrypt.c:14]   --->   Operation 23 'extractvalue' 'L_loc_channel' <Predicate = true> <Delay = 0.00> <Core = "FIFO">   --->   Core 32 'FIFO' <Latency = 0> <II = 1> <Delay = 3.18> <Storage> <Opcode : 'read' 'write' 'nbread' 'nbwrite'> <Ports = 0> <Width = 64> <Depth = 2> <FIFO>
ST_5 : Operation 24 [1/1] (0.00ns)   --->   "%R_loc_channel = extractvalue { i32, i32 } %call_ret1, 1" [desDecrypt.c:14]   --->   Operation 24 'extractvalue' 'R_loc_channel' <Predicate = true> <Delay = 0.00> <Core = "FIFO">   --->   Core 32 'FIFO' <Latency = 0> <II = 1> <Delay = 3.18> <Storage> <Opcode : 'read' 'write' 'nbread' 'nbwrite'> <Ports = 0> <Width = 64> <Depth = 2> <FIFO>
ST_5 : Operation 25 [2/2] (1.35ns)   --->   "%call_ret2 = call fastcc { i32, i32 } @Loop_Pipeline_loop4_(i32 %R_loc_channel, i32 %L_loc_channel, [16 x i48]* %sub_key) nounwind" [desDecrypt.c:14]   --->   Operation 25 'call' 'call_ret2' <Predicate = true> <Delay = 1.35> <CoreType = "Generic">   --->   Core 0 '' <Latency = 0> <II = 1> <Delay = 1.00> <Generic> <Opcode : >

State 6 <SV = 5> <Delay = 0.00>
ST_6 : Operation 26 [1/2] (0.00ns)   --->   "%call_ret2 = call fastcc { i32, i32 } @Loop_Pipeline_loop4_(i32 %R_loc_channel, i32 %L_loc_channel, [16 x i48]* %sub_key) nounwind" [desDecrypt.c:14]   --->   Operation 26 'call' 'call_ret2' <Predicate = true> <Delay = 0.00> <CoreType = "Generic">   --->   Core 0 '' <Latency = 0> <II = 1> <Delay = 1.00> <Generic> <Opcode : >
ST_6 : Operation 27 [1/1] (0.00ns)   --->   "%temp_loc_channel = extractvalue { i32, i32 } %call_ret2, 0" [desDecrypt.c:14]   --->   Operation 27 'extractvalue' 'temp_loc_channel' <Predicate = true> <Delay = 0.00> <Core = "FIFO">   --->   Core 32 'FIFO' <Latency = 0> <II = 1> <Delay = 3.18> <Storage> <Opcode : 'read' 'write' 'nbread' 'nbwrite'> <Ports = 0> <Width = 64> <Depth = 2> <FIFO>
ST_6 : Operation 28 [1/1] (0.00ns)   --->   "%L_0_loc_channel = extractvalue { i32, i32 } %call_ret2, 1" [desDecrypt.c:14]   --->   Operation 28 'extractvalue' 'L_0_loc_channel' <Predicate = true> <Delay = 0.00> <Core = "FIFO">   --->   Core 32 'FIFO' <Latency = 0> <II = 1> <Delay = 3.18> <Storage> <Opcode : 'read' 'write' 'nbread' 'nbwrite'> <Ports = 0> <Width = 64> <Depth = 2> <FIFO>
ST_6 : Operation 29 [2/2] (0.00ns)   --->   "%inv_init_perm_res_0_s = call fastcc i64 @Loop_loop5_proc(i32 %temp_loc_channel, i32 %L_0_loc_channel) nounwind" [desDecrypt.c:14]   --->   Operation 29 'call' 'inv_init_perm_res_0_s' <Predicate = true> <Delay = 0.00> <Core = "FIFO">   --->   Core 32 'FIFO' <Latency = 0> <II = 1> <Delay = 3.18> <Storage> <Opcode : 'read' 'write' 'nbread' 'nbwrite'> <Ports = 0> <Width = 64> <Depth = 2> <FIFO>

State 7 <SV = 6> <Delay = 0.00>
ST_7 : Operation 30 [1/1] (0.00ns)   --->   "call void (...)* @_ssdm_op_SpecDataflowPipeline(i32 -1, i32 0, [1 x i8]* @p_str) nounwind" [desDecrypt.c:15]   --->   Operation 30 'specdataflowpipeline' <Predicate = true> <Delay = 0.00>
ST_7 : Operation 31 [1/1] (0.00ns)   --->   "call void (...)* @_ssdm_op_SpecBitsMap(i64 %input_r) nounwind, !map !8"   --->   Operation 31 'specbitsmap' <Predicate = true> <Delay = 0.00>
ST_7 : Operation 32 [1/1] (0.00ns)   --->   "call void (...)* @_ssdm_op_SpecBitsMap(i64 %key) nounwind, !map !14"   --->   Operation 32 'specbitsmap' <Predicate = true> <Delay = 0.00>
ST_7 : Operation 33 [1/1] (0.00ns)   --->   "call void (...)* @_ssdm_op_SpecBitsMap(i64 0) nounwind, !map !18"   --->   Operation 33 'specbitsmap' <Predicate = true> <Delay = 0.00>
ST_7 : Operation 34 [1/1] (0.00ns)   --->   "call void (...)* @_ssdm_op_SpecTopModule([8 x i8]* @des_dec_str) nounwind"   --->   Operation 34 'spectopmodule' <Predicate = true> <Delay = 0.00>
ST_7 : Operation 35 [1/1] (0.00ns)   --->   "%empty = call i32 (...)* @_ssdm_op_SpecChannel([8 x i8]* @input_c_str, i32 1, [1 x i8]* @p_str, [1 x i8]* @p_str, i32 2, i32 0, i64* %input_c, i64* %input_c) nounwind" [desDecrypt.c:14]   --->   Operation 35 'specchannel' 'empty' <Predicate = true> <Delay = 0.00>
ST_7 : Operation 36 [1/1] (0.00ns)   --->   "%empty_29 = call i32 (...)* @_ssdm_op_SpecInterface(i64* %input_c, [8 x i8]* @ap_fifo_str, i32 0, i32 0, [1 x i8]* @p_str, i32 0, i32 0, [1 x i8]* @p_str, [1 x i8]* @p_str, [1 x i8]* @p_str, i32 2, i32 2, i32 16, i32 16, [1 x i8]* @p_str, [1 x i8]* @p_str) nounwind" [desDecrypt.c:14]   --->   Operation 36 'specinterface' 'empty_29' <Predicate = true> <Delay = 0.00>
ST_7 : Operation 37 [1/1] (0.00ns)   --->   "%empty_30 = call i32 (...)* @_ssdm_op_SpecChannel([6 x i8]* @key_c_str, i32 1, [1 x i8]* @p_str, [1 x i8]* @p_str, i32 2, i32 0, i64* %key_c, i64* %key_c) nounwind" [desDecrypt.c:14]   --->   Operation 37 'specchannel' 'empty_30' <Predicate = true> <Delay = 0.00>
ST_7 : Operation 38 [1/1] (0.00ns)   --->   "%empty_31 = call i32 (...)* @_ssdm_op_SpecInterface(i64* %key_c, [8 x i8]* @ap_fifo_str, i32 0, i32 0, [1 x i8]* @p_str, i32 0, i32 0, [1 x i8]* @p_str, [1 x i8]* @p_str, [1 x i8]* @p_str, i32 2, i32 2, i32 16, i32 16, [1 x i8]* @p_str, [1 x i8]* @p_str) nounwind" [desDecrypt.c:14]   --->   Operation 38 'specinterface' 'empty_31' <Predicate = true> <Delay = 0.00>
ST_7 : Operation 39 [1/2] (0.00ns)   --->   "%inv_init_perm_res_0_s = call fastcc i64 @Loop_loop5_proc(i32 %temp_loc_channel, i32 %L_0_loc_channel) nounwind" [desDecrypt.c:14]   --->   Operation 39 'call' 'inv_init_perm_res_0_s' <Predicate = true> <Delay = 0.00> <Core = "FIFO">   --->   Core 32 'FIFO' <Latency = 0> <II = 1> <Delay = 3.18> <Storage> <Opcode : 'read' 'write' 'nbread' 'nbwrite'> <Ports = 0> <Width = 64> <Depth = 2> <FIFO>
ST_7 : Operation 40 [1/1] (0.00ns)   --->   "%tmp = call fastcc i64 @__desDecrypt.c_line2(i64 %inv_init_perm_res_0_s) nounwind" [desDecrypt.c:274]   --->   Operation 40 'call' 'tmp' <Predicate = true> <Delay = 0.00> <CoreType = "Generic">   --->   Core 0 '' <Latency = 0> <II = 1> <Delay = 1.00> <Generic> <Opcode : >
ST_7 : Operation 41 [1/1] (0.00ns)   --->   "ret i64 %tmp" [desDecrypt.c:274]   --->   Operation 41 'ret' <Predicate = true> <Delay = 0.00>


============================================================
+ Verbose Summary: Binding
============================================================
STG Binding: 
---------------- STG Properties BEGIN ----------------
- Is combinational: 0
- Is one-state seq: 0
- Is datapath-only: 0
- Is pipelined: 0
- Is top level: 1
Port [ Return ] is wired: 1; IO mode=ap_ctrl_hs:ce=0
Port [ input_r]:  wired=1; compound=0; hidden=0; nouse=0; global=0; static=0; extern=0; dir=0; type=0; pingpong=0; private_global=0; IO mode=ap_none:ce=0
Port [ key]:  wired=1; compound=0; hidden=0; nouse=0; global=0; static=0; extern=0; dir=0; type=0; pingpong=0; private_global=0; IO mode=ap_none:ce=0
Port [ IP]:  wired=0; compound=1; hidden=1; nouse=1; global=1; static=1; extern=0; dir=0; type=1; pingpong=0; private_global=0; linkage=7; visibility=0; MemPort=[1]; IO mode=ap_memory:ce=0
Port [ PC1]:  wired=0; compound=1; hidden=1; nouse=1; global=1; static=1; extern=0; dir=0; type=1; pingpong=0; private_global=0; linkage=7; visibility=0; MemPort=[1]; IO mode=ap_memory:ce=0
Port [ S]:  wired=0; compound=1; hidden=1; nouse=1; global=1; static=1; extern=0; dir=0; type=1; pingpong=0; private_global=0; linkage=7; visibility=0; MemPort=[11111111]; IO mode=ap_memory:ce=0
Port [ PI]:  wired=0; compound=1; hidden=1; nouse=1; global=1; static=1; extern=0; dir=0; type=1; pingpong=0; private_global=0; linkage=7; visibility=0; MemPort=[1]; IO mode=ap_memory:ce=0
---------------- STG Properties END ------------------

---------------- Datapath Model BEGIN ----------------

<LifeTime>
<method=bitvector/>
key_read                  (read                ) [ 00000000]
input_read                (read                ) [ 00000000]
key_c                     (alloca              ) [ 01111111]
input_c                   (alloca              ) [ 01111111]
sub_key                   (alloca              ) [ 00111110]
call_ln15                 (call                ) [ 00000000]
init_perm_res_0_loc_s     (call                ) [ 00001100]
call_ret                  (call                ) [ 00000000]
permuted_choice_1_0_s     (extractvalue        ) [ 00001000]
permuted_choice_1_0_1     (extractvalue        ) [ 00001000]
call_ln14                 (call                ) [ 00000000]
call_ret1                 (call                ) [ 00000000]
L_loc_channel             (extractvalue        ) [ 00000010]
R_loc_channel             (extractvalue        ) [ 00000010]
call_ret2                 (call                ) [ 00000000]
temp_loc_channel          (extractvalue        ) [ 00000001]
L_0_loc_channel           (extractvalue        ) [ 00000001]
specdataflowpipeline_ln15 (specdataflowpipeline) [ 00000000]
specbitsmap_ln0           (specbitsmap         ) [ 00000000]
specbitsmap_ln0           (specbitsmap         ) [ 00000000]
specbitsmap_ln0           (specbitsmap         ) [ 00000000]
spectopmodule_ln0         (spectopmodule       ) [ 00000000]
empty                     (specchannel         ) [ 00000000]
empty_29                  (specinterface       ) [ 00000000]
empty_30                  (specchannel         ) [ 00000000]
empty_31                  (specinterface       ) [ 00000000]
inv_init_perm_res_0_s     (call                ) [ 00000000]
tmp                       (call                ) [ 00000000]
ret_ln274                 (ret                 ) [ 00000000]
</LifeTime>

<model>

<comp_list>
<comp id="0" class="1000" name="input_r">
<pin_list>
<pin id="1" dir="1" index="0" bw="1" slack="0"/>
</pin_list>
<bind>
<StgValue><ssdm name="input_r"/></StgValue>
</bind>
</comp>

<comp id="2" class="1000" name="key">
<pin_list>
<pin id="3" dir="1" index="0" bw="1" slack="0"/>
</pin_list>
<bind>
<StgValue><ssdm name="key"/></StgValue>
</bind>
</comp>

<comp id="4" class="1000" name="IP">
<pin_list>
<pin id="5" dir="1" index="0" bw="1" slack="0"/>
</pin_list>
<bind>
<StgValue><ssdm name="IP"/><MemPortTyVec>1 </MemPortTyVec>
</StgValue>
</bind>
</comp>

<comp id="6" class="1000" name="PC1">
<pin_list>
<pin id="7" dir="1" index="0" bw="1" slack="0"/>
</pin_list>
<bind>
<StgValue><ssdm name="PC1"/><MemPortTyVec>1 </MemPortTyVec>
</StgValue>
</bind>
</comp>

<comp id="8" class="1000" name="S">
<pin_list>
<pin id="9" dir="1" index="0" bw="1" slack="0"/>
</pin_list>
<bind>
<StgValue><ssdm name="S"/><MemPortTyVec>1 1 1 1 1 1 1 1 </MemPortTyVec>
</StgValue>
</bind>
</comp>

<comp id="10" class="1000" name="PI">
<pin_list>
<pin id="11" dir="1" index="0" bw="1" slack="0"/>
</pin_list>
<bind>
<StgValue><ssdm name="PI"/><MemPortTyVec>1 </MemPortTyVec>
</StgValue>
</bind>
</comp>

<comp id="12" class="1001" name="const_12">
<pin_list>
<pin id="13" dir="1" index="0" bw="1" slack="0"/>
</pin_list>
<bind>
<StgValue><ssdm name="_ssdm_op_Read.ap_auto.i64"/></StgValue>
</bind>
</comp>

<comp id="14" class="1001" name="const_14">
<pin_list>
<pin id="15" dir="1" index="0" bw="1" slack="0"/>
</pin_list>
<bind>
<StgValue><ssdm name=""/></StgValue>
</bind>
</comp>

<comp id="16" class="1001" name="const_16">
<pin_list>
<pin id="17" dir="1" index="0" bw="1" slack="0"/>
</pin_list>
<bind>
<StgValue><ssdm name="des_dec.entry7"/></StgValue>
</bind>
</comp>

<comp id="18" class="1001" name="const_18">
<pin_list>
<pin id="19" dir="1" index="0" bw="1" slack="0"/>
</pin_list>
<bind>
<StgValue><ssdm name="Loop_unroll1_proc"/></StgValue>
</bind>
</comp>

<comp id="20" class="1001" name="const_20">
<pin_list>
<pin id="21" dir="1" index="0" bw="1" slack="0"/>
</pin_list>
<bind>
<StgValue><ssdm name="Loop_unroll2_proc"/></StgValue>
</bind>
</comp>

<comp id="22" class="1001" name="const_22">
<pin_list>
<pin id="23" dir="1" index="0" bw="1" slack="0"/>
</pin_list>
<bind>
<StgValue><ssdm name="Loop_loop3_proc"/></StgValue>
</bind>
</comp>

<comp id="24" class="1001" name="const_24">
<pin_list>
<pin id="25" dir="1" index="0" bw="1" slack="0"/>
</pin_list>
<bind>
<StgValue><ssdm name="Block_des_dec_.exit2"/></StgValue>
</bind>
</comp>

<comp id="26" class="1001" name="const_26">
<pin_list>
<pin id="27" dir="1" index="0" bw="1" slack="0"/>
</pin_list>
<bind>
<StgValue><ssdm name="Loop_Pipeline_loop4_"/></StgValue>
</bind>
</comp>

<comp id="28" class="1001" name="const_28">
<pin_list>
<pin id="29" dir="1" index="0" bw="1" slack="0"/>
</pin_list>
<bind>
<StgValue><ssdm name="Loop_loop5_proc"/></StgValue>
</bind>
</comp>

<comp id="30" class="1001" name="const_30">
<pin_list>
<pin id="31" dir="1" index="0" bw="1" slack="2147483647"/>
</pin_list>
<bind>
<StgValue><ssdm name="_ssdm_op_SpecDataflowPipeline"/></StgValue>
</bind>
</comp>

<comp id="32" class="1001" name="const_32">
<pin_list>
<pin id="33" dir="1" index="0" bw="1" slack="2147483647"/>
</pin_list>
<bind>
<StgValue><ssdm name=""/></StgValue>
</bind>
</comp>

<comp id="34" class="1001" name="const_34">
<pin_list>
<pin id="35" dir="1" index="0" bw="1" slack="2147483647"/>
</pin_list>
<bind>
<StgValue><ssdm name=""/></StgValue>
</bind>
</comp>

<comp id="36" class="1001" name="const_36">
<pin_list>
<pin id="37" dir="1" index="0" bw="1" slack="2147483647"/>
</pin_list>
<bind>
<StgValue><ssdm name="p_str"/></StgValue>
</bind>
</comp>

<comp id="38" class="1001" name="const_38">
<pin_list>
<pin id="39" dir="1" index="0" bw="1" slack="2147483647"/>
</pin_list>
<bind>
<StgValue><ssdm name="_ssdm_op_SpecBitsMap"/></StgValue>
</bind>
</comp>

<comp id="40" class="1001" name="const_40">
<pin_list>
<pin id="41" dir="1" index="0" bw="1" slack="2147483647"/>
</pin_list>
<bind>
<StgValue><ssdm name=""/></StgValue>
</bind>
</comp>

<comp id="42" class="1001" name="const_42">
<pin_list>
<pin id="43" dir="1" index="0" bw="1" slack="2147483647"/>
</pin_list>
<bind>
<StgValue><ssdm name="_ssdm_op_SpecTopModule"/></StgValue>
</bind>
</comp>

<comp id="44" class="1001" name="const_44">
<pin_list>
<pin id="45" dir="1" index="0" bw="1" slack="2147483647"/>
</pin_list>
<bind>
<StgValue><ssdm name="des_dec_str"/></StgValue>
</bind>
</comp>

<comp id="46" class="1001" name="const_46">
<pin_list>
<pin id="47" dir="1" index="0" bw="1" slack="2147483647"/>
</pin_list>
<bind>
<StgValue><ssdm name="_ssdm_op_SpecChannel"/></StgValue>
</bind>
</comp>

<comp id="48" class="1001" name="const_48">
<pin_list>
<pin id="49" dir="1" index="0" bw="1" slack="2147483647"/>
</pin_list>
<bind>
<StgValue><ssdm name="input_c_str"/></StgValue>
</bind>
</comp>

<comp id="50" class="1001" name="const_50">
<pin_list>
<pin id="51" dir="1" index="0" bw="1" slack="2147483647"/>
</pin_list>
<bind>
<StgValue><ssdm name=""/></StgValue>
</bind>
</comp>

<comp id="52" class="1001" name="const_52">
<pin_list>
<pin id="53" dir="1" index="0" bw="1" slack="2147483647"/>
</pin_list>
<bind>
<StgValue><ssdm name=""/></StgValue>
</bind>
</comp>

<comp id="54" class="1001" name="const_54">
<pin_list>
<pin id="55" dir="1" index="0" bw="1" slack="2147483647"/>
</pin_list>
<bind>
<StgValue><ssdm name="_ssdm_op_SpecInterface"/></StgValue>
</bind>
</comp>

<comp id="56" class="1001" name="const_56">
<pin_list>
<pin id="57" dir="1" index="0" bw="1" slack="2147483647"/>
</pin_list>
<bind>
<StgValue><ssdm name="ap_fifo_str"/></StgValue>
</bind>
</comp>

<comp id="58" class="1001" name="const_58">
<pin_list>
<pin id="59" dir="1" index="0" bw="1" slack="2147483647"/>
</pin_list>
<bind>
<StgValue><ssdm name=""/></StgValue>
</bind>
</comp>

<comp id="60" class="1001" name="const_60">
<pin_list>
<pin id="61" dir="1" index="0" bw="1" slack="2147483647"/>
</pin_list>
<bind>
<StgValue><ssdm name="key_c_str"/></StgValue>
</bind>
</comp>

<comp id="62" class="1001" name="const_62">
<pin_list>
<pin id="63" dir="1" index="0" bw="1" slack="0"/>
</pin_list>
<bind>
<StgValue><ssdm name="__desDecrypt.c_line2"/></StgValue>
</bind>
</comp>

<comp id="64" class="1004" name="key_c_fu_64">
<pin_list>
<pin id="65" dir="0" index="0" bw="1" slack="0"/>
<pin id="66" dir="1" index="1" bw="64" slack="0"/>
</pin_list>
<bind>
<opcode="alloca(26) " fcode="alloca"/>
<opset="key_c/1 "/>
</bind>
</comp>

<comp id="68" class="1004" name="input_c_fu_68">
<pin_list>
<pin id="69" dir="0" index="0" bw="1" slack="0"/>
<pin id="70" dir="1" index="1" bw="64" slack="0"/>
</pin_list>
<bind>
<opcode="alloca(26) " fcode="alloca"/>
<opset="input_c/1 "/>
</bind>
</comp>

<comp id="72" class="1004" name="sub_key_alloca_fu_72">
<pin_list>
<pin id="73" dir="0" index="0" bw="1" slack="0"/>
<pin id="74" dir="1" index="1" bw="48" slack="2147483647"/>
</pin_list>
<bind>
<opcode="alloca(26) " fcode="alloca"/>
<opset="sub_key/1 "/>
</bind>
</comp>

<comp id="76" class="1004" name="key_read_read_fu_76">
<pin_list>
<pin id="77" dir="0" index="0" bw="64" slack="0"/>
<pin id="78" dir="0" index="1" bw="64" slack="0"/>
<pin id="79" dir="1" index="2" bw="64" slack="0"/>
</pin_list>
<bind>
<opcode="read(1150) " fcode="read"/>
<opset="key_read/1 "/>
</bind>
</comp>

<comp id="82" class="1004" name="input_read_read_fu_82">
<pin_list>
<pin id="83" dir="0" index="0" bw="64" slack="0"/>
<pin id="84" dir="0" index="1" bw="64" slack="0"/>
<pin id="85" dir="1" index="2" bw="64" slack="0"/>
</pin_list>
<bind>
<opcode="read(1150) " fcode="read"/>
<opset="input_read/1 "/>
</bind>
</comp>

<comp id="88" class="1004" name="grp_Loop_Pipeline_loop4_s_fu_88">
<pin_list>
<pin id="89" dir="0" index="0" bw="64" slack="0"/>
<pin id="90" dir="0" index="1" bw="32" slack="0"/>
<pin id="91" dir="0" index="2" bw="32" slack="0"/>
<pin id="92" dir="0" index="3" bw="48" slack="2147483647"/>
<pin id="93" dir="0" index="4" bw="4" slack="0"/>
<pin id="94" dir="1" index="5" bw="64" slack="0"/>
</pin_list>
<bind>
<opcode="call(48) " fcode="call"/>
<opset="call_ret2/5 "/>
</bind>
</comp>

<comp id="97" class="1004" name="grp_Loop_loop5_proc_fu_97">
<pin_list>
<pin id="98" dir="0" index="0" bw="64" slack="0"/>
<pin id="99" dir="0" index="1" bw="32" slack="0"/>
<pin id="100" dir="0" index="2" bw="32" slack="0"/>
<pin id="101" dir="0" index="3" bw="7" slack="0"/>
<pin id="102" dir="1" index="4" bw="64" slack="0"/>
</pin_list>
<bind>
<opcode="call(48) " fcode="call"/>
<opset="inv_init_perm_res_0_s/6 "/>
</bind>
</comp>

<comp id="105" class="1004" name="grp_Loop_unroll1_proc_fu_105">
<pin_list>
<pin id="106" dir="0" index="0" bw="64" slack="0"/>
<pin id="107" dir="0" index="1" bw="64" slack="1"/>
<pin id="108" dir="0" index="2" bw="7" slack="0"/>
<pin id="109" dir="1" index="3" bw="64" slack="2"/>
</pin_list>
<bind>
<opcode="call(48) " fcode="call"/>
<opset="init_perm_res_0_loc_s/2 "/>
</bind>
</comp>

<comp id="112" class="1004" name="grp_Loop_unroll2_proc_fu_112">
<pin_list>
<pin id="113" dir="0" index="0" bw="124" slack="0"/>
<pin id="114" dir="0" index="1" bw="64" slack="1"/>
<pin id="115" dir="0" index="2" bw="6" slack="0"/>
<pin id="116" dir="1" index="3" bw="124" slack="0"/>
</pin_list>
<bind>
<opcode="call(48) " fcode="call"/>
<opset="call_ret/2 "/>
</bind>
</comp>

<comp id="119" class="1004" name="grp_Loop_loop3_proc_fu_119">
<pin_list>
<pin id="120" dir="0" index="0" bw="0" slack="0"/>
<pin id="121" dir="0" index="1" bw="60" slack="0"/>
<pin id="122" dir="0" index="2" bw="64" slack="0"/>
<pin id="123" dir="0" index="3" bw="48" slack="2147483647"/>
<pin id="124" dir="1" index="4" bw="0" slack="2147483647"/>
</pin_list>
<bind>
<opcode="call(48) " fcode="call"/>
<opset="call_ln14/3 "/>
</bind>
</comp>

<comp id="126" class="1004" name="call_ret1_Block_des_dec_exit2_fu_126">
<pin_list>
<pin id="127" dir="0" index="0" bw="64" slack="0"/>
<pin id="128" dir="0" index="1" bw="64" slack="2"/>
<pin id="129" dir="1" index="2" bw="64" slack="0"/>
</pin_list>
<bind>
<opcode="call(48) " fcode="call"/>
<opset="call_ret1/5 "/>
</bind>
</comp>

<comp id="131" class="1004" name="call_ln15_des_dec_entry7_fu_131">
<pin_list>
<pin id="132" dir="0" index="0" bw="0" slack="0"/>
<pin id="133" dir="0" index="1" bw="64" slack="0"/>
<pin id="134" dir="0" index="2" bw="64" slack="0"/>
<pin id="135" dir="0" index="3" bw="64" slack="0"/>
<pin id="136" dir="0" index="4" bw="64" slack="0"/>
<pin id="137" dir="1" index="5" bw="0" slack="2147483647"/>
</pin_list>
<bind>
<opcode="call(48) " fcode="call"/>
<opset="call_ln15/1 "/>
</bind>
</comp>

<comp id="141" class="1004" name="tmp_p_desDecrypt_c_line2_fu_141">
<pin_list>
<pin id="142" dir="0" index="0" bw="64" slack="0"/>
<pin id="143" dir="0" index="1" bw="64" slack="0"/>
<pin id="144" dir="1" index="2" bw="64" slack="2147483647"/>
</pin_list>
<bind>
<opcode="call(48) " fcode="call"/>
<opset="tmp/7 "/>
</bind>
</comp>

<comp id="147" class="1004" name="permuted_choice_1_0_s_fu_147">
<pin_list>
<pin id="148" dir="0" index="0" bw="124" slack="0"/>
<pin id="149" dir="1" index="1" bw="64" slack="0"/>
</pin_list>
<bind>
<opcode="extractvalue(56) " fcode="extractvalue"/>
<opset="permuted_choice_1_0_s/3 "/>
</bind>
</comp>

<comp id="152" class="1004" name="permuted_choice_1_0_1_fu_152">
<pin_list>
<pin id="153" dir="0" index="0" bw="124" slack="0"/>
<pin id="154" dir="1" index="1" bw="60" slack="0"/>
</pin_list>
<bind>
<opcode="extractvalue(56) " fcode="extractvalue"/>
<opset="permuted_choice_1_0_1/3 "/>
</bind>
</comp>

<comp id="157" class="1004" name="L_loc_channel_fu_157">
<pin_list>
<pin id="158" dir="0" index="0" bw="64" slack="0"/>
<pin id="159" dir="1" index="1" bw="32" slack="0"/>
</pin_list>
<bind>
<opcode="extractvalue(56) " fcode="extractvalue"/>
<opset="L_loc_channel/5 "/>
</bind>
</comp>

<comp id="162" class="1004" name="R_loc_channel_fu_162">
<pin_list>
<pin id="163" dir="0" index="0" bw="64" slack="0"/>
<pin id="164" dir="1" index="1" bw="32" slack="0"/>
</pin_list>
<bind>
<opcode="extractvalue(56) " fcode="extractvalue"/>
<opset="R_loc_channel/5 "/>
</bind>
</comp>

<comp id="167" class="1004" name="temp_loc_channel_fu_167">
<pin_list>
<pin id="168" dir="0" index="0" bw="64" slack="0"/>
<pin id="169" dir="1" index="1" bw="32" slack="0"/>
</pin_list>
<bind>
<opcode="extractvalue(56) " fcode="extractvalue"/>
<opset="temp_loc_channel/6 "/>
</bind>
</comp>

<comp id="172" class="1004" name="L_0_loc_channel_fu_172">
<pin_list>
<pin id="173" dir="0" index="0" bw="64" slack="0"/>
<pin id="174" dir="1" index="1" bw="32" slack="0"/>
</pin_list>
<bind>
<opcode="extractvalue(56) " fcode="extractvalue"/>
<opset="L_0_loc_channel/6 "/>
</bind>
</comp>

<comp id="177" class="1005" name="key_c_reg_177">
<pin_list>
<pin id="178" dir="0" index="0" bw="64" slack="0"/>
<pin id="179" dir="1" index="1" bw="64" slack="0"/>
</pin_list>
<bind>
<opset="key_c "/>
</bind>
</comp>

<comp id="183" class="1005" name="input_c_reg_183">
<pin_list>
<pin id="184" dir="0" index="0" bw="64" slack="0"/>
<pin id="185" dir="1" index="1" bw="64" slack="0"/>
</pin_list>
<bind>
<opset="input_c "/>
</bind>
</comp>

<comp id="189" class="1005" name="init_perm_res_0_loc_s_reg_189">
<pin_list>
<pin id="190" dir="0" index="0" bw="64" slack="2"/>
<pin id="191" dir="1" index="1" bw="64" slack="2"/>
</pin_list>
<bind>
<opset="init_perm_res_0_loc_s "/>
</bind>
</comp>

<comp id="194" class="1005" name="permuted_choice_1_0_s_reg_194">
<pin_list>
<pin id="195" dir="0" index="0" bw="64" slack="1"/>
<pin id="196" dir="1" index="1" bw="64" slack="1"/>
</pin_list>
<bind>
<opset="permuted_choice_1_0_s "/>
</bind>
</comp>

<comp id="199" class="1005" name="permuted_choice_1_0_1_reg_199">
<pin_list>
<pin id="200" dir="0" index="0" bw="60" slack="1"/>
<pin id="201" dir="1" index="1" bw="60" slack="1"/>
</pin_list>
<bind>
<opset="permuted_choice_1_0_1 "/>
</bind>
</comp>

<comp id="204" class="1005" name="L_loc_channel_reg_204">
<pin_list>
<pin id="205" dir="0" index="0" bw="32" slack="1"/>
<pin id="206" dir="1" index="1" bw="32" slack="1"/>
</pin_list>
<bind>
<opset="L_loc_channel "/>
</bind>
</comp>

<comp id="209" class="1005" name="R_loc_channel_reg_209">
<pin_list>
<pin id="210" dir="0" index="0" bw="32" slack="1"/>
<pin id="211" dir="1" index="1" bw="32" slack="1"/>
</pin_list>
<bind>
<opset="R_loc_channel "/>
</bind>
</comp>

<comp id="214" class="1005" name="temp_loc_channel_reg_214">
<pin_list>
<pin id="215" dir="0" index="0" bw="32" slack="1"/>
<pin id="216" dir="1" index="1" bw="32" slack="1"/>
</pin_list>
<bind>
<opset="temp_loc_channel "/>
</bind>
</comp>

<comp id="219" class="1005" name="L_0_loc_channel_reg_219">
<pin_list>
<pin id="220" dir="0" index="0" bw="32" slack="1"/>
<pin id="221" dir="1" index="1" bw="32" slack="1"/>
</pin_list>
<bind>
<opset="L_0_loc_channel "/>
</bind>
</comp>

</comp_list>

<net_list>
<net id="67"><net_src comp="14" pin="0"/><net_sink comp="64" pin=0"/></net>

<net id="71"><net_src comp="14" pin="0"/><net_sink comp="68" pin=0"/></net>

<net id="75"><net_src comp="14" pin="0"/><net_sink comp="72" pin=0"/></net>

<net id="80"><net_src comp="12" pin="0"/><net_sink comp="76" pin=0"/></net>

<net id="81"><net_src comp="2" pin="0"/><net_sink comp="76" pin=1"/></net>

<net id="86"><net_src comp="12" pin="0"/><net_sink comp="82" pin=0"/></net>

<net id="87"><net_src comp="0" pin="0"/><net_sink comp="82" pin=1"/></net>

<net id="95"><net_src comp="26" pin="0"/><net_sink comp="88" pin=0"/></net>

<net id="96"><net_src comp="8" pin="0"/><net_sink comp="88" pin=4"/></net>

<net id="103"><net_src comp="28" pin="0"/><net_sink comp="97" pin=0"/></net>

<net id="104"><net_src comp="10" pin="0"/><net_sink comp="97" pin=3"/></net>

<net id="110"><net_src comp="18" pin="0"/><net_sink comp="105" pin=0"/></net>

<net id="111"><net_src comp="4" pin="0"/><net_sink comp="105" pin=2"/></net>

<net id="117"><net_src comp="20" pin="0"/><net_sink comp="112" pin=0"/></net>

<net id="118"><net_src comp="6" pin="0"/><net_sink comp="112" pin=2"/></net>

<net id="125"><net_src comp="22" pin="0"/><net_sink comp="119" pin=0"/></net>

<net id="130"><net_src comp="24" pin="0"/><net_sink comp="126" pin=0"/></net>

<net id="138"><net_src comp="16" pin="0"/><net_sink comp="131" pin=0"/></net>

<net id="139"><net_src comp="82" pin="2"/><net_sink comp="131" pin=1"/></net>

<net id="140"><net_src comp="76" pin="2"/><net_sink comp="131" pin=2"/></net>

<net id="145"><net_src comp="62" pin="0"/><net_sink comp="141" pin=0"/></net>

<net id="146"><net_src comp="97" pin="4"/><net_sink comp="141" pin=1"/></net>

<net id="150"><net_src comp="112" pin="3"/><net_sink comp="147" pin=0"/></net>

<net id="151"><net_src comp="147" pin="1"/><net_sink comp="119" pin=2"/></net>

<net id="155"><net_src comp="112" pin="3"/><net_sink comp="152" pin=0"/></net>

<net id="156"><net_src comp="152" pin="1"/><net_sink comp="119" pin=1"/></net>

<net id="160"><net_src comp="126" pin="2"/><net_sink comp="157" pin=0"/></net>

<net id="161"><net_src comp="157" pin="1"/><net_sink comp="88" pin=2"/></net>

<net id="165"><net_src comp="126" pin="2"/><net_sink comp="162" pin=0"/></net>

<net id="166"><net_src comp="162" pin="1"/><net_sink comp="88" pin=1"/></net>

<net id="170"><net_src comp="88" pin="5"/><net_sink comp="167" pin=0"/></net>

<net id="171"><net_src comp="167" pin="1"/><net_sink comp="97" pin=1"/></net>

<net id="175"><net_src comp="88" pin="5"/><net_sink comp="172" pin=0"/></net>

<net id="176"><net_src comp="172" pin="1"/><net_sink comp="97" pin=2"/></net>

<net id="180"><net_src comp="64" pin="1"/><net_sink comp="177" pin=0"/></net>

<net id="181"><net_src comp="177" pin="1"/><net_sink comp="131" pin=4"/></net>

<net id="182"><net_src comp="177" pin="1"/><net_sink comp="112" pin=1"/></net>

<net id="186"><net_src comp="68" pin="1"/><net_sink comp="183" pin=0"/></net>

<net id="187"><net_src comp="183" pin="1"/><net_sink comp="131" pin=3"/></net>

<net id="188"><net_src comp="183" pin="1"/><net_sink comp="105" pin=1"/></net>

<net id="192"><net_src comp="105" pin="3"/><net_sink comp="189" pin=0"/></net>

<net id="193"><net_src comp="189" pin="1"/><net_sink comp="126" pin=1"/></net>

<net id="197"><net_src comp="147" pin="1"/><net_sink comp="194" pin=0"/></net>

<net id="198"><net_src comp="194" pin="1"/><net_sink comp="119" pin=2"/></net>

<net id="202"><net_src comp="152" pin="1"/><net_sink comp="199" pin=0"/></net>

<net id="203"><net_src comp="199" pin="1"/><net_sink comp="119" pin=1"/></net>

<net id="207"><net_src comp="157" pin="1"/><net_sink comp="204" pin=0"/></net>

<net id="208"><net_src comp="204" pin="1"/><net_sink comp="88" pin=2"/></net>

<net id="212"><net_src comp="162" pin="1"/><net_sink comp="209" pin=0"/></net>

<net id="213"><net_src comp="209" pin="1"/><net_sink comp="88" pin=1"/></net>

<net id="217"><net_src comp="167" pin="1"/><net_sink comp="214" pin=0"/></net>

<net id="218"><net_src comp="214" pin="1"/><net_sink comp="97" pin=1"/></net>

<net id="222"><net_src comp="172" pin="1"/><net_sink comp="219" pin=0"/></net>

<net id="223"><net_src comp="219" pin="1"/><net_sink comp="97" pin=2"/></net>

</net_list>

</model> 
---------------- Datapath Model END ------------------

* FSMD analyzer results:
  - Output states:
 - Input state : 
	Port: des_dec : input_r | {1 }
	Port: des_dec : key | {1 }
	Port: des_dec : IP | {2 3 }
	Port: des_dec : PC1 | {2 3 }
	Port: des_dec : S | {5 6 }
	Port: des_dec : PI | {6 7 }
  - Chain level:
	State 1
		call_ln15 : 1
	State 2
	State 3
		permuted_choice_1_0_s : 1
		permuted_choice_1_0_1 : 1
		call_ln14 : 2
	State 4
	State 5
		L_loc_channel : 1
		R_loc_channel : 1
		call_ret2 : 2
	State 6
		temp_loc_channel : 1
		L_0_loc_channel : 1
		inv_init_perm_res_0_s : 2
	State 7
		tmp : 1
		ret_ln274 : 2


============================================================
+ Verbose Summary: Datapath Resource usage 
============================================================

* Functional unit list:
|----------|--------------------------------------|---------|---------|---------|
| Operation|            Functional Unit           |  Delay  |    FF   |   LUT   |
|----------|--------------------------------------|---------|---------|---------|
|          |    grp_Loop_Pipeline_loop4_s_fu_88   |  12.15  |   247   |   881   |
|          |       grp_Loop_loop5_proc_fu_97      |   2.7   |   213   |   241   |
|          |     grp_Loop_unroll1_proc_fu_105     |   2.7   |   213   |   241   |
|   call   |     grp_Loop_unroll2_proc_fu_112     |   2.7   |   211   |   241   |
|          |      grp_Loop_loop3_proc_fu_119      |   1.35  |    68   |    85   |
|          | call_ret1_Block_des_dec_exit2_fu_126 |    0    |    0    |    0    |
|          |    call_ln15_des_dec_entry7_fu_131   |    0    |    0    |    0    |
|          |    tmp_p_desDecrypt_c_line2_fu_141   |    0    |    0    |    0    |
|----------|--------------------------------------|---------|---------|---------|
|   read   |          key_read_read_fu_76         |    0    |    0    |    0    |
|          |         input_read_read_fu_82        |    0    |    0    |    0    |
|----------|--------------------------------------|---------|---------|---------|
|          |     permuted_choice_1_0_s_fu_147     |    0    |    0    |    0    |
|          |     permuted_choice_1_0_1_fu_152     |    0    |    0    |    0    |
|extractvalue|         L_loc_channel_fu_157         |    0    |    0    |    0    |
|          |         R_loc_channel_fu_162         |    0    |    0    |    0    |
|          |        temp_loc_channel_fu_167       |    0    |    0    |    0    |
|          |        L_0_loc_channel_fu_172        |    0    |    0    |    0    |
|----------|--------------------------------------|---------|---------|---------|
|   Total  |                                      |   21.6  |   952   |   1689  |
|----------|--------------------------------------|---------|---------|---------|

Memories:
+-------+--------+--------+--------+--------+
|       |  BRAM  |   FF   |   LUT  |  URAM  |
+-------+--------+--------+--------+--------+
|   IP  |    0   |    7   |    7   |    -   |
|  PC1  |    0   |    6   |    6   |    -   |
|   PI  |    0   |    7   |    7   |    -   |
|   S   |    4   |    0   |    0   |    -   |
|sub_key|    0   |   96   |   12   |    0   |
+-------+--------+--------+--------+--------+
| Total |    4   |   116  |   32   |    0   |
+-------+--------+--------+--------+--------+

* Register list:
+-----------------------------+--------+
|                             |   FF   |
+-----------------------------+--------+
|   L_0_loc_channel_reg_219   |   32   |
|    L_loc_channel_reg_204    |   32   |
|    R_loc_channel_reg_209    |   32   |
|init_perm_res_0_loc_s_reg_189|   64   |
|       input_c_reg_183       |   64   |
|        key_c_reg_177        |   64   |
|permuted_choice_1_0_1_reg_199|   60   |
|permuted_choice_1_0_s_reg_194|   64   |
|   temp_loc_channel_reg_214  |   32   |
+-----------------------------+--------+
|            Total            |   444  |
+-----------------------------+--------+

* Multiplexer (MUX) list: 
|---------------------------------|------|------|------|--------||---------||---------|
|               Comp              |  Pin | Size |  BW  | S x BW ||  Delay  ||   LUT   |
|---------------------------------|------|------|------|--------||---------||---------|
| grp_Loop_Pipeline_loop4_s_fu_88 |  p1  |   2  |  32  |   64   ||    9    |
| grp_Loop_Pipeline_loop4_s_fu_88 |  p2  |   2  |  32  |   64   ||    9    |
|    grp_Loop_loop5_proc_fu_97    |  p1  |   2  |  32  |   64   ||    9    |
|    grp_Loop_loop5_proc_fu_97    |  p2  |   2  |  32  |   64   ||    9    |
|    grp_Loop_loop3_proc_fu_119   |  p1  |   2  |  60  |   120  ||    9    |
|    grp_Loop_loop3_proc_fu_119   |  p2  |   2  |  64  |   128  ||    9    |
|---------------------------------|------|------|------|--------||---------||---------|
|              Total              |      |      |      |   504  ||   8.1   ||    54   |
|---------------------------------|------|------|------|--------||---------||---------|



* Summary:
+-----------+--------+--------+--------+--------+--------+
|           |  BRAM  |  Delay |   FF   |   LUT  |  URAM  |
+-----------+--------+--------+--------+--------+--------+
|  Function |    -   |   21   |   952  |  1689  |    -   |
|   Memory  |    4   |    -   |   116  |   32   |    0   |
|Multiplexer|    -   |    8   |    -   |   54   |    -   |
|  Register |    -   |    -   |   444  |    -   |    -   |
+-----------+--------+--------+--------+--------+--------+
|   Total   |    4   |   29   |  1512  |  1775  |    0   |
+-----------+--------+--------+--------+--------+--------+
