

================================================================
== Vivado HLS Report for 'Loop_Pipeline_loop4_s'
================================================================
* Date:           Wed Dec 23 14:16:38 2020

* Version:        2019.1 (Build 2552052 on Fri May 24 15:28:33 MDT 2019)
* Project:        DES_DEC
* Solution:       q21_6
* Product family: artix7
* Target device:  xc7a35tl-cpg236-2L


================================================================
== Performance Estimates
================================================================
+ Timing (ns): 
    * Summary: 
    +--------+-------+----------+------------+
    |  Clock | Target| Estimated| Uncertainty|
    +--------+-------+----------+------------+
    |ap_clk  |  10.00|     8.117|        1.25|
    +--------+-------+----------+------------+

+ Latency (clock cycles): 
    * Summary: 
    +-----+-----+-----+-----+---------+
    |  Latency  |  Interval | Pipeline|
    | min | max | min | max |   Type  |
    +-----+-----+-----+-----+---------+
    |   20|   20|   20|   20|   none  |
    +-----+-----+-----+-----+---------+

    + Detail: 
        * Instance: 
        N/A

        * Loop: 
        +------------------+-----+-----+----------+-----------+-----------+------+----------+
        |                  |  Latency  | Iteration|  Initiation Interval  | Trip |          |
        |     Loop Name    | min | max |  Latency |  achieved |   target  | Count| Pipelined|
        +------------------+-----+-----+----------+-----------+-----------+------+----------+
        |- Pipeline_loop4  |   18|   18|         3|          1|          1|    16|    yes   |
        +------------------+-----+-----+----------+-----------+-----------+------+----------+

============================================================
+ Verbose Summary: Synthesis Manager
============================================================
InlineROM: 1
ExposeGlobal: 0
============================================================
+ Verbose Summary: CDFG Model
============================================================
IsTopModel: 0
ResetActiveHigh: 1
IsCombinational: 2
IsDatapathOnly: 0
HasWiredReturn: 1
HasMFsm: 0
HasVarLatency: 1
IsPipeline: 0
IsRtlPipelined: 0
IsInstanceOverlapped: 0
IsDontTouch: 0
HasImplIP: 0
IsGatedGlobalClock: 0

+ Individual pipeline summary: 
  * Pipeline-0: initiation interval (II) = 1, depth = 3


============================================================
+ Verbose Summary: Schedule
============================================================
* Number of FSM states : 5
* Pipeline : 1
  Pipeline-0 : II = 1, D = 3, States = { 2 3 4 }
* Dataflow Pipeline: 0

* FSM state transitions: 
1 --> 2 
2 --> 3 
3 --> 4 
4 --> 5 2 
5 --> 

* FSM state operations: 

State 1 <SV = 0> <Delay = 1.35>
ST_1 : Operation 6 [1/1] (0.00ns)   --->   "%p_read_6 = call i32 @_ssdm_op_Read.ap_auto.i32(i32 %p_read1)"   --->   Operation 6 'read' 'p_read_6' <Predicate = true> <Delay = 0.00>
ST_1 : Operation 7 [1/1] (0.00ns)   --->   "%p_read51 = call i32 @_ssdm_op_Read.ap_auto.i32(i32 %p_read)"   --->   Operation 7 'read' 'p_read51' <Predicate = true> <Delay = 0.00>
ST_1 : Operation 8 [1/1] (1.35ns)   --->   "br label %.preheader3.i"   --->   Operation 8 'br' <Predicate = true> <Delay = 1.35>

State 2 <SV = 1> <Delay = 3.30>
ST_2 : Operation 9 [1/1] (0.00ns)   --->   "%i_3_i = phi i5 [ %i, %Pipeline_loop4 ], [ 0, %entry ]"   --->   Operation 9 'phi' 'i_3_i' <Predicate = true> <Delay = 0.00>
ST_2 : Operation 10 [1/1] (1.21ns)   --->   "%icmp_ln223 = icmp eq i5 %i_3_i, -16" [desDecrypt.c:223]   --->   Operation 10 'icmp' 'icmp_ln223' <Predicate = true> <Delay = 1.21> <Core = "Cmp">   --->   Core 25 'Cmp' <Latency = 0> <II = 1> <Delay = 1.21> <FuncUnit> <Opcode : 'icmp'> <InPorts = 2> <OutPorts = 1>
ST_2 : Operation 11 [1/1] (1.54ns)   --->   "%i = add i5 %i_3_i, 1" [desDecrypt.c:223]   --->   Operation 11 'add' 'i' <Predicate = true> <Delay = 1.54> <Core = "AddSub">   --->   Core 14 'AddSub' <Latency = 0> <II = 1> <Delay = 1.76> <FuncUnit> <Opcode : 'add' 'sub'> <InPorts = 2> <OutPorts = 1>
ST_2 : Operation 12 [1/1] (1.54ns)   --->   "%sub_ln232 = sub i5 15, %i_3_i" [desDecrypt.c:232]   --->   Operation 12 'sub' 'sub_ln232' <Predicate = (!icmp_ln223)> <Delay = 1.54> <Core = "AddSub">   --->   Core 14 'AddSub' <Latency = 0> <II = 1> <Delay = 1.76> <FuncUnit> <Opcode : 'add' 'sub'> <InPorts = 2> <OutPorts = 1>
ST_2 : Operation 13 [1/1] (0.00ns)   --->   "%zext_ln232 = zext i5 %sub_ln232 to i64" [desDecrypt.c:232]   --->   Operation 13 'zext' 'zext_ln232' <Predicate = (!icmp_ln223)> <Delay = 0.00>
ST_2 : Operation 14 [1/1] (0.00ns)   --->   "%sub_key_addr = getelementptr [16 x i48]* %sub_key, i64 0, i64 %zext_ln232" [desDecrypt.c:232]   --->   Operation 14 'getelementptr' 'sub_key_addr' <Predicate = (!icmp_ln223)> <Delay = 0.00>
ST_2 : Operation 15 [2/2] (1.75ns)   --->   "%sub_key_load = load i48* %sub_key_addr, align 8" [desDecrypt.c:232]   --->   Operation 15 'load' 'sub_key_load' <Predicate = (!icmp_ln223)> <Delay = 1.75> <Core = "RAM">   --->   Core 37 'RAM' <Latency = 1> <II = 1> <Delay = 1.75> <Storage> <Opcode : 'load' 'store'> <Ports = 2> <Width = 48> <Depth = 16> <RAM>

State 3 <SV = 2> <Delay = 6.29>
ST_3 : Operation 16 [1/1] (0.00ns)   --->   "%temp = phi i32 [ %R, %Pipeline_loop4 ], [ %p_read51, %entry ]"   --->   Operation 16 'phi' 'temp' <Predicate = true> <Delay = 0.00>
ST_3 : Operation 17 [1/1] (0.00ns)   --->   "%tmp_50 = call i1 @_ssdm_op_BitSelect.i1.i32.i32(i32 %temp, i32 31)" [desDecrypt.c:229]   --->   Operation 17 'bitselect' 'tmp_50' <Predicate = (!icmp_ln223)> <Delay = 0.00>
ST_3 : Operation 18 [1/1] (0.00ns)   --->   "%trunc_ln229 = trunc i32 %temp to i1" [desDecrypt.c:229]   --->   Operation 18 'trunc' 'trunc_ln229' <Predicate = (!icmp_ln223)> <Delay = 0.00>
ST_3 : Operation 19 [1/1] (0.00ns)   --->   "%tmp_51 = call i1 @_ssdm_op_BitSelect.i1.i32.i32(i32 %temp, i32 27)" [desDecrypt.c:229]   --->   Operation 19 'bitselect' 'tmp_51' <Predicate = (!icmp_ln223)> <Delay = 0.00>
ST_3 : Operation 20 [1/1] (0.00ns) (grouped into LUT with out node add_ln246)   --->   "%tmp_53 = call i1 @_ssdm_op_BitSelect.i1.i32.i32(i32 %temp, i32 23)" [desDecrypt.c:229]   --->   Operation 20 'bitselect' 'tmp_53' <Predicate = (!icmp_ln223)> <Delay = 0.00>
ST_3 : Operation 21 [1/1] (0.00ns) (grouped into LUT with out node add_ln246_1)   --->   "%tmp_54 = call i1 @_ssdm_op_BitSelect.i1.i32.i32(i32 %temp, i32 19)" [desDecrypt.c:229]   --->   Operation 21 'bitselect' 'tmp_54' <Predicate = (!icmp_ln223)> <Delay = 0.00>
ST_3 : Operation 22 [1/1] (0.00ns) (grouped into LUT with out node add_ln246_2)   --->   "%tmp_56 = call i1 @_ssdm_op_BitSelect.i1.i32.i32(i32 %temp, i32 15)" [desDecrypt.c:229]   --->   Operation 22 'bitselect' 'tmp_56' <Predicate = (!icmp_ln223)> <Delay = 0.00>
ST_3 : Operation 23 [1/1] (0.00ns) (grouped into LUT with out node add_ln246_3)   --->   "%tmp_57 = call i1 @_ssdm_op_BitSelect.i1.i32.i32(i32 %temp, i32 11)" [desDecrypt.c:229]   --->   Operation 23 'bitselect' 'tmp_57' <Predicate = (!icmp_ln223)> <Delay = 0.00>
ST_3 : Operation 24 [1/1] (0.00ns) (grouped into LUT with out node add_ln246_4)   --->   "%tmp_58 = call i1 @_ssdm_op_BitSelect.i1.i32.i32(i32 %temp, i32 7)" [desDecrypt.c:229]   --->   Operation 24 'bitselect' 'tmp_58' <Predicate = (!icmp_ln223)> <Delay = 0.00>
ST_3 : Operation 25 [1/1] (0.00ns) (grouped into LUT with out node add_ln246_5)   --->   "%tmp_59 = call i1 @_ssdm_op_BitSelect.i1.i32.i32(i32 %temp, i32 3)" [desDecrypt.c:229]   --->   Operation 25 'bitselect' 'tmp_59' <Predicate = (!icmp_ln223)> <Delay = 0.00>
ST_3 : Operation 26 [1/1] (0.00ns)   --->   "%trunc_ln229_1 = trunc i32 %temp to i5" [desDecrypt.c:229]   --->   Operation 26 'trunc' 'trunc_ln229_1' <Predicate = (!icmp_ln223)> <Delay = 0.00>
ST_3 : Operation 27 [1/1] (0.00ns) (grouped into LUT with out node add_ln246_6)   --->   "%trunc_ln229_6 = call i6 @_ssdm_op_BitConcatenate.i6.i5.i1(i5 %trunc_ln229_1, i1 false)" [desDecrypt.c:229]   --->   Operation 27 'bitconcatenate' 'trunc_ln229_6' <Predicate = (!icmp_ln223)> <Delay = 0.00>
ST_3 : Operation 28 [1/1] (0.00ns)   --->   "%tmp_4 = call i6 @_ssdm_op_PartSelect.i6.i32.i32.i32(i32 %temp, i32 15, i32 20)" [desDecrypt.c:229]   --->   Operation 28 'partselect' 'tmp_4' <Predicate = (!icmp_ln223)> <Delay = 0.00>
ST_3 : Operation 29 [1/1] (0.00ns)   --->   "%tmp_5 = call i6 @_ssdm_op_PartSelect.i6.i32.i32.i32(i32 %temp, i32 11, i32 16)" [desDecrypt.c:229]   --->   Operation 29 'partselect' 'tmp_5' <Predicate = (!icmp_ln223)> <Delay = 0.00>
ST_3 : Operation 30 [1/1] (0.00ns)   --->   "%tmp_6 = call i6 @_ssdm_op_PartSelect.i6.i32.i32.i32(i32 %temp, i32 7, i32 12)" [desDecrypt.c:229]   --->   Operation 30 'partselect' 'tmp_6' <Predicate = (!icmp_ln223)> <Delay = 0.00>
ST_3 : Operation 31 [1/1] (0.00ns)   --->   "%tmp_7 = call i6 @_ssdm_op_PartSelect.i6.i32.i32.i32(i32 %temp, i32 3, i32 8)" [desDecrypt.c:229]   --->   Operation 31 'partselect' 'tmp_7' <Predicate = (!icmp_ln223)> <Delay = 0.00>
ST_3 : Operation 32 [1/1] (0.00ns) (grouped into LUT with out node add_ln246_1)   --->   "%trunc_ln229_7 = call i31 @_ssdm_op_BitConcatenate.i31.i1.i6.i6.i6.i6.i5.i1(i1 %tmp_54, i6 %tmp_4, i6 %tmp_5, i6 %tmp_6, i6 %tmp_7, i5 %trunc_ln229_1, i1 false)" [desDecrypt.c:229]   --->   Operation 32 'bitconcatenate' 'trunc_ln229_7' <Predicate = (!icmp_ln223)> <Delay = 0.00>
ST_3 : Operation 33 [1/1] (0.00ns) (grouped into LUT with out node add_ln246_2)   --->   "%trunc_ln229_8 = call i25 @_ssdm_op_BitConcatenate.i25.i1.i6.i6.i6.i5.i1(i1 %tmp_56, i6 %tmp_5, i6 %tmp_6, i6 %tmp_7, i5 %trunc_ln229_1, i1 false)" [desDecrypt.c:229]   --->   Operation 33 'bitconcatenate' 'trunc_ln229_8' <Predicate = (!icmp_ln223)> <Delay = 0.00>
ST_3 : Operation 34 [1/1] (0.00ns) (grouped into LUT with out node add_ln246_2)   --->   "%trunc_ln229_s = call i30 @_ssdm_op_BitConcatenate.i30.i6.i6.i6.i6.i5.i1(i6 %tmp_4, i6 %tmp_5, i6 %tmp_6, i6 %tmp_7, i5 %trunc_ln229_1, i1 false)" [desDecrypt.c:229]   --->   Operation 34 'bitconcatenate' 'trunc_ln229_s' <Predicate = (!icmp_ln223)> <Delay = 0.00>
ST_3 : Operation 35 [1/1] (0.00ns) (grouped into LUT with out node add_ln246_3)   --->   "%trunc_ln229_2 = call i19 @_ssdm_op_BitConcatenate.i19.i1.i6.i6.i5.i1(i1 %tmp_57, i6 %tmp_6, i6 %tmp_7, i5 %trunc_ln229_1, i1 false)" [desDecrypt.c:229]   --->   Operation 35 'bitconcatenate' 'trunc_ln229_2' <Predicate = (!icmp_ln223)> <Delay = 0.00>
ST_3 : Operation 36 [1/1] (0.00ns) (grouped into LUT with out node add_ln246_3)   --->   "%trunc_ln229_3 = call i24 @_ssdm_op_BitConcatenate.i24.i6.i6.i6.i5.i1(i6 %tmp_5, i6 %tmp_6, i6 %tmp_7, i5 %trunc_ln229_1, i1 false)" [desDecrypt.c:229]   --->   Operation 36 'bitconcatenate' 'trunc_ln229_3' <Predicate = (!icmp_ln223)> <Delay = 0.00>
ST_3 : Operation 37 [1/1] (0.00ns) (grouped into LUT with out node add_ln246_3)   --->   "%tmp_8 = call i5 @_ssdm_op_PartSelect.i5.i32.i32.i32(i32 %temp, i32 11, i32 15)" [desDecrypt.c:229]   --->   Operation 37 'partselect' 'tmp_8' <Predicate = (!icmp_ln223)> <Delay = 0.00>
ST_3 : Operation 38 [1/1] (0.00ns) (grouped into LUT with out node add_ln246_3)   --->   "%trunc_ln229_4 = call i23 @_ssdm_op_BitConcatenate.i23.i5.i6.i6.i5.i1(i5 %tmp_8, i6 %tmp_6, i6 %tmp_7, i5 %trunc_ln229_1, i1 false)" [desDecrypt.c:229]   --->   Operation 38 'bitconcatenate' 'trunc_ln229_4' <Predicate = (!icmp_ln223)> <Delay = 0.00>
ST_3 : Operation 39 [1/1] (0.00ns) (grouped into LUT with out node add_ln246_4)   --->   "%trunc_ln229_5 = call i13 @_ssdm_op_BitConcatenate.i13.i1.i6.i5.i1(i1 %tmp_58, i6 %tmp_7, i5 %trunc_ln229_1, i1 false)" [desDecrypt.c:229]   --->   Operation 39 'bitconcatenate' 'trunc_ln229_5' <Predicate = (!icmp_ln223)> <Delay = 0.00>
ST_3 : Operation 40 [1/1] (0.00ns) (grouped into LUT with out node add_ln246_4)   --->   "%trunc_ln229_9 = call i18 @_ssdm_op_BitConcatenate.i18.i6.i6.i5.i1(i6 %tmp_6, i6 %tmp_7, i5 %trunc_ln229_1, i1 false)" [desDecrypt.c:229]   --->   Operation 40 'bitconcatenate' 'trunc_ln229_9' <Predicate = (!icmp_ln223)> <Delay = 0.00>
ST_3 : Operation 41 [1/1] (0.00ns) (grouped into LUT with out node add_ln246_4)   --->   "%tmp_9 = call i5 @_ssdm_op_PartSelect.i5.i32.i32.i32(i32 %temp, i32 7, i32 11)" [desDecrypt.c:229]   --->   Operation 41 'partselect' 'tmp_9' <Predicate = (!icmp_ln223)> <Delay = 0.00>
ST_3 : Operation 42 [1/1] (0.00ns) (grouped into LUT with out node add_ln246_4)   --->   "%trunc_ln229_10 = call i17 @_ssdm_op_BitConcatenate.i17.i5.i6.i5.i1(i5 %tmp_9, i6 %tmp_7, i5 %trunc_ln229_1, i1 false)" [desDecrypt.c:229]   --->   Operation 42 'bitconcatenate' 'trunc_ln229_10' <Predicate = (!icmp_ln223)> <Delay = 0.00>
ST_3 : Operation 43 [1/1] (0.00ns) (grouped into LUT with out node add_ln246_5)   --->   "%trunc_ln229_11 = call i7 @_ssdm_op_BitConcatenate.i7.i1.i5.i1(i1 %tmp_59, i5 %trunc_ln229_1, i1 false)" [desDecrypt.c:229]   --->   Operation 43 'bitconcatenate' 'trunc_ln229_11' <Predicate = (!icmp_ln223)> <Delay = 0.00>
ST_3 : Operation 44 [1/1] (0.00ns) (grouped into LUT with out node add_ln246_5)   --->   "%trunc_ln229_12 = call i12 @_ssdm_op_BitConcatenate.i12.i6.i5.i1(i6 %tmp_7, i5 %trunc_ln229_1, i1 false)" [desDecrypt.c:229]   --->   Operation 44 'bitconcatenate' 'trunc_ln229_12' <Predicate = (!icmp_ln223)> <Delay = 0.00>
ST_3 : Operation 45 [1/1] (0.00ns) (grouped into LUT with out node add_ln246_5)   --->   "%tmp_10 = call i5 @_ssdm_op_PartSelect.i5.i32.i32.i32(i32 %temp, i32 3, i32 7)" [desDecrypt.c:229]   --->   Operation 45 'partselect' 'tmp_10' <Predicate = (!icmp_ln223)> <Delay = 0.00>
ST_3 : Operation 46 [1/1] (0.00ns) (grouped into LUT with out node add_ln246_5)   --->   "%trunc_ln229_13 = call i11 @_ssdm_op_BitConcatenate.i11.i5.i5.i1(i5 %tmp_10, i5 %trunc_ln229_1, i1 false)" [desDecrypt.c:229]   --->   Operation 46 'bitconcatenate' 'trunc_ln229_13' <Predicate = (!icmp_ln223)> <Delay = 0.00>
ST_3 : Operation 47 [1/1] (0.00ns) (grouped into LUT with out node add_ln246_6)   --->   "%trunc_ln229_14 = trunc i32 %temp to i4" [desDecrypt.c:229]   --->   Operation 47 'trunc' 'trunc_ln229_14' <Predicate = (!icmp_ln223)> <Delay = 0.00>
ST_3 : Operation 48 [1/1] (0.00ns) (grouped into LUT with out node add_ln246_6)   --->   "%trunc_ln229_15 = call i5 @_ssdm_op_BitConcatenate.i5.i4.i1(i4 %trunc_ln229_14, i1 false)" [desDecrypt.c:229]   --->   Operation 48 'bitconcatenate' 'trunc_ln229_15' <Predicate = (!icmp_ln223)> <Delay = 0.00>
ST_3 : Operation 49 [1/1] (0.00ns) (grouped into LUT with out node add_ln246_2)   --->   "%tmp_11 = call i5 @_ssdm_op_PartSelect.i5.i32.i32.i32(i32 %temp, i32 15, i32 19)" [desDecrypt.c:229]   --->   Operation 49 'partselect' 'tmp_11' <Predicate = (!icmp_ln223)> <Delay = 0.00>
ST_3 : Operation 50 [1/1] (0.00ns) (grouped into LUT with out node add_ln246_2)   --->   "%trunc_ln229_16 = call i29 @_ssdm_op_BitConcatenate.i29.i5.i6.i6.i6.i5.i1(i5 %tmp_11, i6 %tmp_5, i6 %tmp_6, i6 %tmp_7, i5 %trunc_ln229_1, i1 false)" [desDecrypt.c:229]   --->   Operation 50 'bitconcatenate' 'trunc_ln229_16' <Predicate = (!icmp_ln223)> <Delay = 0.00>
ST_3 : Operation 51 [1/1] (0.00ns)   --->   "%tmp_12 = call i5 @_ssdm_op_PartSelect.i5.i32.i32.i32(i32 %temp, i32 27, i32 31)" [desDecrypt.c:232]   --->   Operation 51 'partselect' 'tmp_12' <Predicate = (!icmp_ln223)> <Delay = 0.00>
ST_3 : Operation 52 [1/1] (0.00ns)   --->   "%tmp_13 = call i6 @_ssdm_op_PartSelect.i6.i32.i32.i32(i32 %temp, i32 23, i32 28)" [desDecrypt.c:232]   --->   Operation 52 'partselect' 'tmp_13' <Predicate = (!icmp_ln223)> <Delay = 0.00>
ST_3 : Operation 53 [1/1] (0.00ns)   --->   "%tmp_14 = call i6 @_ssdm_op_PartSelect.i6.i32.i32.i32(i32 %temp, i32 19, i32 24)" [desDecrypt.c:232]   --->   Operation 53 'partselect' 'tmp_14' <Predicate = (!icmp_ln223)> <Delay = 0.00>
ST_3 : Operation 54 [1/1] (0.00ns)   --->   "%trunc_ln232_cast = call i47 @_ssdm_op_BitConcatenate.i47.i5.i6.i6.i6.i6.i6.i6.i5.i1(i5 %tmp_12, i6 %tmp_13, i6 %tmp_14, i6 %tmp_4, i6 %tmp_5, i6 %tmp_6, i6 %tmp_7, i5 %trunc_ln229_1, i1 %tmp_50)" [desDecrypt.c:232]   --->   Operation 54 'bitconcatenate' 'trunc_ln232_cast' <Predicate = (!icmp_ln223)> <Delay = 0.00>
ST_3 : Operation 55 [1/2] (1.75ns)   --->   "%sub_key_load = load i48* %sub_key_addr, align 8" [desDecrypt.c:232]   --->   Operation 55 'load' 'sub_key_load' <Predicate = (!icmp_ln223)> <Delay = 1.75> <Core = "RAM">   --->   Core 37 'RAM' <Latency = 1> <II = 1> <Delay = 1.75> <Storage> <Opcode : 'load' 'store'> <Ports = 2> <Width = 48> <Depth = 16> <RAM>
ST_3 : Operation 56 [1/1] (0.00ns) (grouped into LUT with out node add_ln246_6)   --->   "%trunc_ln240 = trunc i48 %sub_key_load to i1" [desDecrypt.c:240]   --->   Operation 56 'trunc' 'trunc_ln240' <Predicate = (!icmp_ln223)> <Delay = 0.00>
ST_3 : Operation 57 [1/1] (0.00ns) (grouped into LUT with out node add_ln246_6)   --->   "%xor_ln241 = xor i1 %trunc_ln240, %tmp_50" [desDecrypt.c:241]   --->   Operation 57 'xor' 'xor_ln241' <Predicate = (!icmp_ln223)> <Delay = 0.00> <Core = "LogicGate">   --->   Core 27 'LogicGate' <Latency = 0> <II = 1> <Delay = 0.80> <FuncUnit> <Opcode : 'and' 'or' 'xor'> <InPorts = 2> <OutPorts = 1>
ST_3 : Operation 58 [1/1] (0.00ns) (grouped into LUT with out node add_ln246_6)   --->   "%trunc_ln232 = trunc i48 %sub_key_load to i6" [desDecrypt.c:232]   --->   Operation 58 'trunc' 'trunc_ln232' <Predicate = (!icmp_ln223)> <Delay = 0.00>
ST_3 : Operation 59 [1/1] (0.00ns) (grouped into LUT with out node add_ln246_6)   --->   "%xor_ln240 = xor i6 %trunc_ln232, %trunc_ln229_6" [desDecrypt.c:240]   --->   Operation 59 'xor' 'xor_ln240' <Predicate = (!icmp_ln223)> <Delay = 0.00> <Core = "LogicGate">   --->   Core 27 'LogicGate' <Latency = 0> <II = 1> <Delay = 0.80> <FuncUnit> <Opcode : 'and' 'or' 'xor'> <InPorts = 2> <OutPorts = 1>
ST_3 : Operation 60 [1/1] (0.00ns)   --->   "%trunc_ln232_1 = trunc i48 %sub_key_load to i47" [desDecrypt.c:232]   --->   Operation 60 'trunc' 'trunc_ln232_1' <Predicate = (!icmp_ln223)> <Delay = 0.00>
ST_3 : Operation 61 [1/1] (0.00ns)   --->   "%tmp = call i43 @_ssdm_op_BitConcatenate.i43.i1.i6.i6.i6.i6.i6.i6.i5.i1(i1 %tmp_51, i6 %tmp_13, i6 %tmp_14, i6 %tmp_4, i6 %tmp_5, i6 %tmp_6, i6 %tmp_7, i5 %trunc_ln229_1, i1 %tmp_50)" [desDecrypt.c:232]   --->   Operation 61 'bitconcatenate' 'tmp' <Predicate = (!icmp_ln223)> <Delay = 0.00>
ST_3 : Operation 62 [1/1] (0.00ns)   --->   "%trunc_ln232_2 = trunc i48 %sub_key_load to i43" [desDecrypt.c:232]   --->   Operation 62 'trunc' 'trunc_ln232_2' <Predicate = (!icmp_ln223)> <Delay = 0.00>
ST_3 : Operation 63 [1/1] (0.00ns)   --->   "%tmp_s = call i48 @_ssdm_op_BitConcatenate.i48.i1.i5.i6.i6.i6.i6.i6.i6.i5.i1(i1 %trunc_ln229, i5 %tmp_12, i6 %tmp_13, i6 %tmp_14, i6 %tmp_4, i6 %tmp_5, i6 %tmp_6, i6 %tmp_7, i5 %trunc_ln229_1, i1 %tmp_50)" [desDecrypt.c:232]   --->   Operation 63 'bitconcatenate' 'tmp_s' <Predicate = (!icmp_ln223)> <Delay = 0.00>
ST_3 : Operation 64 [1/1] (0.00ns) (grouped into LUT with out node add_ln246)   --->   "%tmp_1 = call i37 @_ssdm_op_BitConcatenate.i37.i1.i6.i6.i6.i6.i6.i5.i1(i1 %tmp_53, i6 %tmp_14, i6 %tmp_4, i6 %tmp_5, i6 %tmp_6, i6 %tmp_7, i5 %trunc_ln229_1, i1 %tmp_50)" [desDecrypt.c:232]   --->   Operation 64 'bitconcatenate' 'tmp_1' <Predicate = (!icmp_ln223)> <Delay = 0.00>
ST_3 : Operation 65 [1/1] (0.00ns) (grouped into LUT with out node add_ln246)   --->   "%trunc_ln232_3 = trunc i48 %sub_key_load to i37" [desDecrypt.c:232]   --->   Operation 65 'trunc' 'trunc_ln232_3' <Predicate = (!icmp_ln223)> <Delay = 0.00>
ST_3 : Operation 66 [1/1] (0.00ns) (grouped into LUT with out node add_ln246)   --->   "%tmp_2 = call i42 @_ssdm_op_BitConcatenate.i42.i6.i6.i6.i6.i6.i6.i5.i1(i6 %tmp_13, i6 %tmp_14, i6 %tmp_4, i6 %tmp_5, i6 %tmp_6, i6 %tmp_7, i5 %trunc_ln229_1, i1 %tmp_50)" [desDecrypt.c:232]   --->   Operation 66 'bitconcatenate' 'tmp_2' <Predicate = (!icmp_ln223)> <Delay = 0.00>
ST_3 : Operation 67 [1/1] (0.00ns) (grouped into LUT with out node add_ln246)   --->   "%trunc_ln232_4 = trunc i48 %sub_key_load to i42" [desDecrypt.c:232]   --->   Operation 67 'trunc' 'trunc_ln232_4' <Predicate = (!icmp_ln223)> <Delay = 0.00>
ST_3 : Operation 68 [1/1] (0.00ns) (grouped into LUT with out node add_ln246)   --->   "%tmp_15 = call i5 @_ssdm_op_PartSelect.i5.i32.i32.i32(i32 %temp, i32 23, i32 27)" [desDecrypt.c:232]   --->   Operation 68 'partselect' 'tmp_15' <Predicate = (!icmp_ln223)> <Delay = 0.00>
ST_3 : Operation 69 [1/1] (0.00ns) (grouped into LUT with out node add_ln246)   --->   "%p_cast1 = call i41 @_ssdm_op_BitConcatenate.i41.i5.i6.i6.i6.i6.i6.i5.i1(i5 %tmp_15, i6 %tmp_14, i6 %tmp_4, i6 %tmp_5, i6 %tmp_6, i6 %tmp_7, i5 %trunc_ln229_1, i1 %tmp_50)" [desDecrypt.c:232]   --->   Operation 69 'bitconcatenate' 'p_cast1' <Predicate = (!icmp_ln223)> <Delay = 0.00>
ST_3 : Operation 70 [1/1] (0.00ns) (grouped into LUT with out node add_ln246)   --->   "%trunc_ln232_5 = trunc i48 %sub_key_load to i41" [desDecrypt.c:232]   --->   Operation 70 'trunc' 'trunc_ln232_5' <Predicate = (!icmp_ln223)> <Delay = 0.00>
ST_3 : Operation 71 [1/1] (0.00ns) (grouped into LUT with out node add_ln246_1)   --->   "%trunc_ln232_6 = trunc i48 %sub_key_load to i31" [desDecrypt.c:232]   --->   Operation 71 'trunc' 'trunc_ln232_6' <Predicate = (!icmp_ln223)> <Delay = 0.00>
ST_3 : Operation 72 [1/1] (0.00ns) (grouped into LUT with out node add_ln246_1)   --->   "%tmp_3 = call i36 @_ssdm_op_BitConcatenate.i36.i6.i6.i6.i6.i6.i5.i1(i6 %tmp_14, i6 %tmp_4, i6 %tmp_5, i6 %tmp_6, i6 %tmp_7, i5 %trunc_ln229_1, i1 %tmp_50)" [desDecrypt.c:232]   --->   Operation 72 'bitconcatenate' 'tmp_3' <Predicate = (!icmp_ln223)> <Delay = 0.00>
ST_3 : Operation 73 [1/1] (0.00ns) (grouped into LUT with out node add_ln246_1)   --->   "%trunc_ln232_7 = trunc i48 %sub_key_load to i36" [desDecrypt.c:232]   --->   Operation 73 'trunc' 'trunc_ln232_7' <Predicate = (!icmp_ln223)> <Delay = 0.00>
ST_3 : Operation 74 [1/1] (0.00ns) (grouped into LUT with out node add_ln246_1)   --->   "%tmp_16 = call i5 @_ssdm_op_PartSelect.i5.i32.i32.i32(i32 %temp, i32 19, i32 23)" [desDecrypt.c:232]   --->   Operation 74 'partselect' 'tmp_16' <Predicate = (!icmp_ln223)> <Delay = 0.00>
ST_3 : Operation 75 [1/1] (0.00ns) (grouped into LUT with out node add_ln246_1)   --->   "%p_cast2 = call i35 @_ssdm_op_BitConcatenate.i35.i5.i6.i6.i6.i6.i5.i1(i5 %tmp_16, i6 %tmp_4, i6 %tmp_5, i6 %tmp_6, i6 %tmp_7, i5 %trunc_ln229_1, i1 %tmp_50)" [desDecrypt.c:232]   --->   Operation 75 'bitconcatenate' 'p_cast2' <Predicate = (!icmp_ln223)> <Delay = 0.00>
ST_3 : Operation 76 [1/1] (0.00ns) (grouped into LUT with out node add_ln246_1)   --->   "%trunc_ln232_8 = trunc i48 %sub_key_load to i35" [desDecrypt.c:232]   --->   Operation 76 'trunc' 'trunc_ln232_8' <Predicate = (!icmp_ln223)> <Delay = 0.00>
ST_3 : Operation 77 [1/1] (0.00ns) (grouped into LUT with out node add_ln246_2)   --->   "%trunc_ln232_9 = trunc i48 %sub_key_load to i25" [desDecrypt.c:232]   --->   Operation 77 'trunc' 'trunc_ln232_9' <Predicate = (!icmp_ln223)> <Delay = 0.00>
ST_3 : Operation 78 [1/1] (0.00ns) (grouped into LUT with out node add_ln246_2)   --->   "%trunc_ln232_10 = trunc i48 %sub_key_load to i30" [desDecrypt.c:232]   --->   Operation 78 'trunc' 'trunc_ln232_10' <Predicate = (!icmp_ln223)> <Delay = 0.00>
ST_3 : Operation 79 [1/1] (0.00ns) (grouped into LUT with out node add_ln246_2)   --->   "%trunc_ln232_11 = trunc i48 %sub_key_load to i29" [desDecrypt.c:232]   --->   Operation 79 'trunc' 'trunc_ln232_11' <Predicate = (!icmp_ln223)> <Delay = 0.00>
ST_3 : Operation 80 [1/1] (0.00ns) (grouped into LUT with out node add_ln246_3)   --->   "%trunc_ln232_12 = trunc i48 %sub_key_load to i19" [desDecrypt.c:232]   --->   Operation 80 'trunc' 'trunc_ln232_12' <Predicate = (!icmp_ln223)> <Delay = 0.00>
ST_3 : Operation 81 [1/1] (0.00ns) (grouped into LUT with out node add_ln246_3)   --->   "%trunc_ln232_13 = trunc i48 %sub_key_load to i24" [desDecrypt.c:232]   --->   Operation 81 'trunc' 'trunc_ln232_13' <Predicate = (!icmp_ln223)> <Delay = 0.00>
ST_3 : Operation 82 [1/1] (0.00ns) (grouped into LUT with out node add_ln246_3)   --->   "%trunc_ln232_14 = trunc i48 %sub_key_load to i23" [desDecrypt.c:232]   --->   Operation 82 'trunc' 'trunc_ln232_14' <Predicate = (!icmp_ln223)> <Delay = 0.00>
ST_3 : Operation 83 [1/1] (0.00ns) (grouped into LUT with out node add_ln246_4)   --->   "%trunc_ln232_15 = trunc i48 %sub_key_load to i13" [desDecrypt.c:232]   --->   Operation 83 'trunc' 'trunc_ln232_15' <Predicate = (!icmp_ln223)> <Delay = 0.00>
ST_3 : Operation 84 [1/1] (0.00ns) (grouped into LUT with out node add_ln246_4)   --->   "%trunc_ln232_16 = trunc i48 %sub_key_load to i18" [desDecrypt.c:232]   --->   Operation 84 'trunc' 'trunc_ln232_16' <Predicate = (!icmp_ln223)> <Delay = 0.00>
ST_3 : Operation 85 [1/1] (0.00ns) (grouped into LUT with out node add_ln246_4)   --->   "%trunc_ln232_17 = trunc i48 %sub_key_load to i17" [desDecrypt.c:232]   --->   Operation 85 'trunc' 'trunc_ln232_17' <Predicate = (!icmp_ln223)> <Delay = 0.00>
ST_3 : Operation 86 [1/1] (0.00ns) (grouped into LUT with out node add_ln246_5)   --->   "%trunc_ln232_18 = trunc i48 %sub_key_load to i7" [desDecrypt.c:232]   --->   Operation 86 'trunc' 'trunc_ln232_18' <Predicate = (!icmp_ln223)> <Delay = 0.00>
ST_3 : Operation 87 [1/1] (0.00ns) (grouped into LUT with out node add_ln246_5)   --->   "%trunc_ln232_19 = trunc i48 %sub_key_load to i12" [desDecrypt.c:232]   --->   Operation 87 'trunc' 'trunc_ln232_19' <Predicate = (!icmp_ln223)> <Delay = 0.00>
ST_3 : Operation 88 [1/1] (0.00ns) (grouped into LUT with out node add_ln246_5)   --->   "%trunc_ln232_20 = trunc i48 %sub_key_load to i11" [desDecrypt.c:232]   --->   Operation 88 'trunc' 'trunc_ln232_20' <Predicate = (!icmp_ln223)> <Delay = 0.00>
ST_3 : Operation 89 [1/1] (0.00ns) (grouped into LUT with out node add_ln246_6)   --->   "%trunc_ln232_21 = trunc i48 %sub_key_load to i5" [desDecrypt.c:232]   --->   Operation 89 'trunc' 'trunc_ln232_21' <Predicate = (!icmp_ln223)> <Delay = 0.00>
ST_3 : Operation 90 [1/1] (0.80ns)   --->   "%s_input = xor i47 %trunc_ln232_cast, %trunc_ln232_1" [desDecrypt.c:232]   --->   Operation 90 'xor' 's_input' <Predicate = (!icmp_ln223)> <Delay = 0.80> <Core = "LogicGate">   --->   Core 27 'LogicGate' <Latency = 0> <II = 1> <Delay = 0.80> <FuncUnit> <Opcode : 'and' 'or' 'xor'> <InPorts = 2> <OutPorts = 1>
ST_3 : Operation 91 [1/1] (0.00ns) (grouped into LUT with out node add_ln246_6)   --->   "%xor_ln232_1 = xor i5 %trunc_ln232_21, %trunc_ln229_15" [desDecrypt.c:232]   --->   Operation 91 'xor' 'xor_ln232_1' <Predicate = (!icmp_ln223)> <Delay = 0.00> <Core = "LogicGate">   --->   Core 27 'LogicGate' <Latency = 0> <II = 1> <Delay = 0.80> <FuncUnit> <Opcode : 'and' 'or' 'xor'> <InPorts = 2> <OutPorts = 1>
ST_3 : Operation 92 [1/1] (0.00ns) (grouped into LUT with out node add_ln246_5)   --->   "%xor_ln232_2 = xor i11 %trunc_ln232_20, %trunc_ln229_13" [desDecrypt.c:232]   --->   Operation 92 'xor' 'xor_ln232_2' <Predicate = (!icmp_ln223)> <Delay = 0.00> <Core = "LogicGate">   --->   Core 27 'LogicGate' <Latency = 0> <II = 1> <Delay = 0.80> <FuncUnit> <Opcode : 'and' 'or' 'xor'> <InPorts = 2> <OutPorts = 1>
ST_3 : Operation 93 [1/1] (0.00ns) (grouped into LUT with out node add_ln246_5)   --->   "%xor_ln232_3 = xor i12 %trunc_ln232_19, %trunc_ln229_12" [desDecrypt.c:232]   --->   Operation 93 'xor' 'xor_ln232_3' <Predicate = (!icmp_ln223)> <Delay = 0.00> <Core = "LogicGate">   --->   Core 27 'LogicGate' <Latency = 0> <II = 1> <Delay = 0.80> <FuncUnit> <Opcode : 'and' 'or' 'xor'> <InPorts = 2> <OutPorts = 1>
ST_3 : Operation 94 [1/1] (0.00ns) (grouped into LUT with out node add_ln246_5)   --->   "%xor_ln232_4 = xor i7 %trunc_ln232_18, %trunc_ln229_11" [desDecrypt.c:232]   --->   Operation 94 'xor' 'xor_ln232_4' <Predicate = (!icmp_ln223)> <Delay = 0.00> <Core = "LogicGate">   --->   Core 27 'LogicGate' <Latency = 0> <II = 1> <Delay = 0.80> <FuncUnit> <Opcode : 'and' 'or' 'xor'> <InPorts = 2> <OutPorts = 1>
ST_3 : Operation 95 [1/1] (0.00ns) (grouped into LUT with out node add_ln246_4)   --->   "%xor_ln232_5 = xor i17 %trunc_ln232_17, %trunc_ln229_10" [desDecrypt.c:232]   --->   Operation 95 'xor' 'xor_ln232_5' <Predicate = (!icmp_ln223)> <Delay = 0.00> <Core = "LogicGate">   --->   Core 27 'LogicGate' <Latency = 0> <II = 1> <Delay = 0.80> <FuncUnit> <Opcode : 'and' 'or' 'xor'> <InPorts = 2> <OutPorts = 1>
ST_3 : Operation 96 [1/1] (0.00ns) (grouped into LUT with out node add_ln246_4)   --->   "%xor_ln232_6 = xor i18 %trunc_ln232_16, %trunc_ln229_9" [desDecrypt.c:232]   --->   Operation 96 'xor' 'xor_ln232_6' <Predicate = (!icmp_ln223)> <Delay = 0.00> <Core = "LogicGate">   --->   Core 27 'LogicGate' <Latency = 0> <II = 1> <Delay = 0.80> <FuncUnit> <Opcode : 'and' 'or' 'xor'> <InPorts = 2> <OutPorts = 1>
ST_3 : Operation 97 [1/1] (0.00ns) (grouped into LUT with out node add_ln246_4)   --->   "%xor_ln232_7 = xor i13 %trunc_ln232_15, %trunc_ln229_5" [desDecrypt.c:232]   --->   Operation 97 'xor' 'xor_ln232_7' <Predicate = (!icmp_ln223)> <Delay = 0.00> <Core = "LogicGate">   --->   Core 27 'LogicGate' <Latency = 0> <II = 1> <Delay = 0.80> <FuncUnit> <Opcode : 'and' 'or' 'xor'> <InPorts = 2> <OutPorts = 1>
ST_3 : Operation 98 [1/1] (0.00ns) (grouped into LUT with out node add_ln246_3)   --->   "%xor_ln232_8 = xor i23 %trunc_ln232_14, %trunc_ln229_4" [desDecrypt.c:232]   --->   Operation 98 'xor' 'xor_ln232_8' <Predicate = (!icmp_ln223)> <Delay = 0.00> <Core = "LogicGate">   --->   Core 27 'LogicGate' <Latency = 0> <II = 1> <Delay = 0.80> <FuncUnit> <Opcode : 'and' 'or' 'xor'> <InPorts = 2> <OutPorts = 1>
ST_3 : Operation 99 [1/1] (0.00ns) (grouped into LUT with out node add_ln246_3)   --->   "%xor_ln232_9 = xor i24 %trunc_ln232_13, %trunc_ln229_3" [desDecrypt.c:232]   --->   Operation 99 'xor' 'xor_ln232_9' <Predicate = (!icmp_ln223)> <Delay = 0.00> <Core = "LogicGate">   --->   Core 27 'LogicGate' <Latency = 0> <II = 1> <Delay = 0.80> <FuncUnit> <Opcode : 'and' 'or' 'xor'> <InPorts = 2> <OutPorts = 1>
ST_3 : Operation 100 [1/1] (0.00ns) (grouped into LUT with out node add_ln246_3)   --->   "%xor_ln232_10 = xor i19 %trunc_ln232_12, %trunc_ln229_2" [desDecrypt.c:232]   --->   Operation 100 'xor' 'xor_ln232_10' <Predicate = (!icmp_ln223)> <Delay = 0.00> <Core = "LogicGate">   --->   Core 27 'LogicGate' <Latency = 0> <II = 1> <Delay = 0.80> <FuncUnit> <Opcode : 'and' 'or' 'xor'> <InPorts = 2> <OutPorts = 1>
ST_3 : Operation 101 [1/1] (0.00ns) (grouped into LUT with out node add_ln246_2)   --->   "%xor_ln232_11 = xor i29 %trunc_ln232_11, %trunc_ln229_16" [desDecrypt.c:232]   --->   Operation 101 'xor' 'xor_ln232_11' <Predicate = (!icmp_ln223)> <Delay = 0.00> <Core = "LogicGate">   --->   Core 27 'LogicGate' <Latency = 0> <II = 1> <Delay = 0.80> <FuncUnit> <Opcode : 'and' 'or' 'xor'> <InPorts = 2> <OutPorts = 1>
ST_3 : Operation 102 [1/1] (0.00ns) (grouped into LUT with out node add_ln246_2)   --->   "%xor_ln232_12 = xor i30 %trunc_ln232_10, %trunc_ln229_s" [desDecrypt.c:232]   --->   Operation 102 'xor' 'xor_ln232_12' <Predicate = (!icmp_ln223)> <Delay = 0.00> <Core = "LogicGate">   --->   Core 27 'LogicGate' <Latency = 0> <II = 1> <Delay = 0.80> <FuncUnit> <Opcode : 'and' 'or' 'xor'> <InPorts = 2> <OutPorts = 1>
ST_3 : Operation 103 [1/1] (0.00ns) (grouped into LUT with out node add_ln246_2)   --->   "%xor_ln232_13 = xor i25 %trunc_ln232_9, %trunc_ln229_8" [desDecrypt.c:232]   --->   Operation 103 'xor' 'xor_ln232_13' <Predicate = (!icmp_ln223)> <Delay = 0.00> <Core = "LogicGate">   --->   Core 27 'LogicGate' <Latency = 0> <II = 1> <Delay = 0.80> <FuncUnit> <Opcode : 'and' 'or' 'xor'> <InPorts = 2> <OutPorts = 1>
ST_3 : Operation 104 [1/1] (0.00ns) (grouped into LUT with out node add_ln246_1)   --->   "%xor_ln232_14 = xor i35 %trunc_ln232_8, %p_cast2" [desDecrypt.c:232]   --->   Operation 104 'xor' 'xor_ln232_14' <Predicate = (!icmp_ln223)> <Delay = 0.00> <Core = "LogicGate">   --->   Core 27 'LogicGate' <Latency = 0> <II = 1> <Delay = 0.80> <FuncUnit> <Opcode : 'and' 'or' 'xor'> <InPorts = 2> <OutPorts = 1>
ST_3 : Operation 105 [1/1] (0.00ns) (grouped into LUT with out node add_ln246_1)   --->   "%xor_ln232_15 = xor i36 %trunc_ln232_7, %tmp_3" [desDecrypt.c:232]   --->   Operation 105 'xor' 'xor_ln232_15' <Predicate = (!icmp_ln223)> <Delay = 0.00> <Core = "LogicGate">   --->   Core 27 'LogicGate' <Latency = 0> <II = 1> <Delay = 0.80> <FuncUnit> <Opcode : 'and' 'or' 'xor'> <InPorts = 2> <OutPorts = 1>
ST_3 : Operation 106 [1/1] (0.00ns) (grouped into LUT with out node add_ln246_1)   --->   "%xor_ln232_16 = xor i31 %trunc_ln232_6, %trunc_ln229_7" [desDecrypt.c:232]   --->   Operation 106 'xor' 'xor_ln232_16' <Predicate = (!icmp_ln223)> <Delay = 0.00> <Core = "LogicGate">   --->   Core 27 'LogicGate' <Latency = 0> <II = 1> <Delay = 0.80> <FuncUnit> <Opcode : 'and' 'or' 'xor'> <InPorts = 2> <OutPorts = 1>
ST_3 : Operation 107 [1/1] (0.00ns) (grouped into LUT with out node add_ln246)   --->   "%xor_ln232_17 = xor i41 %trunc_ln232_5, %p_cast1" [desDecrypt.c:232]   --->   Operation 107 'xor' 'xor_ln232_17' <Predicate = (!icmp_ln223)> <Delay = 0.00> <Core = "LogicGate">   --->   Core 27 'LogicGate' <Latency = 0> <II = 1> <Delay = 0.80> <FuncUnit> <Opcode : 'and' 'or' 'xor'> <InPorts = 2> <OutPorts = 1>
ST_3 : Operation 108 [1/1] (0.00ns) (grouped into LUT with out node add_ln246)   --->   "%xor_ln232_18 = xor i42 %trunc_ln232_4, %tmp_2" [desDecrypt.c:232]   --->   Operation 108 'xor' 'xor_ln232_18' <Predicate = (!icmp_ln223)> <Delay = 0.00> <Core = "LogicGate">   --->   Core 27 'LogicGate' <Latency = 0> <II = 1> <Delay = 0.80> <FuncUnit> <Opcode : 'and' 'or' 'xor'> <InPorts = 2> <OutPorts = 1>
ST_3 : Operation 109 [1/1] (0.00ns) (grouped into LUT with out node add_ln246)   --->   "%xor_ln232_19 = xor i37 %trunc_ln232_3, %tmp_1" [desDecrypt.c:232]   --->   Operation 109 'xor' 'xor_ln232_19' <Predicate = (!icmp_ln223)> <Delay = 0.00> <Core = "LogicGate">   --->   Core 27 'LogicGate' <Latency = 0> <II = 1> <Delay = 0.80> <FuncUnit> <Opcode : 'and' 'or' 'xor'> <InPorts = 2> <OutPorts = 1>
ST_3 : Operation 110 [1/1] (0.80ns)   --->   "%xor_ln232_20 = xor i48 %sub_key_load, %tmp_s" [desDecrypt.c:232]   --->   Operation 110 'xor' 'xor_ln232_20' <Predicate = (!icmp_ln223)> <Delay = 0.80> <Core = "LogicGate">   --->   Core 27 'LogicGate' <Latency = 0> <II = 1> <Delay = 0.80> <FuncUnit> <Opcode : 'and' 'or' 'xor'> <InPorts = 2> <OutPorts = 1>
ST_3 : Operation 111 [1/1] (0.80ns)   --->   "%xor_ln232_21 = xor i43 %trunc_ln232_2, %tmp" [desDecrypt.c:232]   --->   Operation 111 'xor' 'xor_ln232_21' <Predicate = (!icmp_ln223)> <Delay = 0.80> <Core = "LogicGate">   --->   Core 27 'LogicGate' <Latency = 0> <II = 1> <Delay = 0.80> <FuncUnit> <Opcode : 'and' 'or' 'xor'> <InPorts = 2> <OutPorts = 1>
ST_3 : Operation 112 [1/1] (0.00ns)   --->   "%tmp_60 = call i1 @_ssdm_op_BitSelect.i1.i43.i32(i43 %xor_ln232_21, i32 42)" [desDecrypt.c:241]   --->   Operation 112 'bitselect' 'tmp_60' <Predicate = (!icmp_ln223)> <Delay = 0.00>
ST_3 : Operation 113 [1/1] (0.00ns)   --->   "%tmp_61 = call i1 @_ssdm_op_BitSelect.i1.i48.i32(i48 %xor_ln232_20, i32 47)" [desDecrypt.c:241]   --->   Operation 113 'bitselect' 'tmp_61' <Predicate = (!icmp_ln223)> <Delay = 0.00>
ST_3 : Operation 114 [1/1] (0.00ns)   --->   "%trunc_ln7 = call i4 @_ssdm_op_PartSelect.i4.i47.i32.i32(i47 %s_input, i32 43, i32 46)" [desDecrypt.c:243]   --->   Operation 114 'partselect' 'trunc_ln7' <Predicate = (!icmp_ln223)> <Delay = 0.00>
ST_3 : Operation 115 [1/1] (0.00ns)   --->   "%or_ln = call i6 @_ssdm_op_BitConcatenate.i6.i1.i1.i4(i1 %tmp_61, i1 %tmp_60, i4 %trunc_ln7)" [desDecrypt.c:246]   --->   Operation 115 'bitconcatenate' 'or_ln' <Predicate = (!icmp_ln223)> <Delay = 0.00>
ST_3 : Operation 116 [1/1] (0.00ns)   --->   "%zext_ln246 = zext i6 %or_ln to i8" [desDecrypt.c:246]   --->   Operation 116 'zext' 'zext_ln246' <Predicate = (!icmp_ln223)> <Delay = 0.00>
ST_3 : Operation 117 [1/1] (0.00ns)   --->   "%add_ln246_i = call i32 @_ssdm_op_BitConcatenate.i32.i24.i8(i24 0, i8 %zext_ln246) nounwind" [desDecrypt.c:246]   --->   Operation 117 'bitconcatenate' 'add_ln246_i' <Predicate = (!icmp_ln223)> <Delay = 0.00>
ST_3 : Operation 118 [1/1] (0.00ns)   --->   "%zext_ln246_1 = zext i32 %add_ln246_i to i64" [desDecrypt.c:246]   --->   Operation 118 'zext' 'zext_ln246_1' <Predicate = (!icmp_ln223)> <Delay = 0.00>
ST_3 : Operation 119 [1/1] (0.00ns)   --->   "%S_addr = getelementptr [512 x i4]* @S, i64 0, i64 %zext_ln246_1" [desDecrypt.c:246]   --->   Operation 119 'getelementptr' 'S_addr' <Predicate = (!icmp_ln223)> <Delay = 0.00>
ST_3 : Operation 120 [2/2] (2.77ns)   --->   "%S_load = load i4* %S_addr, align 1" [desDecrypt.c:246]   --->   Operation 120 'load' 'S_load' <Predicate = (!icmp_ln223)> <Delay = 2.77> <Core = "ROM_nP">   --->   Core 52 'ROM_nP' <Latency = 1> <II = 1> <Delay = 2.77> <Storage> <Opcode : 'load'> <Ports = 0> <Width = 4> <Depth = 512> <ROM>
ST_3 : Operation 121 [1/1] (0.00ns) (grouped into LUT with out node add_ln246)   --->   "%tmp_62 = call i1 @_ssdm_op_BitSelect.i1.i37.i32(i37 %xor_ln232_19, i32 36)" [desDecrypt.c:241]   --->   Operation 121 'bitselect' 'tmp_62' <Predicate = (!icmp_ln223)> <Delay = 0.00>
ST_3 : Operation 122 [1/1] (0.00ns) (grouped into LUT with out node add_ln246)   --->   "%tmp_63 = call i1 @_ssdm_op_BitSelect.i1.i42.i32(i42 %xor_ln232_18, i32 41)" [desDecrypt.c:241]   --->   Operation 122 'bitselect' 'tmp_63' <Predicate = (!icmp_ln223)> <Delay = 0.00>
ST_3 : Operation 123 [1/1] (0.00ns) (grouped into LUT with out node add_ln246)   --->   "%trunc_ln243_1 = call i4 @_ssdm_op_PartSelect.i4.i41.i32.i32(i41 %xor_ln232_17, i32 37, i32 40)" [desDecrypt.c:243]   --->   Operation 123 'partselect' 'trunc_ln243_1' <Predicate = (!icmp_ln223)> <Delay = 0.00>
ST_3 : Operation 124 [1/1] (0.00ns) (grouped into LUT with out node add_ln246)   --->   "%or_ln246_1 = call i6 @_ssdm_op_BitConcatenate.i6.i1.i1.i4(i1 %tmp_63, i1 %tmp_62, i4 %trunc_ln243_1)" [desDecrypt.c:246]   --->   Operation 124 'bitconcatenate' 'or_ln246_1' <Predicate = (!icmp_ln223)> <Delay = 0.00>
ST_3 : Operation 125 [1/1] (0.00ns) (grouped into LUT with out node add_ln246)   --->   "%zext_ln246_2 = zext i6 %or_ln246_1 to i8" [desDecrypt.c:246]   --->   Operation 125 'zext' 'zext_ln246_2' <Predicate = (!icmp_ln223)> <Delay = 0.00>
ST_3 : Operation 126 [1/1] (0.00ns) (grouped into LUT with out node add_ln246)   --->   "%zext_ln246_3_cast = call i11 @_ssdm_op_BitConcatenate.i11.i3.i8(i3 0, i8 %zext_ln246_2)" [desDecrypt.c:246]   --->   Operation 126 'bitconcatenate' 'zext_ln246_3_cast' <Predicate = (!icmp_ln223)> <Delay = 0.00>
ST_3 : Operation 127 [1/1] (1.76ns) (out node of the LUT)   --->   "%add_ln246 = add i11 64, %zext_ln246_3_cast" [desDecrypt.c:246]   --->   Operation 127 'add' 'add_ln246' <Predicate = (!icmp_ln223)> <Delay = 1.76> <Core = "AddSub">   --->   Core 14 'AddSub' <Latency = 0> <II = 1> <Delay = 1.76> <FuncUnit> <Opcode : 'add' 'sub'> <InPorts = 2> <OutPorts = 1>
ST_3 : Operation 128 [1/1] (0.00ns)   --->   "%sext_ln246 = sext i11 %add_ln246 to i64" [desDecrypt.c:246]   --->   Operation 128 'sext' 'sext_ln246' <Predicate = (!icmp_ln223)> <Delay = 0.00>
ST_3 : Operation 129 [1/1] (0.00ns)   --->   "%S_addr_1 = getelementptr [512 x i4]* @S, i64 0, i64 %sext_ln246" [desDecrypt.c:246]   --->   Operation 129 'getelementptr' 'S_addr_1' <Predicate = (!icmp_ln223)> <Delay = 0.00>
ST_3 : Operation 130 [2/2] (2.77ns)   --->   "%S_load_1 = load i4* %S_addr_1, align 1" [desDecrypt.c:246]   --->   Operation 130 'load' 'S_load_1' <Predicate = (!icmp_ln223)> <Delay = 2.77> <Core = "ROM_nP">   --->   Core 52 'ROM_nP' <Latency = 1> <II = 1> <Delay = 2.77> <Storage> <Opcode : 'load'> <Ports = 0> <Width = 4> <Depth = 512> <ROM>
ST_3 : Operation 131 [1/1] (0.00ns) (grouped into LUT with out node add_ln246_1)   --->   "%tmp_64 = call i1 @_ssdm_op_BitSelect.i1.i31.i32(i31 %xor_ln232_16, i32 30)" [desDecrypt.c:241]   --->   Operation 131 'bitselect' 'tmp_64' <Predicate = (!icmp_ln223)> <Delay = 0.00>
ST_3 : Operation 132 [1/1] (0.00ns) (grouped into LUT with out node add_ln246_1)   --->   "%tmp_65 = call i1 @_ssdm_op_BitSelect.i1.i36.i32(i36 %xor_ln232_15, i32 35)" [desDecrypt.c:241]   --->   Operation 132 'bitselect' 'tmp_65' <Predicate = (!icmp_ln223)> <Delay = 0.00>
ST_3 : Operation 133 [1/1] (0.00ns) (grouped into LUT with out node add_ln246_1)   --->   "%trunc_ln243_2 = call i4 @_ssdm_op_PartSelect.i4.i35.i32.i32(i35 %xor_ln232_14, i32 31, i32 34)" [desDecrypt.c:243]   --->   Operation 133 'partselect' 'trunc_ln243_2' <Predicate = (!icmp_ln223)> <Delay = 0.00>
ST_3 : Operation 134 [1/1] (0.00ns) (grouped into LUT with out node add_ln246_1)   --->   "%or_ln246_2 = call i6 @_ssdm_op_BitConcatenate.i6.i1.i1.i4(i1 %tmp_65, i1 %tmp_64, i4 %trunc_ln243_2)" [desDecrypt.c:246]   --->   Operation 134 'bitconcatenate' 'or_ln246_2' <Predicate = (!icmp_ln223)> <Delay = 0.00>
ST_3 : Operation 135 [1/1] (0.00ns) (grouped into LUT with out node add_ln246_1)   --->   "%zext_ln246_3 = zext i6 %or_ln246_2 to i8" [desDecrypt.c:246]   --->   Operation 135 'zext' 'zext_ln246_3' <Predicate = (!icmp_ln223)> <Delay = 0.00>
ST_3 : Operation 136 [1/1] (0.00ns) (grouped into LUT with out node add_ln246_1)   --->   "%zext_ln246_5_cast = call i11 @_ssdm_op_BitConcatenate.i11.i3.i8(i3 0, i8 %zext_ln246_3)" [desDecrypt.c:246]   --->   Operation 136 'bitconcatenate' 'zext_ln246_5_cast' <Predicate = (!icmp_ln223)> <Delay = 0.00>
ST_3 : Operation 137 [1/1] (1.76ns) (out node of the LUT)   --->   "%add_ln246_1 = add i11 128, %zext_ln246_5_cast" [desDecrypt.c:246]   --->   Operation 137 'add' 'add_ln246_1' <Predicate = (!icmp_ln223)> <Delay = 1.76> <Core = "AddSub">   --->   Core 14 'AddSub' <Latency = 0> <II = 1> <Delay = 1.76> <FuncUnit> <Opcode : 'add' 'sub'> <InPorts = 2> <OutPorts = 1>
ST_3 : Operation 138 [1/1] (0.00ns)   --->   "%sext_ln246_1 = sext i11 %add_ln246_1 to i64" [desDecrypt.c:246]   --->   Operation 138 'sext' 'sext_ln246_1' <Predicate = (!icmp_ln223)> <Delay = 0.00>
ST_3 : Operation 139 [1/1] (0.00ns)   --->   "%S_addr_2 = getelementptr [512 x i4]* @S, i64 0, i64 %sext_ln246_1" [desDecrypt.c:246]   --->   Operation 139 'getelementptr' 'S_addr_2' <Predicate = (!icmp_ln223)> <Delay = 0.00>
ST_3 : Operation 140 [2/2] (2.77ns)   --->   "%S_load_2 = load i4* %S_addr_2, align 1" [desDecrypt.c:246]   --->   Operation 140 'load' 'S_load_2' <Predicate = (!icmp_ln223)> <Delay = 2.77> <Core = "ROM_nP">   --->   Core 52 'ROM_nP' <Latency = 1> <II = 1> <Delay = 2.77> <Storage> <Opcode : 'load'> <Ports = 0> <Width = 4> <Depth = 512> <ROM>
ST_3 : Operation 141 [1/1] (0.00ns) (grouped into LUT with out node add_ln246_2)   --->   "%tmp_66 = call i1 @_ssdm_op_BitSelect.i1.i25.i32(i25 %xor_ln232_13, i32 24)" [desDecrypt.c:241]   --->   Operation 141 'bitselect' 'tmp_66' <Predicate = (!icmp_ln223)> <Delay = 0.00>
ST_3 : Operation 142 [1/1] (0.00ns) (grouped into LUT with out node add_ln246_2)   --->   "%tmp_67 = call i1 @_ssdm_op_BitSelect.i1.i30.i32(i30 %xor_ln232_12, i32 29)" [desDecrypt.c:241]   --->   Operation 142 'bitselect' 'tmp_67' <Predicate = (!icmp_ln223)> <Delay = 0.00>
ST_3 : Operation 143 [1/1] (0.00ns) (grouped into LUT with out node add_ln246_2)   --->   "%trunc_ln243_3 = call i4 @_ssdm_op_PartSelect.i4.i29.i32.i32(i29 %xor_ln232_11, i32 25, i32 28)" [desDecrypt.c:243]   --->   Operation 143 'partselect' 'trunc_ln243_3' <Predicate = (!icmp_ln223)> <Delay = 0.00>
ST_3 : Operation 144 [1/1] (0.00ns) (grouped into LUT with out node add_ln246_2)   --->   "%or_ln246_3 = call i6 @_ssdm_op_BitConcatenate.i6.i1.i1.i4(i1 %tmp_67, i1 %tmp_66, i4 %trunc_ln243_3)" [desDecrypt.c:246]   --->   Operation 144 'bitconcatenate' 'or_ln246_3' <Predicate = (!icmp_ln223)> <Delay = 0.00>
ST_3 : Operation 145 [1/1] (0.00ns) (grouped into LUT with out node add_ln246_2)   --->   "%zext_ln246_4 = zext i6 %or_ln246_3 to i8" [desDecrypt.c:246]   --->   Operation 145 'zext' 'zext_ln246_4' <Predicate = (!icmp_ln223)> <Delay = 0.00>
ST_3 : Operation 146 [1/1] (0.00ns) (grouped into LUT with out node add_ln246_2)   --->   "%zext_ln246_7_cast = call i11 @_ssdm_op_BitConcatenate.i11.i3.i8(i3 0, i8 %zext_ln246_4)" [desDecrypt.c:246]   --->   Operation 146 'bitconcatenate' 'zext_ln246_7_cast' <Predicate = (!icmp_ln223)> <Delay = 0.00>
ST_3 : Operation 147 [1/1] (1.76ns) (out node of the LUT)   --->   "%add_ln246_2 = add i11 192, %zext_ln246_7_cast" [desDecrypt.c:246]   --->   Operation 147 'add' 'add_ln246_2' <Predicate = (!icmp_ln223)> <Delay = 1.76> <Core = "AddSub">   --->   Core 14 'AddSub' <Latency = 0> <II = 1> <Delay = 1.76> <FuncUnit> <Opcode : 'add' 'sub'> <InPorts = 2> <OutPorts = 1>
ST_3 : Operation 148 [1/1] (0.00ns)   --->   "%sext_ln246_2 = sext i11 %add_ln246_2 to i64" [desDecrypt.c:246]   --->   Operation 148 'sext' 'sext_ln246_2' <Predicate = (!icmp_ln223)> <Delay = 0.00>
ST_3 : Operation 149 [1/1] (0.00ns)   --->   "%S_addr_3 = getelementptr [512 x i4]* @S, i64 0, i64 %sext_ln246_2" [desDecrypt.c:246]   --->   Operation 149 'getelementptr' 'S_addr_3' <Predicate = (!icmp_ln223)> <Delay = 0.00>
ST_3 : Operation 150 [2/2] (2.77ns)   --->   "%S_load_3 = load i4* %S_addr_3, align 1" [desDecrypt.c:246]   --->   Operation 150 'load' 'S_load_3' <Predicate = (!icmp_ln223)> <Delay = 2.77> <Core = "ROM_nP">   --->   Core 52 'ROM_nP' <Latency = 1> <II = 1> <Delay = 2.77> <Storage> <Opcode : 'load'> <Ports = 0> <Width = 4> <Depth = 512> <ROM>
ST_3 : Operation 151 [1/1] (0.00ns) (grouped into LUT with out node add_ln246_3)   --->   "%tmp_68 = call i1 @_ssdm_op_BitSelect.i1.i19.i32(i19 %xor_ln232_10, i32 18)" [desDecrypt.c:241]   --->   Operation 151 'bitselect' 'tmp_68' <Predicate = (!icmp_ln223)> <Delay = 0.00>
ST_3 : Operation 152 [1/1] (0.00ns) (grouped into LUT with out node add_ln246_3)   --->   "%tmp_69 = call i1 @_ssdm_op_BitSelect.i1.i24.i32(i24 %xor_ln232_9, i32 23)" [desDecrypt.c:241]   --->   Operation 152 'bitselect' 'tmp_69' <Predicate = (!icmp_ln223)> <Delay = 0.00>
ST_3 : Operation 153 [1/1] (0.00ns) (grouped into LUT with out node add_ln246_3)   --->   "%trunc_ln243_4 = call i4 @_ssdm_op_PartSelect.i4.i23.i32.i32(i23 %xor_ln232_8, i32 19, i32 22)" [desDecrypt.c:243]   --->   Operation 153 'partselect' 'trunc_ln243_4' <Predicate = (!icmp_ln223)> <Delay = 0.00>
ST_3 : Operation 154 [1/1] (0.00ns) (grouped into LUT with out node add_ln246_3)   --->   "%or_ln246_4 = call i6 @_ssdm_op_BitConcatenate.i6.i1.i1.i4(i1 %tmp_69, i1 %tmp_68, i4 %trunc_ln243_4)" [desDecrypt.c:246]   --->   Operation 154 'bitconcatenate' 'or_ln246_4' <Predicate = (!icmp_ln223)> <Delay = 0.00>
ST_3 : Operation 155 [1/1] (0.00ns) (grouped into LUT with out node add_ln246_3)   --->   "%zext_ln246_5 = zext i6 %or_ln246_4 to i8" [desDecrypt.c:246]   --->   Operation 155 'zext' 'zext_ln246_5' <Predicate = (!icmp_ln223)> <Delay = 0.00>
ST_3 : Operation 156 [1/1] (0.00ns) (grouped into LUT with out node add_ln246_3)   --->   "%zext_ln246_9_cast = call i11 @_ssdm_op_BitConcatenate.i11.i3.i8(i3 0, i8 %zext_ln246_5)" [desDecrypt.c:246]   --->   Operation 156 'bitconcatenate' 'zext_ln246_9_cast' <Predicate = (!icmp_ln223)> <Delay = 0.00>
ST_3 : Operation 157 [1/1] (1.76ns) (out node of the LUT)   --->   "%add_ln246_3 = add i11 256, %zext_ln246_9_cast" [desDecrypt.c:246]   --->   Operation 157 'add' 'add_ln246_3' <Predicate = (!icmp_ln223)> <Delay = 1.76> <Core = "AddSub">   --->   Core 14 'AddSub' <Latency = 0> <II = 1> <Delay = 1.76> <FuncUnit> <Opcode : 'add' 'sub'> <InPorts = 2> <OutPorts = 1>
ST_3 : Operation 158 [1/1] (0.00ns)   --->   "%sext_ln246_3 = sext i11 %add_ln246_3 to i64" [desDecrypt.c:246]   --->   Operation 158 'sext' 'sext_ln246_3' <Predicate = (!icmp_ln223)> <Delay = 0.00>
ST_3 : Operation 159 [1/1] (0.00ns)   --->   "%S_addr_4 = getelementptr [512 x i4]* @S, i64 0, i64 %sext_ln246_3" [desDecrypt.c:246]   --->   Operation 159 'getelementptr' 'S_addr_4' <Predicate = (!icmp_ln223)> <Delay = 0.00>
ST_3 : Operation 160 [2/2] (2.77ns)   --->   "%S_load_4 = load i4* %S_addr_4, align 1" [desDecrypt.c:246]   --->   Operation 160 'load' 'S_load_4' <Predicate = (!icmp_ln223)> <Delay = 2.77> <Core = "ROM_nP">   --->   Core 52 'ROM_nP' <Latency = 1> <II = 1> <Delay = 2.77> <Storage> <Opcode : 'load'> <Ports = 0> <Width = 4> <Depth = 512> <ROM>
ST_3 : Operation 161 [1/1] (0.00ns) (grouped into LUT with out node add_ln246_4)   --->   "%tmp_70 = call i1 @_ssdm_op_BitSelect.i1.i13.i32(i13 %xor_ln232_7, i32 12)" [desDecrypt.c:241]   --->   Operation 161 'bitselect' 'tmp_70' <Predicate = (!icmp_ln223)> <Delay = 0.00>
ST_3 : Operation 162 [1/1] (0.00ns) (grouped into LUT with out node add_ln246_4)   --->   "%tmp_71 = call i1 @_ssdm_op_BitSelect.i1.i18.i32(i18 %xor_ln232_6, i32 17)" [desDecrypt.c:241]   --->   Operation 162 'bitselect' 'tmp_71' <Predicate = (!icmp_ln223)> <Delay = 0.00>
ST_3 : Operation 163 [1/1] (0.00ns) (grouped into LUT with out node add_ln246_4)   --->   "%trunc_ln243_5 = call i4 @_ssdm_op_PartSelect.i4.i17.i32.i32(i17 %xor_ln232_5, i32 13, i32 16)" [desDecrypt.c:243]   --->   Operation 163 'partselect' 'trunc_ln243_5' <Predicate = (!icmp_ln223)> <Delay = 0.00>
ST_3 : Operation 164 [1/1] (0.00ns) (grouped into LUT with out node add_ln246_4)   --->   "%or_ln246_5 = call i6 @_ssdm_op_BitConcatenate.i6.i1.i1.i4(i1 %tmp_71, i1 %tmp_70, i4 %trunc_ln243_5)" [desDecrypt.c:246]   --->   Operation 164 'bitconcatenate' 'or_ln246_5' <Predicate = (!icmp_ln223)> <Delay = 0.00>
ST_3 : Operation 165 [1/1] (0.00ns) (grouped into LUT with out node add_ln246_4)   --->   "%zext_ln246_6 = zext i6 %or_ln246_5 to i8" [desDecrypt.c:246]   --->   Operation 165 'zext' 'zext_ln246_6' <Predicate = (!icmp_ln223)> <Delay = 0.00>
ST_3 : Operation 166 [1/1] (0.00ns) (grouped into LUT with out node add_ln246_4)   --->   "%zext_ln246_11_cast = call i11 @_ssdm_op_BitConcatenate.i11.i3.i8(i3 0, i8 %zext_ln246_6)" [desDecrypt.c:246]   --->   Operation 166 'bitconcatenate' 'zext_ln246_11_cast' <Predicate = (!icmp_ln223)> <Delay = 0.00>
ST_3 : Operation 167 [1/1] (1.76ns) (out node of the LUT)   --->   "%add_ln246_4 = add i11 320, %zext_ln246_11_cast" [desDecrypt.c:246]   --->   Operation 167 'add' 'add_ln246_4' <Predicate = (!icmp_ln223)> <Delay = 1.76> <Core = "AddSub">   --->   Core 14 'AddSub' <Latency = 0> <II = 1> <Delay = 1.76> <FuncUnit> <Opcode : 'add' 'sub'> <InPorts = 2> <OutPorts = 1>
ST_3 : Operation 168 [1/1] (0.00ns)   --->   "%sext_ln246_4 = sext i11 %add_ln246_4 to i64" [desDecrypt.c:246]   --->   Operation 168 'sext' 'sext_ln246_4' <Predicate = (!icmp_ln223)> <Delay = 0.00>
ST_3 : Operation 169 [1/1] (0.00ns)   --->   "%S_addr_5 = getelementptr [512 x i4]* @S, i64 0, i64 %sext_ln246_4" [desDecrypt.c:246]   --->   Operation 169 'getelementptr' 'S_addr_5' <Predicate = (!icmp_ln223)> <Delay = 0.00>
ST_3 : Operation 170 [2/2] (2.77ns)   --->   "%S_load_5 = load i4* %S_addr_5, align 1" [desDecrypt.c:246]   --->   Operation 170 'load' 'S_load_5' <Predicate = (!icmp_ln223)> <Delay = 2.77> <Core = "ROM_nP">   --->   Core 52 'ROM_nP' <Latency = 1> <II = 1> <Delay = 2.77> <Storage> <Opcode : 'load'> <Ports = 0> <Width = 4> <Depth = 512> <ROM>
ST_3 : Operation 171 [1/1] (0.00ns) (grouped into LUT with out node add_ln246_5)   --->   "%tmp_72 = call i1 @_ssdm_op_BitSelect.i1.i7.i32(i7 %xor_ln232_4, i32 6)" [desDecrypt.c:241]   --->   Operation 171 'bitselect' 'tmp_72' <Predicate = (!icmp_ln223)> <Delay = 0.00>
ST_3 : Operation 172 [1/1] (0.00ns) (grouped into LUT with out node add_ln246_5)   --->   "%tmp_73 = call i1 @_ssdm_op_BitSelect.i1.i12.i32(i12 %xor_ln232_3, i32 11)" [desDecrypt.c:241]   --->   Operation 172 'bitselect' 'tmp_73' <Predicate = (!icmp_ln223)> <Delay = 0.00>
ST_3 : Operation 173 [1/1] (0.00ns) (grouped into LUT with out node add_ln246_5)   --->   "%trunc_ln243_6 = call i4 @_ssdm_op_PartSelect.i4.i11.i32.i32(i11 %xor_ln232_2, i32 7, i32 10)" [desDecrypt.c:243]   --->   Operation 173 'partselect' 'trunc_ln243_6' <Predicate = (!icmp_ln223)> <Delay = 0.00>
ST_3 : Operation 174 [1/1] (0.00ns) (grouped into LUT with out node add_ln246_5)   --->   "%or_ln246_6 = call i6 @_ssdm_op_BitConcatenate.i6.i1.i1.i4(i1 %tmp_73, i1 %tmp_72, i4 %trunc_ln243_6)" [desDecrypt.c:246]   --->   Operation 174 'bitconcatenate' 'or_ln246_6' <Predicate = (!icmp_ln223)> <Delay = 0.00>
ST_3 : Operation 175 [1/1] (0.00ns) (grouped into LUT with out node add_ln246_5)   --->   "%zext_ln246_7 = zext i6 %or_ln246_6 to i8" [desDecrypt.c:246]   --->   Operation 175 'zext' 'zext_ln246_7' <Predicate = (!icmp_ln223)> <Delay = 0.00>
ST_3 : Operation 176 [1/1] (0.00ns) (grouped into LUT with out node add_ln246_5)   --->   "%zext_ln246_13_cast = call i11 @_ssdm_op_BitConcatenate.i11.i3.i8(i3 0, i8 %zext_ln246_7)" [desDecrypt.c:246]   --->   Operation 176 'bitconcatenate' 'zext_ln246_13_cast' <Predicate = (!icmp_ln223)> <Delay = 0.00>
ST_3 : Operation 177 [1/1] (1.76ns) (out node of the LUT)   --->   "%add_ln246_5 = add i11 384, %zext_ln246_13_cast" [desDecrypt.c:246]   --->   Operation 177 'add' 'add_ln246_5' <Predicate = (!icmp_ln223)> <Delay = 1.76> <Core = "AddSub">   --->   Core 14 'AddSub' <Latency = 0> <II = 1> <Delay = 1.76> <FuncUnit> <Opcode : 'add' 'sub'> <InPorts = 2> <OutPorts = 1>
ST_3 : Operation 178 [1/1] (0.00ns)   --->   "%sext_ln246_5 = sext i11 %add_ln246_5 to i64" [desDecrypt.c:246]   --->   Operation 178 'sext' 'sext_ln246_5' <Predicate = (!icmp_ln223)> <Delay = 0.00>
ST_3 : Operation 179 [1/1] (0.00ns)   --->   "%S_addr_6 = getelementptr [512 x i4]* @S, i64 0, i64 %sext_ln246_5" [desDecrypt.c:246]   --->   Operation 179 'getelementptr' 'S_addr_6' <Predicate = (!icmp_ln223)> <Delay = 0.00>
ST_3 : Operation 180 [2/2] (2.77ns)   --->   "%S_load_6 = load i4* %S_addr_6, align 1" [desDecrypt.c:246]   --->   Operation 180 'load' 'S_load_6' <Predicate = (!icmp_ln223)> <Delay = 2.77> <Core = "ROM_nP">   --->   Core 52 'ROM_nP' <Latency = 1> <II = 1> <Delay = 2.77> <Storage> <Opcode : 'load'> <Ports = 0> <Width = 4> <Depth = 512> <ROM>
ST_3 : Operation 181 [1/1] (0.00ns) (grouped into LUT with out node add_ln246_6)   --->   "%tmp_74 = call i1 @_ssdm_op_BitSelect.i1.i6.i32(i6 %xor_ln240, i32 5)" [desDecrypt.c:241]   --->   Operation 181 'bitselect' 'tmp_74' <Predicate = (!icmp_ln223)> <Delay = 0.00>
ST_3 : Operation 182 [1/1] (0.00ns) (grouped into LUT with out node add_ln246_6)   --->   "%trunc_ln243_7 = call i4 @_ssdm_op_PartSelect.i4.i5.i32.i32(i5 %xor_ln232_1, i32 1, i32 4)" [desDecrypt.c:243]   --->   Operation 182 'partselect' 'trunc_ln243_7' <Predicate = (!icmp_ln223)> <Delay = 0.00>
ST_3 : Operation 183 [1/1] (0.00ns) (grouped into LUT with out node add_ln246_6)   --->   "%or_ln246_7 = call i6 @_ssdm_op_BitConcatenate.i6.i1.i1.i4(i1 %tmp_74, i1 %xor_ln241, i4 %trunc_ln243_7)" [desDecrypt.c:246]   --->   Operation 183 'bitconcatenate' 'or_ln246_7' <Predicate = (!icmp_ln223)> <Delay = 0.00>
ST_3 : Operation 184 [1/1] (0.00ns) (grouped into LUT with out node add_ln246_6)   --->   "%zext_ln246_8 = zext i6 %or_ln246_7 to i8" [desDecrypt.c:246]   --->   Operation 184 'zext' 'zext_ln246_8' <Predicate = (!icmp_ln223)> <Delay = 0.00>
ST_3 : Operation 185 [1/1] (0.00ns) (grouped into LUT with out node add_ln246_6)   --->   "%zext_ln246_15_cast = call i11 @_ssdm_op_BitConcatenate.i11.i3.i8(i3 0, i8 %zext_ln246_8)" [desDecrypt.c:246]   --->   Operation 185 'bitconcatenate' 'zext_ln246_15_cast' <Predicate = (!icmp_ln223)> <Delay = 0.00>
ST_3 : Operation 186 [1/1] (1.76ns) (out node of the LUT)   --->   "%add_ln246_6 = add i11 448, %zext_ln246_15_cast" [desDecrypt.c:246]   --->   Operation 186 'add' 'add_ln246_6' <Predicate = (!icmp_ln223)> <Delay = 1.76> <Core = "AddSub">   --->   Core 14 'AddSub' <Latency = 0> <II = 1> <Delay = 1.76> <FuncUnit> <Opcode : 'add' 'sub'> <InPorts = 2> <OutPorts = 1>
ST_3 : Operation 187 [1/1] (0.00ns)   --->   "%sext_ln246_6 = sext i11 %add_ln246_6 to i64" [desDecrypt.c:246]   --->   Operation 187 'sext' 'sext_ln246_6' <Predicate = (!icmp_ln223)> <Delay = 0.00>
ST_3 : Operation 188 [1/1] (0.00ns)   --->   "%S_addr_7 = getelementptr [512 x i4]* @S, i64 0, i64 %sext_ln246_6" [desDecrypt.c:246]   --->   Operation 188 'getelementptr' 'S_addr_7' <Predicate = (!icmp_ln223)> <Delay = 0.00>
ST_3 : Operation 189 [2/2] (2.77ns)   --->   "%S_load_7 = load i4* %S_addr_7, align 1" [desDecrypt.c:246]   --->   Operation 189 'load' 'S_load_7' <Predicate = (!icmp_ln223)> <Delay = 2.77> <Core = "ROM_nP">   --->   Core 52 'ROM_nP' <Latency = 1> <II = 1> <Delay = 2.77> <Storage> <Opcode : 'load'> <Ports = 0> <Width = 4> <Depth = 512> <ROM>

State 4 <SV = 3> <Delay = 8.11>
ST_4 : Operation 190 [1/1] (0.00ns)   --->   "%L_0_loc_0 = phi i32 [ %temp, %Pipeline_loop4 ], [ %p_read_6, %entry ]"   --->   Operation 190 'phi' 'L_0_loc_0' <Predicate = true> <Delay = 0.00>
ST_4 : Operation 191 [1/1] (0.00ns)   --->   "%empty = call i32 (...)* @_ssdm_op_SpecLoopTripCount(i64 16, i64 16, i64 16) nounwind"   --->   Operation 191 'speclooptripcount' 'empty' <Predicate = true> <Delay = 0.00>
ST_4 : Operation 192 [1/1] (0.00ns)   --->   "br i1 %icmp_ln223, label %Loop_Pipeline_loop4_proc.exit, label %Pipeline_loop4" [desDecrypt.c:223]   --->   Operation 192 'br' <Predicate = true> <Delay = 0.00>
ST_4 : Operation 193 [1/1] (0.00ns)   --->   "call void (...)* @_ssdm_op_SpecLoopName([15 x i8]* @p_str5) nounwind" [desDecrypt.c:223]   --->   Operation 193 'specloopname' <Predicate = (!icmp_ln223)> <Delay = 0.00>
ST_4 : Operation 194 [1/1] (0.00ns)   --->   "%tmp_3_i = call i32 (...)* @_ssdm_op_SpecRegionBegin([15 x i8]* @p_str5) nounwind" [desDecrypt.c:223]   --->   Operation 194 'specregionbegin' 'tmp_3_i' <Predicate = (!icmp_ln223)> <Delay = 0.00>
ST_4 : Operation 195 [1/1] (0.00ns)   --->   "call void (...)* @_ssdm_op_SpecPipeline(i32 -1, i32 1, i32 1, i32 0, [1 x i8]* @p_str) nounwind" [desDecrypt.c:224]   --->   Operation 195 'specpipeline' <Predicate = (!icmp_ln223)> <Delay = 0.00>
ST_4 : Operation 196 [1/2] (2.77ns)   --->   "%S_load = load i4* %S_addr, align 1" [desDecrypt.c:246]   --->   Operation 196 'load' 'S_load' <Predicate = (!icmp_ln223)> <Delay = 2.77> <Core = "ROM_nP">   --->   Core 52 'ROM_nP' <Latency = 1> <II = 1> <Delay = 2.77> <Storage> <Opcode : 'load'> <Ports = 0> <Width = 4> <Depth = 512> <ROM>
ST_4 : Operation 197 [1/1] (0.00ns)   --->   "%trunc_ln254 = trunc i4 %S_load to i1" [desDecrypt.c:254]   --->   Operation 197 'trunc' 'trunc_ln254' <Predicate = (!icmp_ln223)> <Delay = 0.00>
ST_4 : Operation 198 [1/2] (2.77ns)   --->   "%S_load_1 = load i4* %S_addr_1, align 1" [desDecrypt.c:246]   --->   Operation 198 'load' 'S_load_1' <Predicate = (!icmp_ln223)> <Delay = 2.77> <Core = "ROM_nP">   --->   Core 52 'ROM_nP' <Latency = 1> <II = 1> <Delay = 2.77> <Storage> <Opcode : 'load'> <Ports = 0> <Width = 4> <Depth = 512> <ROM>
ST_4 : Operation 199 [1/1] (0.00ns)   --->   "%trunc_ln253 = trunc i4 %S_load_1 to i1" [desDecrypt.c:253]   --->   Operation 199 'trunc' 'trunc_ln253' <Predicate = (!icmp_ln223)> <Delay = 0.00>
ST_4 : Operation 200 [1/2] (2.77ns)   --->   "%S_load_2 = load i4* %S_addr_2, align 1" [desDecrypt.c:246]   --->   Operation 200 'load' 'S_load_2' <Predicate = (!icmp_ln223)> <Delay = 2.77> <Core = "ROM_nP">   --->   Core 52 'ROM_nP' <Latency = 1> <II = 1> <Delay = 2.77> <Storage> <Opcode : 'load'> <Ports = 0> <Width = 4> <Depth = 512> <ROM>
ST_4 : Operation 201 [1/1] (0.00ns)   --->   "%trunc_ln253_1 = trunc i4 %S_load_2 to i1" [desDecrypt.c:253]   --->   Operation 201 'trunc' 'trunc_ln253_1' <Predicate = (!icmp_ln223)> <Delay = 0.00>
ST_4 : Operation 202 [1/2] (2.77ns)   --->   "%S_load_3 = load i4* %S_addr_3, align 1" [desDecrypt.c:246]   --->   Operation 202 'load' 'S_load_3' <Predicate = (!icmp_ln223)> <Delay = 2.77> <Core = "ROM_nP">   --->   Core 52 'ROM_nP' <Latency = 1> <II = 1> <Delay = 2.77> <Storage> <Opcode : 'load'> <Ports = 0> <Width = 4> <Depth = 512> <ROM>
ST_4 : Operation 203 [1/2] (2.77ns)   --->   "%S_load_4 = load i4* %S_addr_4, align 1" [desDecrypt.c:246]   --->   Operation 203 'load' 'S_load_4' <Predicate = (!icmp_ln223)> <Delay = 2.77> <Core = "ROM_nP">   --->   Core 52 'ROM_nP' <Latency = 1> <II = 1> <Delay = 2.77> <Storage> <Opcode : 'load'> <Ports = 0> <Width = 4> <Depth = 512> <ROM>
ST_4 : Operation 204 [1/1] (0.00ns)   --->   "%trunc_ln253_2 = trunc i4 %S_load_4 to i1" [desDecrypt.c:253]   --->   Operation 204 'trunc' 'trunc_ln253_2' <Predicate = (!icmp_ln223)> <Delay = 0.00>
ST_4 : Operation 205 [1/2] (2.77ns)   --->   "%S_load_5 = load i4* %S_addr_5, align 1" [desDecrypt.c:246]   --->   Operation 205 'load' 'S_load_5' <Predicate = (!icmp_ln223)> <Delay = 2.77> <Core = "ROM_nP">   --->   Core 52 'ROM_nP' <Latency = 1> <II = 1> <Delay = 2.77> <Storage> <Opcode : 'load'> <Ports = 0> <Width = 4> <Depth = 512> <ROM>
ST_4 : Operation 206 [1/1] (0.00ns)   --->   "%trunc_ln253_3 = trunc i4 %S_load_5 to i1" [desDecrypt.c:253]   --->   Operation 206 'trunc' 'trunc_ln253_3' <Predicate = (!icmp_ln223)> <Delay = 0.00>
ST_4 : Operation 207 [1/2] (2.77ns)   --->   "%S_load_6 = load i4* %S_addr_6, align 1" [desDecrypt.c:246]   --->   Operation 207 'load' 'S_load_6' <Predicate = (!icmp_ln223)> <Delay = 2.77> <Core = "ROM_nP">   --->   Core 52 'ROM_nP' <Latency = 1> <II = 1> <Delay = 2.77> <Storage> <Opcode : 'load'> <Ports = 0> <Width = 4> <Depth = 512> <ROM>
ST_4 : Operation 208 [1/1] (0.00ns)   --->   "%trunc_ln253_4 = trunc i4 %S_load_6 to i1" [desDecrypt.c:253]   --->   Operation 208 'trunc' 'trunc_ln253_4' <Predicate = (!icmp_ln223)> <Delay = 0.00>
ST_4 : Operation 209 [1/2] (2.77ns)   --->   "%S_load_7 = load i4* %S_addr_7, align 1" [desDecrypt.c:246]   --->   Operation 209 'load' 'S_load_7' <Predicate = (!icmp_ln223)> <Delay = 2.77> <Core = "ROM_nP">   --->   Core 52 'ROM_nP' <Latency = 1> <II = 1> <Delay = 2.77> <Storage> <Opcode : 'load'> <Ports = 0> <Width = 4> <Depth = 512> <ROM>
ST_4 : Operation 210 [1/1] (0.00ns)   --->   "%trunc_ln253_5 = trunc i4 %S_load_7 to i1" [desDecrypt.c:253]   --->   Operation 210 'trunc' 'trunc_ln253_5' <Predicate = (!icmp_ln223)> <Delay = 0.00>
ST_4 : Operation 211 [1/1] (0.00ns)   --->   "%tmp_75 = call i1 @_ssdm_op_BitSelect.i1.i4.i32(i4 %S_load_1, i32 1)" [desDecrypt.c:254]   --->   Operation 211 'bitselect' 'tmp_75' <Predicate = (!icmp_ln223)> <Delay = 0.00>
ST_4 : Operation 212 [1/1] (0.00ns)   --->   "%trunc_ln253_6 = trunc i4 %S_load_3 to i1" [desDecrypt.c:253]   --->   Operation 212 'trunc' 'trunc_ln253_6' <Predicate = (!icmp_ln223)> <Delay = 0.00>
ST_4 : Operation 213 [1/1] (0.00ns)   --->   "%tmp_76 = call i1 @_ssdm_op_BitSelect.i1.i4.i32(i4 %S_load_5, i32 3)" [desDecrypt.c:254]   --->   Operation 213 'bitselect' 'tmp_76' <Predicate = (!icmp_ln223)> <Delay = 0.00>
ST_4 : Operation 214 [1/1] (0.00ns)   --->   "%tmp_77 = call i1 @_ssdm_op_BitSelect.i1.i4.i32(i4 %S_load_7, i32 3)" [desDecrypt.c:254]   --->   Operation 214 'bitselect' 'tmp_77' <Predicate = (!icmp_ln223)> <Delay = 0.00>
ST_4 : Operation 215 [1/1] (0.00ns)   --->   "%tmp_78 = call i1 @_ssdm_op_BitSelect.i1.i4.i32(i4 %S_load_4, i32 3)" [desDecrypt.c:253]   --->   Operation 215 'bitselect' 'tmp_78' <Predicate = (!icmp_ln223)> <Delay = 0.00>
ST_4 : Operation 216 [1/1] (0.00ns)   --->   "%tmp_79 = call i1 @_ssdm_op_BitSelect.i1.i4.i32(i4 %S_load, i32 3)" [desDecrypt.c:253]   --->   Operation 216 'bitselect' 'tmp_79' <Predicate = (!icmp_ln223)> <Delay = 0.00>
ST_4 : Operation 217 [1/1] (0.00ns)   --->   "%tmp_80 = call i1 @_ssdm_op_BitSelect.i1.i4.i32(i4 %S_load_3, i32 1)" [desDecrypt.c:253]   --->   Operation 217 'bitselect' 'tmp_80' <Predicate = (!icmp_ln223)> <Delay = 0.00>
ST_4 : Operation 218 [1/1] (0.00ns)   --->   "%tmp_81 = call i1 @_ssdm_op_BitSelect.i1.i4.i32(i4 %S_load_6, i32 2)" [desDecrypt.c:254]   --->   Operation 218 'bitselect' 'tmp_81' <Predicate = (!icmp_ln223)> <Delay = 0.00>
ST_4 : Operation 219 [1/1] (0.00ns)   --->   "%tmp_82 = call i1 @_ssdm_op_BitSelect.i1.i4.i32(i4 %S_load_5, i32 1)" [desDecrypt.c:254]   --->   Operation 219 'bitselect' 'tmp_82' <Predicate = (!icmp_ln223)> <Delay = 0.00>
ST_4 : Operation 220 [1/1] (0.00ns)   --->   "%tmp_83 = call i1 @_ssdm_op_BitSelect.i1.i4.i32(i4 %S_load_1, i32 3)" [desDecrypt.c:254]   --->   Operation 220 'bitselect' 'tmp_83' <Predicate = (!icmp_ln223)> <Delay = 0.00>
ST_4 : Operation 221 [1/1] (0.00ns)   --->   "%tmp_84 = call i1 @_ssdm_op_BitSelect.i1.i4.i32(i4 %S_load_4, i32 2)" [desDecrypt.c:254]   --->   Operation 221 'bitselect' 'tmp_84' <Predicate = (!icmp_ln223)> <Delay = 0.00>
ST_4 : Operation 222 [1/1] (0.00ns)   --->   "%tmp_85 = call i1 @_ssdm_op_BitSelect.i1.i4.i32(i4 %S_load_7, i32 1)" [desDecrypt.c:254]   --->   Operation 222 'bitselect' 'tmp_85' <Predicate = (!icmp_ln223)> <Delay = 0.00>
ST_4 : Operation 223 [1/1] (0.00ns)   --->   "%tmp_86 = call i1 @_ssdm_op_BitSelect.i1.i4.i32(i4 %S_load_2, i32 2)" [desDecrypt.c:254]   --->   Operation 223 'bitselect' 'tmp_86' <Predicate = (!icmp_ln223)> <Delay = 0.00>
ST_4 : Operation 224 [1/1] (0.00ns)   --->   "%tmp_87 = call i1 @_ssdm_op_BitSelect.i1.i4.i32(i4 %S_load, i32 2)" [desDecrypt.c:254]   --->   Operation 224 'bitselect' 'tmp_87' <Predicate = (!icmp_ln223)> <Delay = 0.00>
ST_4 : Operation 225 [1/1] (0.00ns)   --->   "%tmp_88 = call i1 @_ssdm_op_BitSelect.i1.i4.i32(i4 %S_load_3, i32 2)" [desDecrypt.c:253]   --->   Operation 225 'bitselect' 'tmp_88' <Predicate = (!icmp_ln223)> <Delay = 0.00>
ST_4 : Operation 226 [1/1] (0.00ns)   --->   "%tmp_89 = call i1 @_ssdm_op_BitSelect.i1.i4.i32(i4 %S_load_6, i32 1)" [desDecrypt.c:253]   --->   Operation 226 'bitselect' 'tmp_89' <Predicate = (!icmp_ln223)> <Delay = 0.00>
ST_4 : Operation 227 [1/1] (0.00ns)   --->   "%tmp_90 = call i1 @_ssdm_op_BitSelect.i1.i4.i32(i4 %S_load_2, i32 3)" [desDecrypt.c:254]   --->   Operation 227 'bitselect' 'tmp_90' <Predicate = (!icmp_ln223)> <Delay = 0.00>
ST_4 : Operation 228 [1/1] (0.00ns)   --->   "%tmp_91 = call i1 @_ssdm_op_BitSelect.i1.i4.i32(i4 %S_load, i32 1)" [desDecrypt.c:254]   --->   Operation 228 'bitselect' 'tmp_91' <Predicate = (!icmp_ln223)> <Delay = 0.00>
ST_4 : Operation 229 [1/1] (0.00ns)   --->   "%tmp_92 = call i1 @_ssdm_op_BitSelect.i1.i4.i32(i4 %S_load_4, i32 1)" [desDecrypt.c:254]   --->   Operation 229 'bitselect' 'tmp_92' <Predicate = (!icmp_ln223)> <Delay = 0.00>
ST_4 : Operation 230 [1/1] (0.00ns)   --->   "%tmp_93 = call i1 @_ssdm_op_BitSelect.i1.i4.i32(i4 %S_load_3, i32 3)" [desDecrypt.c:254]   --->   Operation 230 'bitselect' 'tmp_93' <Predicate = (!icmp_ln223)> <Delay = 0.00>
ST_4 : Operation 231 [1/1] (0.00ns)   --->   "%tmp_94 = call i1 @_ssdm_op_BitSelect.i1.i4.i32(i4 %S_load_7, i32 2)" [desDecrypt.c:253]   --->   Operation 231 'bitselect' 'tmp_94' <Predicate = (!icmp_ln223)> <Delay = 0.00>
ST_4 : Operation 232 [1/1] (0.00ns)   --->   "%tmp_95 = call i1 @_ssdm_op_BitSelect.i1.i4.i32(i4 %S_load_1, i32 2)" [desDecrypt.c:254]   --->   Operation 232 'bitselect' 'tmp_95' <Predicate = (!icmp_ln223)> <Delay = 0.00>
ST_4 : Operation 233 [1/1] (0.00ns)   --->   "%tmp_96 = call i1 @_ssdm_op_BitSelect.i1.i4.i32(i4 %S_load_5, i32 2)" [desDecrypt.c:254]   --->   Operation 233 'bitselect' 'tmp_96' <Predicate = (!icmp_ln223)> <Delay = 0.00>
ST_4 : Operation 234 [1/1] (0.00ns)   --->   "%tmp_97 = call i1 @_ssdm_op_BitSelect.i1.i4.i32(i4 %S_load_2, i32 1)" [desDecrypt.c:254]   --->   Operation 234 'bitselect' 'tmp_97' <Predicate = (!icmp_ln223)> <Delay = 0.00>
ST_4 : Operation 235 [1/1] (0.00ns)   --->   "%tmp_98 = call i1 @_ssdm_op_BitSelect.i1.i4.i32(i4 %S_load_6, i32 3)" [desDecrypt.c:254]   --->   Operation 235 'bitselect' 'tmp_98' <Predicate = (!icmp_ln223)> <Delay = 0.00>
ST_4 : Operation 236 [1/1] (0.00ns)   --->   "%or_ln254_s = call i32 @_ssdm_op_BitConcatenate.i32.i1.i1.i1.i1.i1.i1.i1.i1.i1.i1.i1.i1.i1.i1.i1.i1.i1.i1.i1.i1.i1.i1.i1.i1.i1.i1.i1.i1.i1.i1.i1.i1(i1 %trunc_ln253_6, i1 %tmp_75, i1 %trunc_ln253_2, i1 %tmp_76, i1 %tmp_77, i1 %trunc_ln253_1, i1 %trunc_ln253_4, i1 %tmp_78, i1 %tmp_79, i1 %tmp_80, i1 %tmp_82, i1 %tmp_81, i1 %tmp_83, i1 %tmp_84, i1 %tmp_85, i1 %tmp_86, i1 %tmp_87, i1 %trunc_ln253, i1 %trunc_ln253_3, i1 %tmp_88, i1 %trunc_ln253_5, i1 %tmp_89, i1 %tmp_91, i1 %tmp_90, i1 %tmp_92, i1 %tmp_93, i1 %tmp_94, i1 %tmp_95, i1 %tmp_96, i1 %tmp_97, i1 %trunc_ln254, i1 %tmp_98)" [desDecrypt.c:254]   --->   Operation 236 'bitconcatenate' 'or_ln254_s' <Predicate = (!icmp_ln223)> <Delay = 0.00>
ST_4 : Operation 237 [1/1] (0.80ns)   --->   "%R = xor i32 %or_ln254_s, %L_0_loc_0" [desDecrypt.c:259]   --->   Operation 237 'xor' 'R' <Predicate = (!icmp_ln223)> <Delay = 0.80> <Core = "LogicGate">   --->   Core 27 'LogicGate' <Latency = 0> <II = 1> <Delay = 0.80> <FuncUnit> <Opcode : 'and' 'or' 'xor'> <InPorts = 2> <OutPorts = 1>
ST_4 : Operation 238 [1/1] (0.00ns)   --->   "%empty_855 = call i32 (...)* @_ssdm_op_SpecRegionEnd([15 x i8]* @p_str5, i32 %tmp_3_i) nounwind" [desDecrypt.c:262]   --->   Operation 238 'specregionend' 'empty_855' <Predicate = (!icmp_ln223)> <Delay = 0.00>
ST_4 : Operation 239 [1/1] (0.00ns)   --->   "br label %.preheader3.i" [desDecrypt.c:223]   --->   Operation 239 'br' <Predicate = (!icmp_ln223)> <Delay = 0.00>

State 5 <SV = 4> <Delay = 0.00>
ST_5 : Operation 240 [1/1] (0.00ns)   --->   "%mrv = insertvalue { i32, i32 } undef, i32 %temp, 0" [desDecrypt.c:259]   --->   Operation 240 'insertvalue' 'mrv' <Predicate = true> <Delay = 0.00>
ST_5 : Operation 241 [1/1] (0.00ns)   --->   "%mrv_1 = insertvalue { i32, i32 } %mrv, i32 %L_0_loc_0, 1" [desDecrypt.c:259]   --->   Operation 241 'insertvalue' 'mrv_1' <Predicate = true> <Delay = 0.00>
ST_5 : Operation 242 [1/1] (0.00ns)   --->   "ret { i32, i32 } %mrv_1" [desDecrypt.c:259]   --->   Operation 242 'ret' <Predicate = true> <Delay = 0.00>


============================================================
+ Verbose Summary: Timing violations
============================================================
Target clock period: 10ns, clock uncertainty: 1.25ns.

 <State 1>: 1.35ns
The critical path consists of the following:
	multiplexor before 'phi' operation ('R') with incoming values : ('p_read51') ('R', desDecrypt.c:259) [9]  (1.35 ns)

 <State 2>: 3.3ns
The critical path consists of the following:
	'phi' operation ('i') with incoming values : ('i', desDecrypt.c:223) [11]  (0 ns)
	'sub' operation ('sub_ln232', desDecrypt.c:232) [58]  (1.55 ns)
	'getelementptr' operation ('sub_key_addr', desDecrypt.c:232) [60]  (0 ns)
	'load' operation ('sub_key_load', desDecrypt.c:232) on array 'sub_key' [61]  (1.75 ns)

 <State 3>: 6.29ns
The critical path consists of the following:
	'load' operation ('sub_key_load', desDecrypt.c:232) on array 'sub_key' [61]  (1.75 ns)
	'xor' operation ('xor_ln232_18', desDecrypt.c:232) [114]  (0 ns)
	'add' operation ('add_ln246', desDecrypt.c:246) [134]  (1.76 ns)
	'getelementptr' operation ('S_addr_1', desDecrypt.c:246) [136]  (0 ns)
	'load' operation ('S_load_1', desDecrypt.c:246) on array 'S' [137]  (2.77 ns)

 <State 4>: 8.12ns
The critical path consists of the following:
	'load' operation ('S_load', desDecrypt.c:246) on array 'S' [126]  (2.77 ns)
	'xor' operation ('R', desDecrypt.c:259) [229]  (0.809 ns)
	'phi' operation ('R') with incoming values : ('p_read51') ('R', desDecrypt.c:259) [9]  (0 ns)
	'xor' operation ('xor_ln232_18', desDecrypt.c:232) [114]  (0 ns)
	'add' operation ('add_ln246', desDecrypt.c:246) [134]  (1.76 ns)
	'getelementptr' operation ('S_addr_1', desDecrypt.c:246) [136]  (0 ns)
	'load' operation ('S_load_1', desDecrypt.c:246) on array 'S' [137]  (2.77 ns)

 <State 5>: 0ns
The critical path consists of the following:


============================================================
+ Verbose Summary: Binding
============================================================
N/A
* FSMD analyzer results:
  - Output states:
 - Input state : 
  - Chain level:
	State 1
	State 2
	State 3
	State 4
	State 5


============================================================
+ Verbose Summary: Datapath Resource usage 
============================================================
N/A
