

================================================================
== Vivado HLS Report for 'Loop_loop5_proc'
================================================================
* Date:           Wed Dec 23 13:51:47 2020

* Version:        2019.1 (Build 2552052 on Fri May 24 15:28:33 MDT 2019)
* Project:        DES_DEC
* Solution:       q21_3
* Product family: artix7
* Target device:  xc7a35tl-cpg236-2L


================================================================
== Performance Estimates
================================================================
+ Timing (ns): 
    * Summary: 
    +--------+-------+----------+------------+
    |  Clock | Target| Estimated| Uncertainty|
    +--------+-------+----------+------------+
    |ap_clk  |  10.00|     7.909|        1.25|
    +--------+-------+----------+------------+

+ Latency (clock cycles): 
    * Summary: 
    +-----+-----+-----+-----+---------+
    |  Latency  |  Interval | Pipeline|
    | min | max | min | max |   Type  |
    +-----+-----+-----+-----+---------+
    |  129|  129|  129|  129|   none  |
    +-----+-----+-----+-----+---------+

    + Detail: 
        * Instance: 
        N/A

        * Loop: 
        +----------+-----+-----+----------+-----------+-----------+------+----------+
        |          |  Latency  | Iteration|  Initiation Interval  | Trip |          |
        | Loop Name| min | max |  Latency |  achieved |   target  | Count| Pipelined|
        +----------+-----+-----+----------+-----------+-----------+------+----------+
        |- loop5   |  128|  128|         2|          -|          -|    64|    no    |
        +----------+-----+-----+----------+-----------+-----------+------+----------+

============================================================
+ Verbose Summary: Synthesis Manager
============================================================
InlineROM: 1
ExposeGlobal: 0
============================================================
+ Verbose Summary: CDFG Model
============================================================
IsTopModel: 0
ResetActiveHigh: 1
IsCombinational: 2
IsDatapathOnly: 0
HasWiredReturn: 1
HasMFsm: 0
HasVarLatency: 1
IsPipeline: 0
IsRtlPipelined: 0
IsInstanceOverlapped: 0
IsDontTouch: 0
HasImplIP: 0
IsGatedGlobalClock: 0


============================================================
+ Verbose Summary: Schedule
============================================================
* Number of FSM states : 3
* Pipeline : 0
* Dataflow Pipeline: 0

* FSM state transitions: 
1 --> 2 
2 --> 3 
3 --> 2 

* FSM state operations: 

State 1 <SV = 0> <Delay = 1.35>
ST_1 : Operation 4 [1/1] (0.00ns)   --->   "%p_read_2 = call i32 @_ssdm_op_Read.ap_auto.i32(i32 %p_read1)" [desDecrypt.c:264]   --->   Operation 4 'read' 'p_read_2' <Predicate = true> <Delay = 0.00>
ST_1 : Operation 5 [1/1] (0.00ns)   --->   "%p_read_3 = call i32 @_ssdm_op_Read.ap_auto.i32(i32 %p_read)" [desDecrypt.c:264]   --->   Operation 5 'read' 'p_read_3' <Predicate = true> <Delay = 0.00>
ST_1 : Operation 6 [1/1] (0.00ns)   --->   "%pre_output = call i64 @_ssdm_op_BitConcatenate.i64.i32.i32(i32 %p_read_3, i32 %p_read_2)" [desDecrypt.c:264]   --->   Operation 6 'bitconcatenate' 'pre_output' <Predicate = true> <Delay = 0.00>
ST_1 : Operation 7 [1/1] (1.35ns)   --->   "br label %0"   --->   Operation 7 'br' <Predicate = true> <Delay = 1.35>

State 2 <SV = 1> <Delay = 2.77>
ST_2 : Operation 8 [1/1] (0.00ns)   --->   "%i_4_i = phi i7 [ 0, %entry ], [ %i, %1 ]"   --->   Operation 8 'phi' 'i_4_i' <Predicate = true> <Delay = 0.00>
ST_2 : Operation 9 [1/1] (0.00ns)   --->   "%inv_init_perm_res_0_s = phi i64 [ 0, %entry ], [ %inv_init_perm_res, %1 ]"   --->   Operation 9 'phi' 'inv_init_perm_res_0_s' <Predicate = true> <Delay = 0.00>
ST_2 : Operation 10 [1/1] (1.23ns)   --->   "%icmp_ln267 = icmp eq i7 %i_4_i, -64" [desDecrypt.c:267]   --->   Operation 10 'icmp' 'icmp_ln267' <Predicate = true> <Delay = 1.23> <Core = "Cmp">   --->   Core 25 'Cmp' <Latency = 0> <II = 1> <Delay = 1.23> <FuncUnit> <Opcode : 'icmp'> <InPorts = 2> <OutPorts = 1>
ST_2 : Operation 11 [1/1] (0.00ns)   --->   "%empty = call i32 (...)* @_ssdm_op_SpecLoopTripCount(i64 64, i64 64, i64 64) nounwind"   --->   Operation 11 'speclooptripcount' 'empty' <Predicate = true> <Delay = 0.00>
ST_2 : Operation 12 [1/1] (1.66ns)   --->   "%i = add i7 %i_4_i, 1" [desDecrypt.c:267]   --->   Operation 12 'add' 'i' <Predicate = true> <Delay = 1.66> <Core = "AddSub">   --->   Core 14 'AddSub' <Latency = 0> <II = 1> <Delay = 1.66> <FuncUnit> <Opcode : 'add' 'sub'> <InPorts = 2> <OutPorts = 1>
ST_2 : Operation 13 [1/1] (0.00ns)   --->   "br i1 %icmp_ln267, label %Loop_loop5_proc.exit, label %1" [desDecrypt.c:267]   --->   Operation 13 'br' <Predicate = true> <Delay = 0.00>
ST_2 : Operation 14 [1/1] (0.00ns)   --->   "%zext_ln270 = zext i7 %i_4_i to i64" [desDecrypt.c:270]   --->   Operation 14 'zext' 'zext_ln270' <Predicate = (!icmp_ln267)> <Delay = 0.00>
ST_2 : Operation 15 [1/1] (0.00ns)   --->   "%PI_addr = getelementptr [64 x i7]* @PI, i64 0, i64 %zext_ln270" [desDecrypt.c:270]   --->   Operation 15 'getelementptr' 'PI_addr' <Predicate = (!icmp_ln267)> <Delay = 0.00>
ST_2 : Operation 16 [2/2] (2.77ns)   --->   "%PI_load = load i7* %PI_addr, align 1" [desDecrypt.c:270]   --->   Operation 16 'load' 'PI_load' <Predicate = (!icmp_ln267)> <Delay = 2.77> <Core = "ROM_nP">   --->   Core 52 'ROM_nP' <Latency = 1> <II = 1> <Delay = 2.77> <Storage> <Opcode : 'load'> <Ports = 0> <Width = 7> <Depth = 64> <ROM>
ST_2 : Operation 17 [1/1] (0.00ns)   --->   "%trunc_ln270_1 = trunc i64 %inv_init_perm_res_0_s to i63" [desDecrypt.c:270]   --->   Operation 17 'trunc' 'trunc_ln270_1' <Predicate = (!icmp_ln267)> <Delay = 0.00>
ST_2 : Operation 18 [1/1] (0.00ns)   --->   "ret i64 %inv_init_perm_res_0_s" [desDecrypt.c:270]   --->   Operation 18 'ret' <Predicate = (icmp_ln267)> <Delay = 0.00>

State 3 <SV = 2> <Delay = 7.90>
ST_3 : Operation 19 [1/1] (0.00ns)   --->   "call void (...)* @_ssdm_op_SpecLoopName([6 x i8]* @p_str9) nounwind" [desDecrypt.c:267]   --->   Operation 19 'specloopname' <Predicate = true> <Delay = 0.00>
ST_3 : Operation 20 [1/2] (2.77ns)   --->   "%PI_load = load i7* %PI_addr, align 1" [desDecrypt.c:270]   --->   Operation 20 'load' 'PI_load' <Predicate = true> <Delay = 2.77> <Core = "ROM_nP">   --->   Core 52 'ROM_nP' <Latency = 1> <II = 1> <Delay = 2.77> <Storage> <Opcode : 'load'> <Ports = 0> <Width = 7> <Depth = 64> <ROM>
ST_3 : Operation 21 [1/1] (1.66ns)   --->   "%sub_ln270 = sub i7 -64, %PI_load" [desDecrypt.c:270]   --->   Operation 21 'sub' 'sub_ln270' <Predicate = true> <Delay = 1.66> <Core = "AddSub">   --->   Core 14 'AddSub' <Latency = 0> <II = 1> <Delay = 1.66> <FuncUnit> <Opcode : 'add' 'sub'> <InPorts = 2> <OutPorts = 1>
ST_3 : Operation 22 [1/1] (0.00ns)   --->   "%zext_ln270_1 = zext i7 %sub_ln270 to i64" [desDecrypt.c:270]   --->   Operation 22 'zext' 'zext_ln270_1' <Predicate = true> <Delay = 0.00>
ST_3 : Operation 23 [1/1] (3.47ns)   --->   "%lshr_ln270 = lshr i64 %pre_output, %zext_ln270_1" [desDecrypt.c:270]   --->   Operation 23 'lshr' 'lshr_ln270' <Predicate = true> <Delay = 3.47> <Core = "Shift">   --->   Core 28 'Shift' <Latency = 0> <II = 1> <Delay = 3.47> <FuncUnit> <Opcode : 'shl' 'lshr' 'ashr'> <InPorts = 2> <OutPorts = 1>
ST_3 : Operation 24 [1/1] (0.00ns)   --->   "%trunc_ln270 = trunc i64 %lshr_ln270 to i1" [desDecrypt.c:270]   --->   Operation 24 'trunc' 'trunc_ln270' <Predicate = true> <Delay = 0.00>
ST_3 : Operation 25 [1/1] (0.00ns)   --->   "%inv_init_perm_res = call i64 @_ssdm_op_BitConcatenate.i64.i63.i1(i63 %trunc_ln270_1, i1 %trunc_ln270)" [desDecrypt.c:270]   --->   Operation 25 'bitconcatenate' 'inv_init_perm_res' <Predicate = true> <Delay = 0.00>
ST_3 : Operation 26 [1/1] (0.00ns)   --->   "br label %0" [desDecrypt.c:267]   --->   Operation 26 'br' <Predicate = true> <Delay = 0.00>


============================================================
+ Verbose Summary: Binding
============================================================
STG Binding: 
---------------- STG Properties BEGIN ----------------
- Is combinational: 0
- Is one-state seq: 0
- Is datapath-only: 0
- Is pipelined: 0
- Is top level: 0
Port [ Return ] is wired: 1; IO mode=ap_ctrl_hs:ce=0
Port [ p_read]:  wired=1; compound=0; hidden=0; nouse=0; global=0; static=0; extern=0; dir=0; type=0; pingpong=0; private_global=0; IO mode=ap_none:ce=0
Port [ p_read1]:  wired=1; compound=0; hidden=0; nouse=0; global=0; static=0; extern=0; dir=0; type=0; pingpong=0; private_global=0; IO mode=ap_none:ce=0
Port [ PI]:  wired=0; compound=1; hidden=1; nouse=0; global=1; static=1; extern=0; dir=0; type=1; pingpong=0; private_global=1; linkage=7; visibility=0; MemPort=[1]; IO mode=ap_memory:ce=0
---------------- STG Properties END ------------------

---------------- Datapath Model BEGIN ----------------

<LifeTime>
<method=bitvector/>
p_read_2              (read             ) [ 0000]
p_read_3              (read             ) [ 0000]
pre_output            (bitconcatenate   ) [ 0011]
br_ln0                (br               ) [ 0111]
i_4_i                 (phi              ) [ 0010]
inv_init_perm_res_0_s (phi              ) [ 0010]
icmp_ln267            (icmp             ) [ 0011]
empty                 (speclooptripcount) [ 0000]
i                     (add              ) [ 0111]
br_ln267              (br               ) [ 0000]
zext_ln270            (zext             ) [ 0000]
PI_addr               (getelementptr    ) [ 0001]
trunc_ln270_1         (trunc            ) [ 0001]
ret_ln270             (ret              ) [ 0000]
specloopname_ln267    (specloopname     ) [ 0000]
PI_load               (load             ) [ 0000]
sub_ln270             (sub              ) [ 0000]
zext_ln270_1          (zext             ) [ 0000]
lshr_ln270            (lshr             ) [ 0000]
trunc_ln270           (trunc            ) [ 0000]
inv_init_perm_res     (bitconcatenate   ) [ 0111]
br_ln267              (br               ) [ 0111]
</LifeTime>

<model>

<comp_list>
<comp id="0" class="1000" name="p_read">
<pin_list>
<pin id="1" dir="1" index="0" bw="1" slack="0"/>
</pin_list>
<bind>
<StgValue><ssdm name="p_read"/></StgValue>
</bind>
</comp>

<comp id="2" class="1000" name="p_read1">
<pin_list>
<pin id="3" dir="1" index="0" bw="1" slack="0"/>
</pin_list>
<bind>
<StgValue><ssdm name="p_read1"/></StgValue>
</bind>
</comp>

<comp id="4" class="1000" name="PI">
<pin_list>
<pin id="5" dir="1" index="0" bw="1" slack="0"/>
</pin_list>
<bind>
<StgValue><ssdm name="PI"/><MemPortTyVec>1 </MemPortTyVec>
</StgValue>
</bind>
</comp>

<comp id="6" class="1001" name="const_6">
<pin_list>
<pin id="7" dir="1" index="0" bw="1" slack="0"/>
</pin_list>
<bind>
<StgValue><ssdm name="_ssdm_op_Read.ap_auto.i32"/></StgValue>
</bind>
</comp>

<comp id="8" class="1001" name="const_8">
<pin_list>
<pin id="9" dir="1" index="0" bw="1" slack="0"/>
</pin_list>
<bind>
<StgValue><ssdm name="_ssdm_op_BitConcatenate.i64.i32.i32"/></StgValue>
</bind>
</comp>

<comp id="10" class="1001" name="const_10">
<pin_list>
<pin id="11" dir="1" index="0" bw="1" slack="1"/>
</pin_list>
<bind>
<StgValue><ssdm name=""/></StgValue>
</bind>
</comp>

<comp id="12" class="1001" name="const_12">
<pin_list>
<pin id="13" dir="1" index="0" bw="1" slack="0"/>
</pin_list>
<bind>
<StgValue><ssdm name=""/></StgValue>
</bind>
</comp>

<comp id="14" class="1001" name="const_14">
<pin_list>
<pin id="15" dir="1" index="0" bw="1" slack="0"/>
</pin_list>
<bind>
<StgValue><ssdm name=""/></StgValue>
</bind>
</comp>

<comp id="16" class="1001" name="const_16">
<pin_list>
<pin id="17" dir="1" index="0" bw="1" slack="2147483647"/>
</pin_list>
<bind>
<StgValue><ssdm name="_ssdm_op_SpecLoopTripCount"/></StgValue>
</bind>
</comp>

<comp id="18" class="1001" name="const_18">
<pin_list>
<pin id="19" dir="1" index="0" bw="1" slack="2147483647"/>
</pin_list>
<bind>
<StgValue><ssdm name=""/></StgValue>
</bind>
</comp>

<comp id="20" class="1001" name="const_20">
<pin_list>
<pin id="21" dir="1" index="0" bw="1" slack="0"/>
</pin_list>
<bind>
<StgValue><ssdm name=""/></StgValue>
</bind>
</comp>

<comp id="22" class="1001" name="const_22">
<pin_list>
<pin id="23" dir="1" index="0" bw="1" slack="2147483647"/>
</pin_list>
<bind>
<StgValue><ssdm name="_ssdm_op_SpecLoopName"/></StgValue>
</bind>
</comp>

<comp id="24" class="1001" name="const_24">
<pin_list>
<pin id="25" dir="1" index="0" bw="1" slack="2147483647"/>
</pin_list>
<bind>
<StgValue><ssdm name="p_str9"/></StgValue>
</bind>
</comp>

<comp id="26" class="1001" name="const_26">
<pin_list>
<pin id="27" dir="1" index="0" bw="1" slack="0"/>
</pin_list>
<bind>
<StgValue><ssdm name="_ssdm_op_BitConcatenate.i64.i63.i1"/></StgValue>
</bind>
</comp>

<comp id="28" class="1004" name="p_read_2_read_fu_28">
<pin_list>
<pin id="29" dir="0" index="0" bw="32" slack="0"/>
<pin id="30" dir="0" index="1" bw="32" slack="0"/>
<pin id="31" dir="1" index="2" bw="32" slack="0"/>
</pin_list>
<bind>
<opcode="read(1150) " fcode="read"/>
<opset="p_read_2/1 "/>
</bind>
</comp>

<comp id="34" class="1004" name="p_read_3_read_fu_34">
<pin_list>
<pin id="35" dir="0" index="0" bw="32" slack="0"/>
<pin id="36" dir="0" index="1" bw="32" slack="0"/>
<pin id="37" dir="1" index="2" bw="32" slack="0"/>
</pin_list>
<bind>
<opcode="read(1150) " fcode="read"/>
<opset="p_read_3/1 "/>
</bind>
</comp>

<comp id="40" class="1004" name="PI_addr_gep_fu_40">
<pin_list>
<pin id="41" dir="0" index="0" bw="7" slack="0"/>
<pin id="42" dir="0" index="1" bw="1" slack="0"/>
<pin id="43" dir="0" index="2" bw="7" slack="0"/>
<pin id="44" dir="1" index="3" bw="6" slack="0"/>
</pin_list>
<bind>
<opcode="getelementptr(29) " fcode="getelementptr"/>
<opset="PI_addr/2 "/>
</bind>
</comp>

<comp id="47" class="1004" name="grp_access_fu_47">
<pin_list>
<pin id="48" dir="0" index="0" bw="6" slack="0"/>
<pin id="49" dir="0" index="1" bw="7" slack="2147483647"/>
<pin id="50" dir="0" index="2" bw="0" slack="2147483647"/>
<pin id="51" dir="1" index="3" bw="7" slack="0"/>
</pin_list>
<bind>
<opcode="load(27) " fcode="load"/>
<opset="PI_load/2 "/>
</bind>
</comp>

<comp id="53" class="1005" name="i_4_i_reg_53">
<pin_list>
<pin id="54" dir="0" index="0" bw="7" slack="1"/>
<pin id="55" dir="1" index="1" bw="7" slack="1"/>
</pin_list>
<bind>
<opset="i_4_i (phireg) "/>
</bind>
</comp>

<comp id="57" class="1004" name="i_4_i_phi_fu_57">
<pin_list>
<pin id="58" dir="0" index="0" bw="1" slack="1"/>
<pin id="59" dir="0" index="1" bw="0" slack="2147483647"/>
<pin id="60" dir="0" index="2" bw="7" slack="0"/>
<pin id="61" dir="0" index="3" bw="0" slack="2147483647"/>
<pin id="62" dir="1" index="4" bw="7" slack="0"/>
</pin_list>
<bind>
<opcode="phi(47) " fcode="phi"/>
<opset="i_4_i/2 "/>
</bind>
</comp>

<comp id="64" class="1005" name="inv_init_perm_res_0_s_reg_64">
<pin_list>
<pin id="65" dir="0" index="0" bw="64" slack="1"/>
<pin id="66" dir="1" index="1" bw="64" slack="1"/>
</pin_list>
<bind>
<opset="inv_init_perm_res_0_s (phireg) "/>
</bind>
</comp>

<comp id="68" class="1004" name="inv_init_perm_res_0_s_phi_fu_68">
<pin_list>
<pin id="69" dir="0" index="0" bw="1" slack="1"/>
<pin id="70" dir="0" index="1" bw="0" slack="2147483647"/>
<pin id="71" dir="0" index="2" bw="64" slack="1"/>
<pin id="72" dir="0" index="3" bw="0" slack="2147483647"/>
<pin id="73" dir="1" index="4" bw="64" slack="0"/>
</pin_list>
<bind>
<opcode="phi(47) " fcode="phi"/>
<opset="inv_init_perm_res_0_s/2 "/>
</bind>
</comp>

<comp id="75" class="1004" name="pre_output_fu_75">
<pin_list>
<pin id="76" dir="0" index="0" bw="64" slack="0"/>
<pin id="77" dir="0" index="1" bw="32" slack="0"/>
<pin id="78" dir="0" index="2" bw="32" slack="0"/>
<pin id="79" dir="1" index="3" bw="64" slack="2"/>
</pin_list>
<bind>
<opcode="bitconcatenate(1004) " fcode="bitconcatenate"/>
<opset="pre_output/1 "/>
</bind>
</comp>

<comp id="83" class="1004" name="icmp_ln267_fu_83">
<pin_list>
<pin id="84" dir="0" index="0" bw="7" slack="0"/>
<pin id="85" dir="0" index="1" bw="7" slack="0"/>
<pin id="86" dir="1" index="2" bw="1" slack="2147483647"/>
</pin_list>
<bind>
<opcode="icmp(45) " fcode="icmp"/>
<opset="icmp_ln267/2 "/>
</bind>
</comp>

<comp id="89" class="1004" name="i_fu_89">
<pin_list>
<pin id="90" dir="0" index="0" bw="7" slack="0"/>
<pin id="91" dir="0" index="1" bw="1" slack="0"/>
<pin id="92" dir="1" index="2" bw="7" slack="0"/>
</pin_list>
<bind>
<opcode="add(8) " fcode="add"/>
<opset="i/2 "/>
</bind>
</comp>

<comp id="95" class="1004" name="zext_ln270_fu_95">
<pin_list>
<pin id="96" dir="0" index="0" bw="7" slack="0"/>
<pin id="97" dir="1" index="1" bw="64" slack="0"/>
</pin_list>
<bind>
<opcode="zext(34) " fcode="zext"/>
<opset="zext_ln270/2 "/>
</bind>
</comp>

<comp id="100" class="1004" name="trunc_ln270_1_fu_100">
<pin_list>
<pin id="101" dir="0" index="0" bw="64" slack="0"/>
<pin id="102" dir="1" index="1" bw="63" slack="1"/>
</pin_list>
<bind>
<opcode="trunc(33) " fcode="trunc"/>
<opset="trunc_ln270_1/2 "/>
</bind>
</comp>

<comp id="104" class="1004" name="sub_ln270_fu_104">
<pin_list>
<pin id="105" dir="0" index="0" bw="7" slack="0"/>
<pin id="106" dir="0" index="1" bw="7" slack="0"/>
<pin id="107" dir="1" index="2" bw="7" slack="0"/>
</pin_list>
<bind>
<opcode="sub(10) " fcode="sub"/>
<opset="sub_ln270/3 "/>
</bind>
</comp>

<comp id="110" class="1004" name="zext_ln270_1_fu_110">
<pin_list>
<pin id="111" dir="0" index="0" bw="7" slack="0"/>
<pin id="112" dir="1" index="1" bw="64" slack="0"/>
</pin_list>
<bind>
<opcode="zext(34) " fcode="zext"/>
<opset="zext_ln270_1/3 "/>
</bind>
</comp>

<comp id="114" class="1004" name="lshr_ln270_fu_114">
<pin_list>
<pin id="115" dir="0" index="0" bw="64" slack="2"/>
<pin id="116" dir="0" index="1" bw="7" slack="0"/>
<pin id="117" dir="1" index="2" bw="64" slack="0"/>
</pin_list>
<bind>
<opcode="lshr(21) " fcode="lshr"/>
<opset="lshr_ln270/3 "/>
</bind>
</comp>

<comp id="119" class="1004" name="trunc_ln270_fu_119">
<pin_list>
<pin id="120" dir="0" index="0" bw="64" slack="0"/>
<pin id="121" dir="1" index="1" bw="1" slack="0"/>
</pin_list>
<bind>
<opcode="trunc(33) " fcode="trunc"/>
<opset="trunc_ln270/3 "/>
</bind>
</comp>

<comp id="123" class="1004" name="inv_init_perm_res_fu_123">
<pin_list>
<pin id="124" dir="0" index="0" bw="64" slack="0"/>
<pin id="125" dir="0" index="1" bw="63" slack="1"/>
<pin id="126" dir="0" index="2" bw="1" slack="0"/>
<pin id="127" dir="1" index="3" bw="64" slack="1"/>
</pin_list>
<bind>
<opcode="bitconcatenate(1004) " fcode="bitconcatenate"/>
<opset="inv_init_perm_res/3 "/>
</bind>
</comp>

<comp id="130" class="1005" name="pre_output_reg_130">
<pin_list>
<pin id="131" dir="0" index="0" bw="64" slack="2"/>
<pin id="132" dir="1" index="1" bw="64" slack="2"/>
</pin_list>
<bind>
<opset="pre_output "/>
</bind>
</comp>

<comp id="138" class="1005" name="i_reg_138">
<pin_list>
<pin id="139" dir="0" index="0" bw="7" slack="0"/>
<pin id="140" dir="1" index="1" bw="7" slack="0"/>
</pin_list>
<bind>
<opset="i "/>
</bind>
</comp>

<comp id="143" class="1005" name="PI_addr_reg_143">
<pin_list>
<pin id="144" dir="0" index="0" bw="6" slack="1"/>
<pin id="145" dir="1" index="1" bw="6" slack="1"/>
</pin_list>
<bind>
<opset="PI_addr "/>
</bind>
</comp>

<comp id="148" class="1005" name="trunc_ln270_1_reg_148">
<pin_list>
<pin id="149" dir="0" index="0" bw="63" slack="1"/>
<pin id="150" dir="1" index="1" bw="63" slack="1"/>
</pin_list>
<bind>
<opset="trunc_ln270_1 "/>
</bind>
</comp>

<comp id="153" class="1005" name="inv_init_perm_res_reg_153">
<pin_list>
<pin id="154" dir="0" index="0" bw="64" slack="1"/>
<pin id="155" dir="1" index="1" bw="64" slack="1"/>
</pin_list>
<bind>
<opset="inv_init_perm_res "/>
</bind>
</comp>

</comp_list>

<net_list>
<net id="32"><net_src comp="6" pin="0"/><net_sink comp="28" pin=0"/></net>

<net id="33"><net_src comp="2" pin="0"/><net_sink comp="28" pin=1"/></net>

<net id="38"><net_src comp="6" pin="0"/><net_sink comp="34" pin=0"/></net>

<net id="39"><net_src comp="0" pin="0"/><net_sink comp="34" pin=1"/></net>

<net id="45"><net_src comp="4" pin="0"/><net_sink comp="40" pin=0"/></net>

<net id="46"><net_src comp="12" pin="0"/><net_sink comp="40" pin=1"/></net>

<net id="52"><net_src comp="40" pin="3"/><net_sink comp="47" pin=0"/></net>

<net id="56"><net_src comp="10" pin="0"/><net_sink comp="53" pin=0"/></net>

<net id="63"><net_src comp="53" pin="1"/><net_sink comp="57" pin=0"/></net>

<net id="67"><net_src comp="12" pin="0"/><net_sink comp="64" pin=0"/></net>

<net id="74"><net_src comp="64" pin="1"/><net_sink comp="68" pin=0"/></net>

<net id="80"><net_src comp="8" pin="0"/><net_sink comp="75" pin=0"/></net>

<net id="81"><net_src comp="34" pin="2"/><net_sink comp="75" pin=1"/></net>

<net id="82"><net_src comp="28" pin="2"/><net_sink comp="75" pin=2"/></net>

<net id="87"><net_src comp="57" pin="4"/><net_sink comp="83" pin=0"/></net>

<net id="88"><net_src comp="14" pin="0"/><net_sink comp="83" pin=1"/></net>

<net id="93"><net_src comp="57" pin="4"/><net_sink comp="89" pin=0"/></net>

<net id="94"><net_src comp="20" pin="0"/><net_sink comp="89" pin=1"/></net>

<net id="98"><net_src comp="57" pin="4"/><net_sink comp="95" pin=0"/></net>

<net id="99"><net_src comp="95" pin="1"/><net_sink comp="40" pin=2"/></net>

<net id="103"><net_src comp="68" pin="4"/><net_sink comp="100" pin=0"/></net>

<net id="108"><net_src comp="14" pin="0"/><net_sink comp="104" pin=0"/></net>

<net id="109"><net_src comp="47" pin="3"/><net_sink comp="104" pin=1"/></net>

<net id="113"><net_src comp="104" pin="2"/><net_sink comp="110" pin=0"/></net>

<net id="118"><net_src comp="110" pin="1"/><net_sink comp="114" pin=1"/></net>

<net id="122"><net_src comp="114" pin="2"/><net_sink comp="119" pin=0"/></net>

<net id="128"><net_src comp="26" pin="0"/><net_sink comp="123" pin=0"/></net>

<net id="129"><net_src comp="119" pin="1"/><net_sink comp="123" pin=2"/></net>

<net id="133"><net_src comp="75" pin="3"/><net_sink comp="130" pin=0"/></net>

<net id="134"><net_src comp="130" pin="1"/><net_sink comp="114" pin=0"/></net>

<net id="141"><net_src comp="89" pin="2"/><net_sink comp="138" pin=0"/></net>

<net id="142"><net_src comp="138" pin="1"/><net_sink comp="57" pin=2"/></net>

<net id="146"><net_src comp="40" pin="3"/><net_sink comp="143" pin=0"/></net>

<net id="147"><net_src comp="143" pin="1"/><net_sink comp="47" pin=0"/></net>

<net id="151"><net_src comp="100" pin="1"/><net_sink comp="148" pin=0"/></net>

<net id="152"><net_src comp="148" pin="1"/><net_sink comp="123" pin=1"/></net>

<net id="156"><net_src comp="123" pin="3"/><net_sink comp="153" pin=0"/></net>

<net id="157"><net_src comp="153" pin="1"/><net_sink comp="68" pin=2"/></net>

</net_list>

</model> 
---------------- Datapath Model END ------------------

* FSMD analyzer results:
  - Output states:
 - Input state : 
	Port: Loop_loop5_proc : p_read | {1 }
	Port: Loop_loop5_proc : p_read1 | {1 }
	Port: Loop_loop5_proc : PI | {2 3 }
  - Chain level:
	State 1
	State 2
		icmp_ln267 : 1
		i : 1
		br_ln267 : 2
		zext_ln270 : 1
		PI_addr : 2
		PI_load : 3
		trunc_ln270_1 : 1
		ret_ln270 : 1
	State 3
		sub_ln270 : 1
		zext_ln270_1 : 2
		lshr_ln270 : 3
		trunc_ln270 : 4
		inv_init_perm_res : 5


============================================================
+ Verbose Summary: Datapath Resource usage 
============================================================

* Functional unit list:
|----------|--------------------------|---------|---------|
| Operation|      Functional Unit     |    FF   |   LUT   |
|----------|--------------------------|---------|---------|
|   lshr   |     lshr_ln270_fu_114    |    0    |   182   |
|----------|--------------------------|---------|---------|
|    add   |          i_fu_89         |    0    |    15   |
|----------|--------------------------|---------|---------|
|    sub   |     sub_ln270_fu_104     |    0    |    15   |
|----------|--------------------------|---------|---------|
|   icmp   |     icmp_ln267_fu_83     |    0    |    11   |
|----------|--------------------------|---------|---------|
|   read   |    p_read_2_read_fu_28   |    0    |    0    |
|          |    p_read_3_read_fu_34   |    0    |    0    |
|----------|--------------------------|---------|---------|
|bitconcatenate|     pre_output_fu_75     |    0    |    0    |
|          | inv_init_perm_res_fu_123 |    0    |    0    |
|----------|--------------------------|---------|---------|
|   zext   |     zext_ln270_fu_95     |    0    |    0    |
|          |    zext_ln270_1_fu_110   |    0    |    0    |
|----------|--------------------------|---------|---------|
|   trunc  |   trunc_ln270_1_fu_100   |    0    |    0    |
|          |    trunc_ln270_fu_119    |    0    |    0    |
|----------|--------------------------|---------|---------|
|   Total  |                          |    0    |   223   |
|----------|--------------------------|---------|---------|

Memories:
N/A

* Register list:
+----------------------------+--------+
|                            |   FF   |
+----------------------------+--------+
|       PI_addr_reg_143      |    6   |
|        i_4_i_reg_53        |    7   |
|          i_reg_138         |    7   |
|inv_init_perm_res_0_s_reg_64|   64   |
|  inv_init_perm_res_reg_153 |   64   |
|     pre_output_reg_130     |   64   |
|    trunc_ln270_1_reg_148   |   63   |
+----------------------------+--------+
|            Total           |   275  |
+----------------------------+--------+

* Multiplexer (MUX) list: 
|------------------|------|------|------|--------||---------||---------|
|       Comp       |  Pin | Size |  BW  | S x BW ||  Delay  ||   LUT   |
|------------------|------|------|------|--------||---------||---------|
| grp_access_fu_47 |  p0  |   2  |   6  |   12   ||    9    |
|------------------|------|------|------|--------||---------||---------|
|       Total      |      |      |      |   12   ||   1.35  ||    9    |
|------------------|------|------|------|--------||---------||---------|



* Summary:
+-----------+--------+--------+--------+
|           |  Delay |   FF   |   LUT  |
+-----------+--------+--------+--------+
|  Function |    -   |    0   |   223  |
|   Memory  |    -   |    -   |    -   |
|Multiplexer|    1   |    -   |    9   |
|  Register |    -   |   275  |    -   |
+-----------+--------+--------+--------+
|   Total   |    1   |   275  |   232  |
+-----------+--------+--------+--------+
