

================================================================
== Vivado HLS Report for 'Loop_loop3_proc'
================================================================
* Date:           Wed Dec 23 13:51:49 2020

* Version:        2019.1 (Build 2552052 on Fri May 24 15:28:33 MDT 2019)
* Project:        DES_DEC
* Solution:       q21_3
* Product family: artix7
* Target device:  xc7a35tl-cpg236-2L


================================================================
== Performance Estimates
================================================================
+ Timing (ns): 
    * Summary: 
    +--------+-------+----------+------------+
    |  Clock | Target| Estimated| Uncertainty|
    +--------+-------+----------+------------+
    |ap_clk  |  10.00|     7.850|        1.25|
    +--------+-------+----------+------------+

+ Latency (clock cycles): 
    * Summary: 
    +------+------+------+------+---------+
    |   Latency   |   Interval  | Pipeline|
    |  min |  max |  min |  max |   Type  |
    +------+------+------+------+---------+
    |  1585|  1585|  1585|  1585|   none  |
    +------+------+------+------+---------+

    + Detail: 
        * Instance: 
        N/A

        * Loop: 
        +------------+------+------+----------+-----------+-----------+------+----------+
        |            |   Latency   | Iteration|  Initiation Interval  | Trip |          |
        |  Loop Name |  min |  max |  Latency |  achieved |   target  | Count| Pipelined|
        +------------+------+------+----------+-----------+-----------+------+----------+
        |- loop3     |  1584|  1584|        99|          -|          -|    16|    no    |
        | + loop3.1  |    96|    96|         2|          -|          -|    48|    no    |
        +------------+------+------+----------+-----------+-----------+------+----------+



================================================================
== Utilization Estimates
================================================================
* Summary: 
+-----------------+---------+-------+-------+-------+-----+
|       Name      | BRAM_18K| DSP48E|   FF  |  LUT  | URAM|
+-----------------+---------+-------+-------+-------+-----+
|DSP              |        -|      -|      -|      -|    -|
|Expression       |        -|      -|      0|    285|    -|
|FIFO             |        -|      -|      -|      -|    -|
|Instance         |        -|      -|      -|      -|    -|
|Memory           |        0|      -|      6|      5|    -|
|Multiplexer      |        -|      -|      -|     99|    -|
|Register         |        -|      -|    271|      -|    -|
+-----------------+---------+-------+-------+-------+-----+
|Total            |        0|      0|    277|    389|    0|
+-----------------+---------+-------+-------+-------+-----+
|Available        |      100|     90|  41600|  20800|    0|
+-----------------+---------+-------+-------+-------+-----+
|Utilization (%)  |        0|      0|   ~0  |      1|    0|
+-----------------+---------+-------+-------+-------+-----+

+ Detail: 
    * Instance: 
    N/A

    * DSP48E: 
    N/A

    * Memory: 
    +-------+---------------------+---------+---+----+-----+------+-----+------+-------------+
    | Memory|        Module       | BRAM_18K| FF| LUT| URAM| Words| Bits| Banks| W*Bits*Banks|
    +-------+---------------------+---------+---+----+-----+------+-----+------+-------------+
    |PC2_U  |Loop_loop3_proc_PC2  |        0|  6|   5|    0|    48|    6|     1|          288|
    +-------+---------------------+---------+---+----+-----+------+-----+------+-------------+
    |Total  |                     |        0|  6|   5|    0|    48|    6|     1|          288|
    +-------+---------------------+---------+---+----+-----+------+-----+------+-------------+

    * FIFO: 
    N/A

    * Expression: 
    +----------------------+----------+-------+---+-----+------------+------------+
    |     Variable Name    | Operation| DSP48E| FF| LUT | Bitwidth P0| Bitwidth P1|
    +----------------------+----------+-------+---+-----+------------+------------+
    |i_fu_185_p2           |     +    |      0|  0|   15|           5|           1|
    |j_fu_356_p2           |     +    |      0|  0|   15|           6|           1|
    |sub_ln218_fu_371_p2   |     -    |      0|  0|   15|           5|           6|
    |empty_67_fu_191_p2    |   icmp   |      0|  0|   11|           5|           4|
    |empty_68_fu_197_p2    |   icmp   |      0|  0|   11|           5|           4|
    |empty_70_fu_209_p2    |   icmp   |      0|  0|   11|           5|           1|
    |empty_72_fu_221_p2    |   icmp   |      0|  0|   11|           5|           1|
    |icmp_ln192_fu_179_p2  |   icmp   |      0|  0|   11|           5|           6|
    |icmp_ln216_fu_350_p2  |   icmp   |      0|  0|   11|           6|           6|
    |lshr_ln218_fu_381_p2  |   lshr   |      0|  0|  166|          56|          56|
    |ap_block_state1       |    or    |      0|  0|    2|           1|           1|
    |empty_69_fu_203_p2    |    or    |      0|  0|    2|           1|           1|
    |empty_71_fu_215_p2    |    or    |      0|  0|    2|           1|           1|
    |empty_73_fu_227_p2    |    or    |      0|  0|    2|           1|           1|
    +----------------------+----------+-------+---+-----+------------+------------+
    |Total                 |          |      0|  0|  285|         107|          90|
    +----------------------+----------+-------+---+-----+------------+------------+

    * Multiplexer: 
    +----------------------+----+-----------+-----+-----------+
    |         Name         | LUT| Input Size| Bits| Total Bits|
    +----------------------+----+-----------+-----+-----------+
    |C_3_fu_70             |  15|          3|   28|         84|
    |D_fu_74               |  15|          3|   28|         84|
    |ap_NS_fsm             |  33|          6|    1|          6|
    |ap_done               |   9|          2|    1|          2|
    |i_2_i_reg_115         |   9|          2|    5|         10|
    |j_0_i_reg_138         |   9|          2|    6|         12|
    |sub_key_load_reg_126  |   9|          2|   64|        128|
    +----------------------+----+-----------+-----+-----------+
    |Total                 |  99|         20|  133|        326|
    +----------------------+----+-----------+-----+-----------+

    * Register: 
    +-----------------------+----+----+-----+-----------+
    |          Name         | FF | LUT| Bits| Const Bits|
    +-----------------------+----+----+-----+-----------+
    |C_3_fu_70              |  28|   0|   28|          0|
    |D_fu_74                |  28|   0|   28|          0|
    |ap_CS_fsm              |   5|   0|    5|          0|
    |ap_done_reg            |   1|   0|    1|          0|
    |i_2_i_reg_115          |   5|   0|    5|          0|
    |i_reg_416              |   5|   0|    5|          0|
    |j_0_i_reg_138          |   6|   0|    6|          0|
    |j_reg_437              |   6|   0|    6|          0|
    |sub_key_addr_reg_424   |   4|   0|    4|          0|
    |sub_key_load_reg_126   |  64|   0|   64|          0|
    |tmp_4_reg_429          |  56|   0|   56|          0|
    |trunc_ln218_1_reg_447  |  63|   0|   63|          0|
    +-----------------------+----+----+-----+-----------+
    |Total                  | 271|   0|  271|          0|
    +-----------------------+----+----+-----+-----------+



================================================================
== Interface
================================================================
* Summary: 
+------------------+-----+-----+------------+-----------------+--------------+
|     RTL Ports    | Dir | Bits|  Protocol  |  Source Object  |    C Type    |
+------------------+-----+-----+------------+-----------------+--------------+
|ap_clk            |  in |    1| ap_ctrl_hs | Loop_loop3_proc | return value |
|ap_rst            |  in |    1| ap_ctrl_hs | Loop_loop3_proc | return value |
|ap_start          |  in |    1| ap_ctrl_hs | Loop_loop3_proc | return value |
|ap_done           | out |    1| ap_ctrl_hs | Loop_loop3_proc | return value |
|ap_continue       |  in |    1| ap_ctrl_hs | Loop_loop3_proc | return value |
|ap_idle           | out |    1| ap_ctrl_hs | Loop_loop3_proc | return value |
|ap_ready          | out |    1| ap_ctrl_hs | Loop_loop3_proc | return value |
|p_read            |  in |   60|   ap_none  |      p_read     |    scalar    |
|p_read1           |  in |   64|   ap_none  |     p_read1     |    scalar    |
|sub_key_address0  | out |    4|  ap_memory |     sub_key     |     array    |
|sub_key_ce0       | out |    1|  ap_memory |     sub_key     |     array    |
|sub_key_we0       | out |    1|  ap_memory |     sub_key     |     array    |
|sub_key_d0        | out |   64|  ap_memory |     sub_key     |     array    |
+------------------+-----+-----+------------+-----------------+--------------+

============================================================
+ Verbose Summary: Synthesis Manager
============================================================
InlineROM: 1
ExposeGlobal: 0
============================================================
+ Verbose Summary: CDFG Model
============================================================
IsTopModel: 0
ResetActiveHigh: 1
IsCombinational: 2
IsDatapathOnly: 0
HasWiredReturn: 1
HasMFsm: 0
HasVarLatency: 1
IsPipeline: 0
IsRtlPipelined: 0
IsInstanceOverlapped: 0
IsDontTouch: 0
HasImplIP: 0
IsGatedGlobalClock: 0


============================================================
+ Verbose Summary: Schedule
============================================================
* Number of FSM states : 5
* Pipeline : 0
* Dataflow Pipeline: 0

* FSM state transitions: 
1 --> 2 
2 --> 3 
3 --> 4 
4 --> 5 2 
5 --> 4 

* FSM state operations: 

State 1 <SV = 0> <Delay = 1.45>
ST_1 : Operation 6 [1/1] (0.00ns)   --->   "%C_3 = alloca i28"   --->   Operation 6 'alloca' 'C_3' <Predicate = true> <Delay = 0.00>
ST_1 : Operation 7 [1/1] (0.00ns)   --->   "%D = alloca i28"   --->   Operation 7 'alloca' 'D' <Predicate = true> <Delay = 0.00>
ST_1 : Operation 8 [1/1] (0.00ns)   --->   "%p_read_4 = call i64 @_ssdm_op_Read.ap_auto.i64(i64 %p_read1)" [desDecrypt.c:188]   --->   Operation 8 'read' 'p_read_4' <Predicate = true> <Delay = 0.00>
ST_1 : Operation 9 [1/1] (0.00ns)   --->   "%p_read_5 = call i60 @_ssdm_op_Read.ap_auto.i60(i60 %p_read)" [desDecrypt.c:188]   --->   Operation 9 'read' 'p_read_5' <Predicate = true> <Delay = 0.00>
ST_1 : Operation 10 [1/1] (0.00ns)   --->   "%C = call i28 @_ssdm_op_PartSelect.i28.i60.i32.i32(i60 %p_read_5, i32 28, i32 55)" [desDecrypt.c:188]   --->   Operation 10 'partselect' 'C' <Predicate = true> <Delay = 0.00>
ST_1 : Operation 11 [1/1] (0.00ns)   --->   "%D_3 = trunc i64 %p_read_4 to i28" [desDecrypt.c:189]   --->   Operation 11 'trunc' 'D_3' <Predicate = true> <Delay = 0.00>
ST_1 : Operation 12 [1/1] (1.45ns)   --->   "store i28 %D_3, i28* %D" [desDecrypt.c:192]   --->   Operation 12 'store' <Predicate = true> <Delay = 1.45>
ST_1 : Operation 13 [1/1] (1.45ns)   --->   "store i28 %C, i28* %C_3" [desDecrypt.c:192]   --->   Operation 13 'store' <Predicate = true> <Delay = 1.45>
ST_1 : Operation 14 [1/1] (1.35ns)   --->   "br label %0" [desDecrypt.c:192]   --->   Operation 14 'br' <Predicate = true> <Delay = 1.35>

State 2 <SV = 1> <Delay = 2.01>
ST_2 : Operation 15 [1/1] (0.00ns)   --->   "%i_2_i = phi i5 [ 0, %entry ], [ %i, %loop3_end ]"   --->   Operation 15 'phi' 'i_2_i' <Predicate = true> <Delay = 0.00>
ST_2 : Operation 16 [1/1] (1.21ns)   --->   "%icmp_ln192 = icmp eq i5 %i_2_i, -16" [desDecrypt.c:192]   --->   Operation 16 'icmp' 'icmp_ln192' <Predicate = true> <Delay = 1.21> <Core = "Cmp">   --->   Core 25 'Cmp' <Latency = 0> <II = 1> <Delay = 1.22> <FuncUnit> <Opcode : 'icmp'> <InPorts = 2> <OutPorts = 1>
ST_2 : Operation 17 [1/1] (0.00ns)   --->   "%empty = call i32 (...)* @_ssdm_op_SpecLoopTripCount(i64 16, i64 16, i64 16) nounwind"   --->   Operation 17 'speclooptripcount' 'empty' <Predicate = true> <Delay = 0.00>
ST_2 : Operation 18 [1/1] (1.54ns)   --->   "%i = add i5 %i_2_i, 1" [desDecrypt.c:192]   --->   Operation 18 'add' 'i' <Predicate = true> <Delay = 1.54> <Core = "AddSub">   --->   Core 14 'AddSub' <Latency = 0> <II = 1> <Delay = 1.60> <FuncUnit> <Opcode : 'add' 'sub'> <InPorts = 2> <OutPorts = 1>
ST_2 : Operation 19 [1/1] (0.00ns)   --->   "br i1 %icmp_ln192, label %Loop_loop3_proc.exit, label %loop3_begin" [desDecrypt.c:192]   --->   Operation 19 'br' <Predicate = true> <Delay = 0.00>
ST_2 : Operation 20 [1/1] (0.00ns)   --->   "call void (...)* @_ssdm_op_SpecLoopName([6 x i8]* @p_str4) nounwind" [desDecrypt.c:192]   --->   Operation 20 'specloopname' <Predicate = (!icmp_ln192)> <Delay = 0.00>
ST_2 : Operation 21 [1/1] (0.00ns)   --->   "%tmp_i = call i32 (...)* @_ssdm_op_SpecRegionBegin([6 x i8]* @p_str4) nounwind" [desDecrypt.c:192]   --->   Operation 21 'specregionbegin' 'tmp_i' <Predicate = (!icmp_ln192)> <Delay = 0.00>
ST_2 : Operation 22 [1/1] (0.00ns)   --->   "%C_3_load = load i28* %C_3" [desDecrypt.c:197]   --->   Operation 22 'load' 'C_3_load' <Predicate = (!icmp_ln192)> <Delay = 0.00>
ST_2 : Operation 23 [1/1] (0.00ns)   --->   "%D_load = load i28* %D" [desDecrypt.c:198]   --->   Operation 23 'load' 'D_load' <Predicate = (!icmp_ln192)> <Delay = 0.00>
ST_2 : Operation 24 [1/1] (1.21ns)   --->   "%empty_67 = icmp eq i5 %i_2_i, 15" [desDecrypt.c:192]   --->   Operation 24 'icmp' 'empty_67' <Predicate = (!icmp_ln192)> <Delay = 1.21> <Core = "Cmp">   --->   Core 25 'Cmp' <Latency = 0> <II = 1> <Delay = 1.22> <FuncUnit> <Opcode : 'icmp'> <InPorts = 2> <OutPorts = 1>
ST_2 : Operation 25 [1/1] (1.21ns)   --->   "%empty_68 = icmp eq i5 %i_2_i, 8" [desDecrypt.c:192]   --->   Operation 25 'icmp' 'empty_68' <Predicate = (!icmp_ln192)> <Delay = 1.21> <Core = "Cmp">   --->   Core 25 'Cmp' <Latency = 0> <II = 1> <Delay = 1.22> <FuncUnit> <Opcode : 'icmp'> <InPorts = 2> <OutPorts = 1>
ST_2 : Operation 26 [1/1] (0.00ns) (grouped into LUT with out node empty_73)   --->   "%empty_69 = or i1 %empty_68, %empty_67" [desDecrypt.c:192]   --->   Operation 26 'or' 'empty_69' <Predicate = (!icmp_ln192)> <Delay = 0.00> <Core = "LogicGate">   --->   Core 27 'LogicGate' <Latency = 0> <II = 1> <Delay = 0.80> <FuncUnit> <Opcode : 'and' 'or' 'xor'> <InPorts = 2> <OutPorts = 1>
ST_2 : Operation 27 [1/1] (1.21ns)   --->   "%empty_70 = icmp eq i5 %i_2_i, 1" [desDecrypt.c:192]   --->   Operation 27 'icmp' 'empty_70' <Predicate = (!icmp_ln192)> <Delay = 1.21> <Core = "Cmp">   --->   Core 25 'Cmp' <Latency = 0> <II = 1> <Delay = 1.22> <FuncUnit> <Opcode : 'icmp'> <InPorts = 2> <OutPorts = 1>
ST_2 : Operation 28 [1/1] (0.00ns) (grouped into LUT with out node empty_73)   --->   "%empty_71 = or i1 %empty_70, %empty_69" [desDecrypt.c:192]   --->   Operation 28 'or' 'empty_71' <Predicate = (!icmp_ln192)> <Delay = 0.00> <Core = "LogicGate">   --->   Core 27 'LogicGate' <Latency = 0> <II = 1> <Delay = 0.80> <FuncUnit> <Opcode : 'and' 'or' 'xor'> <InPorts = 2> <OutPorts = 1>
ST_2 : Operation 29 [1/1] (1.21ns)   --->   "%empty_72 = icmp eq i5 %i_2_i, 0" [desDecrypt.c:192]   --->   Operation 29 'icmp' 'empty_72' <Predicate = (!icmp_ln192)> <Delay = 1.21> <Core = "Cmp">   --->   Core 25 'Cmp' <Latency = 0> <II = 1> <Delay = 1.22> <FuncUnit> <Opcode : 'icmp'> <InPorts = 2> <OutPorts = 1>
ST_2 : Operation 30 [1/1] (0.80ns) (out node of the LUT)   --->   "%empty_73 = or i1 %empty_72, %empty_71" [desDecrypt.c:192]   --->   Operation 30 'or' 'empty_73' <Predicate = (!icmp_ln192)> <Delay = 0.80> <Core = "LogicGate">   --->   Core 27 'LogicGate' <Latency = 0> <II = 1> <Delay = 0.80> <FuncUnit> <Opcode : 'and' 'or' 'xor'> <InPorts = 2> <OutPorts = 1>
ST_2 : Operation 31 [1/1] (0.00ns)   --->   "br i1 %empty_73, label %._crit_edge14.i, label %3" [desDecrypt.c:192]   --->   Operation 31 'br' <Predicate = (!icmp_ln192)> <Delay = 0.00>
ST_2 : Operation 32 [1/1] (0.00ns)   --->   "%trunc_ln203 = trunc i28 %C_3_load to i26" [desDecrypt.c:203]   --->   Operation 32 'trunc' 'trunc_ln203' <Predicate = (!icmp_ln192 & !empty_73)> <Delay = 0.00>
ST_2 : Operation 33 [1/1] (0.00ns)   --->   "%trunc_ln204 = trunc i28 %D_load to i26" [desDecrypt.c:204]   --->   Operation 33 'trunc' 'trunc_ln204' <Predicate = (!icmp_ln192 & !empty_73)> <Delay = 0.00>
ST_2 : Operation 34 [1/1] (0.00ns)   --->   "%tmp_6 = call i2 @_ssdm_op_PartSelect.i2.i28.i32.i32(i28 %C_3_load, i32 26, i32 27)" [desDecrypt.c:203]   --->   Operation 34 'partselect' 'tmp_6' <Predicate = (!icmp_ln192 & !empty_73)> <Delay = 0.00>
ST_2 : Operation 35 [1/1] (0.00ns)   --->   "%C_1 = call i28 @_ssdm_op_BitConcatenate.i28.i26.i2(i26 %trunc_ln203, i2 %tmp_6)" [desDecrypt.c:203]   --->   Operation 35 'bitconcatenate' 'C_1' <Predicate = (!icmp_ln192 & !empty_73)> <Delay = 0.00>
ST_2 : Operation 36 [1/1] (0.00ns)   --->   "%tmp_7 = call i2 @_ssdm_op_PartSelect.i2.i28.i32.i32(i28 %D_load, i32 26, i32 27)" [desDecrypt.c:204]   --->   Operation 36 'partselect' 'tmp_7' <Predicate = (!icmp_ln192 & !empty_73)> <Delay = 0.00>
ST_2 : Operation 37 [1/1] (0.00ns)   --->   "%D_1 = call i28 @_ssdm_op_BitConcatenate.i28.i26.i2(i26 %trunc_ln204, i2 %tmp_7)" [desDecrypt.c:204]   --->   Operation 37 'bitconcatenate' 'D_1' <Predicate = (!icmp_ln192 & !empty_73)> <Delay = 0.00>
ST_2 : Operation 38 [1/1] (1.45ns)   --->   "store i28 %D_1, i28* %D" [desDecrypt.c:204]   --->   Operation 38 'store' <Predicate = (!icmp_ln192 & !empty_73)> <Delay = 1.45>
ST_2 : Operation 39 [1/1] (1.45ns)   --->   "store i28 %C_1, i28* %C_3" [desDecrypt.c:203]   --->   Operation 39 'store' <Predicate = (!icmp_ln192 & !empty_73)> <Delay = 1.45>
ST_2 : Operation 40 [1/1] (0.00ns)   --->   "br label %2"   --->   Operation 40 'br' <Predicate = (!icmp_ln192 & !empty_73)> <Delay = 0.00>
ST_2 : Operation 41 [1/1] (0.00ns)   --->   "%tmp = call i1 @_ssdm_op_BitSelect.i1.i28.i32(i28 %C_3_load, i32 27)" [desDecrypt.c:197]   --->   Operation 41 'bitselect' 'tmp' <Predicate = (!icmp_ln192 & empty_73)> <Delay = 0.00>
ST_2 : Operation 42 [1/1] (0.00ns)   --->   "%trunc_ln197 = trunc i28 %C_3_load to i27" [desDecrypt.c:197]   --->   Operation 42 'trunc' 'trunc_ln197' <Predicate = (!icmp_ln192 & empty_73)> <Delay = 0.00>
ST_2 : Operation 43 [1/1] (0.00ns)   --->   "%C_2 = call i28 @_ssdm_op_BitConcatenate.i28.i27.i1(i27 %trunc_ln197, i1 %tmp)" [desDecrypt.c:197]   --->   Operation 43 'bitconcatenate' 'C_2' <Predicate = (!icmp_ln192 & empty_73)> <Delay = 0.00>
ST_2 : Operation 44 [1/1] (0.00ns)   --->   "%tmp_1 = call i1 @_ssdm_op_BitSelect.i1.i28.i32(i28 %D_load, i32 27)" [desDecrypt.c:198]   --->   Operation 44 'bitselect' 'tmp_1' <Predicate = (!icmp_ln192 & empty_73)> <Delay = 0.00>
ST_2 : Operation 45 [1/1] (0.00ns)   --->   "%trunc_ln198 = trunc i28 %D_load to i27" [desDecrypt.c:198]   --->   Operation 45 'trunc' 'trunc_ln198' <Predicate = (!icmp_ln192 & empty_73)> <Delay = 0.00>
ST_2 : Operation 46 [1/1] (0.00ns)   --->   "%D_2 = call i28 @_ssdm_op_BitConcatenate.i28.i27.i1(i27 %trunc_ln198, i1 %tmp_1)" [desDecrypt.c:198]   --->   Operation 46 'bitconcatenate' 'D_2' <Predicate = (!icmp_ln192 & empty_73)> <Delay = 0.00>
ST_2 : Operation 47 [1/1] (1.45ns)   --->   "store i28 %D_2, i28* %D" [desDecrypt.c:199]   --->   Operation 47 'store' <Predicate = (!icmp_ln192 & empty_73)> <Delay = 1.45>
ST_2 : Operation 48 [1/1] (1.45ns)   --->   "store i28 %C_2, i28* %C_3" [desDecrypt.c:199]   --->   Operation 48 'store' <Predicate = (!icmp_ln192 & empty_73)> <Delay = 1.45>
ST_2 : Operation 49 [1/1] (0.00ns)   --->   "br label %2" [desDecrypt.c:199]   --->   Operation 49 'br' <Predicate = (!icmp_ln192 & empty_73)> <Delay = 0.00>
ST_2 : Operation 50 [1/1] (0.00ns)   --->   "%zext_ln214 = zext i5 %i_2_i to i64" [desDecrypt.c:214]   --->   Operation 50 'zext' 'zext_ln214' <Predicate = (!icmp_ln192)> <Delay = 0.00>
ST_2 : Operation 51 [1/1] (0.00ns)   --->   "%sub_key_addr = getelementptr inbounds [16 x i64]* %sub_key, i64 0, i64 %zext_ln214" [desDecrypt.c:214]   --->   Operation 51 'getelementptr' 'sub_key_addr' <Predicate = (!icmp_ln192)> <Delay = 0.00>
ST_2 : Operation 52 [1/1] (0.00ns)   --->   "ret void"   --->   Operation 52 'ret' <Predicate = (icmp_ln192)> <Delay = 0.00>

State 3 <SV = 2> <Delay = 1.35>
ST_3 : Operation 53 [1/1] (0.00ns)   --->   "%C_3_load_1 = load i28* %C_3" [desDecrypt.c:212]   --->   Operation 53 'load' 'C_3_load_1' <Predicate = true> <Delay = 0.00>
ST_3 : Operation 54 [1/1] (0.00ns)   --->   "%D_load_1 = load i28* %D" [desDecrypt.c:212]   --->   Operation 54 'load' 'D_load_1' <Predicate = true> <Delay = 0.00>
ST_3 : Operation 55 [1/1] (0.00ns)   --->   "%tmp_4 = call i56 @_ssdm_op_BitConcatenate.i56.i28.i28(i28 %C_3_load_1, i28 %D_load_1)" [desDecrypt.c:212]   --->   Operation 55 'bitconcatenate' 'tmp_4' <Predicate = true> <Delay = 0.00>
ST_3 : Operation 56 [1/1] (1.35ns)   --->   "br label %1" [desDecrypt.c:216]   --->   Operation 56 'br' <Predicate = true> <Delay = 1.35>

State 4 <SV = 3> <Delay = 2.77>
ST_4 : Operation 57 [1/1] (0.00ns)   --->   "%sub_key_load = phi i64 [ 0, %2 ], [ %or_ln, %4 ]" [desDecrypt.c:218]   --->   Operation 57 'phi' 'sub_key_load' <Predicate = true> <Delay = 0.00>
ST_4 : Operation 58 [1/1] (0.00ns)   --->   "%j_0_i = phi i6 [ 0, %2 ], [ %j, %4 ]"   --->   Operation 58 'phi' 'j_0_i' <Predicate = true> <Delay = 0.00>
ST_4 : Operation 59 [1/1] (2.77ns)   --->   "store i64 %sub_key_load, i64* %sub_key_addr, align 8" [desDecrypt.c:218]   --->   Operation 59 'store' <Predicate = true> <Delay = 2.77> <Core = "RAM">   --->   Core 37 'RAM' <Latency = 1> <II = 1> <Delay = 2.77> <Storage> <Opcode : 'load' 'store'> <Ports = 2> <Width = 64> <Depth = 16> <RAM>
ST_4 : Operation 60 [1/1] (1.22ns)   --->   "%icmp_ln216 = icmp eq i6 %j_0_i, -16" [desDecrypt.c:216]   --->   Operation 60 'icmp' 'icmp_ln216' <Predicate = true> <Delay = 1.22> <Core = "Cmp">   --->   Core 25 'Cmp' <Latency = 0> <II = 1> <Delay = 1.22> <FuncUnit> <Opcode : 'icmp'> <InPorts = 2> <OutPorts = 1>
ST_4 : Operation 61 [1/1] (0.00ns)   --->   "%empty_66 = call i32 (...)* @_ssdm_op_SpecLoopTripCount(i64 48, i64 48, i64 48) nounwind"   --->   Operation 61 'speclooptripcount' 'empty_66' <Predicate = true> <Delay = 0.00>
ST_4 : Operation 62 [1/1] (1.60ns)   --->   "%j = add i6 %j_0_i, 1" [desDecrypt.c:216]   --->   Operation 62 'add' 'j' <Predicate = true> <Delay = 1.60> <Core = "AddSub">   --->   Core 14 'AddSub' <Latency = 0> <II = 1> <Delay = 1.60> <FuncUnit> <Opcode : 'add' 'sub'> <InPorts = 2> <OutPorts = 1>
ST_4 : Operation 63 [1/1] (0.00ns)   --->   "br i1 %icmp_ln216, label %loop3_end, label %4" [desDecrypt.c:216]   --->   Operation 63 'br' <Predicate = true> <Delay = 0.00>
ST_4 : Operation 64 [1/1] (0.00ns)   --->   "%zext_ln218 = zext i6 %j_0_i to i64" [desDecrypt.c:218]   --->   Operation 64 'zext' 'zext_ln218' <Predicate = (!icmp_ln216)> <Delay = 0.00>
ST_4 : Operation 65 [1/1] (0.00ns)   --->   "%PC2_addr = getelementptr [48 x i6]* @PC2, i64 0, i64 %zext_ln218" [desDecrypt.c:218]   --->   Operation 65 'getelementptr' 'PC2_addr' <Predicate = (!icmp_ln216)> <Delay = 0.00>
ST_4 : Operation 66 [2/2] (2.77ns)   --->   "%PC2_load = load i6* %PC2_addr, align 1" [desDecrypt.c:218]   --->   Operation 66 'load' 'PC2_load' <Predicate = (!icmp_ln216)> <Delay = 2.77> <Core = "ROM_nP">   --->   Core 52 'ROM_nP' <Latency = 1> <II = 1> <Delay = 2.77> <Storage> <Opcode : 'load'> <Ports = 0> <Width = 6> <Depth = 48> <ROM>
ST_4 : Operation 67 [1/1] (0.00ns)   --->   "%trunc_ln218_1 = trunc i64 %sub_key_load to i63" [desDecrypt.c:218]   --->   Operation 67 'trunc' 'trunc_ln218_1' <Predicate = (!icmp_ln216)> <Delay = 0.00>
ST_4 : Operation 68 [1/1] (0.00ns)   --->   "%empty_65 = call i32 (...)* @_ssdm_op_SpecRegionEnd([6 x i8]* @p_str4, i32 %tmp_i) nounwind" [desDecrypt.c:221]   --->   Operation 68 'specregionend' 'empty_65' <Predicate = (icmp_ln216)> <Delay = 0.00>
ST_4 : Operation 69 [1/1] (0.00ns)   --->   "br label %0" [desDecrypt.c:192]   --->   Operation 69 'br' <Predicate = (icmp_ln216)> <Delay = 0.00>

State 5 <SV = 4> <Delay = 7.84>
ST_5 : Operation 70 [1/2] (2.77ns)   --->   "%PC2_load = load i6* %PC2_addr, align 1" [desDecrypt.c:218]   --->   Operation 70 'load' 'PC2_load' <Predicate = true> <Delay = 2.77> <Core = "ROM_nP">   --->   Core 52 'ROM_nP' <Latency = 1> <II = 1> <Delay = 2.77> <Storage> <Opcode : 'load'> <Ports = 0> <Width = 6> <Depth = 48> <ROM>
ST_5 : Operation 71 [1/1] (1.60ns)   --->   "%sub_ln218 = sub i6 -8, %PC2_load" [desDecrypt.c:218]   --->   Operation 71 'sub' 'sub_ln218' <Predicate = true> <Delay = 1.60> <Core = "AddSub">   --->   Core 14 'AddSub' <Latency = 0> <II = 1> <Delay = 1.60> <FuncUnit> <Opcode : 'add' 'sub'> <InPorts = 2> <OutPorts = 1>
ST_5 : Operation 72 [1/1] (0.00ns)   --->   "%zext_ln218_1 = zext i6 %sub_ln218 to i56" [desDecrypt.c:218]   --->   Operation 72 'zext' 'zext_ln218_1' <Predicate = true> <Delay = 0.00>
ST_5 : Operation 73 [1/1] (3.47ns)   --->   "%lshr_ln218 = lshr i56 %tmp_4, %zext_ln218_1" [desDecrypt.c:218]   --->   Operation 73 'lshr' 'lshr_ln218' <Predicate = true> <Delay = 3.47> <Core = "Shift">   --->   Core 28 'Shift' <Latency = 0> <II = 1> <Delay = 3.47> <FuncUnit> <Opcode : 'shl' 'lshr' 'ashr'> <InPorts = 2> <OutPorts = 1>
ST_5 : Operation 74 [1/1] (0.00ns)   --->   "%trunc_ln218 = trunc i56 %lshr_ln218 to i1" [desDecrypt.c:218]   --->   Operation 74 'trunc' 'trunc_ln218' <Predicate = true> <Delay = 0.00>
ST_5 : Operation 75 [1/1] (0.00ns)   --->   "%or_ln = call i64 @_ssdm_op_BitConcatenate.i64.i63.i1(i63 %trunc_ln218_1, i1 %trunc_ln218)" [desDecrypt.c:218]   --->   Operation 75 'bitconcatenate' 'or_ln' <Predicate = true> <Delay = 0.00>
ST_5 : Operation 76 [1/1] (0.00ns)   --->   "br label %1" [desDecrypt.c:216]   --->   Operation 76 'br' <Predicate = true> <Delay = 0.00>


============================================================
+ Verbose Summary: Binding
============================================================
STG Binding: 
---------------- STG Properties BEGIN ----------------
- Is combinational: 0
- Is one-state seq: 0
- Is datapath-only: 0
- Is pipelined: 0
- Is top level: 0
Port [ Return ] is wired: 1; IO mode=ap_ctrl_hs:ce=0
Port [ p_read]:  wired=1; compound=0; hidden=0; nouse=0; global=0; static=0; extern=0; dir=0; type=0; pingpong=0; private_global=0; IO mode=ap_none:ce=0
Port [ p_read1]:  wired=1; compound=0; hidden=0; nouse=0; global=0; static=0; extern=0; dir=0; type=0; pingpong=0; private_global=0; IO mode=ap_none:ce=0
Port [ sub_key]:  wired=1; compound=1; hidden=0; nouse=0; global=0; static=0; extern=0; dir=1; type=1; pingpong=1; private_global=0; MemPort=[03]; IO mode=ap_memory:ce=0
Port [ PC2]:  wired=0; compound=1; hidden=1; nouse=0; global=1; static=1; extern=0; dir=0; type=1; pingpong=0; private_global=1; linkage=7; visibility=0; MemPort=[1]; IO mode=ap_memory:ce=0
---------------- STG Properties END ------------------

---------------- Datapath Model BEGIN ----------------

<LifeTime>
<method=bitvector/>
C_3                (alloca           ) [ 011111]
D                  (alloca           ) [ 011111]
p_read_4           (read             ) [ 000000]
p_read_5           (read             ) [ 000000]
C                  (partselect       ) [ 000000]
D_3                (trunc            ) [ 000000]
store_ln192        (store            ) [ 000000]
store_ln192        (store            ) [ 000000]
br_ln192           (br               ) [ 011111]
i_2_i              (phi              ) [ 001000]
icmp_ln192         (icmp             ) [ 001111]
empty              (speclooptripcount) [ 000000]
i                  (add              ) [ 011111]
br_ln192           (br               ) [ 000000]
specloopname_ln192 (specloopname     ) [ 000000]
tmp_i              (specregionbegin  ) [ 000111]
C_3_load           (load             ) [ 000000]
D_load             (load             ) [ 000000]
empty_67           (icmp             ) [ 000000]
empty_68           (icmp             ) [ 000000]
empty_69           (or               ) [ 000000]
empty_70           (icmp             ) [ 000000]
empty_71           (or               ) [ 000000]
empty_72           (icmp             ) [ 000000]
empty_73           (or               ) [ 001111]
br_ln192           (br               ) [ 000000]
trunc_ln203        (trunc            ) [ 000000]
trunc_ln204        (trunc            ) [ 000000]
tmp_6              (partselect       ) [ 000000]
C_1                (bitconcatenate   ) [ 000000]
tmp_7              (partselect       ) [ 000000]
D_1                (bitconcatenate   ) [ 000000]
store_ln204        (store            ) [ 000000]
store_ln203        (store            ) [ 000000]
br_ln0             (br               ) [ 000000]
tmp                (bitselect        ) [ 000000]
trunc_ln197        (trunc            ) [ 000000]
C_2                (bitconcatenate   ) [ 000000]
tmp_1              (bitselect        ) [ 000000]
trunc_ln198        (trunc            ) [ 000000]
D_2                (bitconcatenate   ) [ 000000]
store_ln199        (store            ) [ 000000]
store_ln199        (store            ) [ 000000]
br_ln199           (br               ) [ 000000]
zext_ln214         (zext             ) [ 000000]
sub_key_addr       (getelementptr    ) [ 000111]
ret_ln0            (ret              ) [ 000000]
C_3_load_1         (load             ) [ 000000]
D_load_1           (load             ) [ 000000]
tmp_4              (bitconcatenate   ) [ 000011]
br_ln216           (br               ) [ 001111]
sub_key_load       (phi              ) [ 000010]
j_0_i              (phi              ) [ 000010]
store_ln218        (store            ) [ 000000]
icmp_ln216         (icmp             ) [ 001111]
empty_66           (speclooptripcount) [ 000000]
j                  (add              ) [ 001111]
br_ln216           (br               ) [ 000000]
zext_ln218         (zext             ) [ 000000]
PC2_addr           (getelementptr    ) [ 000001]
trunc_ln218_1      (trunc            ) [ 000001]
empty_65           (specregionend    ) [ 000000]
br_ln192           (br               ) [ 011111]
PC2_load           (load             ) [ 000000]
sub_ln218          (sub              ) [ 000000]
zext_ln218_1       (zext             ) [ 000000]
lshr_ln218         (lshr             ) [ 000000]
trunc_ln218        (trunc            ) [ 000000]
or_ln              (bitconcatenate   ) [ 001111]
br_ln216           (br               ) [ 001111]
</LifeTime>

<model>

<comp_list>
<comp id="0" class="1000" name="p_read">
<pin_list>
<pin id="1" dir="1" index="0" bw="1" slack="0"/>
</pin_list>
<bind>
<StgValue><ssdm name="p_read"/></StgValue>
</bind>
</comp>

<comp id="2" class="1000" name="p_read1">
<pin_list>
<pin id="3" dir="1" index="0" bw="1" slack="0"/>
</pin_list>
<bind>
<StgValue><ssdm name="p_read1"/></StgValue>
</bind>
</comp>

<comp id="4" class="1000" name="sub_key">
<pin_list>
<pin id="5" dir="1" index="0" bw="1" slack="0"/>
</pin_list>
<bind>
<StgValue><ssdm name="sub_key"/><MemPortTyVec>0 3 </MemPortTyVec>
</StgValue>
</bind>
</comp>

<comp id="6" class="1000" name="PC2">
<pin_list>
<pin id="7" dir="1" index="0" bw="1" slack="0"/>
</pin_list>
<bind>
<StgValue><ssdm name="PC2"/><MemPortTyVec>1 </MemPortTyVec>
</StgValue>
</bind>
</comp>

<comp id="8" class="1001" name="const_8">
<pin_list>
<pin id="9" dir="1" index="0" bw="1" slack="0"/>
</pin_list>
<bind>
<StgValue><ssdm name=""/></StgValue>
</bind>
</comp>

<comp id="10" class="1001" name="const_10">
<pin_list>
<pin id="11" dir="1" index="0" bw="1" slack="0"/>
</pin_list>
<bind>
<StgValue><ssdm name="_ssdm_op_Read.ap_auto.i64"/></StgValue>
</bind>
</comp>

<comp id="12" class="1001" name="const_12">
<pin_list>
<pin id="13" dir="1" index="0" bw="1" slack="0"/>
</pin_list>
<bind>
<StgValue><ssdm name="_ssdm_op_Read.ap_auto.i60"/></StgValue>
</bind>
</comp>

<comp id="14" class="1001" name="const_14">
<pin_list>
<pin id="15" dir="1" index="0" bw="1" slack="0"/>
</pin_list>
<bind>
<StgValue><ssdm name="_ssdm_op_PartSelect.i28.i60.i32.i32"/></StgValue>
</bind>
</comp>

<comp id="16" class="1001" name="const_16">
<pin_list>
<pin id="17" dir="1" index="0" bw="1" slack="0"/>
</pin_list>
<bind>
<StgValue><ssdm name=""/></StgValue>
</bind>
</comp>

<comp id="18" class="1001" name="const_18">
<pin_list>
<pin id="19" dir="1" index="0" bw="1" slack="0"/>
</pin_list>
<bind>
<StgValue><ssdm name=""/></StgValue>
</bind>
</comp>

<comp id="20" class="1001" name="const_20">
<pin_list>
<pin id="21" dir="1" index="0" bw="1" slack="0"/>
</pin_list>
<bind>
<StgValue><ssdm name=""/></StgValue>
</bind>
</comp>

<comp id="22" class="1001" name="const_22">
<pin_list>
<pin id="23" dir="1" index="0" bw="1" slack="0"/>
</pin_list>
<bind>
<StgValue><ssdm name=""/></StgValue>
</bind>
</comp>

<comp id="24" class="1001" name="const_24">
<pin_list>
<pin id="25" dir="1" index="0" bw="1" slack="2147483647"/>
</pin_list>
<bind>
<StgValue><ssdm name="_ssdm_op_SpecLoopTripCount"/></StgValue>
</bind>
</comp>

<comp id="26" class="1001" name="const_26">
<pin_list>
<pin id="27" dir="1" index="0" bw="1" slack="2147483647"/>
</pin_list>
<bind>
<StgValue><ssdm name=""/></StgValue>
</bind>
</comp>

<comp id="28" class="1001" name="const_28">
<pin_list>
<pin id="29" dir="1" index="0" bw="1" slack="0"/>
</pin_list>
<bind>
<StgValue><ssdm name=""/></StgValue>
</bind>
</comp>

<comp id="30" class="1001" name="const_30">
<pin_list>
<pin id="31" dir="1" index="0" bw="1" slack="2147483647"/>
</pin_list>
<bind>
<StgValue><ssdm name="_ssdm_op_SpecLoopName"/></StgValue>
</bind>
</comp>

<comp id="32" class="1001" name="const_32">
<pin_list>
<pin id="33" dir="1" index="0" bw="1" slack="2147483647"/>
</pin_list>
<bind>
<StgValue><ssdm name="p_str4"/></StgValue>
</bind>
</comp>

<comp id="34" class="1001" name="const_34">
<pin_list>
<pin id="35" dir="1" index="0" bw="1" slack="2147483647"/>
</pin_list>
<bind>
<StgValue><ssdm name="_ssdm_op_SpecRegionBegin"/></StgValue>
</bind>
</comp>

<comp id="36" class="1001" name="const_36">
<pin_list>
<pin id="37" dir="1" index="0" bw="1" slack="0"/>
</pin_list>
<bind>
<StgValue><ssdm name=""/></StgValue>
</bind>
</comp>

<comp id="38" class="1001" name="const_38">
<pin_list>
<pin id="39" dir="1" index="0" bw="1" slack="0"/>
</pin_list>
<bind>
<StgValue><ssdm name=""/></StgValue>
</bind>
</comp>

<comp id="40" class="1001" name="const_40">
<pin_list>
<pin id="41" dir="1" index="0" bw="1" slack="0"/>
</pin_list>
<bind>
<StgValue><ssdm name="_ssdm_op_PartSelect.i2.i28.i32.i32"/></StgValue>
</bind>
</comp>

<comp id="42" class="1001" name="const_42">
<pin_list>
<pin id="43" dir="1" index="0" bw="1" slack="0"/>
</pin_list>
<bind>
<StgValue><ssdm name=""/></StgValue>
</bind>
</comp>

<comp id="44" class="1001" name="const_44">
<pin_list>
<pin id="45" dir="1" index="0" bw="1" slack="0"/>
</pin_list>
<bind>
<StgValue><ssdm name=""/></StgValue>
</bind>
</comp>

<comp id="46" class="1001" name="const_46">
<pin_list>
<pin id="47" dir="1" index="0" bw="1" slack="0"/>
</pin_list>
<bind>
<StgValue><ssdm name="_ssdm_op_BitConcatenate.i28.i26.i2"/></StgValue>
</bind>
</comp>

<comp id="48" class="1001" name="const_48">
<pin_list>
<pin id="49" dir="1" index="0" bw="1" slack="0"/>
</pin_list>
<bind>
<StgValue><ssdm name="_ssdm_op_BitSelect.i1.i28.i32"/></StgValue>
</bind>
</comp>

<comp id="50" class="1001" name="const_50">
<pin_list>
<pin id="51" dir="1" index="0" bw="1" slack="0"/>
</pin_list>
<bind>
<StgValue><ssdm name="_ssdm_op_BitConcatenate.i28.i27.i1"/></StgValue>
</bind>
</comp>

<comp id="52" class="1001" name="const_52">
<pin_list>
<pin id="53" dir="1" index="0" bw="1" slack="0"/>
</pin_list>
<bind>
<StgValue><ssdm name=""/></StgValue>
</bind>
</comp>

<comp id="54" class="1001" name="const_54">
<pin_list>
<pin id="55" dir="1" index="0" bw="1" slack="0"/>
</pin_list>
<bind>
<StgValue><ssdm name="_ssdm_op_BitConcatenate.i56.i28.i28"/></StgValue>
</bind>
</comp>

<comp id="56" class="1001" name="const_56">
<pin_list>
<pin id="57" dir="1" index="0" bw="1" slack="1"/>
</pin_list>
<bind>
<StgValue><ssdm name=""/></StgValue>
</bind>
</comp>

<comp id="58" class="1001" name="const_58">
<pin_list>
<pin id="59" dir="1" index="0" bw="1" slack="0"/>
</pin_list>
<bind>
<StgValue><ssdm name=""/></StgValue>
</bind>
</comp>

<comp id="60" class="1001" name="const_60">
<pin_list>
<pin id="61" dir="1" index="0" bw="1" slack="2147483647"/>
</pin_list>
<bind>
<StgValue><ssdm name=""/></StgValue>
</bind>
</comp>

<comp id="62" class="1001" name="const_62">
<pin_list>
<pin id="63" dir="1" index="0" bw="1" slack="0"/>
</pin_list>
<bind>
<StgValue><ssdm name=""/></StgValue>
</bind>
</comp>

<comp id="64" class="1001" name="const_64">
<pin_list>
<pin id="65" dir="1" index="0" bw="1" slack="2147483647"/>
</pin_list>
<bind>
<StgValue><ssdm name="_ssdm_op_SpecRegionEnd"/></StgValue>
</bind>
</comp>

<comp id="66" class="1001" name="const_66">
<pin_list>
<pin id="67" dir="1" index="0" bw="1" slack="0"/>
</pin_list>
<bind>
<StgValue><ssdm name=""/></StgValue>
</bind>
</comp>

<comp id="68" class="1001" name="const_68">
<pin_list>
<pin id="69" dir="1" index="0" bw="1" slack="0"/>
</pin_list>
<bind>
<StgValue><ssdm name="_ssdm_op_BitConcatenate.i64.i63.i1"/></StgValue>
</bind>
</comp>

<comp id="70" class="1004" name="C_3_fu_70">
<pin_list>
<pin id="71" dir="0" index="0" bw="1" slack="0"/>
<pin id="72" dir="1" index="1" bw="28" slack="0"/>
</pin_list>
<bind>
<opcode="alloca(26) " fcode="alloca"/>
<opset="C_3/1 "/>
</bind>
</comp>

<comp id="74" class="1004" name="D_fu_74">
<pin_list>
<pin id="75" dir="0" index="0" bw="1" slack="0"/>
<pin id="76" dir="1" index="1" bw="28" slack="0"/>
</pin_list>
<bind>
<opcode="alloca(26) " fcode="alloca"/>
<opset="D/1 "/>
</bind>
</comp>

<comp id="78" class="1004" name="p_read_4_read_fu_78">
<pin_list>
<pin id="79" dir="0" index="0" bw="64" slack="0"/>
<pin id="80" dir="0" index="1" bw="64" slack="0"/>
<pin id="81" dir="1" index="2" bw="64" slack="0"/>
</pin_list>
<bind>
<opcode="read(1150) " fcode="read"/>
<opset="p_read_4/1 "/>
</bind>
</comp>

<comp id="84" class="1004" name="p_read_5_read_fu_84">
<pin_list>
<pin id="85" dir="0" index="0" bw="60" slack="0"/>
<pin id="86" dir="0" index="1" bw="60" slack="0"/>
<pin id="87" dir="1" index="2" bw="60" slack="0"/>
</pin_list>
<bind>
<opcode="read(1150) " fcode="read"/>
<opset="p_read_5/1 "/>
</bind>
</comp>

<comp id="90" class="1004" name="sub_key_addr_gep_fu_90">
<pin_list>
<pin id="91" dir="0" index="0" bw="64" slack="0"/>
<pin id="92" dir="0" index="1" bw="1" slack="0"/>
<pin id="93" dir="0" index="2" bw="5" slack="0"/>
<pin id="94" dir="1" index="3" bw="4" slack="2"/>
</pin_list>
<bind>
<opcode="getelementptr(29) " fcode="getelementptr"/>
<opset="sub_key_addr/2 "/>
</bind>
</comp>

<comp id="97" class="1004" name="store_ln218_access_fu_97">
<pin_list>
<pin id="98" dir="0" index="0" bw="4" slack="2"/>
<pin id="99" dir="0" index="1" bw="64" slack="0"/>
<pin id="100" dir="0" index="2" bw="0" slack="2147483647"/>
<pin id="101" dir="1" index="3" bw="64" slack="2147483647"/>
</pin_list>
<bind>
<opcode="store(28) " fcode="store"/>
<opset="store_ln218/4 "/>
</bind>
</comp>

<comp id="102" class="1004" name="PC2_addr_gep_fu_102">
<pin_list>
<pin id="103" dir="0" index="0" bw="6" slack="0"/>
<pin id="104" dir="0" index="1" bw="1" slack="0"/>
<pin id="105" dir="0" index="2" bw="6" slack="0"/>
<pin id="106" dir="1" index="3" bw="6" slack="0"/>
</pin_list>
<bind>
<opcode="getelementptr(29) " fcode="getelementptr"/>
<opset="PC2_addr/4 "/>
</bind>
</comp>

<comp id="109" class="1004" name="grp_access_fu_109">
<pin_list>
<pin id="110" dir="0" index="0" bw="6" slack="0"/>
<pin id="111" dir="0" index="1" bw="6" slack="2147483647"/>
<pin id="112" dir="0" index="2" bw="0" slack="2147483647"/>
<pin id="113" dir="1" index="3" bw="6" slack="0"/>
</pin_list>
<bind>
<opcode="load(27) " fcode="load"/>
<opset="PC2_load/4 "/>
</bind>
</comp>

<comp id="115" class="1005" name="i_2_i_reg_115">
<pin_list>
<pin id="116" dir="0" index="0" bw="5" slack="1"/>
<pin id="117" dir="1" index="1" bw="5" slack="1"/>
</pin_list>
<bind>
<opset="i_2_i (phireg) "/>
</bind>
</comp>

<comp id="119" class="1004" name="i_2_i_phi_fu_119">
<pin_list>
<pin id="120" dir="0" index="0" bw="1" slack="1"/>
<pin id="121" dir="0" index="1" bw="0" slack="2147483647"/>
<pin id="122" dir="0" index="2" bw="5" slack="0"/>
<pin id="123" dir="0" index="3" bw="0" slack="2147483647"/>
<pin id="124" dir="1" index="4" bw="5" slack="0"/>
</pin_list>
<bind>
<opcode="phi(47) " fcode="phi"/>
<opset="i_2_i/2 "/>
</bind>
</comp>

<comp id="126" class="1005" name="sub_key_load_reg_126">
<pin_list>
<pin id="127" dir="0" index="0" bw="64" slack="1"/>
<pin id="128" dir="1" index="1" bw="64" slack="1"/>
</pin_list>
<bind>
<opset="sub_key_load (phireg) "/>
</bind>
</comp>

<comp id="130" class="1004" name="sub_key_load_phi_fu_130">
<pin_list>
<pin id="131" dir="0" index="0" bw="1" slack="1"/>
<pin id="132" dir="0" index="1" bw="0" slack="2147483647"/>
<pin id="133" dir="0" index="2" bw="64" slack="1"/>
<pin id="134" dir="0" index="3" bw="0" slack="2147483647"/>
<pin id="135" dir="1" index="4" bw="64" slack="0"/>
</pin_list>
<bind>
<opcode="phi(47) " fcode="phi"/>
<opset="sub_key_load/4 "/>
</bind>
</comp>

<comp id="138" class="1005" name="j_0_i_reg_138">
<pin_list>
<pin id="139" dir="0" index="0" bw="6" slack="1"/>
<pin id="140" dir="1" index="1" bw="6" slack="1"/>
</pin_list>
<bind>
<opset="j_0_i (phireg) "/>
</bind>
</comp>

<comp id="142" class="1004" name="j_0_i_phi_fu_142">
<pin_list>
<pin id="143" dir="0" index="0" bw="1" slack="1"/>
<pin id="144" dir="0" index="1" bw="0" slack="2147483647"/>
<pin id="145" dir="0" index="2" bw="6" slack="0"/>
<pin id="146" dir="0" index="3" bw="0" slack="2147483647"/>
<pin id="147" dir="1" index="4" bw="6" slack="0"/>
</pin_list>
<bind>
<opcode="phi(47) " fcode="phi"/>
<opset="j_0_i/4 "/>
</bind>
</comp>

<comp id="149" class="1004" name="grp_load_fu_149">
<pin_list>
<pin id="150" dir="0" index="0" bw="28" slack="1"/>
<pin id="151" dir="1" index="1" bw="28" slack="0"/>
</pin_list>
<bind>
<opcode="load(27) " fcode="load"/>
<opset="C_3_load/2 C_3_load_1/3 "/>
</bind>
</comp>

<comp id="152" class="1004" name="grp_load_fu_152">
<pin_list>
<pin id="153" dir="0" index="0" bw="28" slack="1"/>
<pin id="154" dir="1" index="1" bw="28" slack="0"/>
</pin_list>
<bind>
<opcode="load(27) " fcode="load"/>
<opset="D_load/2 D_load_1/3 "/>
</bind>
</comp>

<comp id="155" class="1004" name="C_fu_155">
<pin_list>
<pin id="156" dir="0" index="0" bw="28" slack="0"/>
<pin id="157" dir="0" index="1" bw="60" slack="0"/>
<pin id="158" dir="0" index="2" bw="6" slack="0"/>
<pin id="159" dir="0" index="3" bw="7" slack="0"/>
<pin id="160" dir="1" index="4" bw="28" slack="0"/>
</pin_list>
<bind>
<opcode="partselect(1002) " fcode="partselect"/>
<opset="C/1 "/>
</bind>
</comp>

<comp id="165" class="1004" name="D_3_fu_165">
<pin_list>
<pin id="166" dir="0" index="0" bw="64" slack="0"/>
<pin id="167" dir="1" index="1" bw="28" slack="0"/>
</pin_list>
<bind>
<opcode="trunc(33) " fcode="trunc"/>
<opset="D_3/1 "/>
</bind>
</comp>

<comp id="169" class="1004" name="store_ln192_store_fu_169">
<pin_list>
<pin id="170" dir="0" index="0" bw="28" slack="0"/>
<pin id="171" dir="0" index="1" bw="28" slack="0"/>
<pin id="172" dir="1" index="2" bw="0" slack="2147483647"/>
</pin_list>
<bind>
<opcode="store(28) " fcode="store"/>
<opset="store_ln192/1 "/>
</bind>
</comp>

<comp id="174" class="1004" name="store_ln192_store_fu_174">
<pin_list>
<pin id="175" dir="0" index="0" bw="28" slack="0"/>
<pin id="176" dir="0" index="1" bw="28" slack="0"/>
<pin id="177" dir="1" index="2" bw="0" slack="2147483647"/>
</pin_list>
<bind>
<opcode="store(28) " fcode="store"/>
<opset="store_ln192/1 "/>
</bind>
</comp>

<comp id="179" class="1004" name="icmp_ln192_fu_179">
<pin_list>
<pin id="180" dir="0" index="0" bw="5" slack="0"/>
<pin id="181" dir="0" index="1" bw="5" slack="0"/>
<pin id="182" dir="1" index="2" bw="1" slack="2147483647"/>
</pin_list>
<bind>
<opcode="icmp(45) " fcode="icmp"/>
<opset="icmp_ln192/2 "/>
</bind>
</comp>

<comp id="185" class="1004" name="i_fu_185">
<pin_list>
<pin id="186" dir="0" index="0" bw="5" slack="0"/>
<pin id="187" dir="0" index="1" bw="1" slack="0"/>
<pin id="188" dir="1" index="2" bw="5" slack="0"/>
</pin_list>
<bind>
<opcode="add(8) " fcode="add"/>
<opset="i/2 "/>
</bind>
</comp>

<comp id="191" class="1004" name="empty_67_fu_191">
<pin_list>
<pin id="192" dir="0" index="0" bw="5" slack="0"/>
<pin id="193" dir="0" index="1" bw="5" slack="0"/>
<pin id="194" dir="1" index="2" bw="1" slack="0"/>
</pin_list>
<bind>
<opcode="icmp(45) " fcode="icmp"/>
<opset="empty_67/2 "/>
</bind>
</comp>

<comp id="197" class="1004" name="empty_68_fu_197">
<pin_list>
<pin id="198" dir="0" index="0" bw="5" slack="0"/>
<pin id="199" dir="0" index="1" bw="5" slack="0"/>
<pin id="200" dir="1" index="2" bw="1" slack="0"/>
</pin_list>
<bind>
<opcode="icmp(45) " fcode="icmp"/>
<opset="empty_68/2 "/>
</bind>
</comp>

<comp id="203" class="1004" name="empty_69_fu_203">
<pin_list>
<pin id="204" dir="0" index="0" bw="1" slack="0"/>
<pin id="205" dir="0" index="1" bw="1" slack="0"/>
<pin id="206" dir="1" index="2" bw="1" slack="0"/>
</pin_list>
<bind>
<opcode="or(24) " fcode="or"/>
<opset="empty_69/2 "/>
</bind>
</comp>

<comp id="209" class="1004" name="empty_70_fu_209">
<pin_list>
<pin id="210" dir="0" index="0" bw="5" slack="0"/>
<pin id="211" dir="0" index="1" bw="5" slack="0"/>
<pin id="212" dir="1" index="2" bw="1" slack="0"/>
</pin_list>
<bind>
<opcode="icmp(45) " fcode="icmp"/>
<opset="empty_70/2 "/>
</bind>
</comp>

<comp id="215" class="1004" name="empty_71_fu_215">
<pin_list>
<pin id="216" dir="0" index="0" bw="1" slack="0"/>
<pin id="217" dir="0" index="1" bw="1" slack="0"/>
<pin id="218" dir="1" index="2" bw="1" slack="0"/>
</pin_list>
<bind>
<opcode="or(24) " fcode="or"/>
<opset="empty_71/2 "/>
</bind>
</comp>

<comp id="221" class="1004" name="empty_72_fu_221">
<pin_list>
<pin id="222" dir="0" index="0" bw="5" slack="0"/>
<pin id="223" dir="0" index="1" bw="5" slack="0"/>
<pin id="224" dir="1" index="2" bw="1" slack="0"/>
</pin_list>
<bind>
<opcode="icmp(45) " fcode="icmp"/>
<opset="empty_72/2 "/>
</bind>
</comp>

<comp id="227" class="1004" name="empty_73_fu_227">
<pin_list>
<pin id="228" dir="0" index="0" bw="1" slack="0"/>
<pin id="229" dir="0" index="1" bw="1" slack="0"/>
<pin id="230" dir="1" index="2" bw="1" slack="2147483647"/>
</pin_list>
<bind>
<opcode="or(24) " fcode="or"/>
<opset="empty_73/2 "/>
</bind>
</comp>

<comp id="233" class="1004" name="trunc_ln203_fu_233">
<pin_list>
<pin id="234" dir="0" index="0" bw="28" slack="0"/>
<pin id="235" dir="1" index="1" bw="26" slack="0"/>
</pin_list>
<bind>
<opcode="trunc(33) " fcode="trunc"/>
<opset="trunc_ln203/2 "/>
</bind>
</comp>

<comp id="237" class="1004" name="trunc_ln204_fu_237">
<pin_list>
<pin id="238" dir="0" index="0" bw="28" slack="0"/>
<pin id="239" dir="1" index="1" bw="26" slack="0"/>
</pin_list>
<bind>
<opcode="trunc(33) " fcode="trunc"/>
<opset="trunc_ln204/2 "/>
</bind>
</comp>

<comp id="241" class="1004" name="tmp_6_fu_241">
<pin_list>
<pin id="242" dir="0" index="0" bw="2" slack="0"/>
<pin id="243" dir="0" index="1" bw="28" slack="0"/>
<pin id="244" dir="0" index="2" bw="6" slack="0"/>
<pin id="245" dir="0" index="3" bw="6" slack="0"/>
<pin id="246" dir="1" index="4" bw="2" slack="0"/>
</pin_list>
<bind>
<opcode="partselect(1002) " fcode="partselect"/>
<opset="tmp_6/2 "/>
</bind>
</comp>

<comp id="251" class="1004" name="C_1_fu_251">
<pin_list>
<pin id="252" dir="0" index="0" bw="28" slack="0"/>
<pin id="253" dir="0" index="1" bw="26" slack="0"/>
<pin id="254" dir="0" index="2" bw="2" slack="0"/>
<pin id="255" dir="1" index="3" bw="28" slack="0"/>
</pin_list>
<bind>
<opcode="bitconcatenate(1004) " fcode="bitconcatenate"/>
<opset="C_1/2 "/>
</bind>
</comp>

<comp id="259" class="1004" name="tmp_7_fu_259">
<pin_list>
<pin id="260" dir="0" index="0" bw="2" slack="0"/>
<pin id="261" dir="0" index="1" bw="28" slack="0"/>
<pin id="262" dir="0" index="2" bw="6" slack="0"/>
<pin id="263" dir="0" index="3" bw="6" slack="0"/>
<pin id="264" dir="1" index="4" bw="2" slack="0"/>
</pin_list>
<bind>
<opcode="partselect(1002) " fcode="partselect"/>
<opset="tmp_7/2 "/>
</bind>
</comp>

<comp id="269" class="1004" name="D_1_fu_269">
<pin_list>
<pin id="270" dir="0" index="0" bw="28" slack="0"/>
<pin id="271" dir="0" index="1" bw="26" slack="0"/>
<pin id="272" dir="0" index="2" bw="2" slack="0"/>
<pin id="273" dir="1" index="3" bw="28" slack="0"/>
</pin_list>
<bind>
<opcode="bitconcatenate(1004) " fcode="bitconcatenate"/>
<opset="D_1/2 "/>
</bind>
</comp>

<comp id="277" class="1004" name="store_ln204_store_fu_277">
<pin_list>
<pin id="278" dir="0" index="0" bw="28" slack="0"/>
<pin id="279" dir="0" index="1" bw="28" slack="1"/>
<pin id="280" dir="1" index="2" bw="0" slack="2147483647"/>
</pin_list>
<bind>
<opcode="store(28) " fcode="store"/>
<opset="store_ln204/2 "/>
</bind>
</comp>

<comp id="282" class="1004" name="store_ln203_store_fu_282">
<pin_list>
<pin id="283" dir="0" index="0" bw="28" slack="0"/>
<pin id="284" dir="0" index="1" bw="28" slack="1"/>
<pin id="285" dir="1" index="2" bw="0" slack="2147483647"/>
</pin_list>
<bind>
<opcode="store(28) " fcode="store"/>
<opset="store_ln203/2 "/>
</bind>
</comp>

<comp id="287" class="1004" name="tmp_fu_287">
<pin_list>
<pin id="288" dir="0" index="0" bw="1" slack="0"/>
<pin id="289" dir="0" index="1" bw="28" slack="0"/>
<pin id="290" dir="0" index="2" bw="6" slack="0"/>
<pin id="291" dir="1" index="3" bw="1" slack="0"/>
</pin_list>
<bind>
<opcode="bitselect(1000) " fcode="bitselect"/>
<opset="tmp/2 "/>
</bind>
</comp>

<comp id="295" class="1004" name="trunc_ln197_fu_295">
<pin_list>
<pin id="296" dir="0" index="0" bw="28" slack="0"/>
<pin id="297" dir="1" index="1" bw="27" slack="0"/>
</pin_list>
<bind>
<opcode="trunc(33) " fcode="trunc"/>
<opset="trunc_ln197/2 "/>
</bind>
</comp>

<comp id="299" class="1004" name="C_2_fu_299">
<pin_list>
<pin id="300" dir="0" index="0" bw="28" slack="0"/>
<pin id="301" dir="0" index="1" bw="27" slack="0"/>
<pin id="302" dir="0" index="2" bw="1" slack="0"/>
<pin id="303" dir="1" index="3" bw="28" slack="0"/>
</pin_list>
<bind>
<opcode="bitconcatenate(1004) " fcode="bitconcatenate"/>
<opset="C_2/2 "/>
</bind>
</comp>

<comp id="307" class="1004" name="tmp_1_fu_307">
<pin_list>
<pin id="308" dir="0" index="0" bw="1" slack="0"/>
<pin id="309" dir="0" index="1" bw="28" slack="0"/>
<pin id="310" dir="0" index="2" bw="6" slack="0"/>
<pin id="311" dir="1" index="3" bw="1" slack="0"/>
</pin_list>
<bind>
<opcode="bitselect(1000) " fcode="bitselect"/>
<opset="tmp_1/2 "/>
</bind>
</comp>

<comp id="315" class="1004" name="trunc_ln198_fu_315">
<pin_list>
<pin id="316" dir="0" index="0" bw="28" slack="0"/>
<pin id="317" dir="1" index="1" bw="27" slack="0"/>
</pin_list>
<bind>
<opcode="trunc(33) " fcode="trunc"/>
<opset="trunc_ln198/2 "/>
</bind>
</comp>

<comp id="319" class="1004" name="D_2_fu_319">
<pin_list>
<pin id="320" dir="0" index="0" bw="28" slack="0"/>
<pin id="321" dir="0" index="1" bw="27" slack="0"/>
<pin id="322" dir="0" index="2" bw="1" slack="0"/>
<pin id="323" dir="1" index="3" bw="28" slack="0"/>
</pin_list>
<bind>
<opcode="bitconcatenate(1004) " fcode="bitconcatenate"/>
<opset="D_2/2 "/>
</bind>
</comp>

<comp id="327" class="1004" name="store_ln199_store_fu_327">
<pin_list>
<pin id="328" dir="0" index="0" bw="28" slack="0"/>
<pin id="329" dir="0" index="1" bw="28" slack="1"/>
<pin id="330" dir="1" index="2" bw="0" slack="2147483647"/>
</pin_list>
<bind>
<opcode="store(28) " fcode="store"/>
<opset="store_ln199/2 "/>
</bind>
</comp>

<comp id="332" class="1004" name="store_ln199_store_fu_332">
<pin_list>
<pin id="333" dir="0" index="0" bw="28" slack="0"/>
<pin id="334" dir="0" index="1" bw="28" slack="1"/>
<pin id="335" dir="1" index="2" bw="0" slack="2147483647"/>
</pin_list>
<bind>
<opcode="store(28) " fcode="store"/>
<opset="store_ln199/2 "/>
</bind>
</comp>

<comp id="337" class="1004" name="zext_ln214_fu_337">
<pin_list>
<pin id="338" dir="0" index="0" bw="5" slack="0"/>
<pin id="339" dir="1" index="1" bw="64" slack="0"/>
</pin_list>
<bind>
<opcode="zext(34) " fcode="zext"/>
<opset="zext_ln214/2 "/>
</bind>
</comp>

<comp id="342" class="1004" name="tmp_4_fu_342">
<pin_list>
<pin id="343" dir="0" index="0" bw="56" slack="0"/>
<pin id="344" dir="0" index="1" bw="28" slack="0"/>
<pin id="345" dir="0" index="2" bw="28" slack="0"/>
<pin id="346" dir="1" index="3" bw="56" slack="2"/>
</pin_list>
<bind>
<opcode="bitconcatenate(1004) " fcode="bitconcatenate"/>
<opset="tmp_4/3 "/>
</bind>
</comp>

<comp id="350" class="1004" name="icmp_ln216_fu_350">
<pin_list>
<pin id="351" dir="0" index="0" bw="6" slack="0"/>
<pin id="352" dir="0" index="1" bw="6" slack="0"/>
<pin id="353" dir="1" index="2" bw="1" slack="2147483647"/>
</pin_list>
<bind>
<opcode="icmp(45) " fcode="icmp"/>
<opset="icmp_ln216/4 "/>
</bind>
</comp>

<comp id="356" class="1004" name="j_fu_356">
<pin_list>
<pin id="357" dir="0" index="0" bw="6" slack="0"/>
<pin id="358" dir="0" index="1" bw="1" slack="0"/>
<pin id="359" dir="1" index="2" bw="6" slack="0"/>
</pin_list>
<bind>
<opcode="add(8) " fcode="add"/>
<opset="j/4 "/>
</bind>
</comp>

<comp id="362" class="1004" name="zext_ln218_fu_362">
<pin_list>
<pin id="363" dir="0" index="0" bw="6" slack="0"/>
<pin id="364" dir="1" index="1" bw="64" slack="0"/>
</pin_list>
<bind>
<opcode="zext(34) " fcode="zext"/>
<opset="zext_ln218/4 "/>
</bind>
</comp>

<comp id="367" class="1004" name="trunc_ln218_1_fu_367">
<pin_list>
<pin id="368" dir="0" index="0" bw="64" slack="0"/>
<pin id="369" dir="1" index="1" bw="63" slack="1"/>
</pin_list>
<bind>
<opcode="trunc(33) " fcode="trunc"/>
<opset="trunc_ln218_1/4 "/>
</bind>
</comp>

<comp id="371" class="1004" name="sub_ln218_fu_371">
<pin_list>
<pin id="372" dir="0" index="0" bw="4" slack="0"/>
<pin id="373" dir="0" index="1" bw="6" slack="0"/>
<pin id="374" dir="1" index="2" bw="6" slack="0"/>
</pin_list>
<bind>
<opcode="sub(10) " fcode="sub"/>
<opset="sub_ln218/5 "/>
</bind>
</comp>

<comp id="377" class="1004" name="zext_ln218_1_fu_377">
<pin_list>
<pin id="378" dir="0" index="0" bw="6" slack="0"/>
<pin id="379" dir="1" index="1" bw="56" slack="0"/>
</pin_list>
<bind>
<opcode="zext(34) " fcode="zext"/>
<opset="zext_ln218_1/5 "/>
</bind>
</comp>

<comp id="381" class="1004" name="lshr_ln218_fu_381">
<pin_list>
<pin id="382" dir="0" index="0" bw="56" slack="2"/>
<pin id="383" dir="0" index="1" bw="6" slack="0"/>
<pin id="384" dir="1" index="2" bw="56" slack="0"/>
</pin_list>
<bind>
<opcode="lshr(21) " fcode="lshr"/>
<opset="lshr_ln218/5 "/>
</bind>
</comp>

<comp id="386" class="1004" name="trunc_ln218_fu_386">
<pin_list>
<pin id="387" dir="0" index="0" bw="56" slack="0"/>
<pin id="388" dir="1" index="1" bw="1" slack="0"/>
</pin_list>
<bind>
<opcode="trunc(33) " fcode="trunc"/>
<opset="trunc_ln218/5 "/>
</bind>
</comp>

<comp id="390" class="1004" name="or_ln_fu_390">
<pin_list>
<pin id="391" dir="0" index="0" bw="64" slack="0"/>
<pin id="392" dir="0" index="1" bw="63" slack="1"/>
<pin id="393" dir="0" index="2" bw="1" slack="0"/>
<pin id="394" dir="1" index="3" bw="64" slack="1"/>
</pin_list>
<bind>
<opcode="bitconcatenate(1004) " fcode="bitconcatenate"/>
<opset="or_ln/5 "/>
</bind>
</comp>

<comp id="397" class="1005" name="C_3_reg_397">
<pin_list>
<pin id="398" dir="0" index="0" bw="28" slack="0"/>
<pin id="399" dir="1" index="1" bw="28" slack="0"/>
</pin_list>
<bind>
<opset="C_3 "/>
</bind>
</comp>

<comp id="405" class="1005" name="D_reg_405">
<pin_list>
<pin id="406" dir="0" index="0" bw="28" slack="0"/>
<pin id="407" dir="1" index="1" bw="28" slack="0"/>
</pin_list>
<bind>
<opset="D "/>
</bind>
</comp>

<comp id="416" class="1005" name="i_reg_416">
<pin_list>
<pin id="417" dir="0" index="0" bw="5" slack="0"/>
<pin id="418" dir="1" index="1" bw="5" slack="0"/>
</pin_list>
<bind>
<opset="i "/>
</bind>
</comp>

<comp id="424" class="1005" name="sub_key_addr_reg_424">
<pin_list>
<pin id="425" dir="0" index="0" bw="4" slack="2"/>
<pin id="426" dir="1" index="1" bw="4" slack="2"/>
</pin_list>
<bind>
<opset="sub_key_addr "/>
</bind>
</comp>

<comp id="429" class="1005" name="tmp_4_reg_429">
<pin_list>
<pin id="430" dir="0" index="0" bw="56" slack="2"/>
<pin id="431" dir="1" index="1" bw="56" slack="2"/>
</pin_list>
<bind>
<opset="tmp_4 "/>
</bind>
</comp>

<comp id="437" class="1005" name="j_reg_437">
<pin_list>
<pin id="438" dir="0" index="0" bw="6" slack="0"/>
<pin id="439" dir="1" index="1" bw="6" slack="0"/>
</pin_list>
<bind>
<opset="j "/>
</bind>
</comp>

<comp id="442" class="1005" name="PC2_addr_reg_442">
<pin_list>
<pin id="443" dir="0" index="0" bw="6" slack="1"/>
<pin id="444" dir="1" index="1" bw="6" slack="1"/>
</pin_list>
<bind>
<opset="PC2_addr "/>
</bind>
</comp>

<comp id="447" class="1005" name="trunc_ln218_1_reg_447">
<pin_list>
<pin id="448" dir="0" index="0" bw="63" slack="1"/>
<pin id="449" dir="1" index="1" bw="63" slack="1"/>
</pin_list>
<bind>
<opset="trunc_ln218_1 "/>
</bind>
</comp>

<comp id="452" class="1005" name="or_ln_reg_452">
<pin_list>
<pin id="453" dir="0" index="0" bw="64" slack="1"/>
<pin id="454" dir="1" index="1" bw="64" slack="1"/>
</pin_list>
<bind>
<opset="or_ln "/>
</bind>
</comp>

</comp_list>

<net_list>
<net id="73"><net_src comp="8" pin="0"/><net_sink comp="70" pin=0"/></net>

<net id="77"><net_src comp="8" pin="0"/><net_sink comp="74" pin=0"/></net>

<net id="82"><net_src comp="10" pin="0"/><net_sink comp="78" pin=0"/></net>

<net id="83"><net_src comp="2" pin="0"/><net_sink comp="78" pin=1"/></net>

<net id="88"><net_src comp="12" pin="0"/><net_sink comp="84" pin=0"/></net>

<net id="89"><net_src comp="0" pin="0"/><net_sink comp="84" pin=1"/></net>

<net id="95"><net_src comp="4" pin="0"/><net_sink comp="90" pin=0"/></net>

<net id="96"><net_src comp="52" pin="0"/><net_sink comp="90" pin=1"/></net>

<net id="107"><net_src comp="6" pin="0"/><net_sink comp="102" pin=0"/></net>

<net id="108"><net_src comp="52" pin="0"/><net_sink comp="102" pin=1"/></net>

<net id="114"><net_src comp="102" pin="3"/><net_sink comp="109" pin=0"/></net>

<net id="118"><net_src comp="20" pin="0"/><net_sink comp="115" pin=0"/></net>

<net id="125"><net_src comp="115" pin="1"/><net_sink comp="119" pin=0"/></net>

<net id="129"><net_src comp="52" pin="0"/><net_sink comp="126" pin=0"/></net>

<net id="136"><net_src comp="126" pin="1"/><net_sink comp="130" pin=0"/></net>

<net id="137"><net_src comp="130" pin="4"/><net_sink comp="97" pin=1"/></net>

<net id="141"><net_src comp="56" pin="0"/><net_sink comp="138" pin=0"/></net>

<net id="148"><net_src comp="138" pin="1"/><net_sink comp="142" pin=0"/></net>

<net id="161"><net_src comp="14" pin="0"/><net_sink comp="155" pin=0"/></net>

<net id="162"><net_src comp="84" pin="2"/><net_sink comp="155" pin=1"/></net>

<net id="163"><net_src comp="16" pin="0"/><net_sink comp="155" pin=2"/></net>

<net id="164"><net_src comp="18" pin="0"/><net_sink comp="155" pin=3"/></net>

<net id="168"><net_src comp="78" pin="2"/><net_sink comp="165" pin=0"/></net>

<net id="173"><net_src comp="165" pin="1"/><net_sink comp="169" pin=0"/></net>

<net id="178"><net_src comp="155" pin="4"/><net_sink comp="174" pin=0"/></net>

<net id="183"><net_src comp="119" pin="4"/><net_sink comp="179" pin=0"/></net>

<net id="184"><net_src comp="22" pin="0"/><net_sink comp="179" pin=1"/></net>

<net id="189"><net_src comp="119" pin="4"/><net_sink comp="185" pin=0"/></net>

<net id="190"><net_src comp="28" pin="0"/><net_sink comp="185" pin=1"/></net>

<net id="195"><net_src comp="119" pin="4"/><net_sink comp="191" pin=0"/></net>

<net id="196"><net_src comp="36" pin="0"/><net_sink comp="191" pin=1"/></net>

<net id="201"><net_src comp="119" pin="4"/><net_sink comp="197" pin=0"/></net>

<net id="202"><net_src comp="38" pin="0"/><net_sink comp="197" pin=1"/></net>

<net id="207"><net_src comp="197" pin="2"/><net_sink comp="203" pin=0"/></net>

<net id="208"><net_src comp="191" pin="2"/><net_sink comp="203" pin=1"/></net>

<net id="213"><net_src comp="119" pin="4"/><net_sink comp="209" pin=0"/></net>

<net id="214"><net_src comp="28" pin="0"/><net_sink comp="209" pin=1"/></net>

<net id="219"><net_src comp="209" pin="2"/><net_sink comp="215" pin=0"/></net>

<net id="220"><net_src comp="203" pin="2"/><net_sink comp="215" pin=1"/></net>

<net id="225"><net_src comp="119" pin="4"/><net_sink comp="221" pin=0"/></net>

<net id="226"><net_src comp="20" pin="0"/><net_sink comp="221" pin=1"/></net>

<net id="231"><net_src comp="221" pin="2"/><net_sink comp="227" pin=0"/></net>

<net id="232"><net_src comp="215" pin="2"/><net_sink comp="227" pin=1"/></net>

<net id="236"><net_src comp="149" pin="1"/><net_sink comp="233" pin=0"/></net>

<net id="240"><net_src comp="152" pin="1"/><net_sink comp="237" pin=0"/></net>

<net id="247"><net_src comp="40" pin="0"/><net_sink comp="241" pin=0"/></net>

<net id="248"><net_src comp="149" pin="1"/><net_sink comp="241" pin=1"/></net>

<net id="249"><net_src comp="42" pin="0"/><net_sink comp="241" pin=2"/></net>

<net id="250"><net_src comp="44" pin="0"/><net_sink comp="241" pin=3"/></net>

<net id="256"><net_src comp="46" pin="0"/><net_sink comp="251" pin=0"/></net>

<net id="257"><net_src comp="233" pin="1"/><net_sink comp="251" pin=1"/></net>

<net id="258"><net_src comp="241" pin="4"/><net_sink comp="251" pin=2"/></net>

<net id="265"><net_src comp="40" pin="0"/><net_sink comp="259" pin=0"/></net>

<net id="266"><net_src comp="152" pin="1"/><net_sink comp="259" pin=1"/></net>

<net id="267"><net_src comp="42" pin="0"/><net_sink comp="259" pin=2"/></net>

<net id="268"><net_src comp="44" pin="0"/><net_sink comp="259" pin=3"/></net>

<net id="274"><net_src comp="46" pin="0"/><net_sink comp="269" pin=0"/></net>

<net id="275"><net_src comp="237" pin="1"/><net_sink comp="269" pin=1"/></net>

<net id="276"><net_src comp="259" pin="4"/><net_sink comp="269" pin=2"/></net>

<net id="281"><net_src comp="269" pin="3"/><net_sink comp="277" pin=0"/></net>

<net id="286"><net_src comp="251" pin="3"/><net_sink comp="282" pin=0"/></net>

<net id="292"><net_src comp="48" pin="0"/><net_sink comp="287" pin=0"/></net>

<net id="293"><net_src comp="149" pin="1"/><net_sink comp="287" pin=1"/></net>

<net id="294"><net_src comp="44" pin="0"/><net_sink comp="287" pin=2"/></net>

<net id="298"><net_src comp="149" pin="1"/><net_sink comp="295" pin=0"/></net>

<net id="304"><net_src comp="50" pin="0"/><net_sink comp="299" pin=0"/></net>

<net id="305"><net_src comp="295" pin="1"/><net_sink comp="299" pin=1"/></net>

<net id="306"><net_src comp="287" pin="3"/><net_sink comp="299" pin=2"/></net>

<net id="312"><net_src comp="48" pin="0"/><net_sink comp="307" pin=0"/></net>

<net id="313"><net_src comp="152" pin="1"/><net_sink comp="307" pin=1"/></net>

<net id="314"><net_src comp="44" pin="0"/><net_sink comp="307" pin=2"/></net>

<net id="318"><net_src comp="152" pin="1"/><net_sink comp="315" pin=0"/></net>

<net id="324"><net_src comp="50" pin="0"/><net_sink comp="319" pin=0"/></net>

<net id="325"><net_src comp="315" pin="1"/><net_sink comp="319" pin=1"/></net>

<net id="326"><net_src comp="307" pin="3"/><net_sink comp="319" pin=2"/></net>

<net id="331"><net_src comp="319" pin="3"/><net_sink comp="327" pin=0"/></net>

<net id="336"><net_src comp="299" pin="3"/><net_sink comp="332" pin=0"/></net>

<net id="340"><net_src comp="119" pin="4"/><net_sink comp="337" pin=0"/></net>

<net id="341"><net_src comp="337" pin="1"/><net_sink comp="90" pin=2"/></net>

<net id="347"><net_src comp="54" pin="0"/><net_sink comp="342" pin=0"/></net>

<net id="348"><net_src comp="149" pin="1"/><net_sink comp="342" pin=1"/></net>

<net id="349"><net_src comp="152" pin="1"/><net_sink comp="342" pin=2"/></net>

<net id="354"><net_src comp="142" pin="4"/><net_sink comp="350" pin=0"/></net>

<net id="355"><net_src comp="58" pin="0"/><net_sink comp="350" pin=1"/></net>

<net id="360"><net_src comp="142" pin="4"/><net_sink comp="356" pin=0"/></net>

<net id="361"><net_src comp="62" pin="0"/><net_sink comp="356" pin=1"/></net>

<net id="365"><net_src comp="142" pin="4"/><net_sink comp="362" pin=0"/></net>

<net id="366"><net_src comp="362" pin="1"/><net_sink comp="102" pin=2"/></net>

<net id="370"><net_src comp="130" pin="4"/><net_sink comp="367" pin=0"/></net>

<net id="375"><net_src comp="66" pin="0"/><net_sink comp="371" pin=0"/></net>

<net id="376"><net_src comp="109" pin="3"/><net_sink comp="371" pin=1"/></net>

<net id="380"><net_src comp="371" pin="2"/><net_sink comp="377" pin=0"/></net>

<net id="385"><net_src comp="377" pin="1"/><net_sink comp="381" pin=1"/></net>

<net id="389"><net_src comp="381" pin="2"/><net_sink comp="386" pin=0"/></net>

<net id="395"><net_src comp="68" pin="0"/><net_sink comp="390" pin=0"/></net>

<net id="396"><net_src comp="386" pin="1"/><net_sink comp="390" pin=2"/></net>

<net id="400"><net_src comp="70" pin="1"/><net_sink comp="397" pin=0"/></net>

<net id="401"><net_src comp="397" pin="1"/><net_sink comp="174" pin=1"/></net>

<net id="402"><net_src comp="397" pin="1"/><net_sink comp="149" pin=0"/></net>

<net id="403"><net_src comp="397" pin="1"/><net_sink comp="282" pin=1"/></net>

<net id="404"><net_src comp="397" pin="1"/><net_sink comp="332" pin=1"/></net>

<net id="408"><net_src comp="74" pin="1"/><net_sink comp="405" pin=0"/></net>

<net id="409"><net_src comp="405" pin="1"/><net_sink comp="169" pin=1"/></net>

<net id="410"><net_src comp="405" pin="1"/><net_sink comp="152" pin=0"/></net>

<net id="411"><net_src comp="405" pin="1"/><net_sink comp="277" pin=1"/></net>

<net id="412"><net_src comp="405" pin="1"/><net_sink comp="327" pin=1"/></net>

<net id="419"><net_src comp="185" pin="2"/><net_sink comp="416" pin=0"/></net>

<net id="420"><net_src comp="416" pin="1"/><net_sink comp="119" pin=2"/></net>

<net id="427"><net_src comp="90" pin="3"/><net_sink comp="424" pin=0"/></net>

<net id="428"><net_src comp="424" pin="1"/><net_sink comp="97" pin=0"/></net>

<net id="432"><net_src comp="342" pin="3"/><net_sink comp="429" pin=0"/></net>

<net id="433"><net_src comp="429" pin="1"/><net_sink comp="381" pin=0"/></net>

<net id="440"><net_src comp="356" pin="2"/><net_sink comp="437" pin=0"/></net>

<net id="441"><net_src comp="437" pin="1"/><net_sink comp="142" pin=2"/></net>

<net id="445"><net_src comp="102" pin="3"/><net_sink comp="442" pin=0"/></net>

<net id="446"><net_src comp="442" pin="1"/><net_sink comp="109" pin=0"/></net>

<net id="450"><net_src comp="367" pin="1"/><net_sink comp="447" pin=0"/></net>

<net id="451"><net_src comp="447" pin="1"/><net_sink comp="390" pin=1"/></net>

<net id="455"><net_src comp="390" pin="3"/><net_sink comp="452" pin=0"/></net>

<net id="456"><net_src comp="452" pin="1"/><net_sink comp="130" pin=2"/></net>

</net_list>

</model> 
---------------- Datapath Model END ------------------

* FSMD analyzer results:
  - Output states:
	Port: sub_key | {4 }
	Port: PC2 | {}
 - Input state : 
	Port: Loop_loop3_proc : p_read | {1 }
	Port: Loop_loop3_proc : p_read1 | {1 }
	Port: Loop_loop3_proc : PC2 | {4 5 }
  - Chain level:
	State 1
		store_ln192 : 1
		store_ln192 : 1
	State 2
		icmp_ln192 : 1
		i : 1
		br_ln192 : 2
		empty_67 : 1
		empty_68 : 1
		empty_69 : 2
		empty_70 : 1
		empty_71 : 2
		empty_72 : 1
		empty_73 : 2
		br_ln192 : 2
		trunc_ln203 : 1
		trunc_ln204 : 1
		tmp_6 : 1
		C_1 : 2
		tmp_7 : 1
		D_1 : 2
		store_ln204 : 3
		store_ln203 : 3
		tmp : 1
		trunc_ln197 : 1
		C_2 : 2
		tmp_1 : 1
		trunc_ln198 : 1
		D_2 : 2
		store_ln199 : 3
		store_ln199 : 3
		zext_ln214 : 1
		sub_key_addr : 2
	State 3
		tmp_4 : 1
	State 4
		store_ln218 : 1
		icmp_ln216 : 1
		j : 1
		br_ln216 : 2
		zext_ln218 : 1
		PC2_addr : 2
		PC2_load : 3
		trunc_ln218_1 : 1
	State 5
		sub_ln218 : 1
		zext_ln218_1 : 2
		lshr_ln218 : 3
		trunc_ln218 : 4
		or_ln : 5


============================================================
+ Verbose Summary: Datapath Resource usage 
============================================================

* Functional unit list:
|----------|----------------------|---------|---------|
| Operation|    Functional Unit   |    FF   |   LUT   |
|----------|----------------------|---------|---------|
|   lshr   |   lshr_ln218_fu_381  |    0    |   166   |
|----------|----------------------|---------|---------|
|          |   icmp_ln192_fu_179  |    0    |    11   |
|          |    empty_67_fu_191   |    0    |    11   |
|   icmp   |    empty_68_fu_197   |    0    |    11   |
|          |    empty_70_fu_209   |    0    |    11   |
|          |    empty_72_fu_221   |    0    |    11   |
|          |   icmp_ln216_fu_350  |    0    |    11   |
|----------|----------------------|---------|---------|
|    add   |       i_fu_185       |    0    |    15   |
|          |       j_fu_356       |    0    |    15   |
|----------|----------------------|---------|---------|
|    sub   |   sub_ln218_fu_371   |    0    |    15   |
|----------|----------------------|---------|---------|
|          |    empty_69_fu_203   |    0    |    2    |
|    or    |    empty_71_fu_215   |    0    |    2    |
|          |    empty_73_fu_227   |    0    |    2    |
|----------|----------------------|---------|---------|
|   read   |  p_read_4_read_fu_78 |    0    |    0    |
|          |  p_read_5_read_fu_84 |    0    |    0    |
|----------|----------------------|---------|---------|
|          |       C_fu_155       |    0    |    0    |
|partselect|     tmp_6_fu_241     |    0    |    0    |
|          |     tmp_7_fu_259     |    0    |    0    |
|----------|----------------------|---------|---------|
|          |      D_3_fu_165      |    0    |    0    |
|          |  trunc_ln203_fu_233  |    0    |    0    |
|          |  trunc_ln204_fu_237  |    0    |    0    |
|   trunc  |  trunc_ln197_fu_295  |    0    |    0    |
|          |  trunc_ln198_fu_315  |    0    |    0    |
|          | trunc_ln218_1_fu_367 |    0    |    0    |
|          |  trunc_ln218_fu_386  |    0    |    0    |
|----------|----------------------|---------|---------|
|          |      C_1_fu_251      |    0    |    0    |
|          |      D_1_fu_269      |    0    |    0    |
|bitconcatenate|      C_2_fu_299      |    0    |    0    |
|          |      D_2_fu_319      |    0    |    0    |
|          |     tmp_4_fu_342     |    0    |    0    |
|          |     or_ln_fu_390     |    0    |    0    |
|----------|----------------------|---------|---------|
| bitselect|      tmp_fu_287      |    0    |    0    |
|          |     tmp_1_fu_307     |    0    |    0    |
|----------|----------------------|---------|---------|
|          |   zext_ln214_fu_337  |    0    |    0    |
|   zext   |   zext_ln218_fu_362  |    0    |    0    |
|          |  zext_ln218_1_fu_377 |    0    |    0    |
|----------|----------------------|---------|---------|
|   Total  |                      |    0    |   283   |
|----------|----------------------|---------|---------|

Memories:
N/A

* Register list:
+---------------------+--------+
|                     |   FF   |
+---------------------+--------+
|     C_3_reg_397     |   28   |
|      D_reg_405      |   28   |
|   PC2_addr_reg_442  |    6   |
|    i_2_i_reg_115    |    5   |
|      i_reg_416      |    5   |
|    j_0_i_reg_138    |    6   |
|      j_reg_437      |    6   |
|    or_ln_reg_452    |   64   |
| sub_key_addr_reg_424|    4   |
| sub_key_load_reg_126|   64   |
|    tmp_4_reg_429    |   56   |
|trunc_ln218_1_reg_447|   63   |
+---------------------+--------+
|        Total        |   335  |
+---------------------+--------+

* Multiplexer (MUX) list: 
|-------------------|------|------|------|--------||---------||---------|
|        Comp       |  Pin | Size |  BW  | S x BW ||  Delay  ||   LUT   |
|-------------------|------|------|------|--------||---------||---------|
| grp_access_fu_109 |  p0  |   2  |   6  |   12   ||    9    |
|-------------------|------|------|------|--------||---------||---------|
|       Total       |      |      |      |   12   ||   1.35  ||    9    |
|-------------------|------|------|------|--------||---------||---------|



* Summary:
+-----------+--------+--------+--------+
|           |  Delay |   FF   |   LUT  |
+-----------+--------+--------+--------+
|  Function |    -   |    0   |   283  |
|   Memory  |    -   |    -   |    -   |
|Multiplexer|    1   |    -   |    9   |
|  Register |    -   |   335  |    -   |
+-----------+--------+--------+--------+
|   Total   |    1   |   335  |   292  |
+-----------+--------+--------+--------+
