

================================================================
== Vivado HLS Report for 'Loop_Pipeline_loop4_s'
================================================================
* Date:           Tue Dec 22 19:03:31 2020

* Version:        2019.1 (Build 2552052 on Fri May 24 15:28:33 MDT 2019)
* Project:        DES_DEC
* Solution:       Dataflow_DES
* Product family: artix7
* Target device:  xc7a35tl-cpg236-2L


================================================================
== Performance Estimates
================================================================
+ Timing (ns): 
    * Summary: 
    +--------+-------+----------+------------+
    |  Clock | Target| Estimated| Uncertainty|
    +--------+-------+----------+------------+
    |ap_clk  |  10.00|     8.690|        1.25|
    +--------+-------+----------+------------+

+ Latency (clock cycles): 
    * Summary: 
    +------+------+------+------+---------+
    |   Latency   |   Interval  | Pipeline|
    |  min |  max |  min |  max |   Type  |
    +------+------+------+------+---------+
    |  3153|  3153|  3153|  3153|   none  |
    +------+------+------+------+---------+

    + Detail: 
        * Instance: 
        N/A

        * Loop: 
        +------------------+------+------+----------+-----------+-----------+------+----------+
        |                  |   Latency   | Iteration|  Initiation Interval  | Trip |          |
        |     Loop Name    |  min |  max |  Latency |  achieved |   target  | Count| Pipelined|
        +------------------+------+------+----------+-----------+-----------+------+----------+
        |- Pipeline_loop4  |  3152|  3152|       197|          -|          -|    16|    no    |
        | + loop4_1        |    96|    96|         2|          -|          -|    48|    no    |
        | + loop4_2        |    32|    32|         4|          -|          -|     8|    no    |
        | + loop4_3        |    64|    64|         2|          -|          -|    32|    no    |
        +------------------+------+------+----------+-----------+-----------+------+----------+



================================================================
== Utilization Estimates
================================================================
* Summary: 
+-----------------+---------+-------+-------+-------+-----+
|       Name      | BRAM_18K| DSP48E|   FF  |  LUT  | URAM|
+-----------------+---------+-------+-------+-------+-----+
|DSP              |        -|      -|      -|      -|    -|
|Expression       |        -|      -|      0|   1252|    -|
|FIFO             |        -|      -|      -|      -|    -|
|Instance         |        -|      -|      -|      -|    -|
|Memory           |        1|      -|     12|      8|    -|
|Multiplexer      |        -|      -|      -|    161|    -|
|Register         |        -|      -|    463|      -|    -|
+-----------------+---------+-------+-------+-------+-----+
|Total            |        1|      0|    475|   1421|    0|
+-----------------+---------+-------+-------+-------+-----+
|Available        |      100|     90|  41600|  20800|    0|
+-----------------+---------+-------+-------+-------+-----+
|Utilization (%)  |        1|      0|      1|      6|    0|
+-----------------+---------+-------+-------+-------+-----+

+ Detail: 
    * Instance: 
    N/A

    * DSP48E: 
    N/A

    * Memory: 
    +-------+----------------------+---------+---+----+-----+------+-----+------+-------------+
    | Memory|        Module        | BRAM_18K| FF| LUT| URAM| Words| Bits| Banks| W*Bits*Banks|
    +-------+----------------------+---------+---+----+-----+------+-----+------+-------------+
    |P_U    |Loop_Pipeline_loodEe  |        0|  6|   3|    0|    32|    6|     1|          192|
    |E_U    |Loop_Pipeline_looeOg  |        0|  6|   5|    0|    48|    6|     1|          288|
    |S_U    |Loop_Pipeline_loofYi  |        1|  0|   0|    0|   512|    4|     1|         2048|
    +-------+----------------------+---------+---+----+-----+------+-----+------+-------------+
    |Total  |                      |        1| 12|   8|    0|   592|   16|     3|         2528|
    +-------+----------------------+---------+---+----+-----+------+-----+------+-------------+

    * FIFO: 
    N/A

    * Expression: 
    +------------------------+----------+-------+---+-----+------------+------------+
    |      Variable Name     | Operation| DSP48E| FF| LUT | Bitwidth P0| Bitwidth P1|
    +------------------------+----------+-------+---+-----+------------+------------+
    |add_ln246_1_fu_589_p2   |     +    |      0|  0|   18|          11|          11|
    |add_ln246_fu_567_p2     |     +    |      0|  0|   16|           9|           9|
    |i_fu_276_p2             |     +    |      0|  0|   15|           5|           1|
    |j_1_fu_388_p2           |     +    |      0|  0|   13|           4|           1|
    |j_2_fu_622_p2           |     +    |      0|  0|   15|           6|           1|
    |j_fu_300_p2             |     +    |      0|  0|   15|           6|           1|
    |sub_ln229_fu_322_p2     |     -    |      0|  0|   15|           7|           6|
    |sub_ln232_fu_311_p2     |     -    |      0|  0|   15|           4|           5|
    |sub_ln240_1_fu_442_p2   |     -    |      0|  0|    8|           6|           6|
    |sub_ln240_2_fu_448_p2   |     -    |      0|  0|    8|           6|           6|
    |sub_ln240_fu_420_p2     |     -    |      0|  0|   15|           7|           7|
    |sub_ln243_1_fu_460_p2   |     -    |      0|  0|    8|           6|           6|
    |sub_ln243_fu_454_p2     |     -    |      0|  0|    8|           6|           6|
    |sub_ln254_fu_643_p2     |     -    |      0|  0|   15|           7|           6|
    |and_ln240_fu_483_p2     |    and   |      0|  0|   48|          48|          48|
    |and_ln243_fu_531_p2     |    and   |      0|  0|   47|          47|          47|
    |icmp_ln223_fu_270_p2    |   icmp   |      0|  0|   11|           5|           6|
    |icmp_ln227_fu_294_p2    |   icmp   |      0|  0|   11|           6|           6|
    |icmp_ln235_fu_382_p2    |   icmp   |      0|  0|   11|           4|           5|
    |icmp_ln252_fu_616_p2    |   icmp   |      0|  0|   11|           6|           7|
    |lshr_ln229_fu_332_p2    |   lshr   |      0|  0|  101|          32|          32|
    |lshr_ln240_1_fu_491_p2  |   lshr   |      0|  0|  150|          48|          48|
    |lshr_ln240_fu_477_p2    |   lshr   |      0|  0|  150|          48|          48|
    |lshr_ln243_1_fu_539_p2  |   lshr   |      0|  0|  148|          47|          47|
    |lshr_ln243_fu_525_p2    |   lshr   |      0|  0|  148|          45|          47|
    |lshr_ln254_fu_653_p2    |   lshr   |      0|  0|  101|          32|          32|
    |ap_block_state1         |    or    |      0|  0|    2|           1|           1|
    |or_ln241_fu_509_p2      |    or    |      0|  0|    2|           1|           1|
    |R_fu_637_p2             |    xor   |      0|  0|   32|          32|          32|
    |xor_ln232_1_fu_376_p2   |    xor   |      0|  0|   47|          47|          47|
    |xor_ln232_fu_370_p2     |    xor   |      0|  0|   48|          48|          48|
    +------------------------+----------+-------+---+-----+------------+------------+
    |Total                   |          |      0|  0| 1252|         587|         574|
    +------------------------+----------+-------+---+-----+------------+------------+

    * Multiplexer: 
    +----------------------------+----+-----------+-----+-----------+
    |            Name            | LUT| Input Size| Bits| Total Bits|
    +----------------------------+----+-----------+-----+-----------+
    |L_0_loc_0_reg_182           |   9|          2|   32|         64|
    |ap_NS_fsm                   |  53|         12|    1|         12|
    |ap_done                     |   9|          2|    1|          2|
    |ap_return_0                 |   9|          2|   32|         64|
    |ap_return_1                 |   9|          2|   32|         64|
    |f_function_res_0_i_reg_240  |   9|          2|   32|         64|
    |i_3_i_reg_193               |   9|          2|    5|         10|
    |j_1_i_reg_217               |   9|          2|    6|         12|
    |j_2_i_reg_228               |   9|          2|    4|          8|
    |j_3_i_reg_251               |   9|          2|    6|         12|
    |s_input_0_i_reg_205         |   9|          2|   64|        128|
    |s_output_1_fu_104           |   9|          2|   32|         64|
    |temp_reg_172                |   9|          2|   32|         64|
    +----------------------------+----+-----------+-----+-----------+
    |Total                       | 161|         36|  279|        568|
    +----------------------------+----+-----------+-----+-----------+

    * Register: 
    +----------------------------+----+----+-----+-----------+
    |            Name            | FF | LUT| Bits| Const Bits|
    +----------------------------+----+----+-----+-----------+
    |L_0_loc_0_reg_182           |  32|   0|   32|          0|
    |add_ln246_1_reg_751         |  11|   0|   11|          0|
    |ap_CS_fsm                   |  11|   0|   11|          0|
    |ap_done_reg                 |   1|   0|    1|          0|
    |ap_return_0_preg            |  32|   0|   32|          0|
    |ap_return_1_preg            |  32|   0|   32|          0|
    |f_function_res_0_i_reg_240  |  32|   0|   32|          0|
    |i_3_i_reg_193               |   5|   0|    5|          0|
    |i_reg_690                   |   5|   0|    5|          0|
    |j_1_i_reg_217               |   6|   0|    6|          0|
    |j_1_reg_731                 |   4|   0|    4|          0|
    |j_2_i_reg_228               |   4|   0|    4|          0|
    |j_2_reg_764                 |   6|   0|    6|          0|
    |j_3_i_reg_251               |   6|   0|    6|          0|
    |j_reg_698                   |   6|   0|    6|          0|
    |s_input_0_i_reg_205         |  64|   0|   64|          0|
    |s_output_1_fu_104           |  32|   0|   32|          0|
    |sub_ln240_2_reg_741         |   5|   0|    6|          1|
    |sub_ln240_reg_736           |   6|   0|    7|          1|
    |sub_ln243_1_reg_746         |   5|   0|    6|          1|
    |temp_reg_172                |  32|   0|   32|          0|
    |trunc_ln254_1_reg_774       |  31|   0|   31|          0|
    |xor_ln232_1_reg_723         |  47|   0|   47|          0|
    |xor_ln232_reg_718           |  48|   0|   48|          0|
    +----------------------------+----+----+-----+-----------+
    |Total                       | 463|   0|  466|          3|
    +----------------------------+----+----+-----+-----------+



================================================================
== Interface
================================================================
* Summary: 
+------------------+-----+-----+------------+----------------------+--------------+
|     RTL Ports    | Dir | Bits|  Protocol  |     Source Object    |    C Type    |
+------------------+-----+-----+------------+----------------------+--------------+
|ap_clk            |  in |    1| ap_ctrl_hs | Loop_Pipeline_loop4_ | return value |
|ap_rst            |  in |    1| ap_ctrl_hs | Loop_Pipeline_loop4_ | return value |
|ap_start          |  in |    1| ap_ctrl_hs | Loop_Pipeline_loop4_ | return value |
|ap_done           | out |    1| ap_ctrl_hs | Loop_Pipeline_loop4_ | return value |
|ap_continue       |  in |    1| ap_ctrl_hs | Loop_Pipeline_loop4_ | return value |
|ap_idle           | out |    1| ap_ctrl_hs | Loop_Pipeline_loop4_ | return value |
|ap_ready          | out |    1| ap_ctrl_hs | Loop_Pipeline_loop4_ | return value |
|ap_return_0       | out |   32| ap_ctrl_hs | Loop_Pipeline_loop4_ | return value |
|ap_return_1       | out |   32| ap_ctrl_hs | Loop_Pipeline_loop4_ | return value |
|p_read            |  in |   32|   ap_none  |        p_read        |    scalar    |
|p_read1           |  in |   32|   ap_none  |        p_read1       |    scalar    |
|sub_key_address0  | out |    4|  ap_memory |        sub_key       |     array    |
|sub_key_ce0       | out |    1|  ap_memory |        sub_key       |     array    |
|sub_key_q0        |  in |   64|  ap_memory |        sub_key       |     array    |
+------------------+-----+-----+------------+----------------------+--------------+

