INFO: [XSIM 43-3496] Using init file passed via -initfile option "E:/xilinx/Vivado/2019.1/data/xsim/ip/xsim_ip.ini".
Vivado Simulator 2019.1
Copyright 1986-1999, 2001-2019 Xilinx, Inc. All Rights Reserved.
Running: E:/xilinx/Vivado/2019.1/bin/unwrapped/win64.o/xelab.exe xil_defaultlib.apatb_des_dec_top glbl -prj des_dec.prj -L smartconnect_v1_0 -L axi_protocol_checker_v1_1_12 -L axi_protocol_checker_v1_1_13 -L axis_protocol_checker_v1_1_11 -L axis_protocol_checker_v1_1_12 -L xil_defaultlib -L unisims_ver -L xpm --initfile E:/xilinx/Vivado/2019.1/data/xsim/ip/xsim_ip.ini --lib ieee_proposed=./ieee_proposed -s des_dec -debug wave 
Multi-threading is on. Using 10 slave threads.
INFO: [VRFC 10-2263] Analyzing SystemVerilog file "C:/Users/deeps/OneDrive/Desktop/AHD_FINALS/DES_DEC/C_8/sim/verilog/glbl.v" into library work
INFO: [VRFC 10-311] analyzing module glbl
INFO: [VRFC 10-2263] Analyzing SystemVerilog file "C:/Users/deeps/OneDrive/Desktop/AHD_FINALS/DES_DEC/C_8/sim/verilog/des_dec.autotb.v" into library xil_defaultlib
INFO: [VRFC 10-311] analyzing module apatb_des_dec_top
INFO: [VRFC 10-2263] Analyzing SystemVerilog file "C:/Users/deeps/OneDrive/Desktop/AHD_FINALS/DES_DEC/C_8/sim/verilog/des_dec.v" into library xil_defaultlib
INFO: [VRFC 10-311] analyzing module des_dec
INFO: [VRFC 10-2263] Analyzing SystemVerilog file "C:/Users/deeps/OneDrive/Desktop/AHD_FINALS/DES_DEC/C_8/sim/verilog/des_dec_E.v" into library xil_defaultlib
INFO: [VRFC 10-311] analyzing module des_dec_E_rom
INFO: [VRFC 10-311] analyzing module des_dec_E
INFO: [VRFC 10-2263] Analyzing SystemVerilog file "C:/Users/deeps/OneDrive/Desktop/AHD_FINALS/DES_DEC/C_8/sim/verilog/des_dec_IP.v" into library xil_defaultlib
INFO: [VRFC 10-311] analyzing module des_dec_IP_rom
INFO: [VRFC 10-311] analyzing module des_dec_IP
INFO: [VRFC 10-2263] Analyzing SystemVerilog file "C:/Users/deeps/OneDrive/Desktop/AHD_FINALS/DES_DEC/C_8/sim/verilog/des_dec_P.v" into library xil_defaultlib
INFO: [VRFC 10-311] analyzing module des_dec_P_rom
INFO: [VRFC 10-311] analyzing module des_dec_P
INFO: [VRFC 10-2263] Analyzing SystemVerilog file "C:/Users/deeps/OneDrive/Desktop/AHD_FINALS/DES_DEC/C_8/sim/verilog/des_dec_PC1.v" into library xil_defaultlib
INFO: [VRFC 10-311] analyzing module des_dec_PC1_rom
INFO: [VRFC 10-311] analyzing module des_dec_PC1
INFO: [VRFC 10-2263] Analyzing SystemVerilog file "C:/Users/deeps/OneDrive/Desktop/AHD_FINALS/DES_DEC/C_8/sim/verilog/des_dec_PC2.v" into library xil_defaultlib
INFO: [VRFC 10-311] analyzing module des_dec_PC2_rom
INFO: [VRFC 10-311] analyzing module des_dec_PC2
INFO: [VRFC 10-2263] Analyzing SystemVerilog file "C:/Users/deeps/OneDrive/Desktop/AHD_FINALS/DES_DEC/C_8/sim/verilog/des_dec_PI.v" into library xil_defaultlib
INFO: [VRFC 10-311] analyzing module des_dec_PI_rom
INFO: [VRFC 10-311] analyzing module des_dec_PI
INFO: [VRFC 10-2263] Analyzing SystemVerilog file "C:/Users/deeps/OneDrive/Desktop/AHD_FINALS/DES_DEC/C_8/sim/verilog/des_dec_S.v" into library xil_defaultlib
INFO: [VRFC 10-311] analyzing module des_dec_S_rom
INFO: [VRFC 10-311] analyzing module des_dec_S
INFO: [VRFC 10-2263] Analyzing SystemVerilog file "C:/Users/deeps/OneDrive/Desktop/AHD_FINALS/DES_DEC/C_8/sim/verilog/des_dec_sub_key.v" into library xil_defaultlib
INFO: [VRFC 10-311] analyzing module des_dec_sub_key_ram
INFO: [VRFC 10-311] analyzing module des_dec_sub_key
Starting static elaboration
Completed static elaboration
Starting simulation data flow analysis
Completed simulation data flow analysis
Time Resolution for simulation is 1ps
Compiling module xil_defaultlib.des_dec_IP_rom
Compiling module xil_defaultlib.des_dec_IP(DataWidth=7,AddressRa...
Compiling module xil_defaultlib.des_dec_PC1_rom
Compiling module xil_defaultlib.des_dec_PC1(DataWidth=6,AddressR...
Compiling module xil_defaultlib.des_dec_PC2_rom
Compiling module xil_defaultlib.des_dec_PC2(DataWidth=6,AddressR...
Compiling module xil_defaultlib.des_dec_E_rom
Compiling module xil_defaultlib.des_dec_E(DataWidth=6,AddressRan...
Compiling module xil_defaultlib.des_dec_S_rom
Compiling module xil_defaultlib.des_dec_S(DataWidth=4,AddressRan...
Compiling module xil_defaultlib.des_dec_P_rom
Compiling module xil_defaultlib.des_dec_P(DataWidth=6,AddressRan...
Compiling module xil_defaultlib.des_dec_PI_rom
Compiling module xil_defaultlib.des_dec_PI(DataWidth=7,AddressRa...
Compiling module xil_defaultlib.des_dec_sub_key_ram
Compiling module xil_defaultlib.des_dec_sub_key(DataWidth=64,Add...
Compiling module xil_defaultlib.des_dec
Compiling module xil_defaultlib.apatb_des_dec_top
Compiling module work.glbl
Built simulation snapshot des_dec
