INFO-FLOW: Workspace C:/Users/deeps/OneDrive/Desktop/AHD_FINALS/DES_DEC/q21_4 opened at Wed Dec 23 13:55:37 -0500 2020
Execute     config_clock -quiet -name default -period 10 -default=false 
INFO: [SYN 201-201] Setting up clock 'default' with a period of 10ns.
WARNING: [HLS 200-40] Cannot find library 'E:/xilinx/Vivado/2019.1/common/technology/xilinx/artix7l/artix7l.lib'.
WARNING: [HLS 200-40] Cannot find library 'xilinx/artix7l/artix7l'.
Execute     set_part xc7a35tl-cpg236-2L 
Execute       ap_part_info -name xc7a35tl-cpg236-2L -data single -quiet 
Command       ap_part_info done; 0.651 sec.
Execute       ap_part_info -name xc7a35tl-cpg236-2L -data info 
Execute       add_library xilinx/artix7/artix7:xc7a35tl:-cpg236:-2L 
Execute         get_default_platform 
Execute         license_isbetapart xc7a35tl 
Command         license_isbetapart done; error code: 1; 
Execute         open_platform DefaultPlatform 
Execute         import_lib E:/xilinx/Vivado/2019.1/common/technology/xilinx/artix7/artix7 
Execute           source E:/xilinx/Vivado/2019.1/common/technology/xilinx/common/xilinx.lib 
Execute             source E:/xilinx/Vivado/2019.1/common/technology/xilinx/interface/xilinx_interface.lib 
Execute               source E:/xilinx/Vivado/2019.1/common/technology/xilinx/interface/plb46.lib 
Execute               source E:/xilinx/Vivado/2019.1/common/technology/xilinx/interface/fsl.lib 
Execute               source E:/xilinx/Vivado/2019.1/common/technology/xilinx/interface/axi4.lib 
Execute               source E:/xilinx/Vivado/2019.1/common/technology/xilinx/interface/maxi.lib 
Execute               source E:/xilinx/Vivado/2019.1/common/technology/xilinx/interface/saxilite.lib 
Execute             source E:/xilinx/Vivado/2019.1/common/technology/xilinx/common/dsp48.lib 
Execute             source E:/xilinx/Vivado/2019.1/common/technology/xilinx/ip/dds_compiler.lib 
Execute             source E:/xilinx/Vivado/2019.1/common/technology/xilinx/ip/xfft.lib 
Execute             source E:/xilinx/Vivado/2019.1/common/technology/xilinx/ip/xfir.lib 
Execute           source E:/xilinx/Vivado/2019.1/common/technology/xilinx/common/xilinx.hlp 
Execute             source E:/xilinx/Vivado/2019.1/common/technology/xilinx/common/target_info.tcl 
Execute             source E:/xilinx/Vivado/2019.1/common/technology/xilinx/interface/xilinx_interface.hlp 
Execute               source E:/xilinx/Vivado/2019.1/common/technology/xilinx/interface/maxi.hlp 
Execute               source E:/xilinx/Vivado/2019.1/common/technology/xilinx/interface/saxilite.hlp 
Execute             source E:/xilinx/Vivado/2019.1/common/technology/xilinx/common/dsp48.hlp 
Execute           source E:/xilinx/Vivado/2019.1/common/technology/xilinx/artix7/dsp48e1.hlp 
Execute           source E:/xilinx/Vivado/2019.1/common/technology/xilinx/common/xilinx.hlp 
Execute             source E:/xilinx/Vivado/2019.1/common/technology/xilinx/common/target_info.tcl 
Execute             source E:/xilinx/Vivado/2019.1/common/technology/xilinx/interface/xilinx_interface.hlp 
Execute               source E:/xilinx/Vivado/2019.1/common/technology/xilinx/interface/maxi.hlp 
Execute               source E:/xilinx/Vivado/2019.1/common/technology/xilinx/interface/saxilite.hlp 
Execute             source E:/xilinx/Vivado/2019.1/common/technology/xilinx/common/dsp48.hlp 
Execute         source E:/xilinx/Vivado/2019.1/common/technology/xilinx/artix7/artix7.gen 
Execute           source E:/xilinx/Vivado/2019.1/common/technology/xilinx/common/xilinx.gen 
Execute             source E:/xilinx/Vivado/2019.1/common/technology/xilinx/interface/plb46.gen 
Execute             source E:/xilinx/Vivado/2019.1/common/technology/xilinx/interface/fsl.gen 
Execute             source E:/xilinx/Vivado/2019.1/common/technology/xilinx/interface/axi4.gen 
Execute             source E:/xilinx/Vivado/2019.1/common/technology/xilinx/interface/nativeAXI4.gen 
Execute               source E:/xilinx/Vivado/2019.1/common/technology/xilinx/interface/saxilite.gen 
Execute               source E:/xilinx/Vivado/2019.1/common/technology/xilinx/interface/maxi.gen 
Execute             source E:/xilinx/Vivado/2019.1/common/technology/xilinx/scripts/xilinxcoregen.gen 
Execute             source E:/xilinx/Vivado/2019.1/common/technology/xilinx/interface/XilEDKCoreGen.gen 
Execute             source E:/xilinx/Vivado/2019.1/common/technology/xilinx/ip/dds_compiler.gen 
Execute             source E:/xilinx/Vivado/2019.1/common/technology/xilinx/ip/util.gen 
Execute             source E:/xilinx/Vivado/2019.1/common/technology/xilinx/ip/xfft.gen 
Execute             source E:/xilinx/Vivado/2019.1/common/technology/xilinx/ip/xfir.gen 
Execute             source E:/xilinx/Vivado/2019.1/common/technology/xilinx/common/dsp48.gen 
Command           ap_source done; 0.114 sec.
Command         ap_source done; 0.114 sec.
Execute         ap_part_info -data single -name xc7a35tl-cpg236-2L 
Execute         ap_part_info -name xc7a35tl-cpg236-2L -data resources 
Execute         ap_part_info -name xc7a35tl-cpg236-2L -data info 
Execute         ap_part_info -name xc7a35tl-cpg236-2L -data info 
Execute         config_chip_info -quiet -resource {SLICE 8150} {LUT 20800} {FF 41600} {DSP48E 90} {BRAM 100} {URAM 0} 
Execute         ap_part_info -name xc7a35tl-cpg236-2L -data info 
Execute         config_chip_info -quiet -speed medium 
Command       add_library done; 0.159 sec.
Execute       add_library xilinx/artix7/artix7_fpv6 
Execute         get_default_platform 
Execute         open_platform DefaultPlatform 
Execute         import_lib E:/xilinx/Vivado/2019.1/common/technology/xilinx/artix7/artix7_fpv6 
Execute           source E:/xilinx/Vivado/2019.1/common/technology/xilinx/common/xilinx_fp.lib 
Execute           source E:/xilinx/Vivado/2019.1/common/technology/xilinx/common/xilinx_fp.hlp 
Execute             source E:/xilinx/Vivado/2019.1/common/technology/xilinx/common/xilinx.hlp 
Execute               source E:/xilinx/Vivado/2019.1/common/technology/xilinx/common/target_info.tcl 
Execute               source E:/xilinx/Vivado/2019.1/common/technology/xilinx/interface/xilinx_interface.hlp 
Execute                 source E:/xilinx/Vivado/2019.1/common/technology/xilinx/interface/maxi.hlp 
Execute                 source E:/xilinx/Vivado/2019.1/common/technology/xilinx/interface/saxilite.hlp 
Execute               source E:/xilinx/Vivado/2019.1/common/technology/xilinx/common/dsp48.hlp 
Execute         source E:/xilinx/Vivado/2019.1/common/technology/xilinx/artix7/artix7_fpv6.gen 
Execute           source E:/xilinx/Vivado/2019.1/common/technology/xilinx/common/xilinx_fp.gen 
INFO: [HLS 200-10] Setting target device to 'xc7a35tl-cpg236-2L'
Execute       ap_part_info -name xc7a35tl-cpg236-2L -data info 
Execute       get_default_platform 
Command     set_part done; 0.897 sec.
Execute     ap_part_info -data single -name xc7a35tl-cpg236-2L 
Execute     ap_part_info -name xc7a35tl-cpg236-2L -data resources 
Execute     ap_part_info -name xc7a35tl-cpg236-2L -data info 
Execute     ap_part_info -name xc7a35tl-cpg236-2L -data info 
Execute     config_chip_info -quiet -resource {SLICE 8150} {LUT 20800} {FF 41600} {DSP48E 90} {BRAM 100} {URAM 0} 
Execute     ap_part_info -name xc7a35tl-cpg236-2L -data info 
Execute     config_chip_info -quiet -speed medium 
Execute     config_export -format=ip_catalog 
Execute     config_export -rtl=verilog 
Execute     config_export -vivado_optimization_level=2 
Execute       get_config_export -vivado_impl_strategy 
Execute       get_config_export -vivado_phys_opt 
Execute     config_export -vivado_phys_opt=place 
Execute     config_export -vivado_report_level=0 
Command   open_solution done; 0.932 sec.
Execute   set_part xc7a35tl-cpg236-2L 
Execute     ap_part_info -name xc7a35tl-cpg236-2L -data single -quiet 
Execute     ap_part_info -name xc7a35tl-cpg236-2L -data info 
Execute     add_library xilinx/artix7/artix7:xc7a35tl:-cpg236:-2L 
Execute       get_default_platform 
Execute       license_isbetapart xc7a35tl 
Command       license_isbetapart done; error code: 1; 
Execute       open_platform DefaultPlatform 
Execute       import_lib E:/xilinx/Vivado/2019.1/common/technology/xilinx/artix7/artix7 
Execute         source E:/xilinx/Vivado/2019.1/common/technology/xilinx/common/xilinx.lib 
Execute           source E:/xilinx/Vivado/2019.1/common/technology/xilinx/interface/xilinx_interface.lib 
Execute             source E:/xilinx/Vivado/2019.1/common/technology/xilinx/interface/plb46.lib 
Execute             source E:/xilinx/Vivado/2019.1/common/technology/xilinx/interface/fsl.lib 
Execute             source E:/xilinx/Vivado/2019.1/common/technology/xilinx/interface/axi4.lib 
Execute             source E:/xilinx/Vivado/2019.1/common/technology/xilinx/interface/maxi.lib 
Execute             source E:/xilinx/Vivado/2019.1/common/technology/xilinx/interface/saxilite.lib 
Execute           source E:/xilinx/Vivado/2019.1/common/technology/xilinx/common/dsp48.lib 
Execute           source E:/xilinx/Vivado/2019.1/common/technology/xilinx/ip/dds_compiler.lib 
Execute           source E:/xilinx/Vivado/2019.1/common/technology/xilinx/ip/xfft.lib 
Execute           source E:/xilinx/Vivado/2019.1/common/technology/xilinx/ip/xfir.lib 
Execute         source E:/xilinx/Vivado/2019.1/common/technology/xilinx/common/xilinx.hlp 
Execute           source E:/xilinx/Vivado/2019.1/common/technology/xilinx/common/target_info.tcl 
Execute           source E:/xilinx/Vivado/2019.1/common/technology/xilinx/interface/xilinx_interface.hlp 
Execute             source E:/xilinx/Vivado/2019.1/common/technology/xilinx/interface/maxi.hlp 
Execute             source E:/xilinx/Vivado/2019.1/common/technology/xilinx/interface/saxilite.hlp 
Execute           source E:/xilinx/Vivado/2019.1/common/technology/xilinx/common/dsp48.hlp 
Execute         source E:/xilinx/Vivado/2019.1/common/technology/xilinx/artix7/dsp48e1.hlp 
Execute         source E:/xilinx/Vivado/2019.1/common/technology/xilinx/common/xilinx.hlp 
Execute           source E:/xilinx/Vivado/2019.1/common/technology/xilinx/common/target_info.tcl 
Execute           source E:/xilinx/Vivado/2019.1/common/technology/xilinx/interface/xilinx_interface.hlp 
Execute             source E:/xilinx/Vivado/2019.1/common/technology/xilinx/interface/maxi.hlp 
Execute             source E:/xilinx/Vivado/2019.1/common/technology/xilinx/interface/saxilite.hlp 
Execute           source E:/xilinx/Vivado/2019.1/common/technology/xilinx/common/dsp48.hlp 
Execute       source E:/xilinx/Vivado/2019.1/common/technology/xilinx/artix7/artix7.gen 
Execute         source E:/xilinx/Vivado/2019.1/common/technology/xilinx/common/xilinx.gen 
Execute           source E:/xilinx/Vivado/2019.1/common/technology/xilinx/interface/plb46.gen 
Execute           source E:/xilinx/Vivado/2019.1/common/technology/xilinx/interface/fsl.gen 
Execute           source E:/xilinx/Vivado/2019.1/common/technology/xilinx/interface/axi4.gen 
Execute           source E:/xilinx/Vivado/2019.1/common/technology/xilinx/interface/nativeAXI4.gen 
Execute             source E:/xilinx/Vivado/2019.1/common/technology/xilinx/interface/saxilite.gen 
Execute             source E:/xilinx/Vivado/2019.1/common/technology/xilinx/interface/maxi.gen 
Execute           source E:/xilinx/Vivado/2019.1/common/technology/xilinx/scripts/xilinxcoregen.gen 
Execute           source E:/xilinx/Vivado/2019.1/common/technology/xilinx/interface/XilEDKCoreGen.gen 
Execute           source E:/xilinx/Vivado/2019.1/common/technology/xilinx/ip/dds_compiler.gen 
Execute           source E:/xilinx/Vivado/2019.1/common/technology/xilinx/ip/util.gen 
Execute           source E:/xilinx/Vivado/2019.1/common/technology/xilinx/ip/xfft.gen 
Execute           source E:/xilinx/Vivado/2019.1/common/technology/xilinx/ip/xfir.gen 
Execute           source E:/xilinx/Vivado/2019.1/common/technology/xilinx/common/dsp48.gen 
Command         ap_source done; 0.103 sec.
Command       ap_source done; 0.103 sec.
Execute       ap_part_info -data single -name xc7a35tl-cpg236-2L 
Execute       ap_part_info -name xc7a35tl-cpg236-2L -data resources 
Execute       ap_part_info -name xc7a35tl-cpg236-2L -data info 
Execute       ap_part_info -name xc7a35tl-cpg236-2L -data info 
Execute       config_chip_info -quiet -resource {SLICE 8150} {LUT 20800} {FF 41600} {DSP48E 90} {BRAM 100} {URAM 0} 
Execute       ap_part_info -name xc7a35tl-cpg236-2L -data info 
Execute       config_chip_info -quiet -speed medium 
Command     add_library done; 0.137 sec.
Execute     add_library xilinx/artix7/artix7_fpv6 
Execute       get_default_platform 
Execute       open_platform DefaultPlatform 
Execute       import_lib E:/xilinx/Vivado/2019.1/common/technology/xilinx/artix7/artix7_fpv6 
Execute         source E:/xilinx/Vivado/2019.1/common/technology/xilinx/common/xilinx_fp.lib 
Execute         source E:/xilinx/Vivado/2019.1/common/technology/xilinx/common/xilinx_fp.hlp 
Execute           source E:/xilinx/Vivado/2019.1/common/technology/xilinx/common/xilinx.hlp 
Execute             source E:/xilinx/Vivado/2019.1/common/technology/xilinx/common/target_info.tcl 
Execute             source E:/xilinx/Vivado/2019.1/common/technology/xilinx/interface/xilinx_interface.hlp 
Execute               source E:/xilinx/Vivado/2019.1/common/technology/xilinx/interface/maxi.hlp 
Execute               source E:/xilinx/Vivado/2019.1/common/technology/xilinx/interface/saxilite.hlp 
Execute             source E:/xilinx/Vivado/2019.1/common/technology/xilinx/common/dsp48.hlp 
Execute       source E:/xilinx/Vivado/2019.1/common/technology/xilinx/artix7/artix7_fpv6.gen 
Execute         source E:/xilinx/Vivado/2019.1/common/technology/xilinx/common/xilinx_fp.gen 
Execute     ap_part_info -name xc7a35tl-cpg236-2L -data info 
Execute     get_default_platform 
Command   set_part done; 0.217 sec.
Execute   create_clock -period 10 -name default 
Execute   config_export -format ip_catalog -rtl verilog -vivado_optimization_level 2 -vivado_phys_opt place -vivado_report_level 0 
Execute     get_config_export -vivado_impl_strategy 
Execute   source ./DES_DEC/q21_4/directives.tcl 
Execute     set_directive_pipeline des_dec/Pipeline_loop4 
INFO-FLOW: Setting directive 'PIPELINE' 
Execute     set_directive_unroll des_dec/loop4_1 
INFO-FLOW: Setting directive 'PIPELINE' 
INFO-FLOW: Setting directive 'UNROLL' 
Execute     set_directive_unroll des_dec/loop4_2 
INFO-FLOW: Setting directive 'PIPELINE' 
INFO-FLOW: Setting directive 'UNROLL' 
INFO-FLOW: Setting directive 'UNROLL' 
Execute     set_directive_unroll des_dec/loop4_3 
INFO-FLOW: Setting directive 'PIPELINE' 
INFO-FLOW: Setting directive 'UNROLL' 
INFO-FLOW: Setting directive 'UNROLL' 
INFO-FLOW: Setting directive 'UNROLL' 
Execute   csynth_design 
Execute     get_config_compile -dump_cfg 
Execute     get_config_compile -effort 
Execute     get_config_compile -enable_clang39 
Execute     get_config_compile -g 
Execute     get_config_compile -ng 
Execute     get_config_compile -opt_fp 
Execute     get_config_compile -skip_cdt 
Execute     get_config_compile -skip_syncheck 
Execute     get_config_compile -skip_transform 
Execute     get_config_compile -keep_printf 
Execute     elaborate -effort=medium -skip_syncheck=0 -keep_printf=0 -skip_cdt=0 -skip_transform=0 -ng=0 -g=0 -opt_fp=0 -from_csynth_design=1 
Execute       get_config_schedule -relax_ii_for_timing 
INFO: [SCHED 204-61] Option 'relax_ii_for_timing' is enabled, will increase II to preserve clock frequency constraints.
Execute       get_config_schedule -suppress_dependence_error_break 
WARNING: [HLS 200-40] Skipped source file 'desEncrypt.H'. Source files must have extensions .c, .C, .cc, .cpp, .c++, .cp, or .cxx.
WARNING: [HLS 200-40] Skipped source file 'desDecrypt.H'. Source files must have extensions .c, .C, .cc, .cpp, .c++, .cp, or .cxx.
INFO: [HLS 200-10] Analyzing design file 'desEncrypt.c' ... 
INFO-FLOW: Compiling one TU...
Execute       is_m_axi_addr64 
INFO-FLOW: Handling desEncrypt.c as C
Execute       ap_part_info -name xc7a35tl-cpg236-2L -data info 
Execute       is_encrypted desEncrypt.c 
INFO-FLOW: Running: GCC PP
INFO-FLOW: Source preprocessing
Execute       clang  -fno-limit-debug-info -gcc-toolchain "E:/xilinx/Vivado/2019.1/msys" -hls  -fno-exceptions  -D__llvm__  -E "desEncrypt.c"     -fno-math-errno -c -emit-llvm -O0  -mllvm -disable-llvm-optzns -std=gnu89   -DAESL_SYN -D__SYNTHESIS__ -D__HLS_SYN__ -I "E:/xilinx/Vivado/2019.1/common/technology/autopilot" -I "E:/xilinx/Vivado/2019.1/common/technology/autopilot/ap_sysc" -include etc/autopilot_ssdm_op.h -D__DSP48E1__ -D__cdecl=  -o "C:/Users/deeps/OneDrive/Desktop/AHD_FINALS/DES_DEC/q21_4/.autopilot/db/desEncrypt.pp.0.c" 
INFO-FLOW: exec E:/xilinx/Vivado/2019.1/win64/tools/clang/bin/clang -fno-limit-debug-info -gcc-toolchain E:/xilinx/Vivado/2019.1/msys -hls -fno-exceptions -D__llvm__ -E desEncrypt.c -fno-math-errno -c -emit-llvm -O0 -mllvm -disable-llvm-optzns -std=gnu89 -DAESL_SYN -D__SYNTHESIS__ -D__HLS_SYN__ -I E:/xilinx/Vivado/2019.1/common/technology/autopilot -I E:/xilinx/Vivado/2019.1/common/technology/autopilot/ap_sysc -include etc/autopilot_ssdm_op.h -D__DSP48E1__ -D__cdecl= -o C:/Users/deeps/OneDrive/Desktop/AHD_FINALS/DES_DEC/q21_4/.autopilot/db/desEncrypt.pp.0.c
Command       clang done; 1.028 sec.
Execute       tidy_31 xilinx-xfmat-array-geometry C:/Users/deeps/OneDrive/Desktop/AHD_FINALS/DES_DEC/q21_4/.autopilot/db/desEncrypt.pp.0.c std=gnu89 
INFO-FLOW: exec E:/xilinx/Vivado/2019.1/win64/tools/clang-3.9-csynth/bin/tidy-3.1 -header-filter=.* -checks=-*,xilinx-xfmat-array-geometry -quiet -fix C:/Users/deeps/OneDrive/Desktop/AHD_FINALS/DES_DEC/q21_4/.autopilot/db/desEncrypt.pp.0.c -- -std=gnu89 -fhls -ferror-limit=0
INFO-FLOW: Syntax Checking before pre-processing...
Execute       clang -syntaxcheck -src C:/Users/deeps/OneDrive/Desktop/AHD_FINALS/DES_DEC/q21_4/.autopilot/db/desEncrypt.pp.0.c  -fno-limit-debug-info -gcc-toolchain "E:/xilinx/Vivado/2019.1/msys" -hls    -fno-math-errno -c -emit-llvm -O0  -mllvm -disable-llvm-optzns -std=gnu89   -DAESL_SYN -D__SYNTHESIS__ -D__HLS_SYN__ -I "E:/xilinx/Vivado/2019.1/common/technology/autopilot" -I "E:/xilinx/Vivado/2019.1/common/technology/autopilot/ap_sysc" -include etc/autopilot_ssdm_op.h -D__DSP48E1__ -D__cdecl=  "C:/Users/deeps/OneDrive/Desktop/AHD_FINALS/DES_DEC/q21_4/.autopilot/db/desEncrypt.pp.0.c"  -o "C:/Users/deeps/OneDrive/Desktop/AHD_FINALS/DES_DEC/q21_4/.autopilot/db/useless.bc"  
INFO-FLOW: exec E:/xilinx/Vivado/2019.1/win64/tools/clang/bin/clang -fno-limit-debug-info -gcc-toolchain E:/xilinx/Vivado/2019.1/msys -hls -fno-math-errno -c -emit-llvm -O0 -mllvm -disable-llvm-optzns -std=gnu89 -DAESL_SYN -D__SYNTHESIS__ -D__HLS_SYN__ -I E:/xilinx/Vivado/2019.1/common/technology/autopilot -I E:/xilinx/Vivado/2019.1/common/technology/autopilot/ap_sysc -include etc/autopilot_ssdm_op.h -D__DSP48E1__ -D__cdecl= C:/Users/deeps/OneDrive/Desktop/AHD_FINALS/DES_DEC/q21_4/.autopilot/db/desEncrypt.pp.0.c -o C:/Users/deeps/OneDrive/Desktop/AHD_FINALS/DES_DEC/q21_4/.autopilot/db/useless.bc
Command       clang done; 0.987 sec.
INFO-FLOW: Done: GCC PP time: 2.1 seconds per iteration
INFO-FLOW: Setting directive 'PIPELINE' 
INFO-FLOW: Setting directive 'UNROLL' 
INFO-FLOW: Setting directive 'UNROLL' 
INFO-FLOW: Setting directive 'UNROLL' 
Execute       source E:/xilinx/Vivado/2019.1/tps/tcl/tcllib1.11.1/yaml/huddle.tcl 
Execute       source E:/xilinx/Vivado/2019.1/tps/tcl/tcllib1.11.1/yaml/json2huddle.tcl 
Execute         source E:/xilinx/Vivado/2019.1/tps/tcl/tcllib1.11.1/try/try.tcl 
INFO-FLOW: Setting directive 'PIPELINE' 
INFO-FLOW: Setting directive 'UNROLL' 
INFO-FLOW: Setting directive 'UNROLL' 
INFO-FLOW: Setting directive 'UNROLL' 
Execute       list_core -type functional_unit 
Execute       tidy_31 xilinx-systemc-detector C:/Users/deeps/OneDrive/Desktop/AHD_FINALS/DES_DEC/q21_4/.autopilot/db/desEncrypt.pp.0.c std=gnu89 -directive=C:/Users/deeps/OneDrive/Desktop/AHD_FINALS/DES_DEC/q21_4/.autopilot/db/.systemc_flag 
INFO-FLOW: exec E:/xilinx/Vivado/2019.1/win64/tools/clang-3.9-csynth/bin/tidy-3.1 -header-filter=.* -checks=-*,xilinx-systemc-detector -import-directive=C:/Users/deeps/OneDrive/Desktop/AHD_FINALS/DES_DEC/q21_4/.autopilot/db/.systemc_flag -quiet -fix-errors C:/Users/deeps/OneDrive/Desktop/AHD_FINALS/DES_DEC/q21_4/.autopilot/db/desEncrypt.pp.0.c -- -std=gnu89 -fhls -ferror-limit=0
INFO-FLOW: Running: tidy-3.1 CDT preprocess
Execute       tidy_31 xilinx-directive2pragma C:/Users/deeps/OneDrive/Desktop/AHD_FINALS/DES_DEC/q21_4/.autopilot/db/desEncrypt.pp.0.c std=gnu89 -directive=C:/Users/deeps/OneDrive/Desktop/AHD_FINALS/DES_DEC/q21_4/.autopilot/db/all.directive.json 
INFO-FLOW: exec E:/xilinx/Vivado/2019.1/win64/tools/clang-3.9-csynth/bin/tidy-3.1 -header-filter=.* -checks=-*,xilinx-directive2pragma -import-directive=C:/Users/deeps/OneDrive/Desktop/AHD_FINALS/DES_DEC/q21_4/.autopilot/db/all.directive.json -quiet -fix-errors C:/Users/deeps/OneDrive/Desktop/AHD_FINALS/DES_DEC/q21_4/.autopilot/db/desEncrypt.pp.0.c -- -std=gnu89 -fhls -ferror-limit=0
Execute       get_config_dataflow -strict_mode 
Execute       ap_eval exec -ignorestderr E:/xilinx/Vivado/2019.1/win64/tools/clang-3.9-csynth/bin/xilinx-dataflow-lawyer -export-fixes=C:/Users/deeps/OneDrive/Desktop/AHD_FINALS/DES_DEC/q21_4/.autopilot/db/xilinx-dataflow-lawyer.desEncrypt.pp.0.c.diag.yml C:/Users/deeps/OneDrive/Desktop/AHD_FINALS/DES_DEC/q21_4/.autopilot/db/desEncrypt.pp.0.c -- -std=gnu99 -fhls -ferror-limit=0 -fstrict-dataflow > C:/Users/deeps/OneDrive/Desktop/AHD_FINALS/DES_DEC/q21_4/.autopilot/db/xilinx-dataflow-lawyer.desEncrypt.pp.0.c.out.log 2> C:/Users/deeps/OneDrive/Desktop/AHD_FINALS/DES_DEC/q21_4/.autopilot/db/xilinx-dataflow-lawyer.desEncrypt.pp.0.c.err.log 
Execute       tidy_31 -errorcheck xilinx-constantarray-param,xilinx-resource-pragma-transformer,xilinx-xfmat-array-geometry C:/Users/deeps/OneDrive/Desktop/AHD_FINALS/DES_DEC/q21_4/.autopilot/db/desEncrypt.pp.0.c std=gnu89 
Execute         ap_eval exec -ignorestderr E:/xilinx/Vivado/2019.1/win64/tools/clang-3.9-csynth/bin/tidy-3.1 -export-fixes=C:/Users/deeps/OneDrive/Desktop/AHD_FINALS/DES_DEC/q21_4/.autopilot/db/tidy-3.1.desEncrypt.pp.0.c.diag.yml -header-filter=.* -checks=-*,xilinx-constantarray-param,xilinx-resource-pragma-transformer,xilinx-xfmat-array-geometry -quiet -fix-errors C:/Users/deeps/OneDrive/Desktop/AHD_FINALS/DES_DEC/q21_4/.autopilot/db/desEncrypt.pp.0.c -- -std=gnu89 -fhls -ferror-limit=0 > C:/Users/deeps/OneDrive/Desktop/AHD_FINALS/DES_DEC/q21_4/.autopilot/db/tidy-3.1.desEncrypt.pp.0.c.out.log 2> C:/Users/deeps/OneDrive/Desktop/AHD_FINALS/DES_DEC/q21_4/.autopilot/db/tidy-3.1.desEncrypt.pp.0.c.err.log 
Execute         source E:/xilinx/Vivado/2019.1/tps/tcl/tcllib1.11.1/yaml/yaml.tcl 
Execute           source E:/xilinx/Vivado/2019.1/tps/tcl/tcllib1.11.1/cmdline/cmdline.tcl 
Execute         ap_eval exec -ignorestderr E:/xilinx/Vivado/2019.1/win64/tools/clang-3.9-csynth/bin/xilinx-legacy-rewriter C:/Users/deeps/OneDrive/Desktop/AHD_FINALS/DES_DEC/q21_4/.autopilot/db/desEncrypt.pp.0.c -- -std=gnu89 -fhls -ferror-limit=0 > C:/Users/deeps/OneDrive/Desktop/AHD_FINALS/DES_DEC/q21_4/.autopilot/db/xilinx-legacy-rewriter.desEncrypt.pp.0.c.out.log 2> C:/Users/deeps/OneDrive/Desktop/AHD_FINALS/DES_DEC/q21_4/.autopilot/db/xilinx-legacy-rewriter.desEncrypt.pp.0.c.err.log 
Command       tidy_31 done; 0.144 sec.
INFO-FLOW: Done: tidy-3.1 CDT preprocess time: 0.3 seconds per iteration
INFO-FLOW: Pragma Handling...
Execute       tidy_31 xilinx-ssdm-intrinsics-arguments C:/Users/deeps/OneDrive/Desktop/AHD_FINALS/DES_DEC/q21_4/.autopilot/db/desEncrypt.pragma.1.c std=gnu89 
INFO-FLOW: exec E:/xilinx/Vivado/2019.1/win64/tools/clang-3.9-csynth/bin/tidy-3.1 -header-filter=.* -checks=-*,xilinx-ssdm-intrinsics-arguments -quiet -fix-errors C:/Users/deeps/OneDrive/Desktop/AHD_FINALS/DES_DEC/q21_4/.autopilot/db/desEncrypt.pragma.1.c -- -std=gnu89 -fhls -ferror-limit=0
Execute       ap_part_info -name xc7a35tl-cpg236-2L -data info 
INFO-FLOW: Processing labels
Execute       clang -src C:/Users/deeps/OneDrive/Desktop/AHD_FINALS/DES_DEC/q21_4/.autopilot/db/desEncrypt.pragma.2.c  -fno-limit-debug-info -gcc-toolchain E:/xilinx/Vivado/2019.1/msys -hls -hls-analyze-label -hls-analyze-pragma -fno-exceptions  -D__llvm__  -w  "C:/Users/deeps/OneDrive/Desktop/AHD_FINALS/DES_DEC/q21_4/.autopilot/db/desEncrypt.pragma.2.c"    -fno-math-errno -c -emit-llvm -O0  -mllvm -disable-llvm-optzns -std=gnu89  -DAESL_SYN -D__SYNTHESIS__ -D__HLS_SYN__ -I "E:/xilinx/Vivado/2019.1/common/technology/autopilot" -I "E:/xilinx/Vivado/2019.1/common/technology/autopilot/ap_sysc" -include etc/autopilot_ssdm_op.h -D__DSP48E1__ -g -o "C:/Users/deeps/OneDrive/Desktop/AHD_FINALS/DES_DEC/q21_4/.autopilot/db/desEncrypt.bc" 
INFO-FLOW: exec E:/xilinx/Vivado/2019.1/win64/tools/clang/bin/clang -fno-limit-debug-info -gcc-toolchain E:/xilinx/Vivado/2019.1/msys -hls -hls-analyze-label -hls-analyze-pragma -fno-exceptions -D__llvm__ -w C:/Users/deeps/OneDrive/Desktop/AHD_FINALS/DES_DEC/q21_4/.autopilot/db/desEncrypt.pragma.2.c -fno-math-errno -c -emit-llvm -O0 -mllvm -disable-llvm-optzns -std=gnu89 -DAESL_SYN -D__SYNTHESIS__ -D__HLS_SYN__ -I E:/xilinx/Vivado/2019.1/common/technology/autopilot -I E:/xilinx/Vivado/2019.1/common/technology/autopilot/ap_sysc -include etc/autopilot_ssdm_op.h -D__DSP48E1__ -g -o C:/Users/deeps/OneDrive/Desktop/AHD_FINALS/DES_DEC/q21_4/.autopilot/db/desEncrypt.bc
Command       clang done; 0.987 sec.
INFO: [HLS 200-10] Analyzing design file 'desDecrypt.c' ... 
INFO-FLOW: Compiling one TU...
Execute       is_m_axi_addr64 
INFO-FLOW: Handling desDecrypt.c as C
Execute       ap_part_info -name xc7a35tl-cpg236-2L -data info 
Execute       is_encrypted desDecrypt.c 
INFO-FLOW: Running: GCC PP
INFO-FLOW: Source preprocessing
Execute       clang  -fno-limit-debug-info -gcc-toolchain "E:/xilinx/Vivado/2019.1/msys" -hls  -fno-exceptions  -D__llvm__  -E "desDecrypt.c"     -fno-math-errno -c -emit-llvm -O0  -mllvm -disable-llvm-optzns -std=gnu89   -DAESL_SYN -D__SYNTHESIS__ -D__HLS_SYN__ -I "E:/xilinx/Vivado/2019.1/common/technology/autopilot" -I "E:/xilinx/Vivado/2019.1/common/technology/autopilot/ap_sysc" -include etc/autopilot_ssdm_op.h -D__DSP48E1__ -D__cdecl=  -o "C:/Users/deeps/OneDrive/Desktop/AHD_FINALS/DES_DEC/q21_4/.autopilot/db/desDecrypt.pp.0.c" 
INFO-FLOW: exec E:/xilinx/Vivado/2019.1/win64/tools/clang/bin/clang -fno-limit-debug-info -gcc-toolchain E:/xilinx/Vivado/2019.1/msys -hls -fno-exceptions -D__llvm__ -E desDecrypt.c -fno-math-errno -c -emit-llvm -O0 -mllvm -disable-llvm-optzns -std=gnu89 -DAESL_SYN -D__SYNTHESIS__ -D__HLS_SYN__ -I E:/xilinx/Vivado/2019.1/common/technology/autopilot -I E:/xilinx/Vivado/2019.1/common/technology/autopilot/ap_sysc -include etc/autopilot_ssdm_op.h -D__DSP48E1__ -D__cdecl= -o C:/Users/deeps/OneDrive/Desktop/AHD_FINALS/DES_DEC/q21_4/.autopilot/db/desDecrypt.pp.0.c
Command       clang done; 0.987 sec.
Execute       tidy_31 xilinx-xfmat-array-geometry C:/Users/deeps/OneDrive/Desktop/AHD_FINALS/DES_DEC/q21_4/.autopilot/db/desDecrypt.pp.0.c std=gnu89 
INFO-FLOW: exec E:/xilinx/Vivado/2019.1/win64/tools/clang-3.9-csynth/bin/tidy-3.1 -header-filter=.* -checks=-*,xilinx-xfmat-array-geometry -quiet -fix C:/Users/deeps/OneDrive/Desktop/AHD_FINALS/DES_DEC/q21_4/.autopilot/db/desDecrypt.pp.0.c -- -std=gnu89 -fhls -ferror-limit=0
INFO-FLOW: Syntax Checking before pre-processing...
Execute       clang -syntaxcheck -src C:/Users/deeps/OneDrive/Desktop/AHD_FINALS/DES_DEC/q21_4/.autopilot/db/desDecrypt.pp.0.c  -fno-limit-debug-info -gcc-toolchain "E:/xilinx/Vivado/2019.1/msys" -hls    -fno-math-errno -c -emit-llvm -O0  -mllvm -disable-llvm-optzns -std=gnu89   -DAESL_SYN -D__SYNTHESIS__ -D__HLS_SYN__ -I "E:/xilinx/Vivado/2019.1/common/technology/autopilot" -I "E:/xilinx/Vivado/2019.1/common/technology/autopilot/ap_sysc" -include etc/autopilot_ssdm_op.h -D__DSP48E1__ -D__cdecl=  "C:/Users/deeps/OneDrive/Desktop/AHD_FINALS/DES_DEC/q21_4/.autopilot/db/desDecrypt.pp.0.c"  -o "C:/Users/deeps/OneDrive/Desktop/AHD_FINALS/DES_DEC/q21_4/.autopilot/db/useless.bc"  
INFO-FLOW: exec E:/xilinx/Vivado/2019.1/win64/tools/clang/bin/clang -fno-limit-debug-info -gcc-toolchain E:/xilinx/Vivado/2019.1/msys -hls -fno-math-errno -c -emit-llvm -O0 -mllvm -disable-llvm-optzns -std=gnu89 -DAESL_SYN -D__SYNTHESIS__ -D__HLS_SYN__ -I E:/xilinx/Vivado/2019.1/common/technology/autopilot -I E:/xilinx/Vivado/2019.1/common/technology/autopilot/ap_sysc -include etc/autopilot_ssdm_op.h -D__DSP48E1__ -D__cdecl= C:/Users/deeps/OneDrive/Desktop/AHD_FINALS/DES_DEC/q21_4/.autopilot/db/desDecrypt.pp.0.c -o C:/Users/deeps/OneDrive/Desktop/AHD_FINALS/DES_DEC/q21_4/.autopilot/db/useless.bc
Command       clang done; 0.977 sec.
INFO-FLOW: Done: GCC PP time: 2 seconds per iteration
INFO-FLOW: Setting directive 'PIPELINE' 
INFO-FLOW: Setting directive 'UNROLL' 
INFO-FLOW: Setting directive 'UNROLL' 
INFO-FLOW: Setting directive 'UNROLL' 
INFO-FLOW: Setting directive 'PIPELINE' 
INFO-FLOW: Setting directive 'UNROLL' 
INFO-FLOW: Setting directive 'UNROLL' 
INFO-FLOW: Setting directive 'UNROLL' 
Execute       list_core -type functional_unit 
Execute       tidy_31 xilinx-systemc-detector C:/Users/deeps/OneDrive/Desktop/AHD_FINALS/DES_DEC/q21_4/.autopilot/db/desDecrypt.pp.0.c std=gnu89 -directive=C:/Users/deeps/OneDrive/Desktop/AHD_FINALS/DES_DEC/q21_4/.autopilot/db/.systemc_flag 
INFO-FLOW: exec E:/xilinx/Vivado/2019.1/win64/tools/clang-3.9-csynth/bin/tidy-3.1 -header-filter=.* -checks=-*,xilinx-systemc-detector -import-directive=C:/Users/deeps/OneDrive/Desktop/AHD_FINALS/DES_DEC/q21_4/.autopilot/db/.systemc_flag -quiet -fix-errors C:/Users/deeps/OneDrive/Desktop/AHD_FINALS/DES_DEC/q21_4/.autopilot/db/desDecrypt.pp.0.c -- -std=gnu89 -fhls -ferror-limit=0
INFO-FLOW: Running: tidy-3.1 CDT preprocess
Execute       tidy_31 xilinx-directive2pragma C:/Users/deeps/OneDrive/Desktop/AHD_FINALS/DES_DEC/q21_4/.autopilot/db/desDecrypt.pp.0.c std=gnu89 -directive=C:/Users/deeps/OneDrive/Desktop/AHD_FINALS/DES_DEC/q21_4/.autopilot/db/all.directive.json 
INFO-FLOW: exec E:/xilinx/Vivado/2019.1/win64/tools/clang-3.9-csynth/bin/tidy-3.1 -header-filter=.* -checks=-*,xilinx-directive2pragma -import-directive=C:/Users/deeps/OneDrive/Desktop/AHD_FINALS/DES_DEC/q21_4/.autopilot/db/all.directive.json -quiet -fix-errors C:/Users/deeps/OneDrive/Desktop/AHD_FINALS/DES_DEC/q21_4/.autopilot/db/desDecrypt.pp.0.c -- -std=gnu89 -fhls -ferror-limit=0
Command       tidy_31 done; 0.157 sec.
Execute       get_config_dataflow -strict_mode 
Execute       ap_eval exec -ignorestderr E:/xilinx/Vivado/2019.1/win64/tools/clang-3.9-csynth/bin/xilinx-dataflow-lawyer -export-fixes=C:/Users/deeps/OneDrive/Desktop/AHD_FINALS/DES_DEC/q21_4/.autopilot/db/xilinx-dataflow-lawyer.desDecrypt.pp.0.c.diag.yml C:/Users/deeps/OneDrive/Desktop/AHD_FINALS/DES_DEC/q21_4/.autopilot/db/desDecrypt.pp.0.c -- -std=gnu99 -fhls -ferror-limit=0 -fstrict-dataflow > C:/Users/deeps/OneDrive/Desktop/AHD_FINALS/DES_DEC/q21_4/.autopilot/db/xilinx-dataflow-lawyer.desDecrypt.pp.0.c.out.log 2> C:/Users/deeps/OneDrive/Desktop/AHD_FINALS/DES_DEC/q21_4/.autopilot/db/xilinx-dataflow-lawyer.desDecrypt.pp.0.c.err.log 
Execute       tidy_31 -errorcheck xilinx-constantarray-param,xilinx-resource-pragma-transformer,xilinx-xfmat-array-geometry C:/Users/deeps/OneDrive/Desktop/AHD_FINALS/DES_DEC/q21_4/.autopilot/db/desDecrypt.pp.0.c std=gnu89 
Execute         ap_eval exec -ignorestderr E:/xilinx/Vivado/2019.1/win64/tools/clang-3.9-csynth/bin/tidy-3.1 -export-fixes=C:/Users/deeps/OneDrive/Desktop/AHD_FINALS/DES_DEC/q21_4/.autopilot/db/tidy-3.1.desDecrypt.pp.0.c.diag.yml -header-filter=.* -checks=-*,xilinx-constantarray-param,xilinx-resource-pragma-transformer,xilinx-xfmat-array-geometry -quiet -fix-errors C:/Users/deeps/OneDrive/Desktop/AHD_FINALS/DES_DEC/q21_4/.autopilot/db/desDecrypt.pp.0.c -- -std=gnu89 -fhls -ferror-limit=0 > C:/Users/deeps/OneDrive/Desktop/AHD_FINALS/DES_DEC/q21_4/.autopilot/db/tidy-3.1.desDecrypt.pp.0.c.out.log 2> C:/Users/deeps/OneDrive/Desktop/AHD_FINALS/DES_DEC/q21_4/.autopilot/db/tidy-3.1.desDecrypt.pp.0.c.err.log 
Execute         ap_eval exec -ignorestderr E:/xilinx/Vivado/2019.1/win64/tools/clang-3.9-csynth/bin/xilinx-legacy-rewriter C:/Users/deeps/OneDrive/Desktop/AHD_FINALS/DES_DEC/q21_4/.autopilot/db/desDecrypt.pp.0.c -- -std=gnu89 -fhls -ferror-limit=0 > C:/Users/deeps/OneDrive/Desktop/AHD_FINALS/DES_DEC/q21_4/.autopilot/db/xilinx-legacy-rewriter.desDecrypt.pp.0.c.out.log 2> C:/Users/deeps/OneDrive/Desktop/AHD_FINALS/DES_DEC/q21_4/.autopilot/db/xilinx-legacy-rewriter.desDecrypt.pp.0.c.err.log 
Command       tidy_31 done; 0.14 sec.
INFO-FLOW: Done: tidy-3.1 CDT preprocess time: 0.4 seconds per iteration
INFO-FLOW: Pragma Handling...
Execute       tidy_31 xilinx-ssdm-intrinsics-arguments C:/Users/deeps/OneDrive/Desktop/AHD_FINALS/DES_DEC/q21_4/.autopilot/db/desDecrypt.pragma.1.c std=gnu89 
INFO-FLOW: exec E:/xilinx/Vivado/2019.1/win64/tools/clang-3.9-csynth/bin/tidy-3.1 -header-filter=.* -checks=-*,xilinx-ssdm-intrinsics-arguments -quiet -fix-errors C:/Users/deeps/OneDrive/Desktop/AHD_FINALS/DES_DEC/q21_4/.autopilot/db/desDecrypt.pragma.1.c -- -std=gnu89 -fhls -ferror-limit=0
Execute       ap_part_info -name xc7a35tl-cpg236-2L -data info 
INFO-FLOW: Processing labels
Execute       clang -src C:/Users/deeps/OneDrive/Desktop/AHD_FINALS/DES_DEC/q21_4/.autopilot/db/desDecrypt.pragma.2.c  -fno-limit-debug-info -gcc-toolchain E:/xilinx/Vivado/2019.1/msys -hls -hls-analyze-label -hls-analyze-pragma -fno-exceptions  -D__llvm__  -w  "C:/Users/deeps/OneDrive/Desktop/AHD_FINALS/DES_DEC/q21_4/.autopilot/db/desDecrypt.pragma.2.c"    -fno-math-errno -c -emit-llvm -O0  -mllvm -disable-llvm-optzns -std=gnu89  -DAESL_SYN -D__SYNTHESIS__ -D__HLS_SYN__ -I "E:/xilinx/Vivado/2019.1/common/technology/autopilot" -I "E:/xilinx/Vivado/2019.1/common/technology/autopilot/ap_sysc" -include etc/autopilot_ssdm_op.h -D__DSP48E1__ -g -o "C:/Users/deeps/OneDrive/Desktop/AHD_FINALS/DES_DEC/q21_4/.autopilot/db/desDecrypt.bc" 
INFO-FLOW: exec E:/xilinx/Vivado/2019.1/win64/tools/clang/bin/clang -fno-limit-debug-info -gcc-toolchain E:/xilinx/Vivado/2019.1/msys -hls -hls-analyze-label -hls-analyze-pragma -fno-exceptions -D__llvm__ -w C:/Users/deeps/OneDrive/Desktop/AHD_FINALS/DES_DEC/q21_4/.autopilot/db/desDecrypt.pragma.2.c -fno-math-errno -c -emit-llvm -O0 -mllvm -disable-llvm-optzns -std=gnu89 -DAESL_SYN -D__SYNTHESIS__ -D__HLS_SYN__ -I E:/xilinx/Vivado/2019.1/common/technology/autopilot -I E:/xilinx/Vivado/2019.1/common/technology/autopilot/ap_sysc -include etc/autopilot_ssdm_op.h -D__DSP48E1__ -g -o C:/Users/deeps/OneDrive/Desktop/AHD_FINALS/DES_DEC/q21_4/.autopilot/db/desDecrypt.bc
Command       clang done; 0.985 sec.
INFO-FLOW: Linking Debug ...
Execute       llvm-ld C:/Users/deeps/OneDrive/Desktop/AHD_FINALS/DES_DEC/q21_4/.autopilot/db/desEncrypt.g.bc C:/Users/deeps/OneDrive/Desktop/AHD_FINALS/DES_DEC/q21_4/.autopilot/db/desDecrypt.g.bc -hls-opt -except-internalize des_dec -LE:/xilinx/Vivado/2019.1/win64/lib -lhlsm -lhlsmc++ -o C:/Users/deeps/OneDrive/Desktop/AHD_FINALS/DES_DEC/q21_4/.autopilot/db/a.g 
Command       llvm-ld done; 0.78 sec.
INFO: [HLS 200-111] Finished Linking Time (s): cpu = 00:00:01 ; elapsed = 00:00:10 . Memory (MB): peak = 163.848 ; gain = 72.523
INFO: [HLS 200-111] Finished Checking Pragmas Time (s): cpu = 00:00:01 ; elapsed = 00:00:10 . Memory (MB): peak = 163.848 ; gain = 72.523
Execute       get_config_sdx -target 
Execute       opt_and_import_c a -opt_level=2 -skip_syncheck=0 -ng=0 -keep_printf=0 
Execute         cleanup_all_models 
INFO: [HLS 200-10] Starting code transformations ...
Execute         transform -promote-dbg-pointer C:/Users/deeps/OneDrive/Desktop/AHD_FINALS/DES_DEC/q21_4/.autopilot/db/a.pp.bc -o C:/Users/deeps/OneDrive/Desktop/AHD_FINALS/DES_DEC/q21_4/.autopilot/db/a.pp.0.bc -f 
Execute         llvm-ld C:/Users/deeps/OneDrive/Desktop/AHD_FINALS/DES_DEC/q21_4/.autopilot/db/a.pp.0.bc -disable-opt -LE:/xilinx/Vivado/2019.1/win64/lib -lfloatconversion -o C:/Users/deeps/OneDrive/Desktop/AHD_FINALS/DES_DEC/q21_4/.autopilot/db/a.g.0 
Command         llvm-ld done; 0.498 sec.
INFO-FLOW: Running Standard Transforms...
Execute         transform -hls -share-std-xform -demangle-name -inline-byval-memcpy -always-inline -promote-dbg-pointer -interface-preproc -mem2reg -scalarrepl -mem2reg -keep-read-access -instcombine -dce -promote-dbg-pointer -bitop-raise -loop-simplify -indvarspre -indvars -loop-simplify -xunroll -constprop -instcombine -simplifycfg -indvars -simplifycfg -dce -globaldce -basicaa -simplifycfg -mem2reg -globalopt -global-constprop -deadargelim -instcombine -simplifycfg -prune-eh -simplifycfg -scalarrepl -instcombine -reassociate -licm -simplifycfg -loop-simplify -indvars -instcombine -simplifycfg -mem2reg -loop-simplify -indvars -instcombine -gvn -gvn -instcombine -adce -break-crit-edges -simplifycfg -loop-delete -global-array-opt -dce -dse -adce -find-syn-modules -top des_dec -deadargelim -mem2reg -instcombine -dce -presyn-prepare -auto-rom-infer -interface-preproc -syn-check -check-rec-only -find-region -simplifycfg -func-extr -function-inline -globaldce -mem2reg -instcombine -dce -gvn -globaldce -adce -adse -constprop -instcombine -bit-constprop -instcombine -dce -simplifycfg -bitop-raise -simplifycfg -dce -loop-delete -reassociate -globalopt -global-privatize -mem2reg -dce -global-constprop -pointer-simplify -constprop -dce -func-inst -deadargelim -auto-shift-reg-idiom -promote-dbg-pointer -norm-name C:/Users/deeps/OneDrive/Desktop/AHD_FINALS/DES_DEC/q21_4/.autopilot/db/a.g.0.bc -o C:/Users/deeps/OneDrive/Desktop/AHD_FINALS/DES_DEC/q21_4/.autopilot/db/a.g.1.bc -f -phase std-opt 
INFO: [HLS 200-111] Finished Standard Transforms Time (s): cpu = 00:00:01 ; elapsed = 00:00:10 . Memory (MB): peak = 163.848 ; gain = 72.523
INFO: [HLS 200-10] Checking synthesizability ...
INFO-FLOW: Checking Synthesizability 1/2..
Execute         transform -hls -syn-check -check-rec-only -disaggr -scalarrepl -norm-name -dce -mem2reg -instcombine -function-uniquify -directive-preproc -mem2reg -dse -dce -auto-rom-infer -dce -pag -array-normalize -instcombine -dce -warn-fifo-pointer -array-seg-normalize -instcombine -dce -array-flatten -instcombine -dce -array-burst -dce -deadargelim -promote-global-argument -simplifycfg -mem2reg -globaldce -dce -deadargelim -dce -instcombine -function-inline -globaldce -dce -doublePtrSimplify -doublePtrElim -dce -doublePtrSimplify -promote-dbg-pointer -dce -scalarrepl -dse -adse -instcombine -ptrLegalization -simplifycfg -dce -instcombine -pointer-simplify -ptrArgReplace -dce -instcombine -resolve-double-ptr -disaggr -scalarrepl -norm-name -dce -mem2reg -instcombine -ptrLegalization -simplifycfg -deadargelim -instcombine -dce -inst-simplify -function-uniquify -directive-preproc -mem2reg -dse -dce -globaldce -check-dspbuiltin C:/Users/deeps/OneDrive/Desktop/AHD_FINALS/DES_DEC/q21_4/.autopilot/db/a.g.1.bc -o C:/Users/deeps/OneDrive/Desktop/AHD_FINALS/DES_DEC/q21_4/.autopilot/db/a.g.2.prechk.bc -f 
INFO-FLOW: Checking Synthesizability 2/2..
Execute         transform -syn-check C:/Users/deeps/OneDrive/Desktop/AHD_FINALS/DES_DEC/q21_4/.autopilot/db/a.g.2.prechk.bc -o C:/Users/deeps/OneDrive/Desktop/AHD_FINALS/DES_DEC/q21_4/.autopilot/db/a.g.2.bc -f -phase syn-check 
INFO: [HLS 200-111] Finished Checking Synthesizability Time (s): cpu = 00:00:01 ; elapsed = 00:00:10 . Memory (MB): peak = 163.848 ; gain = 72.523
INFO-FLOW: Compiler optimizing ...
INFO-FLOW: Share syncheck's 1.bc for syn flow: copy C:/Users/deeps/OneDrive/Desktop/AHD_FINALS/DES_DEC/q21_4/.autopilot/db/a.g.1.bc to C:/Users/deeps/OneDrive/Desktop/AHD_FINALS/DES_DEC/q21_4/.autopilot/db/a.o.1.bc
INFO-FLOW: Presyn 1...
Execute         transform -hls -tmp C:/Users/deeps/OneDrive/Desktop/AHD_FINALS/DES_DEC/q21_4/.autopilot/db -interface-port-rename -type-info -function-uniquify -directive-preproc -mem2reg -dse -dce -disaggr -scalarrepl -norm-name -deadargelim -mem2reg -instcombine -dce -simplifycfg -auto-rom-infer -dce -function-uniquify -resource-proc -clib-intrinsic-prepare -dce -func-buffer -dce -pag -array-normalize -func-legal -instcombine -gvn -constprop -dce -simplifycfg -mem2reg -globaldce -resolve-double-ptr -dce -deadargelim -dce -instcombine -ptrArgReplace -mem2reg -dce -array-seg-normalize -deadargelim -instcombine -dce -pointer-simplify -dce -port-alignment -dce -interface-preproc -data-pack -instcombine -dce -basicaa -aggr-aa -aggrmodref-aa -aggr-aa -gvn -gvn -basicaa -aggr-aa -aggrmodref-aa -aggr-aa -dse -adse -adce -loop-simplify -indvars -instcombine -gvn -loop-simplify -mem2reg -dce -find-region -instcombine -auto-loop-pipeline -inst-simplify -interface-preproc -cfgopt -instcombine -indvars -auto-loop-unroll -loop-simplify -loop-bound -xunroll -constprop -instcombine -simplifycfg -indvars -simplifycfg -dce -globaldce -clean-region -attach-range -gvn -inst-simplify -constprop -simplifycfg -dce -pointer-simplify -dce -globalopt -constprop -dce -array-promote -constprop -dce -ptrArgReplace -mem2reg -simplifycfg -dce -auto-par -instcombine -dce -array-transform-check -array-reshape -instcombine -simplifycfg -dce -ptrArgReplace -deadargelim -mem2reg -instcombine -simplifycfg -dce -indvars -loop-simplify -loop-bound -xunroll -constprop -instcombine -simplifycfg -indvars -simplifycfg -dce -globaldce -basicaa -aggr-aa -aggrmodref-aa -aggr-aa -dse -duplicate-dataflow-processes -globaldce -instcombine -array-partition -instcombine -simplifycfg -dce -ptrArgReplace -global-constprop -deadargelim -mem2reg -func-legal -dce -global-constprop -deadargelim -mem2reg -simplifycfg -dce -merge-param -deadargelim -globalopt -constprop -dce -array-promote -constprop -dce -ptrArgReplace -mem2reg -simplifycfg -dce -mem-intrinsic-preproc -dce -global-internalize -global-privatize -mem2reg -globaldce -promote-global-argument -ptrArgReplace -mem2reg -dce -globalopt -mergereturn -simplify-global-access -mem2reg -dce -pointer-simplify -dce -functionattrs -basicaa -aggr-aa -aggrmodref-aa -aggr-aa -gvn -gvn -basicaa -aggr-aa -aggrmodref-aa -aggr-aa -dse -adse -adce -dce -norm-name -function-inline -complex-op-raise -inst-simplify -globaldce -func-inst -constprop -instcombine -simplifycfg -dce -func-legal -dce -loop-bound -arraycheck -bitwidthmin -on-by-dataflow -loop-delete -instcombine -simplifycfg -globaldce -dce -gvn -deadargelim -dce -loop-simplify -clean-region -simplifycfg -propagate-stable-arguments -loop-stream -instcombine -simplifycfg -dce -globaldce -duplicate-dataflow-processes -stream-intrinsic-preproc -dce -check-ap-stream -loop-simplify -eliminate-keepreads -extract-dataflow-in-loop -loop-simplify -dce -gvn -deadargelim -dse -check-dataflow-syntax -legalize-stream-variable -legalize-global -extract-subproc -dce -dead-channel-elimination -canonicalize-gep -globaldce -dce -gvn -deadargelim -annotate-dataflow-channels -scalar-propagation -deadargelim -globaldce -mem2reg -check-dataflow-channels -function-stream -dce -globaldce -prop-fifo-spec -internal-stream-gen -canonicalize-gep -globaldce -dce -gvn -deadargelim -mergereturn -indvars -loop-simplify -instcombine -array-stream -array-seg-normalize -array-partition -func-legal -instcombine -simplifycfg -dce -bundle-memfifo-ops -deadargelim -function-uniquify -directive-preproc -mem2reg -dse -dce -group-axi-access -licm -simplifycfg -dce -loop-delete -norm-name C:/Users/deeps/OneDrive/Desktop/AHD_FINALS/DES_DEC/q21_4/.autopilot/db/a.o.1.bc -o C:/Users/deeps/OneDrive/Desktop/AHD_FINALS/DES_DEC/q21_4/.autopilot/db/a.o.1.tmp.bc -f 
INFO: [XFORM 203-502] Unrolling all sub-loops inside loop 'Pipeline_loop4' (desDecrypt.c:223) in function 'des_dec' for pipelining.
INFO: [HLS 200-489] Unrolling loop 'loop4_1' (desDecrypt.c:227) in function 'des_dec' completely with a factor of 48.
INFO: [HLS 200-489] Unrolling loop 'loop4_2' (desDecrypt.c:235) in function 'des_dec' completely with a factor of 8.
INFO: [HLS 200-489] Unrolling loop 'loop4_3' (desDecrypt.c:252) in function 'des_dec' completely with a factor of 32.
Command         transform done; 0.724 sec.
INFO-FLOW: Presyn 2...
Execute         transform -hls -keep-callgraph -scalarrepl -mem2reg -port-alignment -attach-range -dce -pipe-mux-gen -indvars -loop-bound -inst-simplify -instcombine -dce -merge-array-access -mem2reg -dce -clean-region -mergereturn -if-conv -instcombine -dce -constprop -basicaa -aggr-aa -aggrmodref-aa -aggr-aa -gvn -gvn -basicaa -aggr-aa -aggrmodref-aa -aggr-aa -dse -adse -adce -scalarrepl -mem2reg -global-constprop -deadargelim -deadargelim -instcombine -dce -simplifycfg -ptrArgReplace -mem2reg -function-inline -globaldce -mem2reg -instcombine -dce -expr-balance -instcombine -dce -bitwidthmin -interface-preproc -directive-preproc -inst-rectify -instcombine -dce -functionattrs -constprop -instcombine -bit-constprop -simplify-global-access -globalopt -globaldce -inst-simplify -instcombine -elimdeaddata -dce -loop-delete -simplifycfg -loop-simplify -auto-burst -norm-name C:/Users/deeps/OneDrive/Desktop/AHD_FINALS/DES_DEC/q21_4/.autopilot/db/a.o.1.tmp.bc -o C:/Users/deeps/OneDrive/Desktop/AHD_FINALS/DES_DEC/q21_4/.autopilot/db/a.o.2.bc -f -phase presyn 
INFO: [XFORM 203-11] Balancing expressions in function 'des_dec' (desDecrypt.c:14)...7 expression(s) balanced.
Command         transform done; 1.242 sec.
INFO: [HLS 200-111] Finished Pre-synthesis Time (s): cpu = 00:00:03 ; elapsed = 00:00:12 . Memory (MB): peak = 165.137 ; gain = 73.813
INFO-FLOW: Building ssdm...
Execute         transform -hls -function-uniquify -auto-function-inline -globaldce -ptrArgReplace -mem2reg -dce -reset-lda -loop-simplify -indvars -licm -loop-dep -loop-bound -licm -loop-simplify -flattenloopnest -array-flatten -gvn -instcombine -dce -array-map -dce -func-legal -gvn -adce -instcombine -cfgopt -simplifycfg -loop-simplify -array-burst -promote-global-argument -dce -ptrLegalization -axi4-lower -array-seg-normalize -basicaa -aggrmodref-aa -globalsmodref-aa -aggr-aa -gvn -gvn -basicaa -aggrmodref-aa -globalsmodref-aa -aggr-aa -dse -adse -adce -licm -inst-simplify -dce -globaldce -instcombine -array-stream -eliminate-keepreads -instcombine -dce -deadargelim -doublePtrSimplify -doublePtrElim -dce -doublePtrSimplify -promote-dbg-pointer -dce -scalarrepl -mem2reg -disaggr -norm-name -mem2reg -instcombine -dse -adse -adce -ptrLegalization -dce -auto-rom-infer -array-flatten -dce -instcombine -check-doubleptr -loop-rot -constprop -cfgopt -simplifycfg -loop-simplify -indvars -pointer-simplify -dce -loop-bound -loop-simplify -loop-preproc -constprop -global-constprop -gvn -mem2reg -instcombine -dce -loop-bound -loop-merge -dce -bitwidthmin -deadargelim -dce -canonicalize-dataflow -dce -scalar-propagation -deadargelim -globaldce -mem2reg -read-loop-dep -interface-preproc -directive-preproc -interface-gen -bram-byte-enable -deadargelim -inst-simplify -dce -gvn -mem2reg -instcombine -dce -adse -loop-bound -instcombine -cfgopt -simplifycfg -loop-simplify -clean-region -io-protocol -find-region -mem2reg -bitop-raise -complex-op-raise -inst-simplify -inst-rectify -instcombine -adce -deadargelim -loop-simplify -phi-opt -bitop-raise -cfgopt -simplifycfg -strip-dead-prototypes -interface-lower -bitop-lower -intrinsic-lower -auto-function-inline -basicaa -aggrmodref-aa -globalsmodref-aa -aggr-aa -inst-simplify -simplifycfg -loop-simplify -mergereturn -inst-simplify -inst-rectify -dce -load-elim -bitop-lower -loop-rewind -pointer-simplify -dce -cfgopt -dce -loop-bound -loop-dep -read-loop-dep -dce -check-stream -norm-name -legalize -validate-dataflow -inst-clarity -bitwidth -dump-loop-dep-to-ir -check-all-ssdm -cdfg-build C:/Users/deeps/OneDrive/Desktop/AHD_FINALS/DES_DEC/q21_4/.autopilot/db/a.o.2.bc -o C:/Users/deeps/OneDrive/Desktop/AHD_FINALS/DES_DEC/q21_4/.autopilot/db/a.o.3.bc -f -phase build-ssdm 
Command         transform done; 1.037 sec.
INFO: [HLS 200-111] Finished Architecture Synthesis Time (s): cpu = 00:00:04 ; elapsed = 00:00:13 . Memory (MB): peak = 165.137 ; gain = 73.813
INFO-FLOW: Finish building internal data model.
Command       opt_and_import_c done; 3.65 sec.
Command     elaborate done; 11.612 sec.
Execute     autosyn -from_csynth_design=1 
INFO: [HLS 200-10] Starting hardware synthesis ...
INFO-FLOW: Synthesizing C/C++ design ...
INFO: [HLS 200-10] Synthesizing 'des_dec' ...
Execute       ap_set_top_model des_dec 
Execute       get_model_list des_dec -filter all-wo-channel -topdown 
Execute       preproc_iomode -model des_dec 
Execute       get_model_list des_dec -filter all-wo-channel 
INFO-FLOW: Model list for configure: des_dec
INFO-FLOW: Configuring Module : des_dec ...
Execute       set_default_model des_dec 
Execute       apply_spec_resource_limit des_dec 
INFO-FLOW: Model list for preprocess: des_dec
INFO-FLOW: Preprocessing Module: des_dec ...
Execute       set_default_model des_dec 
Execute       cdfg_preprocess -model des_dec 
Execute       rtl_gen_preprocess des_dec 
WARNING: [SYN 201-107] Renaming port name 'des_dec/input' to 'des_dec/input_r' to avoid the conflict with HDL keywords or other object names.
INFO-FLOW: Model list for synthesis: des_dec
INFO: [HLS 200-10] ----------------------------------------------------------------
INFO: [HLS 200-42] -- Implementing module 'des_dec' 
INFO: [HLS 200-10] ----------------------------------------------------------------
Execute       set_default_model des_dec 
Execute       schedule -model des_dec 
INFO: [SCHED 204-11] Starting scheduling ...
INFO: [SCHED 204-61] Pipelining loop 'Pipeline_loop4'.
INFO: [SCHED 204-61] Pipelining result : Target II = 1, Final II = 1, Depth = 3.
INFO: [SCHED 204-11] Finished scheduling.
Command       schedule done; 0.134 sec.
INFO: [HLS 200-111]  Elapsed time: 13.346 seconds; current allocated memory: 105.371 MB.
Execute       syn_report -verbosereport -o C:/Users/deeps/OneDrive/Desktop/AHD_FINALS/DES_DEC/q21_4/.autopilot/db/des_dec.verbose.sched.rpt 
INFO: [HLS 200-434] Only 1 loops out of a total 6 loops have been pipelined in this design.
Execute       db_write -o C:/Users/deeps/OneDrive/Desktop/AHD_FINALS/DES_DEC/q21_4/.autopilot/db/des_dec.sched.adb -f 
INFO-FLOW: Finish scheduling des_dec.
Execute       set_default_model des_dec 
Execute       bind -model des_dec 
BIND OPTION: model=des_dec
INFO: [BIND 205-100] Starting micro-architecture generation ...
INFO: [BIND 205-101] Performing variable lifetime analysis.
INFO: [BIND 205-101] Exploring resource sharing.
INFO: [BIND 205-101] Binding ...
INFO: [BIND 205-100] Finished micro-architecture generation.
INFO: [HLS 200-111]  Elapsed time: 0.236 seconds; current allocated memory: 106.562 MB.
Execute       syn_report -verbosereport -o C:/Users/deeps/OneDrive/Desktop/AHD_FINALS/DES_DEC/q21_4/.autopilot/db/des_dec.verbose.bind.rpt 
Command       syn_report done; 0.119 sec.
Execute       db_write -o C:/Users/deeps/OneDrive/Desktop/AHD_FINALS/DES_DEC/q21_4/.autopilot/db/des_dec.bind.adb -f 
INFO-FLOW: Finish binding des_dec.
Execute       get_model_list des_dec -filter all-wo-channel 
INFO-FLOW: Preprocessing for RTLGen ...
Execute       rtl_gen_preprocess des_dec 
INFO-FLOW: Model list for RTL generation: des_dec
INFO: [HLS 200-10] ----------------------------------------------------------------
INFO: [HLS 200-10] -- Generating RTL for module 'des_dec' 
INFO: [HLS 200-10] ----------------------------------------------------------------
Execute       get_config_rtl -module_prefix 
Execute       get_config_rtl -module_auto_prefix 
Execute       create_rtl_model des_dec -vendor xilinx -mg_file C:/Users/deeps/OneDrive/Desktop/AHD_FINALS/DES_DEC/q21_4/.autopilot/db/des_dec.compgen.tcl 
INFO: [RTGEN 206-500] Setting interface mode on port 'des_dec/input_r' to 'ap_none'.
INFO: [RTGEN 206-500] Setting interface mode on port 'des_dec/key' to 'ap_none'.
INFO: [RTGEN 206-500] Setting interface mode on function 'des_dec' to 'ap_ctrl_hs'.
INFO: [RTGEN 206-100] Finished creating RTL model for 'des_dec'.
INFO: [HLS 200-111]  Elapsed time: 0.339 seconds; current allocated memory: 108.864 MB.
Execute       source C:/Users/deeps/OneDrive/Desktop/AHD_FINALS/DES_DEC/q21_4/.autopilot/db/des_dec.rtl_wrap.cfg.tcl 
Execute       gen_rtl des_dec -istop -style xilinx -tracefl mytrace -tracefmt vcd -traceopt all -f -lang sc -o C:/Users/deeps/OneDrive/Desktop/AHD_FINALS/DES_DEC/q21_4/syn/systemc/des_dec -synmodules des_dec 
Execute       gen_rtl des_dec -istop -style xilinx -f -lang vhdl -o C:/Users/deeps/OneDrive/Desktop/AHD_FINALS/DES_DEC/q21_4/syn/vhdl/des_dec 
Execute       gen_rtl des_dec -istop -style xilinx -f -lang vlog -o C:/Users/deeps/OneDrive/Desktop/AHD_FINALS/DES_DEC/q21_4/syn/verilog/des_dec 
Execute       syn_report -csynth -model des_dec -o C:/Users/deeps/OneDrive/Desktop/AHD_FINALS/DES_DEC/q21_4/syn/report/des_dec_csynth.rpt 
Execute       syn_report -rtlxml -model des_dec -o C:/Users/deeps/OneDrive/Desktop/AHD_FINALS/DES_DEC/q21_4/syn/report/des_dec_csynth.xml 
Execute       syn_report -verbosereport -model des_dec -o C:/Users/deeps/OneDrive/Desktop/AHD_FINALS/DES_DEC/q21_4/.autopilot/db/des_dec.verbose.rpt 
Command       syn_report done; 0.147 sec.
Execute       db_write -model des_dec -f -o C:/Users/deeps/OneDrive/Desktop/AHD_FINALS/DES_DEC/q21_4/.autopilot/db/des_dec.adb 
Command       db_write done; 0.157 sec.
Execute       gen_tb_info des_dec -p C:/Users/deeps/OneDrive/Desktop/AHD_FINALS/DES_DEC/q21_4/.autopilot/db -o C:/Users/deeps/OneDrive/Desktop/AHD_FINALS/DES_DEC/q21_4/.autopilot/db/des_dec 
Execute       export_constraint_db -f -tool general -o C:/Users/deeps/OneDrive/Desktop/AHD_FINALS/DES_DEC/q21_4/.autopilot/db/des_dec.constraint.tcl 
Execute       syn_report -designview -model des_dec -o C:/Users/deeps/OneDrive/Desktop/AHD_FINALS/DES_DEC/q21_4/.autopilot/db/des_dec.design.xml 
Execute       get_config_rtl -disable_wave_debug 
Execute       syn_report -wcfg -model des_dec -o C:/Users/deeps/OneDrive/Desktop/AHD_FINALS/DES_DEC/q21_4/.autopilot/db/des_dec_dataflow_ana.wcfg 
Execute       syn_report -protoinst -model des_dec -o C:/Users/deeps/OneDrive/Desktop/AHD_FINALS/DES_DEC/q21_4/.autopilot/db/des_dec.protoinst 
Execute       get_config_debug -directory 
Execute       sc_get_clocks des_dec 
Execute       get_config_export -vivado_clock 
Execute       sc_get_portdomain des_dec 
INFO-FLOW: Model list for RTL component generation: des_dec
INFO-FLOW: Handling components in module [des_dec] ... 
Execute       source C:/Users/deeps/OneDrive/Desktop/AHD_FINALS/DES_DEC/q21_4/.autopilot/db/des_dec.compgen.tcl 
INFO-FLOW: Found component des_dec_IP.
INFO-FLOW: Append model des_dec_IP
INFO-FLOW: Found component des_dec_PC1.
INFO-FLOW: Append model des_dec_PC1
INFO-FLOW: Found component des_dec_PC2.
INFO-FLOW: Append model des_dec_PC2
INFO-FLOW: Found component des_dec_S.
INFO-FLOW: Append model des_dec_S
INFO-FLOW: Found component des_dec_PI.
INFO-FLOW: Append model des_dec_PI
INFO-FLOW: Found component des_dec_sub_key.
INFO-FLOW: Append model des_dec_sub_key
INFO-FLOW: Append model des_dec
INFO-FLOW: Generating RTL model list ...
INFO-FLOW: All models in this session: des_dec_IP des_dec_PC1 des_dec_PC2 des_dec_S des_dec_PI des_dec_sub_key des_dec
INFO-FLOW: To file: write model des_dec_IP
INFO-FLOW: To file: write model des_dec_PC1
INFO-FLOW: To file: write model des_dec_PC2
INFO-FLOW: To file: write model des_dec_S
INFO-FLOW: To file: write model des_dec_PI
INFO-FLOW: To file: write model des_dec_sub_key
INFO-FLOW: To file: write model des_dec
INFO-FLOW: Finished generating RTL model list.


INFO-FLOW: RTL Generation done.
INFO-FLOW: CAS Generation done.
INFO-FLOW: CBC Generation done.
INFO-FLOW: DBG:CMD: auto_generate_csynth_design
INFO-FLOW: DBG:CMD:     auto_generate --sim-model -phase csynth_design -d C:/Users/deeps/OneDrive/Desktop/AHD_FINALS/DES_DEC/q21_4
Execute       source C:/Users/deeps/OneDrive/Desktop/AHD_FINALS/DES_DEC/q21_4/.autopilot/db/global.setting.tcl 
INFO-FLOW: DBG:CMD: read_platform_lib C:/Users/deeps/OneDrive/Desktop/AHD_FINALS/DES_DEC/q21_4/.autopilot/db/global.setting.tcl
Execute       source E:/xilinx/Vivado/2019.1/common/technology/generic/autopilot/common.gen 
Execute         source E:/xilinx/Vivado/2019.1/common/technology/generic/autopilot/APCoreGen.gen 
Execute       source E:/xilinx/Vivado/2019.1/common/technology/generic/autopilot/op.gen 
Execute       source E:/xilinx/Vivado/2019.1/common/technology/generic/autopilot/op_simcore.gen 
Execute       source E:/xilinx/Vivado/2019.1/common/technology/generic/autopilot/interface.gen 
Execute       source C:/Users/deeps/OneDrive/Desktop/AHD_FINALS/DES_DEC/q21_4/.autopilot/db/global.setting.tcl 
Execute       source E:/xilinx/Vivado/2019.1/common/technology/xilinx/artix7/artix7.gen 
Execute         source E:/xilinx/Vivado/2019.1/common/technology/xilinx/common/xilinx.gen 
Execute           source E:/xilinx/Vivado/2019.1/common/technology/xilinx/interface/plb46.gen 
Execute           source E:/xilinx/Vivado/2019.1/common/technology/xilinx/interface/fsl.gen 
Execute           source E:/xilinx/Vivado/2019.1/common/technology/xilinx/interface/axi4.gen 
Execute           source E:/xilinx/Vivado/2019.1/common/technology/xilinx/interface/nativeAXI4.gen 
Execute             source E:/xilinx/Vivado/2019.1/common/technology/xilinx/interface/saxilite.gen 
Execute             source E:/xilinx/Vivado/2019.1/common/technology/xilinx/interface/maxi.gen 
Execute           source E:/xilinx/Vivado/2019.1/common/technology/xilinx/scripts/xilinxcoregen.gen 
Execute           source E:/xilinx/Vivado/2019.1/common/technology/xilinx/interface/XilEDKCoreGen.gen 
Execute           source E:/xilinx/Vivado/2019.1/common/technology/xilinx/ip/dds_compiler.gen 
Execute           source E:/xilinx/Vivado/2019.1/common/technology/xilinx/ip/util.gen 
Execute           source E:/xilinx/Vivado/2019.1/common/technology/xilinx/ip/xfft.gen 
Execute           source E:/xilinx/Vivado/2019.1/common/technology/xilinx/ip/xfir.gen 
Execute           source E:/xilinx/Vivado/2019.1/common/technology/xilinx/common/dsp48.gen 
Command         ap_source done; 0.112 sec.
Command       ap_source done; 0.112 sec.
Execute       source E:/xilinx/Vivado/2019.1/common/technology/xilinx/artix7/artix7_fpv6.gen 
Execute         source E:/xilinx/Vivado/2019.1/common/technology/xilinx/common/xilinx_fp.gen 
INFO-FLOW: DBG:CMD:   using AESL_AUTOCG::g_clock_period=10.000 (was NA)
INFO-FLOW: DBG:CMD:       generate_ip_cores sim=1 export=0 expOnly=0 dstVlogDir=syn/verilog
Execute       source C:/Users/deeps/OneDrive/Desktop/AHD_FINALS/DES_DEC/q21_4/.autopilot/db/global.setting.tcl 
Execute       ap_part_info -name xc7a35tl-cpg236-2L -data names -quiet 
Execute       ap_part_info -name xc7a35tl-cpg236-2L -data info -quiet 
Execute       source C:/Users/deeps/OneDrive/Desktop/AHD_FINALS/DES_DEC/q21_4/.autopilot/db/global.setting.tcl 
Execute       source C:/Users/deeps/OneDrive/Desktop/AHD_FINALS/DES_DEC/q21_4/.autopilot/db/global.setting.tcl 
Execute       source C:/Users/deeps/OneDrive/Desktop/AHD_FINALS/DES_DEC/q21_4/.autopilot/db/des_dec.compgen.tcl 
Execute         ap_part_info -name xc7a35tl-cpg236-2L -data names -quiet 
Execute         ap_part_info -name xc7a35tl-cpg236-2L -data info -quiet 
INFO: [RTMG 210-279] Implementing memory 'des_dec_IP_rom' using distributed ROMs.
Execute         ap_part_info -name xc7a35tl-cpg236-2L -data names -quiet 
Execute         ap_part_info -name xc7a35tl-cpg236-2L -data info -quiet 
Execute         ap_part_info -name xc7a35tl-cpg236-2L -data names -quiet 
Execute         ap_part_info -name xc7a35tl-cpg236-2L -data info -quiet 
Execute         ap_part_info -name xc7a35tl-cpg236-2L -data names -quiet 
Execute         ap_part_info -name xc7a35tl-cpg236-2L -data info -quiet 
INFO: [RTMG 210-279] Implementing memory 'des_dec_PC1_rom' using distributed ROMs.
Execute         ap_part_info -name xc7a35tl-cpg236-2L -data names -quiet 
Execute         ap_part_info -name xc7a35tl-cpg236-2L -data info -quiet 
Execute         ap_part_info -name xc7a35tl-cpg236-2L -data names -quiet 
Execute         ap_part_info -name xc7a35tl-cpg236-2L -data info -quiet 
Execute         ap_part_info -name xc7a35tl-cpg236-2L -data names -quiet 
Execute         ap_part_info -name xc7a35tl-cpg236-2L -data info -quiet 
INFO: [RTMG 210-279] Implementing memory 'des_dec_PC2_rom' using distributed ROMs.
Execute         ap_part_info -name xc7a35tl-cpg236-2L -data names -quiet 
Execute         ap_part_info -name xc7a35tl-cpg236-2L -data info -quiet 
Execute         ap_part_info -name xc7a35tl-cpg236-2L -data names -quiet 
Execute         ap_part_info -name xc7a35tl-cpg236-2L -data info -quiet 
Execute         ap_part_info -name xc7a35tl-cpg236-2L -data names -quiet 
Execute         ap_part_info -name xc7a35tl-cpg236-2L -data info -quiet 
INFO: [RTMG 210-279] Implementing memory 'des_dec_S_rom' using block ROMs.
Execute         ap_part_info -name xc7a35tl-cpg236-2L -data names -quiet 
Execute         ap_part_info -name xc7a35tl-cpg236-2L -data info -quiet 
Execute         ap_part_info -name xc7a35tl-cpg236-2L -data names -quiet 
Execute         ap_part_info -name xc7a35tl-cpg236-2L -data info -quiet 
Execute         ap_part_info -name xc7a35tl-cpg236-2L -data names -quiet 
Execute         ap_part_info -name xc7a35tl-cpg236-2L -data info -quiet 
Execute         ap_part_info -name xc7a35tl-cpg236-2L -data names -quiet 
Execute         ap_part_info -name xc7a35tl-cpg236-2L -data info -quiet 
Execute         ap_part_info -name xc7a35tl-cpg236-2L -data names -quiet 
Execute         ap_part_info -name xc7a35tl-cpg236-2L -data info -quiet 
Execute         ap_part_info -name xc7a35tl-cpg236-2L -data names -quiet 
Execute         ap_part_info -name xc7a35tl-cpg236-2L -data info -quiet 
Execute         ap_part_info -name xc7a35tl-cpg236-2L -data names -quiet 
Execute         ap_part_info -name xc7a35tl-cpg236-2L -data info -quiet 
Execute         ap_part_info -name xc7a35tl-cpg236-2L -data names -quiet 
Execute         ap_part_info -name xc7a35tl-cpg236-2L -data info -quiet 
Execute         ap_part_info -name xc7a35tl-cpg236-2L -data names -quiet 
Execute         ap_part_info -name xc7a35tl-cpg236-2L -data info -quiet 
Execute         ap_part_info -name xc7a35tl-cpg236-2L -data names -quiet 
Execute         ap_part_info -name xc7a35tl-cpg236-2L -data info -quiet 
INFO: [RTMG 210-279] Implementing memory 'des_dec_PI_rom' using distributed ROMs.
Execute         ap_part_info -name xc7a35tl-cpg236-2L -data names -quiet 
Execute         ap_part_info -name xc7a35tl-cpg236-2L -data info -quiet 
Execute         ap_part_info -name xc7a35tl-cpg236-2L -data names -quiet 
Execute         ap_part_info -name xc7a35tl-cpg236-2L -data info -quiet 
INFO: [RTMG 210-278] Implementing memory 'des_dec_sub_key_ram (RAM)' using block RAMs.
Execute         ap_part_info -name xc7a35tl-cpg236-2L -data names -quiet 
Execute         ap_part_info -name xc7a35tl-cpg236-2L -data info -quiet 
Command       ap_source done; 0.305 sec.
INFO-FLOW: DBG:CMD:     auto_generate -export -impltomg_flag -rtl both -tool Vivado -pcore_version 1.00.a -phase csynth_design -d C:/Users/deeps/OneDrive/Desktop/AHD_FINALS/DES_DEC/q21_4
Execute       source C:/Users/deeps/OneDrive/Desktop/AHD_FINALS/DES_DEC/q21_4/.autopilot/db/global.setting.tcl 
INFO-FLOW: DBG:CMD: read_platform_lib C:/Users/deeps/OneDrive/Desktop/AHD_FINALS/DES_DEC/q21_4/.autopilot/db/global.setting.tcl
Execute       source E:/xilinx/Vivado/2019.1/common/technology/generic/autopilot/common.gen 
Execute         source E:/xilinx/Vivado/2019.1/common/technology/generic/autopilot/APCoreGen.gen 
Execute       source E:/xilinx/Vivado/2019.1/common/technology/generic/autopilot/op.gen 
Execute       source E:/xilinx/Vivado/2019.1/common/technology/generic/autopilot/op_simcore.gen 
Execute       source E:/xilinx/Vivado/2019.1/common/technology/generic/autopilot/interface.gen 
Execute       source C:/Users/deeps/OneDrive/Desktop/AHD_FINALS/DES_DEC/q21_4/.autopilot/db/global.setting.tcl 
Execute       source E:/xilinx/Vivado/2019.1/common/technology/xilinx/artix7/artix7.gen 
Execute         source E:/xilinx/Vivado/2019.1/common/technology/xilinx/common/xilinx.gen 
Execute           source E:/xilinx/Vivado/2019.1/common/technology/xilinx/interface/plb46.gen 
Execute           source E:/xilinx/Vivado/2019.1/common/technology/xilinx/interface/fsl.gen 
Execute           source E:/xilinx/Vivado/2019.1/common/technology/xilinx/interface/axi4.gen 
Execute           source E:/xilinx/Vivado/2019.1/common/technology/xilinx/interface/nativeAXI4.gen 
Execute             source E:/xilinx/Vivado/2019.1/common/technology/xilinx/interface/saxilite.gen 
Execute             source E:/xilinx/Vivado/2019.1/common/technology/xilinx/interface/maxi.gen 
Execute           source E:/xilinx/Vivado/2019.1/common/technology/xilinx/scripts/xilinxcoregen.gen 
Execute           source E:/xilinx/Vivado/2019.1/common/technology/xilinx/interface/XilEDKCoreGen.gen 
Execute           source E:/xilinx/Vivado/2019.1/common/technology/xilinx/ip/dds_compiler.gen 
Execute           source E:/xilinx/Vivado/2019.1/common/technology/xilinx/ip/util.gen 
Execute           source E:/xilinx/Vivado/2019.1/common/technology/xilinx/ip/xfft.gen 
Execute           source E:/xilinx/Vivado/2019.1/common/technology/xilinx/ip/xfir.gen 
Execute           source E:/xilinx/Vivado/2019.1/common/technology/xilinx/common/dsp48.gen 
Command         ap_source done; 0.108 sec.
Command       ap_source done; 0.109 sec.
Execute       source E:/xilinx/Vivado/2019.1/common/technology/xilinx/artix7/artix7_fpv6.gen 
Execute         source E:/xilinx/Vivado/2019.1/common/technology/xilinx/common/xilinx_fp.gen 
INFO-FLOW: DBG:CMD:       initCTypeInfo top_module=des_dec xml_exists=0
Execute       source C:/Users/deeps/OneDrive/Desktop/AHD_FINALS/DES_DEC/q21_4/.autopilot/db/des_dec.rtl_wrap.cfg.tcl 
Execute       source C:/Users/deeps/OneDrive/Desktop/AHD_FINALS/DES_DEC/q21_4/.autopilot/db/des_dec.rtl_wrap.cfg.tcl 
Execute       source C:/Users/deeps/OneDrive/Desktop/AHD_FINALS/DES_DEC/q21_4/.autopilot/db/des_dec.rtl_wrap.cfg.tcl 
Execute       source C:/Users/deeps/OneDrive/Desktop/AHD_FINALS/DES_DEC/q21_4/.autopilot/db/des_dec.tbgen.tcl 
Execute       source C:/Users/deeps/OneDrive/Desktop/AHD_FINALS/DES_DEC/q21_4/.autopilot/db/des_dec.tbgen.tcl 
INFO-FLOW: DBG:CMD:       export_impl_rtl
INFO-FLOW: DBG:CMD:       generate_ip_cores sim=0 export=0 expOnly=0 dstVlogDir=impl/.verilog
Execute       source C:/Users/deeps/OneDrive/Desktop/AHD_FINALS/DES_DEC/q21_4/.autopilot/db/global.setting.tcl 
Execute       source C:/Users/deeps/OneDrive/Desktop/AHD_FINALS/DES_DEC/q21_4/.autopilot/db/des_dec.compgen.tcl 
INFO-FLOW: DBG:CMD:       generate_ip_cores sim=0 export=1 expOnly=1 dstVlogDir=impl/.pcores/verilog
Execute       source C:/Users/deeps/OneDrive/Desktop/AHD_FINALS/DES_DEC/q21_4/.autopilot/db/global.setting.tcl 
Execute       source C:/Users/deeps/OneDrive/Desktop/AHD_FINALS/DES_DEC/q21_4/.autopilot/db/des_dec.compgen.tcl 
Execute         ap_part_info -name xc7a35tl-cpg236-2L -data names -quiet 
Execute         ap_part_info -name xc7a35tl-cpg236-2L -data info -quiet 
Execute         ap_part_info -name xc7a35tl-cpg236-2L -data names -quiet 
Execute         ap_part_info -name xc7a35tl-cpg236-2L -data info -quiet 
Execute         ap_part_info -name xc7a35tl-cpg236-2L -data names -quiet 
Execute         ap_part_info -name xc7a35tl-cpg236-2L -data info -quiet 
Execute         ap_part_info -name xc7a35tl-cpg236-2L -data names -quiet 
Execute         ap_part_info -name xc7a35tl-cpg236-2L -data info -quiet 
Execute         ap_part_info -name xc7a35tl-cpg236-2L -data names -quiet 
Execute         ap_part_info -name xc7a35tl-cpg236-2L -data info -quiet 
Execute         ap_part_info -name xc7a35tl-cpg236-2L -data names -quiet 
Execute         ap_part_info -name xc7a35tl-cpg236-2L -data info -quiet 
Execute         ap_part_info -name xc7a35tl-cpg236-2L -data names -quiet 
Execute         ap_part_info -name xc7a35tl-cpg236-2L -data info -quiet 
Execute         ap_part_info -name xc7a35tl-cpg236-2L -data names -quiet 
Execute         ap_part_info -name xc7a35tl-cpg236-2L -data info -quiet 
Execute         ap_part_info -name xc7a35tl-cpg236-2L -data names -quiet 
Execute         ap_part_info -name xc7a35tl-cpg236-2L -data info -quiet 
Execute         ap_part_info -name xc7a35tl-cpg236-2L -data names -quiet 
Execute         ap_part_info -name xc7a35tl-cpg236-2L -data info -quiet 
Execute       ap_part_info -name xc7a35tl-cpg236-2L -data names -quiet 
Execute       ap_part_info -name xc7a35tl-cpg236-2L -data info -quiet 
INFO-FLOW: DBG:CMD:       generate_ip_cores sim=0 export=0 expOnly=0 dstVlogDir=impl/.pcores/verilog_sim
Execute       source C:/Users/deeps/OneDrive/Desktop/AHD_FINALS/DES_DEC/q21_4/.autopilot/db/global.setting.tcl 
Execute       source C:/Users/deeps/OneDrive/Desktop/AHD_FINALS/DES_DEC/q21_4/.autopilot/db/des_dec.compgen.tcl 
Execute       ap_part_info -name xc7a35tl-cpg236-2L -data names -quiet 
Execute       ap_part_info -name xc7a35tl-cpg236-2L -data info -quiet 
Execute       ap_part_info -name xc7a35tl-cpg236-2L -data names -quiet 
Execute       ap_part_info -name xc7a35tl-cpg236-2L -data info -quiet 
Execute       source C:/Users/deeps/OneDrive/Desktop/AHD_FINALS/DES_DEC/q21_4/.autopilot/db/global.setting.tcl 
Execute       ap_part_info -name xc7a35tl-cpg236-2L -data names -quiet 
Execute       ap_part_info -name xc7a35tl-cpg236-2L -data info -quiet 
Execute       source C:/Users/deeps/OneDrive/Desktop/AHD_FINALS/DES_DEC/q21_4/.autopilot/db/des_dec.constraint.tcl 
Execute       source C:/Users/deeps/OneDrive/Desktop/AHD_FINALS/DES_DEC/q21_4/.autopilot/db/des_dec.tbgen.tcl 
INFO-FLOW: DBG:CMD:       hasPcoreIpAdapter=false #gSsdmPorts=8
INFO-FLOW: DBG:CMD: Skipping loadAnalyze_DB, #g_database=3
INFO-FLOW: DBG:CMD:       generate_json is_phase_csynth=1 g_has_adaptors=false generate_bd_files=0 #modelList=7 #gSsdmPorts=8
Execute       source E:/xilinx/Vivado/2019.1/tps/tcl/tcllib1.11.1/fileutil/fileutil.tcl 
Execute       source C:/Users/deeps/OneDrive/Desktop/AHD_FINALS/DES_DEC/q21_4/.autopilot/db/global.setting.tcl 
Execute       source C:/Users/deeps/OneDrive/Desktop/AHD_FINALS/DES_DEC/q21_4/.autopilot/db/global.setting.tcl 
Execute       get_config_export -xo 
Execute       source C:/Users/deeps/OneDrive/Desktop/AHD_FINALS/DES_DEC/q21_4/.autopilot/db/des_dec.tbgen.tcl 
Execute       source C:/Users/deeps/OneDrive/Desktop/AHD_FINALS/DES_DEC/q21_4/.autopilot/db/des_dec.tbgen.tcl 
Execute       source C:/Users/deeps/OneDrive/Desktop/AHD_FINALS/DES_DEC/q21_4/.autopilot/db/des_dec.tbgen.tcl 
Execute       source C:/Users/deeps/OneDrive/Desktop/AHD_FINALS/DES_DEC/q21_4/.autopilot/db/global.setting.tcl 
Execute       get_config_sdx -target 
Execute       source C:/Users/deeps/OneDrive/Desktop/AHD_FINALS/DES_DEC/q21_4/.autopilot/db/des_dec.rtl_wrap.cfg.tcl 
Execute       source C:/Users/deeps/OneDrive/Desktop/AHD_FINALS/DES_DEC/q21_4/.autopilot/db/des_dec.compgen.dataonly.tcl 
Execute       source C:/Users/deeps/OneDrive/Desktop/AHD_FINALS/DES_DEC/q21_4/.autopilot/db/global.setting.tcl 
Execute       ap_part_info -name xc7a35tl-cpg236-2L -data names -quiet 
Execute       ap_part_info -name xc7a35tl-cpg236-2L -data info -quiet 
Execute       source C:/Users/deeps/OneDrive/Desktop/AHD_FINALS/DES_DEC/q21_4/.autopilot/db/des_dec.constraint.tcl 
Execute       sc_get_clocks des_dec 
Execute       ap_part_info -name xc7a35tl-cpg236-2L -data names -quiet 
Execute       ap_part_info -name xc7a35tl-cpg236-2L -data info -quiet 
Execute       source C:/Users/deeps/OneDrive/Desktop/AHD_FINALS/DES_DEC/q21_4/.autopilot/db/global.setting.tcl 
Execute       get_config_debug -directory 
Execute       source C:/Users/deeps/OneDrive/Desktop/AHD_FINALS/DES_DEC/q21_4/.autopilot/db/des_dec.tbgen.tcl 
Execute       get_config_sdx -target 
Execute       get_config_sdx -profile 
Execute       get_config_rtl -kernel_profile 
Execute       get_config_rtl -stall_sig_gen 
Execute       get_config_rtl -profile 
INFO-FLOW: DBG:CMD: add_json_sdx_info kernel file does not exist, skipping opencl info: C:/Users/deeps/OneDrive/Desktop/AHD_FINALS/DES_DEC/q21_4/.autopilot/db/kernel.internal.xml
INFO-FLOW: DBG:CMD:       delete-temp-dirs (skipped for debug)
INFO: [HLS 200-111] Finished generating all RTL models Time (s): cpu = 00:00:06 ; elapsed = 00:00:16 . Memory (MB): peak = 173.434 ; gain = 82.109
INFO: [VHDL 208-304] Generating VHDL RTL for des_dec.
INFO: [VLOG 209-307] Generating Verilog RTL for des_dec.
Command     autosyn done; 2.955 sec.
Command   csynth_design done; 14.577 sec.
Command ap_source done; 15.798 sec.
Execute cleanup_all 
