==============================================================
Vivado(TM) HLS - High-Level Synthesis from C, C++ and SystemC v2019.1 (64-bit)
Copyright 1986-2019 Xilinx, Inc. All Rights Reserved.
==============================================================
INFO: [SYN 201-201] Setting up clock 'default' with a period of 10ns.
WARNING: [HLS 200-40] Cannot find library 'E:/xilinx/Vivado/2019.1/common/technology/xilinx/artix7l/artix7l.lib'.
WARNING: [HLS 200-40] Cannot find library 'xilinx/artix7l/artix7l'.
INFO: [HLS 200-10] Setting target device to 'xc7a35tl-cpg236-2L'
INFO: [SCHED 204-61] Option 'relax_ii_for_timing' is enabled, will increase II to preserve clock frequency constraints.
WARNING: [HLS 200-40] Skipped source file 'desEncrypt.H'. Source files must have extensions .c, .C, .cc, .cpp, .c++, .cp, or .cxx.
WARNING: [HLS 200-40] Skipped source file 'desDecrypt.H'. Source files must have extensions .c, .C, .cc, .cpp, .c++, .cp, or .cxx.
INFO: [HLS 200-10] Analyzing design file 'desEncrypt.c' ... 
INFO: [HLS 200-10] Analyzing design file 'desDecrypt.c' ... 
INFO: [HLS 200-111] Finished Linking Time (s): cpu = 00:00:01 ; elapsed = 00:00:09 . Memory (MB): peak = 164.285 ; gain = 72.918
INFO: [HLS 200-111] Finished Checking Pragmas Time (s): cpu = 00:00:01 ; elapsed = 00:00:09 . Memory (MB): peak = 164.285 ; gain = 72.918
INFO: [HLS 200-10] Starting code transformations ...
INFO: [HLS 200-111] Finished Standard Transforms Time (s): cpu = 00:00:01 ; elapsed = 00:00:10 . Memory (MB): peak = 164.285 ; gain = 72.918
INFO: [HLS 200-10] Checking synthesizability ...
INFO: [HLS 200-111] Finished Checking Synthesizability Time (s): cpu = 00:00:01 ; elapsed = 00:00:10 . Memory (MB): peak = 164.285 ; gain = 72.918
INFO: [XFORM 203-502] Unrolling all loops for pipelining in function 'des_dec' (desDecrypt.c:14).
INFO: [HLS 200-489] Unrolling loop 'unroll1' (desDecrypt.c:171) in function 'des_dec' completely with a factor of 64.
INFO: [HLS 200-489] Unrolling loop 'unroll2' (desDecrypt.c:182) in function 'des_dec' completely with a factor of 56.
INFO: [HLS 200-489] Unrolling loop 'loop3' (desDecrypt.c:192) in function 'des_dec' completely with a factor of 16.
INFO: [HLS 200-489] Unrolling loop 'loop3_1' (desDecrypt.c:216) in function 'des_dec' completely with a factor of 48.
INFO: [HLS 200-489] Unrolling loop 'Pipeline_loop4' (desDecrypt.c:223) in function 'des_dec' completely with a factor of 16.
INFO: [HLS 200-489] Unrolling loop 'loop4_1' (desDecrypt.c:227) in function 'des_dec' completely with a factor of 48.
INFO: [HLS 200-489] Unrolling loop 'loop4_2' (desDecrypt.c:235) in function 'des_dec' completely with a factor of 8.
INFO: [HLS 200-489] Unrolling loop 'loop4_3' (desDecrypt.c:252) in function 'des_dec' completely with a factor of 32.
INFO: [HLS 200-489] Unrolling loop 'loop5' (desDecrypt.c:267) in function 'des_dec' completely with a factor of 64.
INFO: [XFORM 203-102] Partitioning array 'sub_key' (desDecrypt.c:32) automatically.
INFO: [XFORM 203-11] Balancing expressions in function 'des_dec' (desDecrypt.c:14)...115 expression(s) balanced.
INFO: [HLS 200-111] Finished Pre-synthesis Time (s): cpu = 00:01:49 ; elapsed = 00:01:58 . Memory (MB): peak = 194.160 ; gain = 102.793
INFO: [HLS 200-111] Finished Architecture Synthesis Time (s): cpu = 00:03:23 ; elapsed = 00:03:32 . Memory (MB): peak = 237.785 ; gain = 146.418
INFO: [HLS 200-10] Starting hardware synthesis ...
INFO: [HLS 200-10] Synthesizing 'des_dec' ...
WARNING: [SYN 201-223] Checking resource limit in 'des_dec': cannot find any operation of 'dadd'.
WARNING: [SYN 201-223] Checking resource limit in 'des_dec': cannot find any operation of 'dsub'.
WARNING: [SYN 201-223] Checking resource limit in 'des_dec': cannot find any operation of 'icmp'.
WARNING: [SYN 201-223] Checking resource limit in 'des_dec': cannot find any operation of 'lshr'.
WARNING: [SYN 201-223] Checking resource limit in 'des_dec': cannot find any operation of 'sub'.
WARNING: [SYN 201-107] Renaming port name 'des_dec/input' to 'des_dec/input_r' to avoid the conflict with HDL keywords or other object names.
INFO: [HLS 200-10] ----------------------------------------------------------------
INFO: [HLS 200-42] -- Implementing module 'des_dec' 
INFO: [HLS 200-10] ----------------------------------------------------------------
INFO: [SCHED 204-11] Starting scheduling ...
INFO: [SCHED 204-61] Pipelining function 'des_dec'.
WARNING: [SCHED 204-69] Unable to satisfy resource constraint for operation type add(II = 1)..
WARNING: [SCHED 204-69] Unable to schedule 'add' operation ('add_ln246_16', desDecrypt.c:246) due to limited resources (II = 2).
WARNING: [SCHED 204-69] Unable to schedule 'add' operation ('add_ln246_17', desDecrypt.c:246) due to limited resources (II = 3).
WARNING: [SCHED 204-69] Unable to schedule 'add' operation ('add_ln246_18', desDecrypt.c:246) due to limited resources (II = 4).
WARNING: [SCHED 204-69] Unable to schedule 'add' operation ('add_ln246_81', desDecrypt.c:246) due to limited resources (II = 67).
WARNING: [SCHED 204-69] Unable to schedule 'add' operation ('add_ln246_112', desDecrypt.c:246) due to limited resources (II = 98).
WARNING: [SCHED 204-69] Unable to schedule 'add' operation ('add_ln246_120', desDecrypt.c:246) due to limited resources (II = 106).
WARNING: [SCHED 204-69] Unable to schedule 'add' operation ('add_ln246_124', desDecrypt.c:246) due to limited resources (II = 110).
WARNING: [SCHED 204-69] Unable to schedule 'add' operation ('add_ln246_125', desDecrypt.c:246) due to limited resources (II = 111).
INFO: [SCHED 204-61] Pipelining result : Target II = 1, Final II = 112, Depth = 113.
INFO: [SCHED 204-11] Finished scheduling.
INFO: [HLS 200-111]  Elapsed time: 258.226 seconds; current allocated memory: 182.984 MB.
INFO: [BIND 205-100] Starting micro-architecture generation ...
INFO: [BIND 205-101] Performing variable lifetime analysis.
INFO: [BIND 205-101] Exploring resource sharing.
INFO: [BIND 205-101] Binding ...
INFO: [BIND 205-100] Starting global binding ...
INFO: [BIND 205-100] Finished micro-architecture generation.
INFO: [HLS 200-111]  Elapsed time: 7.442 seconds; current allocated memory: 213.850 MB.
INFO: [HLS 200-10] ----------------------------------------------------------------
INFO: [HLS 200-10] -- Generating RTL for module 'des_dec' 
INFO: [HLS 200-10] ----------------------------------------------------------------
INFO: [RTGEN 206-500] Setting interface mode on port 'des_dec/input_r' to 'ap_none'.
INFO: [RTGEN 206-500] Setting interface mode on port 'des_dec/key' to 'ap_none'.
INFO: [RTGEN 206-500] Setting interface mode on function 'des_dec' to 'ap_ctrl_hs'.
INFO: [RTGEN 206-100] Finished creating RTL model for 'des_dec'.
INFO: [HLS 200-111]  Elapsed time: 9.08 seconds; current allocated memory: 296.103 MB.
INFO: [RTMG 210-279] Implementing memory 'des_dec_S_rom' using auto ROMs.
INFO: [HLS 200-111] Finished generating all RTL models Time (s): cpu = 00:04:36 ; elapsed = 00:04:53 . Memory (MB): peak = 506.223 ; gain = 414.855
INFO: [VHDL 208-304] Generating VHDL RTL for des_dec.
INFO: [VLOG 209-307] Generating Verilog RTL for des_dec.
INFO: [HLS 200-112] Total elapsed time: 292.718 seconds; peak allocated memory: 296.103 MB.
